TN:
SF:src/main-minimal.js
FN:13,(anonymous_0)
FN:25,(anonymous_1)
FN:37,(anonymous_2)
FN:46,(anonymous_3)
FN:56,(anonymous_4)
FN:62,(anonymous_5)
FN:67,(anonymous_6)
FNF:7
FNH:0
FNDA:0,(anonymous_0)
FNDA:0,(anonymous_1)
FNDA:0,(anonymous_2)
FNDA:0,(anonymous_3)
FNDA:0,(anonymous_4)
FNDA:0,(anonymous_5)
FNDA:0,(anonymous_6)
DA:1,0
DA:2,0
DA:4,0
DA:5,0
DA:8,0
DA:9,0
DA:10,0
DA:13,0
DA:14,0
DA:25,0
DA:26,0
DA:37,0
DA:38,0
DA:46,0
DA:47,0
DA:48,0
DA:56,0
DA:57,0
DA:58,0
DA:62,0
DA:63,0
DA:64,0
DA:67,0
DA:68,0
DA:69,0
LF:25
LH:0
BRDA:5,0,0,0
BRDA:5,0,1,0
BRF:2
BRH:0
end_of_record
TN:
SF:src/main.js
FN:27,(anonymous_0)
FN:40,(anonymous_1)
FN:55,(anonymous_2)
FN:66,(anonymous_3)
FN:82,(anonymous_4)
FN:93,(anonymous_5)
FN:98,(anonymous_6)
FN:103,(anonymous_7)
FN:105,(anonymous_8)
FN:114,(anonymous_9)
FN:125,(anonymous_10)
FN:232,(anonymous_11)
FN:244,(anonymous_12)
FN:293,(anonymous_13)
FN:294,(anonymous_14)
FN:295,(anonymous_15)
FN:299,(anonymous_16)
FNF:17
FNH:0
FNDA:0,(anonymous_0)
FNDA:0,(anonymous_1)
FNDA:0,(anonymous_2)
FNDA:0,(anonymous_3)
FNDA:0,(anonymous_4)
FNDA:0,(anonymous_5)
FNDA:0,(anonymous_6)
FNDA:0,(anonymous_7)
FNDA:0,(anonymous_8)
FNDA:0,(anonymous_9)
FNDA:0,(anonymous_10)
FNDA:0,(anonymous_11)
FNDA:0,(anonymous_12)
FNDA:0,(anonymous_13)
FNDA:0,(anonymous_14)
FNDA:0,(anonymous_15)
FNDA:0,(anonymous_16)
DA:6,0
DA:7,0
DA:8,0
DA:9,0
DA:10,0
DA:11,0
DA:13,0
DA:14,0
DA:15,0
DA:16,0
DA:17,0
DA:18,0
DA:19,0
DA:20,0
DA:21,0
DA:22,0
DA:23,0
DA:24,0
DA:28,0
DA:29,0
DA:30,0
DA:31,0
DA:32,0
DA:33,0
DA:34,0
DA:35,0
DA:36,0
DA:37,0
DA:42,0
DA:45,0
DA:51,0
DA:54,0
DA:55,0
DA:59,0
DA:60,0
DA:63,0
DA:68,0
DA:69,0
DA:70,0
DA:71,0
DA:72,0
DA:74,0
DA:75,0
DA:76,0
DA:77,0
DA:78,0
DA:79,0
DA:82,0
DA:83,0
DA:93,0
DA:94,0
DA:98,0
DA:99,0
DA:105,0
DA:106,0
DA:114,0
DA:115,0
DA:117,0
DA:126,0
DA:128,0
DA:129,0
DA:132,0
DA:133,0
DA:136,0
DA:137,0
DA:140,0
DA:141,0
DA:142,0
DA:143,0
DA:146,0
DA:147,0
DA:149,0
DA:150,0
DA:151,0
DA:152,0
DA:155,0
DA:156,0
DA:158,0
DA:159,0
DA:160,0
DA:163,0
DA:164,0
DA:165,0
DA:167,0
DA:174,0
DA:177,0
DA:178,0
DA:182,0
DA:185,0
DA:186,0
DA:187,0
DA:188,0
DA:189,0
DA:190,0
DA:192,0
DA:193,0
DA:197,0
DA:198,0
DA:199,0
DA:200,0
DA:201,0
DA:202,0
DA:205,0
DA:209,0
DA:212,0
DA:213,0
DA:216,0
DA:222,0
DA:223,0
DA:232,0
DA:233,0
DA:234,0
DA:235,0
DA:239,0
DA:240,0
DA:245,0
DA:246,0
DA:249,0
DA:250,0
DA:251,0
DA:252,0
DA:254,0
DA:259,0
DA:260,0
DA:264,0
DA:265,0
DA:269,0
DA:272,0
DA:275,0
DA:277,0
DA:278,0
DA:280,0
DA:281,0
DA:287,0
DA:290,0
DA:293,0
DA:294,0
DA:295,0
DA:296,0
DA:297,0
DA:299,0
DA:300,0
DA:301,0
DA:304,0
LF:144
LH:0
BRDA:29,0,0,0
BRDA:29,0,1,0
BRDA:46,1,0,0
BRDA:46,1,1,0
BRDA:117,2,0,0
BRDA:117,2,1,0
BRDA:118,3,0,0
BRDA:118,3,1,0
BRDA:120,4,0,0
BRDA:120,4,1,0
BRDA:164,5,0,0
BRDA:164,5,1,0
BRDA:249,6,0,0
BRDA:249,6,1,0
BRDA:259,7,0,0
BRDA:259,7,1,0
BRDA:264,8,0,0
BRDA:264,8,1,0
BRF:18
BRH:0
end_of_record
TN:
SF:src/api/binance-api-singleton.js
FN:14,getBinanceAPI
FN:24,resetBinanceAPI
FNF:2
FNH:1
FNDA:66,getBinanceAPI
FNDA:0,resetBinanceAPI
DA:6,5
DA:8,5
DA:15,66
DA:16,3
DA:18,66
DA:25,0
DA:28,5
LF:7
LH:6
BRDA:15,0,0,3
BRDA:15,0,1,63
BRF:2
BRH:2
end_of_record
TN:
SF:src/api/binance-api.js
FN:12,(anonymous_0)
FN:39,(anonymous_1)
FN:63,(anonymous_2)
FN:87,(anonymous_3)
FN:110,(anonymous_4)
FN:144,(anonymous_5)
FN:170,(anonymous_6)
FN:198,(anonymous_7)
FN:238,(anonymous_8)
FN:256,(anonymous_9)
FN:277,(anonymous_10)
FN:283,(anonymous_11)
FN:288,(anonymous_12)
FN:298,(anonymous_13)
FN:304,(anonymous_14)
FN:321,(anonymous_15)
FN:333,(anonymous_16)
FN:345,(anonymous_17)
FN:347,(anonymous_18)
FN:366,(anonymous_19)
FN:368,(anonymous_20)
FN:388,(anonymous_21)
FN:396,(anonymous_22)
FN:431,(anonymous_23)
FN:462,(anonymous_24)
FN:490,(anonymous_25)
FNF:26
FNH:1
FNDA:3,(anonymous_0)
FNDA:0,(anonymous_1)
FNDA:0,(anonymous_2)
FNDA:0,(anonymous_3)
FNDA:0,(anonymous_4)
FNDA:0,(anonymous_5)
FNDA:0,(anonymous_6)
FNDA:0,(anonymous_7)
FNDA:0,(anonymous_8)
FNDA:0,(anonymous_9)
FNDA:0,(anonymous_10)
FNDA:0,(anonymous_11)
FNDA:0,(anonymous_12)
FNDA:0,(anonymous_13)
FNDA:0,(anonymous_14)
FNDA:0,(anonymous_15)
FNDA:0,(anonymous_16)
FNDA:0,(anonymous_17)
FNDA:0,(anonymous_18)
FNDA:0,(anonymous_19)
FNDA:0,(anonymous_20)
FNDA:0,(anonymous_21)
FNDA:0,(anonymous_22)
FNDA:0,(anonymous_23)
FNDA:0,(anonymous_24)
FNDA:0,(anonymous_25)
DA:6,5
DA:7,5
DA:8,5
DA:9,5
DA:13,3
DA:14,3
DA:15,3
DA:16,3
DA:17,3
DA:20,3
DA:40,0
DA:44,0
DA:48,0
DA:64,0
DA:66,0
DA:67,0
DA:74,0
DA:75,0
DA:88,0
DA:89,0
DA:90,0
DA:91,0
DA:94,0
DA:95,0
DA:98,0
DA:111,0
DA:112,0
DA:114,0
DA:115,0
DA:117,0
DA:123,0
DA:124,0
DA:126,0
DA:128,0
DA:129,0
DA:131,0
DA:133,0
DA:134,0
DA:135,0
DA:145,0
DA:146,0
DA:148,0
DA:149,0
DA:151,0
DA:155,0
DA:156,0
DA:157,0
DA:159,0
DA:160,0
DA:161,0
DA:171,0
DA:172,0
DA:174,0
DA:175,0
DA:177,0
DA:181,0
DA:182,0
DA:183,0
DA:185,0
DA:186,0
DA:187,0
DA:199,0
DA:200,0
DA:203,0
DA:211,0
DA:212,0
DA:214,0
DA:217,0
DA:218,0
DA:219,0
DA:220,0
DA:221,0
DA:222,0
DA:223,0
DA:230,0
DA:239,0
DA:240,0
DA:242,0
DA:244,0
DA:245,0
DA:247,0
DA:248,0
DA:257,0
DA:258,0
DA:260,0
DA:262,0
DA:263,0
DA:265,0
DA:266,0
DA:278,0
DA:279,0
DA:281,0
DA:283,0
DA:284,0
DA:285,0
DA:288,0
DA:289,0
DA:290,0
DA:291,0
DA:293,0
DA:294,0
DA:298,0
DA:299,0
DA:300,0
DA:301,0
DA:304,0
DA:305,0
DA:306,0
DA:308,0
DA:311,0
DA:322,0
DA:323,0
DA:334,0
DA:335,0
DA:346,0
DA:347,0
DA:348,0
DA:349,0
DA:350,0
DA:352,0
DA:353,0
DA:357,0
DA:358,0
DA:367,0
DA:368,0
DA:369,0
DA:370,0
DA:371,0
DA:373,0
DA:374,0
DA:378,0
DA:379,0
DA:389,0
DA:391,0
DA:393,0
DA:394,0
DA:396,0
DA:397,0
DA:398,0
DA:399,0
DA:401,0
DA:402,0
DA:404,0
DA:408,0
DA:409,0
DA:411,0
DA:412,0
DA:420,0
DA:421,0
DA:432,0
DA:433,0
DA:435,0
DA:436,0
DA:438,0
DA:443,0
DA:445,0
DA:446,0
DA:451,0
DA:452,0
DA:453,0
DA:463,0
DA:464,0
DA:466,0
DA:467,0
DA:469,0
DA:473,0
DA:475,0
DA:476,0
DA:477,0
DA:479,0
DA:480,0
DA:481,0
DA:491,0
DA:492,0
DA:494,0
DA:495,0
DA:497,0
DA:501,0
DA:503,0
DA:504,0
DA:510,0
DA:511,0
DA:512,0
DA:517,5
LF:184
LH:11
BRDA:40,0,0,0
BRDA:40,0,1,0
BRDA:44,1,0,0
BRDA:44,1,1,0
BRDA:66,2,0,0
BRDA:66,2,1,0
BRDA:74,3,0,0
BRDA:74,3,1,0
BRDA:89,4,0,0
BRDA:89,4,1,0
BRDA:94,5,0,0
BRDA:94,5,1,0
BRDA:110,6,0,0
BRDA:110,7,0,0
BRDA:110,8,0,0
BRDA:123,9,0,0
BRDA:123,9,1,0
BRDA:124,10,0,0
BRDA:124,10,1,0
BRDA:131,11,0,0
BRDA:131,11,1,0
BRDA:198,12,0,0
BRDA:198,13,0,0
BRDA:301,14,0,0
BRDA:301,14,1,0
BRDA:305,15,0,0
BRDA:305,15,1,0
BRDA:345,16,0,0
BRDA:388,17,0,0
BRDA:401,18,0,0
BRDA:401,18,1,0
BRDA:409,19,0,0
BRDA:409,19,1,0
BRDA:431,20,0,0
BRDA:447,21,0,0
BRDA:447,21,1,0
BRDA:448,22,0,0
BRDA:448,22,1,0
BRDA:476,23,0,0
BRDA:476,23,1,0
BRDA:505,24,0,0
BRDA:505,24,1,0
BRF:42
BRH:0
end_of_record
TN:
SF:src/api/routes/ai-analysis.js
FN:15,(anonymous_0)
FN:22,(anonymous_1)
FN:34,(anonymous_2)
FN:127,(anonymous_3)
FN:173,(anonymous_4)
FN:200,(anonymous_5)
FN:260,(anonymous_6)
FN:293,(anonymous_7)
FN:318,(anonymous_8)
FN:352,(anonymous_9)
FN:390,(anonymous_10)
FN:420,(anonymous_11)
FN:443,(anonymous_12)
FN:484,(anonymous_13)
FN:486,(anonymous_14)
FN:490,(anonymous_15)
FN:492,(anonymous_16)
FNF:17
FNH:0
FNDA:0,(anonymous_0)
FNDA:0,(anonymous_1)
FNDA:0,(anonymous_2)
FNDA:0,(anonymous_3)
FNDA:0,(anonymous_4)
FNDA:0,(anonymous_5)
FNDA:0,(anonymous_6)
FNDA:0,(anonymous_7)
FNDA:0,(anonymous_8)
FNDA:0,(anonymous_9)
FNDA:0,(anonymous_10)
FNDA:0,(anonymous_11)
FNDA:0,(anonymous_12)
FNDA:0,(anonymous_13)
FNDA:0,(anonymous_14)
FNDA:0,(anonymous_15)
FNDA:0,(anonymous_16)
DA:6,0
DA:7,0
DA:8,0
DA:9,0
DA:12,0
DA:13,0
DA:15,0
DA:16,0
DA:17,0
DA:19,0
DA:22,0
DA:23,0
DA:25,0
DA:27,0
DA:34,0
DA:35,0
DA:36,0
DA:37,0
DA:39,0
DA:40,0
DA:43,0
DA:44,0
DA:46,0
DA:47,0
DA:50,0
DA:55,0
DA:56,0
DA:57,0
DA:58,0
DA:59,0
DA:60,0
DA:62,0
DA:64,0
DA:68,0
DA:73,0
DA:74,0
DA:75,0
DA:76,0
DA:77,0
DA:78,0
DA:80,0
DA:83,0
DA:84,0
DA:97,0
DA:108,0
DA:115,0
DA:116,0
DA:127,0
DA:128,0
DA:129,0
DA:131,0
DA:132,0
DA:138,0
DA:139,0
DA:141,0
DA:142,0
DA:149,0
DA:161,0
DA:162,0
DA:173,0
DA:174,0
DA:175,0
DA:177,0
DA:178,0
DA:180,0
DA:187,0
DA:188,0
DA:200,0
DA:201,0
DA:202,0
DA:204,0
DA:205,0
DA:211,0
DA:213,0
DA:214,0
DA:222,0
DA:224,0
DA:225,0
DA:226,0
DA:228,0
DA:229,0
DA:234,0
DA:236,0
DA:242,0
DA:248,0
DA:249,0
DA:260,0
DA:261,0
DA:262,0
DA:263,0
DA:265,0
DA:266,0
DA:268,0
DA:281,0
DA:282,0
DA:293,0
DA:294,0
DA:295,0
DA:297,0
DA:298,0
DA:300,0
DA:306,0
DA:307,0
DA:318,0
DA:319,0
DA:320,0
DA:322,0
DA:323,0
DA:325,0
DA:326,0
DA:332,0
DA:334,0
DA:340,0
DA:341,0
DA:352,0
DA:353,0
DA:354,0
DA:356,0
DA:362,0
DA:363,0
DA:364,0
DA:365,0
DA:367,0
DA:368,0
DA:372,0
DA:378,0
DA:379,0
DA:390,0
DA:391,0
DA:392,0
DA:395,0
DA:397,0
DA:398,0
DA:404,0
DA:406,0
DA:407,0
DA:409,0
DA:417,0
DA:420,0
DA:421,0
DA:424,0
DA:431,0
DA:432,0
DA:443,0
DA:444,0
DA:445,0
DA:448,0
DA:461,0
DA:473,0
DA:484,0
DA:485,0
DA:486,0
DA:487,0
DA:490,0
DA:491,0
DA:492,0
DA:493,0
DA:496,0
DA:497,0
DA:498,0
DA:500,0
DA:526,0
DA:527,0
DA:534,0
LF:164
LH:0
BRDA:16,0,0,0
BRDA:16,0,1,0
BRDA:23,1,0,0
BRDA:23,1,1,0
BRDA:37,2,0,0
BRDA:37,2,1,0
BRDA:50,3,0,0
BRDA:50,3,1,0
BRDA:50,3,2,0
BRDA:50,3,3,0
BRDA:55,4,0,0
BRDA:55,4,1,0
BRDA:57,5,0,0
BRDA:57,5,1,0
BRDA:83,6,0,0
BRDA:83,6,1,0
BRDA:94,7,0,0
BRDA:94,7,1,0
BRDA:131,8,0,0
BRDA:131,8,1,0
BRDA:141,9,0,0
BRDA:141,9,1,0
BRDA:178,10,0,0
BRDA:178,10,1,0
BRDA:204,11,0,0
BRDA:204,11,1,0
BRDA:213,12,0,0
BRDA:213,12,1,0
BRDA:222,13,0,0
BRDA:222,13,1,0
BRDA:224,14,0,0
BRDA:224,14,1,0
BRDA:224,15,0,0
BRDA:224,15,1,0
BRDA:226,16,0,0
BRDA:226,16,1,0
BRDA:228,17,0,0
BRDA:228,17,1,0
BRDA:228,18,0,0
BRDA:228,18,1,0
BRDA:266,19,0,0
BRDA:266,19,1,0
BRDA:295,20,0,0
BRDA:295,20,1,0
BRDA:320,21,0,0
BRDA:320,21,1,0
BRDA:325,22,0,0
BRDA:325,22,1,0
BRDA:325,23,0,0
BRDA:325,23,1,0
BRDA:362,24,0,0
BRDA:362,24,1,0
BRDA:367,25,0,0
BRDA:367,25,1,0
BRDA:397,26,0,0
BRDA:397,26,1,0
BRDA:404,27,0,0
BRDA:404,27,1,0
BRDA:485,28,0,0
BRDA:485,28,1,0
BRDA:487,29,0,0
BRDA:487,29,1,0
BRDA:491,30,0,0
BRDA:491,30,1,0
BRDA:493,31,0,0
BRDA:493,31,1,0
BRDA:497,32,0,0
BRDA:497,32,1,0
BRDA:498,33,0,0
BRDA:498,33,1,0
BRDA:505,34,0,0
BRDA:505,34,1,0
BRDA:506,35,0,0
BRDA:506,35,1,0
BRDA:508,36,0,0
BRDA:508,36,1,0
BRDA:510,37,0,0
BRDA:510,37,1,0
BRDA:514,38,0,0
BRDA:514,38,1,0
BRDA:515,39,0,0
BRDA:515,39,1,0
BRDA:517,40,0,0
BRDA:517,40,1,0
BRDA:519,41,0,0
BRDA:519,41,1,0
BRF:86
BRH:0
end_of_record
TN:
SF:src/api/routes/large-orders.js
FN:16,initRoutes
FN:24,(anonymous_1)
FN:40,(anonymous_2)
FN:45,(anonymous_3)
FN:83,(anonymous_4)
FN:116,(anonymous_5)
FN:139,(anonymous_6)
FN:161,(anonymous_7)
FN:203,(anonymous_8)
FN:247,(anonymous_9)
FN:251,(anonymous_10)
FN:279,(anonymous_11)
FNF:12
FNH:0
FNDA:0,initRoutes
FNDA:0,(anonymous_1)
FNDA:0,(anonymous_2)
FNDA:0,(anonymous_3)
FNDA:0,(anonymous_4)
FNDA:0,(anonymous_5)
FNDA:0,(anonymous_6)
FNDA:0,(anonymous_7)
FNDA:0,(anonymous_8)
FNDA:0,(anonymous_9)
FNDA:0,(anonymous_10)
FNDA:0,(anonymous_11)
DA:8,0
DA:9,0
DA:10,0
DA:24,0
DA:25,0
DA:26,0
DA:27,0
DA:29,0
DA:30,0
DA:36,0
DA:37,0
DA:39,0
DA:40,0
DA:43,0
DA:44,0
DA:45,0
DA:48,0
DA:49,0
DA:50,0
DA:51,0
DA:52,0
DA:54,0
DA:55,0
DA:63,0
DA:69,0
DA:70,0
DA:83,0
DA:84,0
DA:85,0
DA:86,0
DA:87,0
DA:93,0
DA:94,0
DA:100,0
DA:101,0
DA:116,0
DA:117,0
DA:118,0
DA:119,0
DA:121,0
DA:122,0
DA:128,0
DA:135,0
DA:137,0
DA:139,0
DA:146,0
DA:147,0
DA:161,0
DA:162,0
DA:163,0
DA:164,0
DA:165,0
DA:171,0
DA:173,0
DA:174,0
DA:180,0
DA:182,0
DA:188,0
DA:189,0
DA:203,0
DA:204,0
DA:205,0
DA:206,0
DA:207,0
DA:213,0
DA:215,0
DA:216,0
DA:217,0
DA:223,0
DA:224,0
DA:231,0
DA:232,0
DA:247,0
DA:248,0
DA:249,0
DA:250,0
DA:251,0
DA:253,0
DA:254,0
DA:256,0
DA:258,0
DA:265,0
DA:266,0
DA:279,0
DA:280,0
DA:281,0
DA:282,0
DA:283,0
DA:285,0
DA:291,0
DA:292,0
DA:299,0
DA:302,0
LF:93
LH:0
BRDA:29,0,0,0
BRDA:29,0,1,0
BRDA:39,1,0,0
BRDA:39,1,1,0
BRDA:86,2,0,0
BRDA:86,2,1,0
BRDA:119,3,0,0
BRDA:121,4,0,0
BRDA:121,4,1,0
BRDA:141,5,0,0
BRDA:141,5,1,0
BRDA:164,6,0,0
BRDA:164,6,1,0
BRDA:173,7,0,0
BRDA:173,7,1,0
BRDA:206,8,0,0
BRDA:206,8,1,0
BRDA:215,9,0,0
BRDA:215,9,1,0
BRDA:250,10,0,0
BRDA:251,11,0,0
BRDA:251,11,1,0
BRF:22
BRH:0
end_of_record
TN:
SF:src/api/routes/macro-monitor.js
FN:12,(anonymous_0)
FN:30,(anonymous_1)
FN:50,(anonymous_2)
FN:67,(anonymous_3)
FN:89,(anonymous_4)
FN:111,(anonymous_5)
FN:132,(anonymous_6)
FN:154,(anonymous_7)
FN:176,(anonymous_8)
FN:197,(anonymous_9)
FN:218,(anonymous_10)
FN:258,(anonymous_11)
FN:289,(anonymous_12)
FN:325,(anonymous_13)
FN:327,(anonymous_14)
FN:327,(anonymous_15)
FN:330,(anonymous_16)
FN:339,(anonymous_17)
FN:340,(anonymous_18)
FN:343,(anonymous_19)
FN:344,(anonymous_20)
FN:345,(anonymous_21)
FN:369,(anonymous_22)
FN:446,(anonymous_23)
FN:454,(anonymous_24)
FN:468,(anonymous_25)
FN:482,(anonymous_26)
FN:525,(anonymous_27)
FNF:28
FNH:12
FNDA:12,(anonymous_0)
FNDA:2,(anonymous_1)
FNDA:1,(anonymous_2)
FNDA:1,(anonymous_3)
FNDA:1,(anonymous_4)
FNDA:1,(anonymous_5)
FNDA:1,(anonymous_6)
FNDA:1,(anonymous_7)
FNDA:1,(anonymous_8)
FNDA:1,(anonymous_9)
FNDA:1,(anonymous_10)
FNDA:0,(anonymous_11)
FNDA:0,(anonymous_12)
FNDA:0,(anonymous_13)
FNDA:0,(anonymous_14)
FNDA:0,(anonymous_15)
FNDA:0,(anonymous_16)
FNDA:0,(anonymous_17)
FNDA:0,(anonymous_18)
FNDA:0,(anonymous_19)
FNDA:0,(anonymous_20)
FNDA:0,(anonymous_21)
FNDA:0,(anonymous_22)
FNDA:0,(anonymous_23)
FNDA:0,(anonymous_24)
FNDA:0,(anonymous_25)
FNDA:0,(anonymous_26)
FNDA:1,(anonymous_27)
DA:6,1
DA:7,1
DA:8,1
DA:9,1
DA:12,1
DA:13,12
DA:14,12
DA:15,0
DA:20,12
DA:24,1
DA:30,1
DA:31,2
DA:32,2
DA:33,1
DA:38,1
DA:39,1
DA:50,1
DA:51,1
DA:52,1
DA:53,1
DA:55,0
DA:56,0
DA:67,1
DA:68,1
DA:69,1
DA:70,1
DA:72,1
DA:77,0
DA:78,0
DA:89,1
DA:90,1
DA:91,1
DA:92,1
DA:94,1
DA:99,0
DA:100,0
DA:111,1
DA:112,1
DA:113,1
DA:115,1
DA:120,0
DA:121,0
DA:132,1
DA:133,1
DA:134,1
DA:135,1
DA:137,1
DA:142,0
DA:143,0
DA:154,1
DA:155,1
DA:156,1
DA:157,1
DA:159,1
DA:164,0
DA:165,0
DA:176,1
DA:177,1
DA:178,1
DA:180,1
DA:185,0
DA:186,0
DA:197,1
DA:198,1
DA:199,1
DA:201,1
DA:206,0
DA:207,0
DA:218,1
DA:219,1
DA:220,1
DA:221,1
DA:222,1
DA:224,1
DA:225,1
DA:227,1
DA:228,1
DA:229,1
DA:232,1
DA:233,1
DA:234,1
DA:237,1
DA:239,1
DA:241,0
DA:246,1
DA:247,1
DA:258,1
DA:259,0
DA:260,0
DA:263,0
DA:277,0
DA:280,0
DA:281,0
DA:289,0
DA:290,0
DA:291,0
DA:293,0
DA:294,0
DA:303,0
DA:310,0
DA:311,0
DA:319,0
DA:320,0
DA:325,0
DA:326,0
DA:327,0
DA:329,0
DA:330,0
DA:331,0
DA:337,0
DA:338,0
DA:339,0
DA:340,0
DA:342,0
DA:343,0
DA:344,0
DA:345,0
DA:348,0
DA:357,0
DA:358,0
DA:369,1
DA:370,0
DA:371,0
DA:372,0
DA:375,0
DA:376,0
DA:379,0
DA:393,0
DA:408,0
DA:423,0
DA:438,0
DA:446,0
DA:453,0
DA:454,0
DA:455,0
DA:456,0
DA:457,0
DA:459,0
DA:467,0
DA:468,0
DA:469,0
DA:470,0
DA:471,0
DA:473,0
DA:481,0
DA:482,0
DA:483,0
DA:484,0
DA:485,0
DA:487,0
DA:494,0
DA:513,0
DA:514,0
DA:525,1
DA:526,1
DA:527,1
DA:530,1
DA:538,1
DA:544,1
DA:570,1
DA:575,0
DA:576,0
DA:583,1
LF:163
LH:78
BRDA:14,0,0,0
BRDA:14,0,1,12
BRDA:69,1,0,1
BRDA:69,1,1,0
BRDA:91,2,0,1
BRDA:91,2,1,0
BRDA:134,3,0,1
BRDA:134,3,1,1
BRDA:156,4,0,1
BRDA:156,4,1,1
BRDA:220,5,0,1
BRDA:220,5,1,0
BRDA:227,6,0,1
BRDA:227,6,1,0
BRDA:232,7,0,1
BRDA:232,7,1,0
BRDA:260,8,0,0
BRDA:260,8,1,0
BRDA:291,9,0,0
BRDA:291,9,1,0
BRDA:293,10,0,0
BRDA:293,10,1,0
BRDA:310,11,0,0
BRDA:310,11,1,0
BRDA:310,12,0,0
BRDA:310,12,1,0
BRDA:319,13,0,0
BRDA:319,13,1,0
BRDA:319,14,0,0
BRDA:319,14,1,0
BRDA:329,15,0,0
BRDA:329,15,1,0
BRDA:331,16,0,0
BRDA:331,16,1,0
BRDA:332,17,0,0
BRDA:332,17,1,0
BRDA:342,18,0,0
BRDA:342,18,1,0
BRDA:371,19,0,0
BRDA:371,19,1,0
BRDA:372,20,0,0
BRDA:372,20,1,0
BRDA:448,21,0,0
BRDA:448,21,1,0
BRDA:456,22,0,0
BRDA:456,22,1,0
BRDA:461,23,0,0
BRDA:461,23,1,0
BRDA:470,24,0,0
BRDA:470,24,1,0
BRDA:475,25,0,0
BRDA:475,25,1,0
BRDA:484,26,0,0
BRDA:484,26,1,0
BRDA:489,27,0,0
BRDA:489,27,1,0
BRF:56
BRH:10
end_of_record
TN:
SF:src/api/routes/monitoring.js
FN:13,(anonymous_0)
FN:24,(anonymous_1)
FN:56,(anonymous_2)
FN:81,(anonymous_3)
FN:136,(anonymous_4)
FN:161,(anonymous_5)
FN:224,(anonymous_6)
FNF:7
FNH:0
FNDA:0,(anonymous_0)
FNDA:0,(anonymous_1)
FNDA:0,(anonymous_2)
FNDA:0,(anonymous_3)
FNDA:0,(anonymous_4)
FNDA:0,(anonymous_5)
FNDA:0,(anonymous_6)
DA:5,0
DA:6,0
DA:7,0
DA:8,0
DA:9,0
DA:12,0
DA:13,0
DA:14,0
DA:15,0
DA:17,0
DA:24,0
DA:25,0
DA:26,0
DA:27,0
DA:30,0
DA:31,0
DA:32,0
DA:34,0
DA:44,0
DA:45,0
DA:56,0
DA:57,0
DA:58,0
DA:60,0
DA:62,0
DA:69,0
DA:70,0
DA:81,0
DA:82,0
DA:92,0
DA:94,0
DA:95,0
DA:101,0
DA:103,0
DA:115,0
DA:117,0
DA:124,0
DA:125,0
DA:136,0
DA:137,0
DA:138,0
DA:140,0
DA:142,0
DA:149,0
DA:150,0
DA:161,0
DA:162,0
DA:163,0
DA:175,0
DA:177,0
DA:178,0
DA:184,0
DA:185,0
DA:187,0
DA:203,0
DA:205,0
DA:212,0
DA:213,0
DA:224,0
DA:225,0
DA:226,0
DA:237,0
DA:242,0
DA:243,0
DA:254,0
LF:65
LH:0
BRDA:14,0,0,0
BRDA:14,0,1,0
BRDA:58,1,0,0
BRDA:86,2,0,0
BRDA:87,3,0,0
BRDA:88,4,0,0
BRDA:89,5,0,0
BRDA:90,6,0,0
BRDA:91,7,0,0
BRDA:94,8,0,0
BRDA:94,8,1,0
BRDA:94,9,0,0
BRDA:94,9,1,0
BRDA:101,10,0,0
BRDA:101,10,1,0
BRDA:166,11,0,0
BRDA:167,12,0,0
BRDA:168,13,0,0
BRDA:169,14,0,0
BRDA:170,15,0,0
BRDA:171,16,0,0
BRDA:172,17,0,0
BRDA:173,18,0,0
BRDA:174,19,0,0
BRDA:177,20,0,0
BRDA:177,20,1,0
BRDA:184,21,0,0
BRDA:184,21,1,0
BRDA:185,22,0,0
BRDA:185,22,1,0
BRF:30
BRH:0
end_of_record
TN:
SF:src/api/routes/new-coin-monitor.js
FN:13,(anonymous_0)
FN:14,(anonymous_1)
FN:58,(anonymous_2)
FN:95,(anonymous_3)
FN:130,(anonymous_4)
FN:174,(anonymous_5)
FN:182,(anonymous_6)
FN:235,(anonymous_7)
FN:271,(anonymous_8)
FN:309,(anonymous_9)
FN:347,(anonymous_10)
FN:398,(anonymous_11)
FN:432,(anonymous_12)
FN:445,(anonymous_13)
FN:469,(anonymous_14)
FN:501,(anonymous_15)
FN:514,(anonymous_16)
FN:545,(anonymous_17)
FNF:18
FNH:0
FNDA:0,(anonymous_0)
FNDA:0,(anonymous_1)
FNDA:0,(anonymous_2)
FNDA:0,(anonymous_3)
FNDA:0,(anonymous_4)
FNDA:0,(anonymous_5)
FNDA:0,(anonymous_6)
FNDA:0,(anonymous_7)
FNDA:0,(anonymous_8)
FNDA:0,(anonymous_9)
FNDA:0,(anonymous_10)
FNDA:0,(anonymous_11)
FNDA:0,(anonymous_12)
FNDA:0,(anonymous_13)
FNDA:0,(anonymous_14)
FNDA:0,(anonymous_15)
FNDA:0,(anonymous_16)
FNDA:0,(anonymous_17)
DA:6,0
DA:7,0
DA:8,0
DA:9,0
DA:10,0
DA:13,0
DA:14,0
DA:15,0
DA:16,0
DA:17,0
DA:23,0
DA:28,0
DA:42,0
DA:58,0
DA:59,0
DA:60,0
DA:62,0
DA:63,0
DA:70,0
DA:72,0
DA:79,0
DA:82,0
DA:95,0
DA:96,0
DA:97,0
DA:99,0
DA:100,0
DA:107,0
DA:109,0
DA:117,0
DA:118,0
DA:130,0
DA:131,0
DA:132,0
DA:134,0
DA:135,0
DA:142,0
DA:144,0
DA:152,0
DA:154,0
DA:155,0
DA:161,0
DA:174,0
DA:175,0
DA:176,0
DA:177,0
DA:179,0
DA:180,0
DA:182,0
DA:183,0
DA:184,0
DA:185,0
DA:189,0
DA:190,0
DA:197,0
DA:199,0
DA:205,0
DA:207,0
DA:208,0
DA:215,0
DA:222,0
DA:223,0
DA:235,0
DA:236,0
DA:237,0
DA:238,0
DA:240,0
DA:241,0
DA:243,0
DA:244,0
DA:251,0
DA:258,0
DA:259,0
DA:271,0
DA:272,0
DA:273,0
DA:274,0
DA:275,0
DA:277,0
DA:286,0
DA:288,0
DA:296,0
DA:297,0
DA:309,0
DA:310,0
DA:311,0
DA:312,0
DA:313,0
DA:315,0
DA:324,0
DA:326,0
DA:334,0
DA:335,0
DA:347,0
DA:348,0
DA:349,0
DA:350,0
DA:352,0
DA:353,0
DA:355,0
DA:356,0
DA:357,0
DA:360,0
DA:361,0
DA:362,0
DA:365,0
DA:374,0
DA:375,0
DA:377,0
DA:385,0
DA:386,0
DA:398,0
DA:399,0
DA:400,0
DA:402,0
DA:403,0
DA:410,0
DA:412,0
DA:419,0
DA:420,0
DA:432,0
DA:433,0
DA:434,0
DA:436,0
DA:437,0
DA:445,0
DA:446,0
DA:449,0
DA:456,0
DA:457,0
DA:469,0
DA:470,0
DA:471,0
DA:473,0
DA:479,0
DA:481,0
DA:488,0
DA:489,0
DA:501,0
DA:502,0
DA:503,0
DA:504,0
DA:506,0
DA:507,0
DA:514,0
DA:515,0
DA:520,0
DA:523,0
DA:525,0
DA:532,0
DA:533,0
DA:545,0
DA:546,0
DA:547,0
DA:549,0
DA:557,0
DA:564,0
DA:565,0
DA:573,0
LF:159
LH:0
BRDA:16,0,0,0
BRDA:16,0,1,0
BRDA:62,1,0,0
BRDA:62,1,1,0
BRDA:99,2,0,0
BRDA:99,2,1,0
BRDA:134,3,0,0
BRDA:134,3,1,0
BRDA:154,4,0,0
BRDA:154,4,1,0
BRDA:183,5,0,0
BRDA:183,5,1,0
BRDA:189,6,0,0
BRDA:189,6,1,0
BRDA:207,7,0,0
BRDA:207,7,1,0
BRDA:243,8,0,0
BRDA:243,8,1,0
BRDA:274,9,0,0
BRDA:274,10,0,0
BRDA:312,11,0,0
BRDA:312,12,0,0
BRDA:349,13,0,0
BRDA:349,14,0,0
BRDA:355,15,0,0
BRDA:355,15,1,0
BRDA:360,16,0,0
BRDA:360,16,1,0
BRDA:402,17,0,0
BRDA:402,17,1,0
BRDA:436,18,0,0
BRDA:436,18,1,0
BRDA:506,19,0,0
BRDA:506,19,1,0
BRDA:550,20,0,0
BRDA:550,20,1,0
BRDA:551,21,0,0
BRDA:551,21,1,0
BRDA:552,22,0,0
BRDA:552,22,1,0
BRDA:553,23,0,0
BRDA:553,23,1,0
BRDA:554,24,0,0
BRDA:554,24,1,0
BRF:44
BRH:0
end_of_record
TN:
SF:src/api/routes/settings.js
FN:17,(anonymous_0)
FN:37,(anonymous_1)
FN:79,getMaxLossAmount
FNF:3
FNH:0
FNDA:0,(anonymous_0)
FNDA:0,(anonymous_1)
FNDA:0,getMaxLossAmount
DA:5,0
DA:6,0
DA:7,0
DA:8,0
DA:11,0
DA:17,0
DA:18,0
DA:19,0
DA:25,0
DA:26,0
DA:37,0
DA:38,0
DA:39,0
DA:41,0
DA:42,0
DA:49,0
DA:50,0
DA:51,0
DA:57,0
DA:59,0
DA:61,0
DA:68,0
DA:69,0
DA:80,0
DA:83,0
DA:84,0
LF:26
LH:0
BRDA:41,0,0,0
BRDA:41,0,1,0
BRDA:41,1,0,0
BRDA:41,1,1,0
BRDA:50,2,0,0
BRDA:50,2,1,0
BRF:6
BRH:0
end_of_record
TN:
SF:src/api/routes/smart-money.js
FN:16,(anonymous_0)
FN:61,(anonymous_1)
FN:93,(anonymous_2)
FN:140,(anonymous_3)
FNF:4
FNH:0
FNDA:0,(anonymous_0)
FNDA:0,(anonymous_1)
FNDA:0,(anonymous_2)
FNDA:0,(anonymous_3)
DA:6,0
DA:7,0
DA:8,0
DA:9,0
DA:16,0
DA:17,0
DA:18,0
DA:20,0
DA:21,0
DA:27,0
DA:28,0
DA:32,0
DA:34,0
DA:37,0
DA:38,0
DA:43,0
DA:49,0
DA:50,0
DA:61,0
DA:62,0
DA:63,0
DA:65,0
DA:66,0
DA:72,0
DA:74,0
DA:80,0
DA:81,0
DA:93,0
DA:94,0
DA:95,0
DA:97,0
DA:98,0
DA:104,0
DA:106,0
DA:107,0
DA:113,0
DA:115,0
DA:116,0
DA:122,0
DA:128,0
DA:129,0
DA:140,0
DA:141,0
DA:142,0
DA:144,0
DA:145,0
DA:151,0
DA:153,0
DA:155,0
DA:156,0
DA:162,0
DA:168,0
DA:169,0
DA:176,0
LF:54
LH:0
BRDA:20,0,0,0
BRDA:20,0,1,0
BRDA:28,1,0,0
BRDA:28,1,1,0
BRDA:32,2,0,0
BRDA:32,2,1,0
BRDA:38,3,0,0
BRDA:38,3,1,0
BRDA:65,4,0,0
BRDA:65,4,1,0
BRDA:97,5,0,0
BRDA:97,5,1,0
BRDA:106,6,0,0
BRDA:106,6,1,0
BRDA:115,7,0,0
BRDA:115,7,1,0
BRDA:144,8,0,0
BRDA:144,8,1,0
BRDA:155,9,0,0
BRDA:155,9,1,0
BRF:20
BRH:0
end_of_record
TN:
SF:src/api/routes/strategies.js
FN:15,(anonymous_0)
FN:31,(anonymous_1)
FN:56,(anonymous_2)
FN:80,(anonymous_3)
FN:104,(anonymous_4)
FN:128,(anonymous_5)
FN:172,(anonymous_6)
FN:178,(anonymous_7)
FN:237,(anonymous_8)
FN:243,(anonymous_9)
FN:302,(anonymous_10)
FN:360,(anonymous_11)
FN:409,(anonymous_12)
FN:416,(anonymous_13)
FN:549,(anonymous_14)
FN:560,(anonymous_15)
FN:626,(anonymous_16)
FNF:17
FNH:6
FNDA:1,(anonymous_0)
FNDA:1,(anonymous_1)
FNDA:3,(anonymous_2)
FNDA:3,(anonymous_3)
FNDA:0,(anonymous_4)
FNDA:3,(anonymous_5)
FNDA:0,(anonymous_6)
FNDA:0,(anonymous_7)
FNDA:0,(anonymous_8)
FNDA:0,(anonymous_9)
FNDA:1,(anonymous_10)
FNDA:0,(anonymous_11)
FNDA:0,(anonymous_12)
FNDA:0,(anonymous_13)
FNDA:0,(anonymous_14)
FNDA:0,(anonymous_15)
FNDA:0,(anonymous_16)
DA:5,1
DA:6,1
DA:7,1
DA:8,1
DA:9,1
DA:10,1
DA:11,1
DA:14,1
DA:15,1
DA:16,1
DA:17,1
DA:19,1
DA:23,1
DA:24,1
DA:25,1
DA:31,1
DA:32,1
DA:33,1
DA:39,1
DA:44,0
DA:45,0
DA:56,1
DA:57,3
DA:58,3
DA:60,3
DA:62,3
DA:68,0
DA:69,0
DA:80,1
DA:81,3
DA:82,3
DA:84,3
DA:86,3
DA:92,0
DA:93,0
DA:104,1
DA:105,0
DA:106,0
DA:108,0
DA:110,0
DA:116,0
DA:117,0
DA:128,1
DA:129,3
DA:130,3
DA:131,3
DA:133,3
DA:134,6
DA:135,6
DA:140,6
DA:146,0
DA:147,0
DA:154,3
DA:160,0
DA:161,0
DA:172,1
DA:173,0
DA:174,0
DA:177,0
DA:178,0
DA:180,0
DA:183,0
DA:184,0
DA:185,0
DA:186,0
DA:187,0
DA:189,0
DA:201,0
DA:203,0
DA:218,0
DA:225,0
DA:226,0
DA:237,1
DA:238,0
DA:239,0
DA:242,0
DA:243,0
DA:245,0
DA:248,0
DA:249,0
DA:250,0
DA:251,0
DA:252,0
DA:254,0
DA:266,0
DA:268,0
DA:283,0
DA:290,0
DA:291,0
DA:302,1
DA:303,1
DA:304,1
DA:307,1
DA:310,1
DA:313,1
DA:315,1
DA:342,1
DA:348,0
DA:349,0
DA:360,1
DA:361,0
DA:362,0
DA:363,0
DA:365,0
DA:366,0
DA:368,0
DA:369,0
DA:373,0
DA:374,0
DA:375,0
DA:378,0
DA:379,0
DA:380,0
DA:383,0
DA:394,0
DA:397,0
DA:398,0
DA:409,1
DA:410,0
DA:411,0
DA:412,0
DA:415,0
DA:416,0
DA:418,0
DA:421,0
DA:422,0
DA:424,0
DA:425,0
DA:426,0
DA:428,0
DA:433,0
DA:520,0
DA:521,0
DA:530,0
DA:537,0
DA:538,0
DA:549,1
DA:550,0
DA:551,0
DA:554,0
DA:555,0
DA:558,0
DA:559,0
DA:560,0
DA:562,0
DA:563,0
DA:566,0
DA:567,0
DA:575,0
DA:577,0
DA:578,0
DA:579,0
DA:580,0
DA:582,0
DA:598,0
DA:599,0
DA:607,0
DA:614,0
DA:615,0
DA:626,1
DA:627,0
DA:628,0
DA:630,0
DA:631,0
DA:637,0
DA:638,0
DA:640,0
DA:660,0
DA:661,0
DA:668,1
LF:170
LH:54
BRDA:16,0,0,1
BRDA:16,0,1,0
BRDA:58,1,0,1
BRDA:82,2,0,1
BRDA:130,3,0,1
BRDA:174,4,0,0
BRDA:193,5,0,0
BRDA:193,5,1,0
BRDA:194,6,0,0
BRDA:194,6,1,0
BRDA:195,7,0,0
BRDA:195,7,1,0
BRDA:196,8,0,0
BRDA:196,8,1,0
BRDA:197,9,0,0
BRDA:197,9,1,0
BRDA:239,10,0,0
BRDA:258,11,0,0
BRDA:258,11,1,0
BRDA:259,12,0,0
BRDA:259,12,1,0
BRDA:260,13,0,0
BRDA:260,13,1,0
BRDA:261,14,0,0
BRDA:261,14,1,0
BRDA:262,15,0,0
BRDA:262,15,1,0
BRDA:317,16,0,1
BRDA:317,16,1,1
BRDA:318,17,0,1
BRDA:318,17,1,1
BRDA:319,18,0,1
BRDA:319,18,1,1
BRDA:320,19,0,1
BRDA:320,19,1,1
BRDA:321,20,0,1
BRDA:321,20,1,1
BRDA:322,21,0,1
BRDA:322,21,1,1
BRDA:325,22,0,1
BRDA:325,22,1,1
BRDA:326,23,0,1
BRDA:326,23,1,1
BRDA:327,24,0,1
BRDA:327,24,1,1
BRDA:328,25,0,1
BRDA:328,25,1,1
BRDA:329,26,0,1
BRDA:329,26,1,1
BRDA:330,27,0,1
BRDA:330,27,1,1
BRDA:333,28,0,1
BRDA:333,28,1,1
BRDA:334,29,0,1
BRDA:334,29,1,1
BRDA:335,30,0,1
BRDA:335,30,1,1
BRDA:336,31,0,1
BRDA:336,31,1,1
BRDA:337,32,0,1
BRDA:337,32,1,1
BRDA:338,33,0,1
BRDA:338,33,1,1
BRDA:362,34,0,0
BRDA:362,35,0,0
BRDA:373,36,0,0
BRDA:373,36,1,0
BRDA:411,37,0,0
BRDA:435,38,0,0
BRDA:435,38,1,0
BRDA:435,38,2,0
BRDA:436,39,0,0
BRDA:436,39,1,0
BRDA:436,40,0,0
BRDA:436,40,1,0
BRDA:438,41,0,0
BRDA:438,41,1,0
BRDA:440,42,0,0
BRDA:440,42,1,0
BRDA:441,43,0,0
BRDA:441,43,1,0
BRDA:442,44,0,0
BRDA:442,44,1,0
BRDA:445,45,0,0
BRDA:445,45,1,0
BRDA:446,46,0,0
BRDA:446,46,1,0
BRDA:447,47,0,0
BRDA:447,47,1,0
BRDA:448,48,0,0
BRDA:448,48,1,0
BRDA:449,49,0,0
BRDA:449,49,1,0
BRDA:450,50,0,0
BRDA:450,50,1,0
BRDA:451,51,0,0
BRDA:451,51,1,0
BRDA:454,52,0,0
BRDA:454,52,1,0
BRDA:455,53,0,0
BRDA:455,53,1,0
BRDA:456,54,0,0
BRDA:456,54,1,0
BRDA:457,55,0,0
BRDA:457,55,1,0
BRDA:458,56,0,0
BRDA:458,56,1,0
BRDA:461,57,0,0
BRDA:461,57,1,0
BRDA:462,58,0,0
BRDA:462,58,1,0
BRDA:463,59,0,0
BRDA:463,59,1,0
BRDA:464,60,0,0
BRDA:464,60,1,0
BRDA:465,61,0,0
BRDA:465,61,1,0
BRDA:466,62,0,0
BRDA:466,62,1,0
BRDA:469,63,0,0
BRDA:469,63,1,0
BRDA:470,64,0,0
BRDA:470,64,1,0
BRDA:471,65,0,0
BRDA:471,65,1,0
BRDA:472,66,0,0
BRDA:472,66,1,0
BRDA:473,67,0,0
BRDA:473,67,1,0
BRDA:476,68,0,0
BRDA:476,68,1,0
BRDA:477,69,0,0
BRDA:477,69,1,0
BRDA:478,70,0,0
BRDA:478,70,1,0
BRDA:479,71,0,0
BRDA:479,71,1,0
BRDA:482,72,0,0
BRDA:482,72,1,0
BRDA:483,73,0,0
BRDA:483,73,1,0
BRDA:484,74,0,0
BRDA:484,74,1,0
BRDA:487,75,0,0
BRDA:487,75,1,0
BRDA:488,76,0,0
BRDA:488,76,1,0
BRDA:489,77,0,0
BRDA:489,77,1,0
BRDA:490,78,0,0
BRDA:490,78,1,0
BRDA:493,79,0,0
BRDA:493,79,1,0
BRDA:494,80,0,0
BRDA:494,80,1,0
BRDA:495,81,0,0
BRDA:495,81,1,0
BRDA:496,82,0,0
BRDA:496,82,1,0
BRDA:497,83,0,0
BRDA:497,83,1,0
BRDA:498,84,0,0
BRDA:498,84,1,0
BRDA:499,85,0,0
BRDA:499,85,1,0
BRDA:500,86,0,0
BRDA:500,86,1,0
BRDA:501,87,0,0
BRDA:501,87,1,0
BRDA:502,88,0,0
BRDA:502,88,1,0
BRDA:511,89,0,0
BRDA:511,89,1,0
BRDA:512,90,0,0
BRDA:512,90,1,0
BRDA:513,91,0,0
BRDA:513,91,1,0
BRDA:514,92,0,0
BRDA:514,92,1,0
BRDA:515,93,0,0
BRDA:515,93,1,0
BRDA:517,94,0,0
BRDA:517,94,1,0
BRDA:517,94,2,0
BRDA:551,95,0,0
BRDA:559,96,0,0
BRDA:559,96,1,0
BRDA:562,97,0,0
BRDA:562,97,1,0
BRDA:566,98,0,0
BRDA:566,98,1,0
BRDA:566,99,0,0
BRDA:566,99,1,0
BRDA:589,100,0,0
BRDA:589,100,1,0
BRDA:590,101,0,0
BRDA:590,101,1,0
BRDA:591,102,0,0
BRDA:591,102,1,0
BRDA:592,103,0,0
BRDA:592,103,1,0
BRDA:593,104,0,0
BRDA:593,104,1,0
BRDA:594,105,0,0
BRDA:594,105,1,0
BRDA:630,106,0,0
BRDA:630,106,1,0
BRDA:649,107,0,0
BRDA:649,107,1,0
BRDA:650,108,0,0
BRDA:650,108,1,0
BRDA:651,109,0,0
BRDA:651,109,1,0
BRDA:652,110,0,0
BRDA:652,110,1,0
BRDA:653,111,0,0
BRDA:653,111,1,0
BRDA:654,112,0,0
BRDA:654,112,1,0
BRF:219
BRH:40
end_of_record
TN:
SF:src/api/routes/symbols.js
FN:12,(anonymous_0)
FN:23,(anonymous_1)
FN:52,(anonymous_2)
FN:82,(anonymous_3)
FN:121,(anonymous_4)
FN:147,(anonymous_5)
FN:171,(anonymous_6)
FN:194,(anonymous_7)
FNF:8
FNH:0
FNDA:0,(anonymous_0)
FNDA:0,(anonymous_1)
FNDA:0,(anonymous_2)
FNDA:0,(anonymous_3)
FNDA:0,(anonymous_4)
FNDA:0,(anonymous_5)
FNDA:0,(anonymous_6)
FNDA:0,(anonymous_7)
DA:5,0
DA:6,0
DA:7,0
DA:8,0
DA:11,0
DA:12,0
DA:13,0
DA:14,0
DA:16,0
DA:23,0
DA:24,0
DA:25,0
DA:26,0
DA:27,0
DA:29,0
DA:36,0
DA:37,0
DA:38,0
DA:40,0
DA:41,0
DA:52,0
DA:53,0
DA:54,0
DA:55,0
DA:57,0
DA:58,0
DA:64,0
DA:70,0
DA:71,0
DA:82,0
DA:83,0
DA:84,0
DA:86,0
DA:87,0
DA:93,0
DA:102,0
DA:109,0
DA:110,0
DA:121,0
DA:122,0
DA:123,0
DA:124,0
DA:126,0
DA:128,0
DA:135,0
DA:136,0
DA:147,0
DA:148,0
DA:149,0
DA:151,0
DA:153,0
DA:159,0
DA:160,0
DA:171,0
DA:172,0
DA:173,0
DA:175,0
DA:182,0
DA:183,0
DA:194,0
DA:195,0
DA:198,0
DA:204,0
DA:205,0
DA:212,0
LF:65
LH:0
BRDA:13,0,0,0
BRDA:13,0,1,0
BRDA:57,1,0,0
BRDA:57,1,1,0
BRDA:84,2,0,0
BRDA:84,3,0,0
BRDA:84,4,0,0
BRDA:84,5,0,0
BRDA:84,6,0,0
BRDA:86,7,0,0
BRDA:86,7,1,0
BRF:11
BRH:0
end_of_record
TN:
SF:src/api/routes/telegram.js
FN:17,(anonymous_0)
FN:38,(anonymous_1)
FN:71,(anonymous_2)
FN:104,(anonymous_3)
FN:141,(anonymous_4)
FN:178,(anonymous_5)
FN:209,(anonymous_6)
FN:251,(anonymous_7)
FN:288,(anonymous_8)
FNF:9
FNH:7
FNDA:2,(anonymous_0)
FNDA:3,(anonymous_1)
FNDA:2,(anonymous_2)
FNDA:1,(anonymous_3)
FNDA:1,(anonymous_4)
FNDA:3,(anonymous_5)
FNDA:0,(anonymous_6)
FNDA:0,(anonymous_7)
FNDA:3,(anonymous_8)
DA:5,1
DA:6,1
DA:7,1
DA:8,1
DA:9,1
DA:11,1
DA:17,1
DA:18,2
DA:19,2
DA:20,2
DA:26,0
DA:27,0
DA:38,1
DA:39,3
DA:40,3
DA:42,3
DA:43,1
DA:49,2
DA:53,2
DA:59,0
DA:60,0
DA:71,1
DA:72,2
DA:73,2
DA:75,2
DA:76,1
DA:82,1
DA:86,1
DA:92,0
DA:93,0
DA:104,1
DA:105,1
DA:106,1
DA:108,1
DA:110,0
DA:112,0
DA:114,0
DA:123,0
DA:129,1
DA:130,1
DA:141,1
DA:142,1
DA:143,1
DA:145,1
DA:147,0
DA:149,0
DA:151,0
DA:160,0
DA:166,1
DA:167,1
DA:178,1
DA:179,3
DA:180,3
DA:182,3
DA:183,1
DA:189,2
DA:191,2
DA:197,0
DA:198,0
DA:209,1
DA:210,0
DA:211,0
DA:213,0
DA:214,0
DA:220,0
DA:233,0
DA:239,0
DA:240,0
DA:251,1
DA:252,0
DA:253,0
DA:255,0
DA:257,0
DA:259,0
DA:261,0
DA:270,0
DA:276,0
DA:277,0
DA:288,1
DA:289,3
DA:290,3
DA:292,3
DA:293,1
DA:299,2
DA:301,2
DA:307,0
DA:308,0
DA:315,1
LF:88
LH:53
BRDA:42,0,0,1
BRDA:42,0,1,2
BRDA:42,1,0,3
BRDA:42,1,1,3
BRDA:75,2,0,1
BRDA:75,2,1,1
BRDA:75,3,0,2
BRDA:75,3,1,1
BRDA:108,4,0,0
BRDA:108,4,1,0
BRDA:145,5,0,0
BRDA:145,5,1,0
BRDA:182,6,0,1
BRDA:182,6,1,2
BRDA:182,7,0,3
BRDA:182,7,1,3
BRDA:193,8,0,0
BRDA:193,8,1,2
BRDA:213,9,0,0
BRDA:213,9,1,0
BRDA:213,10,0,0
BRDA:213,10,1,0
BRDA:225,11,0,0
BRDA:225,11,1,0
BRDA:226,12,0,0
BRDA:226,12,1,0
BRDA:227,13,0,0
BRDA:227,13,1,0
BRDA:228,14,0,0
BRDA:228,14,1,0
BRDA:255,15,0,0
BRDA:255,15,1,0
BRDA:292,16,0,1
BRDA:292,16,1,2
BRDA:292,17,0,3
BRDA:292,17,1,2
BRDA:303,18,0,0
BRDA:303,18,1,2
BRF:38
BRH:18
end_of_record
TN:
SF:src/api/routes/tools.js
FN:18,(anonymous_0)
FN:56,(anonymous_1)
FN:104,(anonymous_2)
FN:159,(anonymous_3)
FN:217,(anonymous_4)
FN:246,(anonymous_5)
FN:270,(anonymous_6)
FNF:7
FNH:4
FNDA:3,(anonymous_0)
FNDA:1,(anonymous_1)
FNDA:0,(anonymous_2)
FNDA:0,(anonymous_3)
FNDA:0,(anonymous_4)
FNDA:3,(anonymous_5)
FNDA:2,(anonymous_6)
DA:5,1
DA:6,1
DA:7,1
DA:8,1
DA:9,1
DA:10,1
DA:12,1
DA:18,1
DA:19,3
DA:27,3
DA:29,3
DA:38,3
DA:44,0
DA:45,0
DA:56,1
DA:57,1
DA:64,1
DA:67,1
DA:68,1
DA:69,1
DA:70,1
DA:72,1
DA:86,1
DA:92,0
DA:93,0
DA:104,1
DA:105,0
DA:112,0
DA:115,0
DA:120,0
DA:123,0
DA:126,0
DA:128,0
DA:141,0
DA:147,0
DA:148,0
DA:159,1
DA:160,0
DA:161,0
DA:164,0
DA:166,0
DA:172,0
DA:180,0
DA:181,0
DA:188,0
DA:194,0
DA:202,0
DA:203,0
DA:204,0
DA:210,0
DA:217,0
DA:218,0
DA:220,0
DA:234,0
DA:235,0
DA:246,1
DA:247,3
DA:248,3
DA:250,3
DA:252,3
DA:258,0
DA:259,0
DA:270,1
DA:271,2
DA:272,2
DA:305,2
DA:311,0
DA:312,0
DA:319,1
LF:69
LH:33
BRDA:21,0,0,0
BRDA:22,1,0,3
BRDA:23,2,0,3
BRDA:24,3,0,1
BRDA:25,4,0,3
BRDA:26,5,0,3
BRDA:59,6,0,1
BRDA:60,7,0,1
BRDA:61,8,0,1
BRDA:62,9,0,1
BRDA:63,10,0,1
BRDA:107,11,0,0
BRDA:108,12,0,0
BRDA:109,13,0,0
BRDA:110,14,0,0
BRDA:111,15,0,0
BRDA:115,16,0,0
BRDA:115,16,1,0
BRF:18
BRH:10
end_of_record
TN:
SF:src/api/routes/trades.js
FN:13,(anonymous_0)
FN:24,(anonymous_1)
FN:49,(anonymous_2)
FN:115,(anonymous_3)
FN:141,(anonymous_4)
FN:184,(anonymous_5)
FN:208,(anonymous_6)
FN:239,(anonymous_7)
FN:270,(anonymous_8)
FN:301,(anonymous_9)
FNF:10
FNH:0
FNDA:0,(anonymous_0)
FNDA:0,(anonymous_1)
FNDA:0,(anonymous_2)
FNDA:0,(anonymous_3)
FNDA:0,(anonymous_4)
FNDA:0,(anonymous_5)
FNDA:0,(anonymous_6)
FNDA:0,(anonymous_7)
FNDA:0,(anonymous_8)
FNDA:0,(anonymous_9)
DA:5,1
DA:6,1
DA:7,1
DA:8,1
DA:9,1
DA:12,1
DA:13,1
DA:14,0
DA:15,0
DA:17,0
DA:24,1
DA:25,0
DA:26,0
DA:28,0
DA:30,0
DA:37,0
DA:38,0
DA:49,1
DA:50,0
DA:63,0
DA:65,0
DA:66,0
DA:72,0
DA:86,0
DA:88,0
DA:89,0
DA:96,0
DA:103,0
DA:104,0
DA:115,1
DA:116,0
DA:117,0
DA:118,0
DA:120,0
DA:122,0
DA:129,0
DA:130,0
DA:141,1
DA:142,0
DA:143,0
DA:144,0
DA:146,0
DA:147,0
DA:153,0
DA:158,0
DA:159,0
DA:166,0
DA:172,0
DA:173,0
DA:184,1
DA:185,0
DA:186,0
DA:188,0
DA:190,0
DA:196,0
DA:197,0
DA:208,1
DA:209,0
DA:210,0
DA:212,0
DA:213,0
DA:219,0
DA:221,0
DA:227,0
DA:228,0
DA:239,1
DA:240,0
DA:241,0
DA:244,0
DA:245,0
DA:246,0
DA:248,0
DA:251,0
DA:258,0
DA:259,0
DA:270,1
DA:271,0
DA:272,0
DA:274,0
DA:275,0
DA:281,0
DA:283,0
DA:289,0
DA:290,0
DA:301,1
DA:302,0
DA:303,0
DA:305,0
DA:306,0
DA:312,0
DA:314,0
DA:322,0
DA:323,0
DA:330,1
LF:94
LH:17
BRDA:14,0,0,0
BRDA:14,0,1,0
BRDA:26,1,0,0
BRDA:26,2,0,0
BRDA:58,3,0,0
BRDA:62,4,0,0
BRDA:65,5,0,0
BRDA:65,5,1,0
BRDA:65,6,0,0
BRDA:65,6,1,0
BRDA:65,6,2,0
BRDA:65,6,3,0
BRDA:65,6,4,0
BRDA:65,6,5,0
BRDA:80,7,0,0
BRDA:80,7,1,0
BRDA:81,8,0,0
BRDA:81,8,1,0
BRDA:82,9,0,0
BRDA:82,9,1,0
BRDA:88,10,0,0
BRDA:88,10,1,0
BRDA:144,11,0,0
BRDA:146,12,0,0
BRDA:146,12,1,0
BRDA:158,13,0,0
BRDA:158,13,1,0
BRDA:212,14,0,0
BRDA:212,14,1,0
BRDA:212,15,0,0
BRDA:212,15,1,0
BRDA:244,16,0,0
BRDA:244,16,1,0
BRDA:244,17,0,0
BRDA:244,17,1,0
BRDA:246,18,0,0
BRDA:246,18,1,0
BRDA:274,19,0,0
BRDA:274,19,1,0
BRDA:274,20,0,0
BRDA:274,20,1,0
BRDA:305,21,0,0
BRDA:305,21,1,0
BRDA:305,22,0,0
BRDA:305,22,1,0
BRF:45
BRH:0
end_of_record
TN:
SF:src/cache/redis.js
FN:6,(anonymous_0)
FN:11,(anonymous_1)
FN:26,(anonymous_2)
FN:31,(anonymous_3)
FN:36,(anonymous_4)
FN:49,(anonymous_5)
FN:56,(anonymous_6)
FN:60,(anonymous_7)
FN:65,(anonymous_8)
FN:72,(anonymous_9)
FN:84,(anonymous_10)
FN:91,(anonymous_11)
FNF:12
FNH:0
FNDA:0,(anonymous_0)
FNDA:0,(anonymous_1)
FNDA:0,(anonymous_2)
FNDA:0,(anonymous_3)
FNDA:0,(anonymous_4)
FNDA:0,(anonymous_5)
FNDA:0,(anonymous_6)
FNDA:0,(anonymous_7)
FNDA:0,(anonymous_8)
FNDA:0,(anonymous_9)
FNDA:0,(anonymous_10)
FNDA:0,(anonymous_11)
DA:1,0
DA:2,0
DA:3,0
DA:7,0
DA:8,0
DA:12,0
DA:13,0
DA:26,0
DA:27,0
DA:28,0
DA:31,0
DA:32,0
DA:33,0
DA:36,0
DA:37,0
DA:38,0
DA:41,0
DA:42,0
DA:44,0
DA:45,0
DA:50,0
DA:51,0
DA:52,0
DA:57,0
DA:61,0
DA:66,0
DA:67,0
DA:69,0
DA:73,0
DA:74,0
DA:77,0
DA:78,0
DA:79,0
DA:81,0
DA:85,0
DA:86,0
DA:88,0
DA:92,0
DA:93,0
DA:95,0
DA:99,0
LF:41
LH:0
BRDA:50,0,0,0
BRDA:50,0,1,0
BRDA:61,1,0,0
BRDA:61,1,1,0
BRDA:61,1,2,0
BRDA:66,2,0,0
BRDA:66,2,1,0
BRDA:72,3,0,0
BRDA:73,4,0,0
BRDA:73,4,1,0
BRDA:77,5,0,0
BRDA:77,5,1,0
BRDA:78,6,0,0
BRDA:78,6,1,0
BRDA:85,7,0,0
BRDA:85,7,1,0
BRDA:92,8,0,0
BRDA:92,8,1,0
BRF:18
BRH:0
end_of_record
TN:
SF:src/config/index.js
FNF:0
FNH:0
DA:6,38
DA:8,38
DA:153,38
LF:3
LH:3
BRDA:13,0,0,38
BRDA:13,0,1,0
BRDA:14,1,0,38
BRDA:14,1,1,0
BRDA:15,2,0,38
BRDA:15,2,1,38
BRDA:20,3,0,38
BRDA:20,3,1,38
BRDA:21,4,0,38
BRDA:21,4,1,38
BRDA:22,5,0,38
BRDA:22,5,1,0
BRDA:23,6,0,38
BRDA:23,6,1,38
BRDA:24,7,0,38
BRDA:24,7,1,38
BRDA:42,8,0,38
BRDA:42,8,1,38
BRDA:43,9,0,38
BRDA:43,9,1,38
BRDA:44,10,0,38
BRDA:44,10,1,38
BRDA:60,11,0,38
BRDA:60,11,1,38
BRDA:61,12,0,38
BRDA:61,12,1,38
BRDA:62,13,0,38
BRDA:62,13,1,38
BRDA:69,14,0,38
BRDA:69,14,1,38
BRDA:70,15,0,38
BRDA:70,15,1,38
BRDA:76,16,0,38
BRDA:76,16,1,38
BRDA:77,17,0,38
BRDA:77,17,1,38
BRDA:78,18,0,38
BRDA:78,18,1,38
BRDA:79,19,0,38
BRDA:79,19,1,38
BRDA:85,20,0,38
BRDA:85,20,1,38
BRDA:86,21,0,38
BRDA:86,21,1,38
BRDA:87,22,0,38
BRDA:87,22,1,0
BRDA:93,23,0,38
BRDA:93,23,1,38
BRDA:94,24,0,38
BRDA:94,24,1,38
BRDA:99,25,0,38
BRDA:99,25,1,38
BRDA:100,26,0,38
BRDA:100,26,1,38
BRDA:109,27,0,38
BRDA:109,27,1,38
BRDA:110,28,0,38
BRDA:110,28,1,38
BRDA:111,29,0,38
BRDA:111,29,1,38
BRDA:112,30,0,38
BRDA:112,30,1,38
BRDA:118,31,0,38
BRDA:118,31,1,38
BRDA:119,32,0,38
BRDA:119,32,1,38
BRDA:128,33,0,38
BRDA:128,33,1,38
BRDA:146,34,0,38
BRDA:146,34,1,38
BRF:70
BRH:66
end_of_record
TN:
SF:src/core/trade-manager.js
FN:11,(anonymous_0)
FN:24,(anonymous_1)
FN:74,(anonymous_2)
FN:205,(anonymous_3)
FN:279,(anonymous_4)
FN:282,(anonymous_5)
FN:294,(anonymous_6)
FN:300,(anonymous_7)
FN:313,(anonymous_8)
FN:361,(anonymous_9)
FN:368,(anonymous_10)
FN:399,(anonymous_11)
FN:421,(anonymous_12)
FN:438,(anonymous_13)
FNF:14
FNH:1
FNDA:2,(anonymous_0)
FNDA:0,(anonymous_1)
FNDA:0,(anonymous_2)
FNDA:0,(anonymous_3)
FNDA:0,(anonymous_4)
FNDA:0,(anonymous_5)
FNDA:0,(anonymous_6)
FNDA:0,(anonymous_7)
FNDA:0,(anonymous_8)
FNDA:0,(anonymous_9)
FNDA:0,(anonymous_10)
FNDA:0,(anonymous_11)
FNDA:0,(anonymous_12)
FNDA:0,(anonymous_13)
DA:6,2
DA:7,2
DA:8,2
DA:12,2
DA:13,2
DA:14,2
DA:15,2
DA:25,0
DA:27,0
DA:28,0
DA:29,0
DA:39,0
DA:40,0
DA:42,0
DA:43,0
DA:44,0
DA:46,0
DA:47,0
DA:48,0
DA:56,0
DA:61,0
DA:62,0
DA:75,0
DA:76,0
DA:78,0
DA:79,0
DA:91,0
DA:92,0
DA:94,0
DA:95,0
DA:96,0
DA:103,0
DA:106,0
DA:108,0
DA:113,0
DA:115,0
DA:116,0
DA:117,0
DA:120,0
DA:121,0
DA:123,0
DA:134,0
DA:140,0
DA:141,0
DA:142,0
DA:144,0
DA:150,0
DA:152,0
DA:153,0
DA:155,0
DA:159,0
DA:168,0
DA:170,0
DA:176,0
DA:179,0
DA:185,0
DA:192,0
DA:206,0
DA:207,0
DA:210,0
DA:211,0
DA:212,0
DA:218,0
DA:219,0
DA:226,0
DA:230,0
DA:233,0
DA:242,0
DA:244,0
DA:246,0
DA:248,0
DA:250,0
DA:259,0
DA:265,0
DA:266,0
DA:280,0
DA:281,0
DA:282,0
DA:283,0
DA:285,0
DA:286,0
DA:295,0
DA:296,0
DA:297,0
DA:299,0
DA:300,0
DA:302,0
DA:303,0
DA:314,0
DA:316,0
DA:318,0
DA:319,0
DA:324,0
DA:325,0
DA:333,0
DA:334,0
DA:339,0
DA:340,0
DA:348,0
DA:362,0
DA:363,0
DA:366,0
DA:367,0
DA:368,0
DA:370,0
DA:371,0
DA:373,0
DA:374,0
DA:379,0
DA:380,0
DA:381,0
DA:386,0
DA:388,0
DA:389,0
DA:400,0
DA:401,0
DA:403,0
DA:404,0
DA:422,0
DA:423,0
DA:425,0
DA:426,0
DA:427,0
DA:439,0
DA:440,0
DA:442,0
DA:443,0
DA:449,0
DA:450,0
DA:451,0
DA:453,0
DA:460,2
LF:132
LH:8
BRDA:28,0,0,0
BRDA:28,0,1,0
BRDA:42,1,0,0
BRDA:42,1,1,0
BRDA:46,2,0,0
BRDA:46,2,1,0
BRDA:94,3,0,0
BRDA:94,3,1,0
BRDA:113,4,0,0
BRDA:113,4,1,0
BRDA:136,5,0,0
BRDA:136,5,1,0
BRDA:141,6,0,0
BRDA:141,6,1,0
BRDA:152,7,0,0
BRDA:152,7,1,0
BRDA:207,8,0,0
BRDA:211,9,0,0
BRDA:211,9,1,0
BRDA:218,10,0,0
BRDA:218,10,1,0
BRDA:226,11,0,0
BRDA:226,11,1,0
BRDA:244,12,0,0
BRDA:244,12,1,0
BRDA:283,13,0,0
BRDA:283,13,1,0
BRDA:316,14,0,0
BRDA:316,14,1,0
BRDA:318,15,0,0
BRDA:318,15,1,0
BRDA:324,16,0,0
BRDA:324,16,1,0
BRDA:333,17,0,0
BRDA:333,17,1,0
BRDA:339,18,0,0
BRDA:339,18,1,0
BRDA:373,19,0,0
BRDA:373,19,1,0
BRDA:379,20,0,0
BRDA:379,20,1,0
BRDA:399,21,0,0
BRDA:426,22,0,0
BRDA:426,22,1,0
BRDA:442,23,0,0
BRDA:442,23,1,0
BRF:46
BRH:0
end_of_record
TN:
SF:src/database/ai-operations.js
FN:12,(anonymous_0)
FN:20,(anonymous_1)
FN:28,(anonymous_2)
FN:44,(anonymous_3)
FN:64,(anonymous_4)
FN:82,(anonymous_5)
FN:99,(anonymous_6)
FN:133,(anonymous_7)
FN:171,(anonymous_8)
FN:185,(anonymous_9)
FN:210,(anonymous_10)
FN:235,(anonymous_11)
FN:257,(anonymous_12)
FN:288,(anonymous_13)
FN:306,(anonymous_14)
FN:315,(anonymous_15)
FN:347,(anonymous_16)
FN:372,(anonymous_17)
FN:391,getAIOperations
FNF:19
FNH:0
FNDA:0,(anonymous_0)
FNDA:0,(anonymous_1)
FNDA:0,(anonymous_2)
FNDA:0,(anonymous_3)
FNDA:0,(anonymous_4)
FNDA:0,(anonymous_5)
FNDA:0,(anonymous_6)
FNDA:0,(anonymous_7)
FNDA:0,(anonymous_8)
FNDA:0,(anonymous_9)
FNDA:0,(anonymous_10)
FNDA:0,(anonymous_11)
FNDA:0,(anonymous_12)
FNDA:0,(anonymous_13)
FNDA:0,(anonymous_14)
FNDA:0,(anonymous_15)
FNDA:0,(anonymous_16)
FNDA:0,(anonymous_17)
FNDA:0,getAIOperations
DA:6,0
DA:13,0
DA:21,0
DA:22,0
DA:27,0
DA:28,0
DA:29,0
DA:32,0
DA:34,0
DA:35,0
DA:45,0
DA:46,0
DA:51,0
DA:53,0
DA:54,0
DA:65,0
DA:66,0
DA:70,0
DA:72,0
DA:73,0
DA:83,0
DA:84,0
DA:87,0
DA:101,0
DA:104,0
DA:119,0
DA:120,0
DA:122,0
DA:123,0
DA:134,0
DA:135,0
DA:142,0
DA:143,0
DA:146,0
DA:147,0
DA:161,0
DA:162,0
DA:172,0
DA:173,0
DA:174,0
DA:176,0
DA:177,0
DA:178,0
DA:181,0
DA:183,0
DA:185,0
DA:200,0
DA:201,0
DA:211,0
DA:212,0
DA:214,0
DA:221,0
DA:222,0
DA:224,0
DA:225,0
DA:236,0
DA:237,0
DA:245,0
DA:247,0
DA:248,0
DA:258,0
DA:259,0
DA:261,0
DA:275,0
DA:277,0
DA:279,0
DA:289,0
DA:290,0
DA:297,0
DA:306,0
DA:307,0
DA:308,0
DA:309,0
DA:310,0
DA:311,0
DA:314,0
DA:315,0
DA:316,0
DA:318,0
DA:321,0
DA:331,0
DA:332,0
DA:348,0
DA:349,0
DA:352,0
DA:373,0
DA:374,0
DA:375,0
DA:376,0
DA:378,0
DA:379,0
DA:385,0
DA:392,0
DA:393,0
DA:394,0
DA:396,0
DA:399,0
DA:400,0
LF:98
LH:0
BRDA:51,0,0,0
BRDA:51,0,1,0
BRDA:112,1,0,0
BRDA:112,1,1,0
BRDA:113,2,0,0
BRDA:113,2,1,0
BRDA:114,3,0,0
BRDA:114,3,1,0
BRDA:115,4,0,0
BRDA:115,4,1,0
BRDA:142,5,0,0
BRDA:142,5,1,0
BRDA:151,6,0,0
BRDA:151,6,1,0
BRDA:171,7,0,0
BRDA:176,8,0,0
BRDA:176,8,1,0
BRDA:188,9,0,0
BRDA:188,9,1,0
BRDA:218,10,0,0
BRDA:218,10,1,0
BRDA:218,11,0,0
BRDA:218,11,1,0
BRDA:235,12,0,0
BRDA:267,13,0,0
BRDA:267,13,1,0
BRDA:269,14,0,0
BRDA:269,14,1,0
BRDA:270,15,0,0
BRDA:270,15,1,0
BRDA:271,16,0,0
BRDA:271,16,1,0
BRDA:288,17,0,0
BRDA:314,18,0,0
BRDA:314,18,1,0
BRDA:325,19,0,0
BRDA:325,19,1,0
BRDA:392,20,0,0
BRDA:392,20,1,0
BRF:39
BRH:0
end_of_record
TN:
SF:src/database/connection.js
FN:11,(anonymous_0)
FN:16,(anonymous_1)
FN:59,(anonymous_2)
FN:71,(anonymous_3)
FN:81,(anonymous_4)
FN:95,(anonymous_5)
FN:115,(anonymous_6)
FN:119,(anonymous_7)
FN:123,(anonymous_8)
FNF:9
FNH:0
FNDA:0,(anonymous_0)
FNDA:0,(anonymous_1)
FNDA:0,(anonymous_2)
FNDA:0,(anonymous_3)
FNDA:0,(anonymous_4)
FNDA:0,(anonymous_5)
FNDA:0,(anonymous_6)
FNDA:0,(anonymous_7)
FNDA:0,(anonymous_8)
DA:6,0
DA:7,0
DA:8,0
DA:12,0
DA:13,0
DA:17,0
DA:18,0
DA:38,0
DA:39,0
DA:42,0
DA:44,0
DA:46,0
DA:47,0
DA:54,0
DA:55,0
DA:60,0
DA:61,0
DA:62,0
DA:63,0
DA:72,0
DA:73,0
DA:74,0
DA:76,0
DA:77,0
DA:82,0
DA:83,0
DA:86,0
DA:87,0
DA:88,0
DA:90,0
DA:91,0
DA:96,0
DA:97,0
DA:100,0
DA:101,0
DA:103,0
DA:104,0
DA:105,0
DA:106,0
DA:108,0
DA:109,0
DA:111,0
DA:116,0
DA:120,0
DA:124,0
DA:125,0
DA:128,0
DA:138,0
DA:140,0
LF:49
LH:0
BRDA:60,0,0,0
BRDA:60,0,1,0
BRDA:81,1,0,0
BRDA:82,2,0,0
BRDA:82,2,1,0
BRDA:96,3,0,0
BRDA:96,3,1,0
BRDA:120,4,0,0
BRDA:120,4,1,0
BRDA:124,5,0,0
BRDA:124,5,1,0
BRF:11
BRH:0
end_of_record
TN:
SF:src/database/cumulative-statistics.js
FN:10,getDailyCumulativeStatistics
FN:67,(anonymous_1)
FN:88,getWeeklyCumulativeStatistics
FN:150,(anonymous_3)
FNF:4
FNH:0
FNDA:0,getDailyCumulativeStatistics
FNDA:0,(anonymous_1)
FNDA:0,getWeeklyCumulativeStatistics
FNDA:0,(anonymous_3)
DA:1,0
DA:11,0
DA:12,0
DA:15,0
DA:65,0
DA:67,0
DA:76,0
DA:77,0
DA:89,0
DA:90,0
DA:91,0
DA:93,0
DA:148,0
DA:150,0
DA:160,0
DA:161,0
DA:165,0
LF:17
LH:0
BRDA:10,0,0,0
BRDA:69,1,0,0
BRDA:69,1,1,0
BRDA:70,2,0,0
BRDA:70,2,1,0
BRDA:71,3,0,0
BRDA:71,3,1,0
BRDA:72,4,0,0
BRDA:72,4,1,0
BRDA:88,5,0,0
BRDA:153,6,0,0
BRDA:153,6,1,0
BRDA:154,7,0,0
BRDA:154,7,1,0
BRDA:155,8,0,0
BRDA:155,8,1,0
BRDA:156,9,0,0
BRDA:156,9,1,0
BRF:18
BRH:0
end_of_record
TN:
SF:src/database/operations.js
FN:11,(anonymous_0)
FN:20,(anonymous_1)
FN:51,(anonymous_2)
FN:59,(anonymous_3)
FN:60,(anonymous_4)
FN:72,(anonymous_5)
FN:102,(anonymous_6)
FN:139,(anonymous_7)
FN:145,(anonymous_8)
FN:183,(anonymous_9)
FN:209,(anonymous_10)
FN:243,(anonymous_11)
FN:268,(anonymous_12)
FN:312,(anonymous_13)
FN:343,(anonymous_14)
FN:394,(anonymous_15)
FN:450,(anonymous_16)
FN:456,(anonymous_17)
FN:489,(anonymous_18)
FN:544,(anonymous_19)
FN:570,(anonymous_20)
FN:629,(anonymous_21)
FN:664,(anonymous_22)
FN:695,(anonymous_23)
FN:742,(anonymous_24)
FN:772,(anonymous_25)
FN:778,(anonymous_26)
FN:818,(anonymous_27)
FN:848,(anonymous_28)
FN:886,(anonymous_29)
FN:917,(anonymous_30)
FN:942,(anonymous_31)
FN:1008,(anonymous_32)
FN:1049,(anonymous_33)
FN:1088,(anonymous_34)
FN:1146,(anonymous_35)
FNF:36
FNH:0
FNDA:0,(anonymous_0)
FNDA:0,(anonymous_1)
FNDA:0,(anonymous_2)
FNDA:0,(anonymous_3)
FNDA:0,(anonymous_4)
FNDA:0,(anonymous_5)
FNDA:0,(anonymous_6)
FNDA:0,(anonymous_7)
FNDA:0,(anonymous_8)
FNDA:0,(anonymous_9)
FNDA:0,(anonymous_10)
FNDA:0,(anonymous_11)
FNDA:0,(anonymous_12)
FNDA:0,(anonymous_13)
FNDA:0,(anonymous_14)
FNDA:0,(anonymous_15)
FNDA:0,(anonymous_16)
FNDA:0,(anonymous_17)
FNDA:0,(anonymous_18)
FNDA:0,(anonymous_19)
FNDA:0,(anonymous_20)
FNDA:0,(anonymous_21)
FNDA:0,(anonymous_22)
FNDA:0,(anonymous_23)
FNDA:0,(anonymous_24)
FNDA:0,(anonymous_25)
FNDA:0,(anonymous_26)
FNDA:0,(anonymous_27)
FNDA:0,(anonymous_28)
FNDA:0,(anonymous_29)
FNDA:0,(anonymous_30)
FNDA:0,(anonymous_31)
FNDA:0,(anonymous_32)
FNDA:0,(anonymous_33)
FNDA:0,(anonymous_34)
FNDA:0,(anonymous_35)
DA:1,0
DA:2,0
DA:3,0
DA:4,0
DA:12,0
DA:13,0
DA:14,0
DA:21,0
DA:22,0
DA:37,0
DA:38,0
DA:39,0
DA:41,0
DA:43,0
DA:44,0
DA:52,0
DA:53,0
DA:57,0
DA:60,0
DA:73,0
DA:74,0
DA:75,0
DA:77,0
DA:84,0
DA:85,0
DA:87,0
DA:88,0
DA:90,0
DA:91,0
DA:93,0
DA:104,0
DA:105,0
DA:106,0
DA:107,0
DA:110,0
DA:111,0
DA:112,0
DA:117,0
DA:120,0
DA:121,0
DA:124,0
DA:126,0
DA:127,0
DA:129,0
DA:140,0
DA:141,0
DA:142,0
DA:143,0
DA:145,0
DA:146,0
DA:147,0
DA:148,0
DA:152,0
DA:153,0
DA:156,0
DA:157,0
DA:159,0
DA:165,0
DA:166,0
DA:168,0
DA:169,0
DA:171,0
DA:172,0
DA:174,0
DA:184,0
DA:185,0
DA:186,0
DA:192,0
DA:193,0
DA:195,0
DA:196,0
DA:198,0
DA:199,0
DA:201,0
DA:210,0
DA:211,0
DA:213,0
DA:215,0
DA:216,0
DA:219,0
DA:240,0
DA:243,0
DA:248,0
DA:250,0
DA:251,0
DA:252,0
DA:256,0
DA:257,0
DA:269,0
DA:270,0
DA:282,0
DA:284,0
DA:292,0
DA:293,0
DA:295,0
DA:296,0
DA:298,0
DA:299,0
DA:301,0
DA:313,0
DA:314,0
DA:315,0
DA:316,0
DA:318,0
DA:319,0
DA:320,0
DA:323,0
DA:324,0
DA:326,0
DA:327,0
DA:329,0
DA:330,0
DA:332,0
DA:344,0
DA:345,0
DA:362,0
DA:364,0
DA:374,0
DA:375,0
DA:377,0
DA:378,0
DA:380,0
DA:381,0
DA:383,0
DA:395,0
DA:396,0
DA:397,0
DA:400,0
DA:401,0
DA:402,0
DA:410,0
DA:411,0
DA:412,0
DA:415,0
DA:416,0
DA:418,0
DA:427,0
DA:428,0
DA:431,0
DA:433,0
DA:434,0
DA:435,0
DA:437,0
DA:438,0
DA:440,0
DA:451,0
DA:452,0
DA:453,0
DA:454,0
DA:456,0
DA:457,0
DA:458,0
DA:459,0
DA:463,0
DA:464,0
DA:467,0
DA:469,0
DA:474,0
DA:475,0
DA:477,0
DA:478,0
DA:480,0
DA:490,0
DA:491,0
DA:504,0
DA:507,0
DA:512,0
DA:513,0
DA:516,0
DA:518,0
DA:529,0
DA:530,0
DA:532,0
DA:533,0
DA:535,0
DA:545,0
DA:546,0
DA:547,0
DA:555,0
DA:557,0
DA:558,0
DA:560,0
DA:571,0
DA:572,0
DA:573,0
DA:588,0
DA:590,0
DA:591,0
DA:592,0
DA:595,0
DA:596,0
DA:599,0
DA:603,0
DA:615,0
DA:616,0
DA:618,0
DA:630,0
DA:631,0
DA:639,0
DA:641,0
DA:648,0
DA:649,0
DA:651,0
DA:652,0
DA:654,0
DA:665,0
DA:666,0
DA:667,0
DA:668,0
DA:670,0
DA:671,0
DA:672,0
DA:675,0
DA:676,0
DA:678,0
DA:679,0
DA:681,0
DA:682,0
DA:684,0
DA:696,0
DA:697,0
DA:711,0
DA:713,0
DA:723,0
DA:724,0
DA:726,0
DA:727,0
DA:729,0
DA:730,0
DA:732,0
DA:743,0
DA:744,0
DA:745,0
DA:746,0
DA:748,0
DA:749,0
DA:750,0
DA:753,0
DA:755,0
DA:756,0
DA:758,0
DA:759,0
DA:761,0
DA:773,0
DA:774,0
DA:775,0
DA:776,0
DA:778,0
DA:779,0
DA:781,0
DA:782,0
DA:786,0
DA:787,0
DA:790,0
DA:791,0
DA:793,0
DA:799,0
DA:801,0
DA:802,0
DA:804,0
DA:805,0
DA:807,0
DA:819,0
DA:820,0
DA:821,0
DA:823,0
DA:830,0
DA:831,0
DA:833,0
DA:834,0
DA:836,0
DA:837,0
DA:839,0
DA:850,0
DA:851,0
DA:852,0
DA:853,0
DA:856,0
DA:857,0
DA:858,0
DA:863,0
DA:866,0
DA:867,0
DA:870,0
DA:872,0
DA:873,0
DA:875,0
DA:887,0
DA:888,0
DA:889,0
DA:896,0
DA:897,0
DA:899,0
DA:900,0
DA:902,0
DA:903,0
DA:905,0
DA:918,0
DA:919,0
DA:920,0
DA:925,0
DA:926,0
DA:928,0
DA:929,0
DA:931,0
DA:943,0
DA:944,0
DA:946,0
DA:950,0
DA:953,0
DA:957,0
DA:960,0
DA:964,0
DA:967,0
DA:971,0
DA:974,0
DA:977,0
DA:981,0
DA:984,0
DA:986,0
DA:995,0
DA:996,0
DA:998,0
DA:1009,0
DA:1011,0
DA:1018,0
DA:1020,0
DA:1021,0
DA:1022,0
DA:1024,0
DA:1025,0
DA:1027,0
DA:1028,0
DA:1031,0
DA:1032,0
DA:1033,0
DA:1037,0
DA:1039,0
DA:1040,0
DA:1050,0
DA:1052,0
DA:1058,0
DA:1060,0
DA:1061,0
DA:1062,0
DA:1064,0
DA:1065,0
DA:1067,0
DA:1068,0
DA:1071,0
DA:1072,0
DA:1073,0
DA:1077,0
DA:1079,0
DA:1080,0
DA:1089,0
DA:1090,0
DA:1092,0
DA:1095,0
DA:1098,0
DA:1101,0
DA:1104,0
DA:1107,0
DA:1110,0
DA:1113,0
DA:1116,0
DA:1119,0
DA:1122,0
DA:1125,0
DA:1127,0
DA:1136,0
DA:1137,0
DA:1139,0
DA:1147,0
DA:1148,0
DA:1149,0
DA:1154,0
LF:377
LH:0
BRDA:33,0,0,0
BRDA:33,0,1,0
BRDA:52,1,0,0
BRDA:52,1,1,0
BRDA:75,2,0,0
BRDA:75,3,0,0
BRDA:75,4,0,0
BRDA:75,5,0,0
BRDA:75,6,0,0
BRDA:106,7,0,0
BRDA:106,7,1,0
BRDA:117,8,0,0
BRDA:117,8,1,0
BRDA:120,9,0,0
BRDA:120,9,1,0
BRDA:146,10,0,0
BRDA:146,10,1,0
BRDA:152,11,0,0
BRDA:152,11,1,0
BRDA:245,12,0,0
BRDA:245,12,1,0
BRDA:245,13,0,0
BRDA:245,13,1,0
BRDA:250,14,0,0
BRDA:250,14,1,0
BRDA:281,15,0,0
BRDA:312,16,0,0
BRDA:312,17,0,0
BRDA:318,18,0,0
BRDA:318,18,1,0
BRDA:361,19,0,0
BRDA:394,20,0,0
BRDA:394,21,0,0
BRDA:400,22,0,0
BRDA:400,22,1,0
BRDA:427,23,0,0
BRDA:427,23,1,0
BRDA:457,24,0,0
BRDA:457,24,1,0
BRDA:463,25,0,0
BRDA:463,25,1,0
BRDA:499,26,0,0
BRDA:502,27,0,0
BRDA:503,28,0,0
BRDA:512,29,0,0
BRDA:512,29,1,0
BRDA:555,30,0,0
BRDA:555,30,1,0
BRDA:570,31,0,0
BRDA:590,32,0,0
BRDA:590,32,1,0
BRDA:599,33,0,0
BRDA:599,33,1,0
BRDA:604,34,0,0
BRDA:604,34,1,0
BRDA:605,35,0,0
BRDA:605,35,1,0
BRDA:606,36,0,0
BRDA:606,36,1,0
BRDA:608,37,0,0
BRDA:608,37,1,0
BRDA:609,38,0,0
BRDA:609,38,1,0
BRDA:610,39,0,0
BRDA:610,39,1,0
BRDA:611,40,0,0
BRDA:611,40,1,0
BRDA:612,41,0,0
BRDA:612,41,1,0
BRDA:638,42,0,0
BRDA:664,43,0,0
BRDA:664,44,0,0
BRDA:670,45,0,0
BRDA:670,45,1,0
BRDA:710,46,0,0
BRDA:742,47,0,0
BRDA:748,48,0,0
BRDA:748,48,1,0
BRDA:779,49,0,0
BRDA:779,49,1,0
BRDA:786,50,0,0
BRDA:786,50,1,0
BRDA:821,51,0,0
BRDA:852,52,0,0
BRDA:852,52,1,0
BRDA:863,53,0,0
BRDA:863,53,1,0
BRDA:866,54,0,0
BRDA:866,54,1,0
BRDA:886,55,0,0
BRDA:917,56,0,0
BRDA:974,57,0,0
BRDA:974,57,1,0
BRDA:1018,58,0,0
BRDA:1018,58,1,0
BRDA:1027,59,0,0
BRDA:1027,59,1,0
BRDA:1032,60,0,0
BRDA:1032,60,1,0
BRDA:1058,61,0,0
BRDA:1058,61,1,0
BRDA:1067,62,0,0
BRDA:1067,62,1,0
BRDA:1072,63,0,0
BRDA:1072,63,1,0
BRDA:1116,64,0,0
BRDA:1116,64,1,0
BRDA:1147,65,0,0
BRDA:1147,65,1,0
BRF:109
BRH:0
end_of_record
TN:
SF:src/database/telegram-config-ops.js
FN:15,(anonymous_0)
FN:50,(anonymous_1)
FN:86,(anonymous_2)
FN:118,(anonymous_3)
FN:146,(anonymous_4)
FNF:5
FNH:2
FNDA:4,(anonymous_0)
FNDA:0,(anonymous_1)
FNDA:23,(anonymous_2)
FNDA:0,(anonymous_3)
FNDA:0,(anonymous_4)
DA:5,4
DA:6,4
DA:16,4
DA:17,4
DA:18,4
DA:28,4
DA:30,4
DA:31,4
DA:36,0
DA:37,0
DA:42,4
DA:51,0
DA:52,0
DA:53,0
DA:59,0
DA:61,0
DA:62,0
DA:67,0
DA:73,0
DA:74,0
DA:79,0
DA:87,23
DA:88,23
DA:89,23
DA:96,23
DA:98,23
DA:103,0
DA:104,0
DA:110,23
DA:119,0
DA:120,0
DA:121,0
DA:127,0
DA:129,0
DA:130,0
DA:132,0
DA:133,0
DA:138,0
DA:147,0
DA:148,0
DA:149,0
DA:154,0
DA:156,0
DA:157,0
DA:159,0
DA:160,0
DA:165,0
DA:170,4
LF:48
LH:16
BRDA:42,0,0,4
BRDA:42,0,1,0
BRDA:61,1,0,0
BRDA:61,1,1,0
BRDA:61,2,0,0
BRDA:61,2,1,0
BRDA:79,3,0,0
BRDA:79,3,1,0
BRDA:100,4,0,23
BRDA:100,4,1,0
BRDA:110,5,0,23
BRDA:110,5,1,0
BRDA:138,6,0,0
BRDA:138,6,1,0
BRDA:165,7,0,0
BRDA:165,7,1,0
BRF:16
BRH:3
end_of_record
TN:
SF:src/database/unified-monitoring-operations.js
FN:15,(anonymous_0)
FN:30,(anonymous_1)
FN:71,(anonymous_2)
FN:107,(anonymous_3)
FN:124,(anonymous_4)
FN:164,(anonymous_5)
FN:194,(anonymous_6)
FN:211,(anonymous_7)
FN:239,(anonymous_8)
FN:258,(anonymous_9)
FN:286,(anonymous_10)
FN:300,(anonymous_11)
FN:315,(anonymous_12)
FNF:13
FNH:0
FNDA:0,(anonymous_0)
FNDA:0,(anonymous_1)
FNDA:0,(anonymous_2)
FNDA:0,(anonymous_3)
FNDA:0,(anonymous_4)
FNDA:0,(anonymous_5)
FNDA:0,(anonymous_6)
FNDA:0,(anonymous_7)
FNDA:0,(anonymous_8)
FNDA:0,(anonymous_9)
FNDA:0,(anonymous_10)
FNDA:0,(anonymous_11)
FNDA:0,(anonymous_12)
DA:8,0
DA:16,0
DA:17,0
DA:31,0
DA:33,0
DA:35,0
DA:41,0
DA:47,0
DA:56,0
DA:58,0
DA:59,0
DA:72,0
DA:77,0
DA:79,0
DA:94,0
DA:97,0
DA:98,0
DA:99,0
DA:102,0
DA:103,0
DA:105,0
DA:107,0
DA:112,0
DA:113,0
DA:125,0
DA:127,0
DA:133,0
DA:134,0
DA:142,0
DA:150,0
DA:152,0
DA:153,0
DA:165,0
DA:171,0
DA:173,0
DA:177,0
DA:179,0
DA:180,0
DA:181,0
DA:184,0
DA:185,0
DA:186,0
DA:189,0
DA:190,0
DA:192,0
DA:194,0
DA:199,0
DA:200,0
DA:212,0
DA:215,0
DA:216,0
DA:221,0
DA:223,0
DA:228,0
DA:231,0
DA:234,0
DA:235,0
DA:238,0
DA:239,0
DA:240,0
DA:242,0
DA:244,0
DA:245,0
DA:259,0
DA:260,0
DA:269,0
DA:275,0
DA:277,0
DA:278,0
DA:287,0
DA:288,0
DA:290,0
DA:291,0
DA:293,0
DA:301,0
DA:308,0
DA:316,0
DA:318,0
DA:320,0
DA:322,0
DA:324,0
DA:325,0
DA:327,0
DA:330,0
DA:335,0
LF:85
LH:0
BRDA:30,0,0,0
BRDA:30,1,0,0
BRDA:43,2,0,0
BRDA:43,2,1,0
BRDA:44,3,0,0
BRDA:44,3,1,0
BRDA:44,3,2,0
BRDA:56,4,0,0
BRDA:56,4,1,0
BRDA:71,5,0,0
BRDA:74,6,0,0
BRDA:75,7,0,0
BRDA:76,8,0,0
BRDA:97,9,0,0
BRDA:97,9,1,0
BRDA:109,10,0,0
BRDA:109,10,1,0
BRDA:133,11,0,0
BRDA:133,11,1,0
BRDA:135,12,0,0
BRDA:135,12,1,0
BRDA:136,13,0,0
BRDA:136,13,1,0
BRDA:137,14,0,0
BRDA:137,14,1,0
BRDA:143,15,0,0
BRDA:143,15,1,0
BRDA:145,16,0,0
BRDA:145,16,1,0
BRDA:146,17,0,0
BRDA:146,17,1,0
BRDA:164,18,0,0
BRDA:167,19,0,0
BRDA:168,20,0,0
BRDA:169,21,0,0
BRDA:170,22,0,0
BRDA:179,23,0,0
BRDA:179,23,1,0
BRDA:184,24,0,0
BRDA:184,24,1,0
BRDA:196,25,0,0
BRDA:196,25,1,0
BRDA:211,26,0,0
BRDA:215,27,0,0
BRDA:215,27,1,0
BRDA:234,28,0,0
BRDA:234,28,1,0
BRDA:235,29,0,0
BRDA:235,29,1,0
BRDA:258,30,0,0
BRDA:287,31,0,0
BRDA:287,31,1,0
BRDA:287,32,0,0
BRDA:287,32,1,0
BRDA:290,33,0,0
BRDA:290,33,1,0
BRDA:290,34,0,0
BRDA:290,34,1,0
BRDA:308,35,0,0
BRDA:308,35,1,0
BRDA:318,36,0,0
BRDA:318,36,1,0
BRDA:318,36,2,0
BRDA:318,36,3,0
BRDA:322,37,0,0
BRDA:322,37,1,0
BRF:66
BRH:0
end_of_record
TN:
SF:src/database/v3-1-operations.js
FN:14,(anonymous_0)
FN:24,(anonymous_1)
FN:138,(anonymous_2)
FN:155,(anonymous_3)
FN:175,(anonymous_4)
FN:197,(anonymous_5)
FN:245,(anonymous_6)
FN:278,(anonymous_7)
FN:292,(anonymous_8)
FNF:9
FNH:0
FNDA:0,(anonymous_0)
FNDA:0,(anonymous_1)
FNDA:0,(anonymous_2)
FNDA:0,(anonymous_3)
FNDA:0,(anonymous_4)
FNDA:0,(anonymous_5)
FNDA:0,(anonymous_6)
FNDA:0,(anonymous_7)
FNDA:0,(anonymous_8)
DA:8,0
DA:15,0
DA:25,0
DA:26,0
DA:69,0
DA:121,0
DA:122,0
DA:124,0
DA:125,0
DA:127,0
DA:128,0
DA:139,0
DA:140,0
DA:145,0
DA:147,0
DA:148,0
DA:149,0
DA:152,0
DA:154,0
DA:155,0
DA:156,0
DA:157,0
DA:160,0
DA:161,0
DA:163,0
DA:164,0
DA:176,0
DA:177,0
DA:183,0
DA:184,0
DA:186,0
DA:187,0
DA:198,0
DA:199,0
DA:211,0
DA:213,0
DA:214,0
DA:217,0
DA:220,0
DA:224,0
DA:228,0
DA:232,0
DA:234,0
DA:235,0
DA:246,0
DA:247,0
DA:251,0
DA:253,0
DA:254,0
DA:255,0
DA:258,0
DA:259,0
DA:260,0
DA:263,0
DA:264,0
DA:265,0
DA:268,0
DA:269,0
DA:270,0
DA:273,0
DA:274,0
DA:276,0
DA:278,0
DA:283,0
DA:284,0
DA:293,0
DA:295,0
DA:297,0
DA:299,0
DA:304,0
LF:70
LH:0
BRDA:71,0,0,0
BRDA:71,0,1,0
BRDA:74,1,0,0
BRDA:74,1,1,0
BRDA:75,2,0,0
BRDA:75,2,1,0
BRDA:76,3,0,0
BRDA:76,3,1,0
BRDA:77,4,0,0
BRDA:77,4,1,0
BRDA:78,5,0,0
BRDA:78,5,1,0
BRDA:79,6,0,0
BRDA:79,6,1,0
BRDA:80,7,0,0
BRDA:80,7,1,0
BRDA:81,8,0,0
BRDA:81,8,1,0
BRDA:82,9,0,0
BRDA:82,9,1,0
BRDA:85,10,0,0
BRDA:85,10,1,0
BRDA:86,11,0,0
BRDA:86,11,1,0
BRDA:87,12,0,0
BRDA:87,12,1,0
BRDA:88,13,0,0
BRDA:88,13,1,0
BRDA:89,14,0,0
BRDA:89,14,1,0
BRDA:91,15,0,0
BRDA:91,15,1,0
BRDA:92,16,0,0
BRDA:92,16,1,0
BRDA:93,17,0,0
BRDA:93,17,1,0
BRDA:96,18,0,0
BRDA:96,18,1,0
BRDA:97,19,0,0
BRDA:97,19,1,0
BRDA:100,20,0,0
BRDA:100,20,1,0
BRDA:101,21,0,0
BRDA:101,21,1,0
BRDA:102,22,0,0
BRDA:102,22,1,0
BRDA:103,23,0,0
BRDA:103,23,1,0
BRDA:104,24,0,0
BRDA:104,24,1,0
BRDA:107,25,0,0
BRDA:107,25,1,0
BRDA:108,26,0,0
BRDA:108,26,1,0
BRDA:109,27,0,0
BRDA:109,27,1,0
BRDA:110,28,0,0
BRDA:110,28,1,0
BRDA:111,29,0,0
BRDA:111,29,1,0
BRDA:112,30,0,0
BRDA:112,30,1,0
BRDA:113,31,0,0
BRDA:113,31,1,0
BRDA:116,32,0,0
BRDA:116,32,1,0
BRDA:117,33,0,0
BRDA:117,33,1,0
BRDA:118,34,0,0
BRDA:118,34,1,0
BRDA:138,35,0,0
BRDA:147,36,0,0
BRDA:147,36,1,0
BRDA:160,37,0,0
BRDA:160,37,1,0
BRDA:197,38,0,0
BRDA:213,39,0,0
BRDA:213,39,1,0
BRDA:220,40,0,0
BRDA:220,40,1,0
BRDA:224,41,0,0
BRDA:224,41,1,0
BRDA:228,42,0,0
BRDA:228,42,1,0
BRDA:245,43,0,0
BRDA:253,44,0,0
BRDA:253,44,1,0
BRDA:258,45,0,0
BRDA:258,45,1,0
BRDA:263,46,0,0
BRDA:263,46,1,0
BRDA:265,47,0,0
BRDA:265,47,1,0
BRDA:268,48,0,0
BRDA:268,48,1,0
BRDA:274,49,0,0
BRDA:274,49,1,0
BRDA:280,50,0,0
BRDA:280,50,1,0
BRDA:293,51,0,0
BRDA:293,51,1,0
BRDA:293,51,2,0
BRDA:297,52,0,0
BRDA:297,52,1,0
BRF:104
BRH:0
end_of_record
TN:
SF:src/database/migrations/create_user_settings_table.js
FN:12,createUserSettingsTable
FNF:1
FNH:0
FNDA:0,createUserSettingsTable
DA:6,0
DA:13,0
DA:14,0
DA:25,0
DA:26,0
DA:29,0
DA:35,0
DA:36,0
DA:37,0
DA:43,0
DA:44,0
DA:49,0
DA:51,0
DA:52,0
DA:56,0
LF:15
LH:0
BRDA:43,0,0,0
BRDA:43,0,1,0
BRF:2
BRH:0
end_of_record
TN:
SF:src/monitoring/resource-monitor.js
FN:10,(anonymous_0)
FN:21,(anonymous_1)
FN:34,(anonymous_2)
FN:42,(anonymous_3)
FN:58,(anonymous_4)
FN:99,(anonymous_5)
FN:104,(anonymous_6)
FN:121,(anonymous_7)
FN:132,(anonymous_8)
FN:143,(anonymous_9)
FNF:10
FNH:1
FNDA:1,(anonymous_0)
FNDA:0,(anonymous_1)
FNDA:0,(anonymous_2)
FNDA:0,(anonymous_3)
FNDA:0,(anonymous_4)
FNDA:0,(anonymous_5)
FNDA:0,(anonymous_6)
FNDA:0,(anonymous_7)
FNDA:0,(anonymous_8)
FNDA:0,(anonymous_9)
DA:5,1
DA:6,1
DA:7,1
DA:11,1
DA:12,1
DA:13,1
DA:14,1
DA:15,1
DA:22,0
DA:23,0
DA:24,0
DA:27,0
DA:28,0
DA:31,0
DA:34,0
DA:35,0
DA:43,0
DA:44,0
DA:47,0
DA:48,0
DA:49,0
DA:50,0
DA:52,0
DA:59,0
DA:60,0
DA:61,0
DA:64,0
DA:65,0
DA:68,0
DA:69,0
DA:70,0
DA:77,0
DA:78,0
DA:79,0
DA:85,0
DA:91,0
DA:92,0
DA:100,0
DA:101,0
DA:102,0
DA:104,0
DA:105,0
DA:106,0
DA:108,0
DA:111,0
DA:112,0
DA:113,0
DA:115,0
DA:122,0
DA:123,0
DA:124,0
DA:126,0
DA:133,0
DA:134,0
DA:144,0
DA:158,1
DA:160,1
LF:57
LH:10
BRDA:22,0,0,0
BRDA:22,0,1,0
BRDA:43,1,0,0
BRDA:43,1,1,0
BRDA:48,2,0,0
BRDA:48,2,1,0
BRDA:68,3,0,0
BRDA:68,3,1,0
BRDA:77,4,0,0
BRDA:77,4,1,0
BRF:10
BRH:0
end_of_record
TN:
SF:src/services/alert-engine.js
FN:9,(anonymous_0)
FN:19,(anonymous_1)
FN:74,(anonymous_2)
FN:91,(anonymous_3)
FN:133,(anonymous_4)
FN:163,(anonymous_5)
FN:183,(anonymous_6)
FN:197,(anonymous_7)
FN:203,(anonymous_8)
FN:220,(anonymous_9)
FN:233,(anonymous_10)
FN:246,(anonymous_11)
FN:259,(anonymous_12)
FNF:13
FNH:10
FNDA:16,(anonymous_0)
FNDA:16,(anonymous_1)
FNDA:97,(anonymous_2)
FNDA:11,(anonymous_3)
FNDA:4,(anonymous_4)
FNDA:155,(anonymous_5)
FNDA:0,(anonymous_6)
FNDA:0,(anonymous_7)
FNDA:1,(anonymous_8)
FNDA:0,(anonymous_9)
FNDA:1,(anonymous_10)
FNDA:3,(anonymous_11)
FNDA:1,(anonymous_12)
DA:5,2
DA:6,2
DA:10,16
DA:11,16
DA:12,16
DA:13,16
DA:21,16
DA:29,16
DA:37,16
DA:45,16
DA:53,16
DA:61,16
DA:75,97
DA:92,11
DA:93,11
DA:94,1
DA:97,10
DA:98,10
DA:101,10
DA:102,1
DA:106,9
DA:107,9
DA:109,5
DA:110,5
DA:113,4
DA:116,9
DA:117,4
DA:118,4
DA:119,4
DA:120,4
DA:123,5
DA:134,4
DA:135,4
DA:145,4
DA:148,4
DA:153,4
DA:155,0
DA:164,155
DA:165,155
DA:166,6
DA:169,155
DA:170,155
DA:173,155
DA:174,50
DA:184,0
DA:185,0
DA:187,0
DA:188,0
DA:189,0
DA:190,0
DA:191,0
DA:192,0
DA:197,0
DA:204,1
DA:211,1
DA:212,1
DA:214,1
DA:215,0
DA:216,0
DA:217,0
DA:220,0
DA:221,0
DA:223,0
DA:226,1
DA:234,1
DA:235,1
DA:236,1
DA:237,1
DA:247,3
DA:248,3
DA:249,3
DA:250,3
DA:260,1
DA:261,1
DA:262,1
DA:263,1
DA:268,2
LF:77
LH:61
BRDA:77,0,0,97
BRDA:77,0,1,0
BRDA:91,1,0,0
BRDA:93,2,0,1
BRDA:93,2,1,10
BRDA:93,3,0,11
BRDA:93,3,1,11
BRDA:101,4,0,1
BRDA:101,4,1,9
BRDA:107,5,0,5
BRDA:107,5,1,4
BRDA:116,6,0,4
BRDA:116,6,1,5
BRDA:165,7,0,6
BRDA:165,7,1,149
BRDA:173,8,0,50
BRDA:173,8,1,105
BRDA:183,9,0,0
BRDA:183,10,0,0
BRDA:190,11,0,0
BRDA:190,11,1,0
BRDA:191,12,0,0
BRDA:191,12,1,0
BRDA:191,13,0,0
BRDA:191,13,1,0
BRDA:217,14,0,0
BRDA:217,14,1,0
BRDA:235,15,0,1
BRDA:235,15,1,0
BRDA:248,16,0,3
BRDA:248,16,1,0
BRDA:250,17,0,1
BRDA:250,17,1,2
BRDA:261,18,0,1
BRDA:261,18,1,0
BRF:35
BRH:20
end_of_record
TN:
SF:src/services/data-updater.js
FN:10,(anonymous_0)
FN:26,(anonymous_1)
FN:39,(anonymous_2)
FN:47,(anonymous_3)
FN:63,(anonymous_4)
FN:71,(anonymous_5)
FN:86,(anonymous_6)
FN:129,(anonymous_7)
FN:167,(anonymous_8)
FNF:9
FNH:0
FNDA:0,(anonymous_0)
FNDA:0,(anonymous_1)
FNDA:0,(anonymous_2)
FNDA:0,(anonymous_3)
FNDA:0,(anonymous_4)
FNDA:0,(anonymous_5)
FNDA:0,(anonymous_6)
FNDA:0,(anonymous_7)
FNDA:0,(anonymous_8)
DA:6,0
DA:7,0
DA:11,0
DA:12,0
DA:13,0
DA:14,0
DA:15,0
DA:16,0
DA:27,0
DA:28,0
DA:29,0
DA:32,0
DA:33,0
DA:36,0
DA:39,0
DA:40,0
DA:48,0
DA:49,0
DA:52,0
DA:53,0
DA:54,0
DA:55,0
DA:57,0
DA:64,0
DA:65,0
DA:67,0
DA:68,0
DA:69,0
DA:71,0
DA:73,0
DA:77,0
DA:79,0
DA:87,0
DA:89,0
DA:93,0
DA:94,0
DA:97,0
DA:98,0
DA:99,0
DA:102,0
DA:103,0
DA:106,0
DA:110,0
DA:118,0
DA:119,0
DA:122,0
DA:130,0
DA:132,0
DA:133,0
DA:136,0
DA:137,0
DA:155,0
DA:156,0
DA:158,0
DA:160,0
DA:169,0
DA:170,0
DA:180,0
LF:58
LH:0
BRDA:27,0,0,0
BRDA:27,0,1,0
BRDA:48,1,0,0
BRDA:48,1,1,0
BRDA:53,2,0,0
BRDA:53,2,1,0
BRDA:93,3,0,0
BRDA:93,3,1,0
BRDA:102,4,0,0
BRDA:102,4,1,0
BRDA:102,5,0,0
BRDA:102,5,1,0
BRF:12
BRH:0
end_of_record
TN:
SF:src/services/smart-money-detector.js
FN:18,(anonymous_0)
FN:62,(anonymous_1)
FN:83,(anonymous_2)
FN:93,(anonymous_3)
FN:124,(anonymous_4)
FN:135,(anonymous_5)
FN:150,(anonymous_6)
FN:176,(anonymous_7)
FN:200,(anonymous_8)
FN:208,(anonymous_9)
FN:209,(anonymous_10)
FN:277,(anonymous_11)
FN:339,(anonymous_12)
FN:452,(anonymous_13)
FN:477,(anonymous_14)
FN:504,(anonymous_15)
FN:508,(anonymous_16)
FN:511,(anonymous_17)
FN:521,(anonymous_18)
FN:551,(anonymous_19)
FN:552,(anonymous_20)
FN:553,(anonymous_21)
FN:581,(anonymous_22)
FN:603,(anonymous_23)
FN:750,(anonymous_24)
FN:800,(anonymous_25)
FN:832,(anonymous_26)
FN:834,(anonymous_27)
FN:841,(anonymous_28)
FN:844,(anonymous_29)
FN:852,(anonymous_30)
FNF:31
FNH:15
FNDA:20,(anonymous_0)
FNDA:0,(anonymous_1)
FNDA:0,(anonymous_2)
FNDA:0,(anonymous_3)
FNDA:0,(anonymous_4)
FNDA:0,(anonymous_5)
FNDA:2,(anonymous_6)
FNDA:1,(anonymous_7)
FNDA:0,(anonymous_8)
FNDA:0,(anonymous_9)
FNDA:0,(anonymous_10)
FNDA:0,(anonymous_11)
FNDA:0,(anonymous_12)
FNDA:0,(anonymous_13)
FNDA:0,(anonymous_14)
FNDA:4,(anonymous_15)
FNDA:28,(anonymous_16)
FNDA:28,(anonymous_17)
FNDA:3,(anonymous_18)
FNDA:2,(anonymous_19)
FNDA:100,(anonymous_20)
FNDA:200,(anonymous_21)
FNDA:0,(anonymous_22)
FNDA:0,(anonymous_23)
FNDA:5,(anonymous_24)
FNDA:0,(anonymous_25)
FNDA:3,(anonymous_26)
FNDA:13,(anonymous_27)
FNDA:2,(anonymous_28)
FNDA:8,(anonymous_29)
FNDA:0,(anonymous_30)
DA:9,1
DA:10,1
DA:11,1
DA:19,20
DA:20,20
DA:21,20
DA:24,20
DA:27,20
DA:50,20
DA:63,0
DA:65,0
DA:68,0
DA:70,0
DA:72,0
DA:74,0
DA:75,0
DA:84,0
DA:85,0
DA:91,0
DA:93,0
DA:94,0
DA:95,0
DA:98,0
DA:99,0
DA:100,0
DA:103,0
DA:111,0
DA:115,0
DA:117,0
DA:125,0
DA:126,0
DA:133,0
DA:135,0
DA:137,0
DA:139,0
DA:151,2
DA:152,2
DA:160,2
DA:161,1
DA:163,1
DA:165,1
DA:166,1
DA:177,1
DA:178,1
DA:184,1
DA:185,1
DA:187,1
DA:189,0
DA:190,0
DA:201,0
DA:203,0
DA:208,0
DA:209,0
DA:213,0
DA:214,0
DA:223,0
DA:226,0
DA:227,0
DA:228,0
DA:229,0
DA:232,0
DA:235,0
DA:238,0
DA:241,0
DA:253,0
DA:254,0
DA:257,0
DA:259,0
DA:260,0
DA:278,0
DA:280,0
DA:283,0
DA:284,0
DA:285,0
DA:287,0
DA:294,0
DA:295,0
DA:296,0
DA:321,0
DA:326,0
DA:328,0
DA:330,0
DA:331,0
DA:341,0
DA:344,0
DA:345,0
DA:358,0
DA:359,0
DA:362,0
DA:363,0
DA:367,0
DA:372,0
DA:387,0
DA:389,0
DA:392,0
DA:394,0
DA:398,0
DA:413,0
DA:428,0
DA:430,0
DA:434,0
DA:453,0
DA:455,0
DA:456,0
DA:459,0
DA:461,0
DA:464,0
DA:465,0
DA:466,0
DA:468,0
DA:477,0
DA:479,0
DA:480,0
DA:492,0
DA:493,0
DA:495,0
DA:496,0
DA:505,4
DA:507,4
DA:508,28
DA:510,4
DA:511,28
DA:513,4
DA:522,3
DA:524,2
DA:527,2
DA:529,2
DA:530,98
DA:531,98
DA:533,98
DA:534,98
DA:537,98
DA:538,49
DA:539,49
DA:540,49
DA:544,2
DA:552,100
DA:553,200
DA:555,2
DA:556,2
DA:557,2
DA:559,2
DA:560,2
DA:561,2
DA:562,2
DA:564,2
DA:565,2
DA:567,2
DA:582,0
DA:583,0
DA:584,0
DA:585,0
DA:586,0
DA:587,0
DA:589,0
DA:604,0
DA:605,0
DA:614,0
DA:615,0
DA:617,0
DA:618,0
DA:621,0
DA:622,0
DA:624,0
DA:625,0
DA:626,0
DA:627,0
DA:629,0
DA:630,0
DA:632,0
DA:635,0
DA:636,0
DA:639,0
DA:640,0
DA:641,0
DA:642,0
DA:643,0
DA:644,0
DA:646,0
DA:647,0
DA:651,0
DA:652,0
DA:653,0
DA:654,0
DA:655,0
DA:656,0
DA:660,0
DA:661,0
DA:662,0
DA:663,0
DA:664,0
DA:665,0
DA:669,0
DA:670,0
DA:671,0
DA:672,0
DA:673,0
DA:674,0
DA:678,0
DA:679,0
DA:680,0
DA:684,0
DA:685,0
DA:688,0
DA:690,0
DA:692,0
DA:693,0
DA:694,0
DA:695,0
DA:698,0
DA:699,0
DA:702,0
DA:703,0
DA:707,0
DA:710,0
DA:712,0
DA:753,5
DA:754,5
DA:757,5
DA:758,5
DA:761,5
DA:762,5
DA:764,5
DA:765,5
DA:766,5
DA:767,5
DA:768,5
DA:773,5
DA:774,1
DA:778,4
DA:779,1
DA:783,3
DA:784,1
DA:788,2
DA:789,1
DA:793,1
DA:802,0
DA:803,0
DA:804,0
DA:808,0
DA:809,0
DA:810,0
DA:814,0
DA:815,0
DA:816,0
DA:817,0
DA:822,0
DA:823,0
DA:824,0
DA:833,3
DA:834,13
DA:842,2
DA:843,1
DA:844,8
DA:845,1
DA:853,0
DA:855,0
DA:857,0
DA:859,0
DA:864,1
LF:260
LH:79
BRDA:18,0,0,20
BRDA:98,1,0,0
BRDA:98,1,1,0
BRDA:111,2,0,0
BRDA:111,2,1,0
BRDA:150,3,0,1
BRDA:213,4,0,0
BRDA:213,4,1,0
BRDA:229,5,0,0
BRDA:229,5,1,0
BRDA:253,6,0,0
BRDA:253,6,1,0
BRDA:284,7,0,0
BRDA:284,7,1,0
BRDA:294,8,0,0
BRDA:294,8,1,0
BRDA:306,9,0,0
BRDA:306,9,1,0
BRDA:314,10,0,0
BRDA:314,10,1,0
BRDA:314,11,0,0
BRDA:314,11,1,0
BRDA:341,12,0,0
BRDA:341,12,1,0
BRDA:344,13,0,0
BRDA:344,13,1,0
BRDA:344,14,0,0
BRDA:344,14,1,0
BRDA:359,15,0,0
BRDA:359,15,1,0
BRDA:362,16,0,0
BRDA:362,16,1,0
BRDA:362,17,0,0
BRDA:362,17,1,0
BRDA:367,18,0,0
BRDA:367,18,1,0
BRDA:367,18,2,0
BRDA:367,18,3,0
BRDA:367,18,4,0
BRDA:387,19,0,0
BRDA:387,19,1,0
BRDA:392,20,0,0
BRDA:392,20,1,0
BRDA:392,21,0,0
BRDA:392,21,1,0
BRDA:394,22,0,0
BRDA:394,22,1,0
BRDA:394,22,2,0
BRDA:394,22,3,0
BRDA:430,23,0,0
BRDA:430,23,1,0
BRDA:430,23,2,0
BRDA:430,23,3,0
BRDA:452,24,0,0
BRDA:455,25,0,0
BRDA:455,25,1,0
BRDA:470,26,0,0
BRDA:470,26,1,0
BRDA:504,27,0,0
BRDA:505,28,0,0
BRDA:505,28,1,4
BRDA:505,29,0,4
BRDA:505,29,1,4
BRDA:505,29,2,4
BRDA:522,30,0,1
BRDA:522,30,1,2
BRDA:522,31,0,3
BRDA:522,31,1,3
BRDA:537,32,0,49
BRDA:537,32,1,49
BRDA:539,33,0,49
BRDA:539,33,1,0
BRDA:564,34,0,1
BRDA:564,34,1,1
BRDA:564,35,0,1
BRDA:564,35,1,0
BRDA:565,36,0,1
BRDA:565,36,1,1
BRDA:604,37,0,0
BRDA:604,37,1,0
BRDA:604,38,0,0
BRDA:604,38,1,0
BRDA:621,39,0,0
BRDA:621,39,1,0
BRDA:622,40,0,0
BRDA:622,40,1,0
BRDA:624,41,0,0
BRDA:624,41,1,0
BRDA:627,42,0,0
BRDA:627,42,1,0
BRDA:629,43,0,0
BRDA:629,43,1,0
BRDA:629,44,0,0
BRDA:629,44,1,0
BRDA:630,45,0,0
BRDA:630,45,1,0
BRDA:632,46,0,0
BRDA:632,46,1,0
BRDA:639,47,0,0
BRDA:639,47,1,0
BRDA:639,48,0,0
BRDA:639,48,1,0
BRDA:642,49,0,0
BRDA:642,49,1,0
BRDA:642,50,0,0
BRDA:642,50,1,0
BRDA:651,51,0,0
BRDA:651,51,1,0
BRDA:654,52,0,0
BRDA:654,52,1,0
BRDA:660,53,0,0
BRDA:660,53,1,0
BRDA:663,54,0,0
BRDA:663,54,1,0
BRDA:669,55,0,0
BRDA:669,55,1,0
BRDA:672,56,0,0
BRDA:672,56,1,0
BRDA:678,57,0,0
BRDA:678,57,1,0
BRDA:690,58,0,0
BRDA:690,58,1,0
BRDA:702,59,0,0
BRDA:702,59,1,0
BRDA:728,60,0,0
BRDA:728,60,1,0
BRDA:767,61,0,5
BRDA:767,61,1,2
BRDA:768,62,0,5
BRDA:768,62,1,2
BRDA:773,63,0,1
BRDA:773,63,1,4
BRDA:773,64,0,5
BRDA:773,64,1,1
BRDA:773,64,2,1
BRDA:778,65,0,1
BRDA:778,65,1,3
BRDA:778,66,0,4
BRDA:778,66,1,1
BRDA:778,66,2,3
BRDA:778,66,3,1
BRDA:783,67,0,1
BRDA:783,67,1,2
BRDA:783,68,0,3
BRDA:783,68,1,1
BRDA:783,68,2,2
BRDA:783,68,3,1
BRDA:788,69,0,1
BRDA:788,69,1,1
BRDA:788,70,0,2
BRDA:788,70,1,1
BRDA:788,70,2,1
BRDA:803,71,0,0
BRDA:803,71,1,0
BRDA:809,72,0,0
BRDA:809,72,1,0
BRDA:814,73,0,0
BRDA:814,73,1,0
BRDA:816,74,0,0
BRDA:816,74,1,0
BRDA:823,75,0,0
BRDA:823,75,1,0
BRDA:833,76,0,1
BRDA:833,76,1,2
BRDA:833,77,0,3
BRDA:833,77,1,3
BRDA:842,78,0,1
BRDA:842,78,1,1
BRDA:842,79,0,2
BRDA:842,79,1,2
BRDA:853,80,0,0
BRDA:853,80,1,0
BRDA:853,80,2,0
BRDA:857,81,0,0
BRDA:857,81,1,0
BRF:175
BRH:52
end_of_record
TN:
SF:src/services/telegram-alert.js
FN:10,(anonymous_0)
FN:24,(anonymous_1)
FN:74,(anonymous_2)
FN:148,(anonymous_3)
FN:157,(anonymous_4)
FN:167,(anonymous_5)
FN:175,(anonymous_6)
FN:212,(anonymous_7)
FNF:8
FNH:5
FNDA:11,(anonymous_0)
FNDA:6,(anonymous_1)
FNDA:4,(anonymous_2)
FNDA:0,(anonymous_3)
FNDA:0,(anonymous_4)
FNDA:0,(anonymous_5)
FNDA:4,(anonymous_6)
FNDA:1,(anonymous_7)
DA:5,3
DA:6,3
DA:7,3
DA:11,11
DA:12,11
DA:13,11
DA:14,11
DA:15,11
DA:25,6
DA:26,1
DA:27,1
DA:31,5
DA:32,5
DA:33,5
DA:34,1
DA:35,1
DA:38,4
DA:39,4
DA:41,4
DA:54,3
DA:55,2
DA:56,2
DA:57,2
DA:59,1
DA:60,1
DA:63,1
DA:64,1
DA:75,4
DA:79,4
DA:80,4
DA:82,4
DA:84,4
DA:85,4
DA:86,4
DA:88,0
DA:89,0
DA:90,0
DA:92,0
DA:93,0
DA:94,0
DA:96,0
DA:97,0
DA:98,0
DA:100,0
DA:101,0
DA:102,0
DA:104,0
DA:105,0
DA:106,0
DA:108,0
DA:109,0
DA:110,0
DA:112,0
DA:113,0
DA:116,4
DA:117,4
DA:118,4
DA:120,4
DA:121,1
DA:123,4
DA:124,0
DA:126,4
DA:127,0
DA:129,4
DA:130,0
DA:132,4
DA:133,0
DA:135,4
DA:136,0
DA:139,4
DA:141,4
DA:149,0
DA:150,0
DA:158,0
DA:159,0
DA:168,0
DA:169,0
DA:176,4
DA:177,1
DA:183,3
DA:184,3
DA:190,2
DA:191,1
DA:196,1
DA:202,1
DA:213,1
DA:221,3
LF:87
LH:56
BRDA:11,0,0,11
BRDA:11,0,1,1
BRDA:12,1,0,11
BRDA:12,1,1,1
BRDA:13,2,0,11
BRDA:13,2,1,10
BRDA:24,3,0,5
BRDA:25,4,0,1
BRDA:25,4,1,5
BRDA:33,5,0,1
BRDA:33,5,1,4
BRDA:33,6,0,5
BRDA:33,6,1,1
BRDA:54,7,0,2
BRDA:54,7,1,1
BRDA:82,8,0,4
BRDA:82,8,1,0
BRDA:82,8,2,0
BRDA:82,8,3,0
BRDA:82,8,4,0
BRDA:82,8,5,0
BRDA:82,8,6,0
BRDA:82,8,7,0
BRDA:120,9,0,1
BRDA:120,9,1,3
BRDA:123,10,0,0
BRDA:123,10,1,4
BRDA:126,11,0,0
BRDA:126,11,1,4
BRDA:129,12,0,0
BRDA:129,12,1,4
BRDA:132,13,0,0
BRDA:132,13,1,4
BRDA:135,14,0,0
BRDA:135,14,1,4
BRDA:167,15,0,0
BRDA:176,16,0,1
BRDA:176,16,1,3
BRDA:190,17,0,1
BRDA:190,17,1,1
BRF:40
BRH:27
end_of_record
TN:
SF:src/services/telegram-monitoring.js
FN:12,(anonymous_0)
FN:39,(anonymous_1)
FN:44,(anonymous_2)
FN:67,(anonymous_3)
FN:134,(anonymous_4)
FN:163,(anonymous_5)
FN:251,(anonymous_6)
FN:293,(anonymous_7)
FN:380,(anonymous_8)
FN:435,(anonymous_9)
FN:516,(anonymous_10)
FN:574,(anonymous_11)
FN:604,(anonymous_12)
FNF:13
FNH:10
FNDA:23,(anonymous_0)
FNDA:23,(anonymous_1)
FNDA:0,(anonymous_2)
FNDA:3,(anonymous_3)
FNDA:10,(anonymous_4)
FNDA:12,(anonymous_5)
FNDA:0,(anonymous_6)
FNDA:0,(anonymous_7)
FNDA:4,(anonymous_8)
FNDA:18,(anonymous_9)
FNDA:4,(anonymous_10)
FNDA:1,(anonymous_11)
FNDA:3,(anonymous_12)
DA:6,4
DA:7,4
DA:8,4
DA:9,4
DA:14,23
DA:15,23
DA:16,23
DA:19,23
DA:20,23
DA:21,23
DA:24,23
DA:25,23
DA:26,23
DA:29,23
DA:30,23
DA:33,23
DA:40,23
DA:41,23
DA:43,23
DA:44,0
DA:45,0
DA:46,0
DA:47,0
DA:48,0
DA:49,0
DA:50,0
DA:51,0
DA:52,0
DA:53,0
DA:54,0
DA:59,0
DA:68,3
DA:76,3
DA:77,1
DA:81,1
DA:84,2
DA:85,2
DA:95,2
DA:97,2
DA:102,2
DA:104,2
DA:105,0
DA:110,2
DA:116,2
DA:118,0
DA:124,0
DA:135,10
DA:136,0
DA:137,0
DA:141,10
DA:142,10
DA:143,10
DA:144,0
DA:145,0
DA:148,10
DA:149,10
DA:151,10
DA:152,0
DA:155,10
DA:166,12
DA:168,2
DA:169,2
DA:170,2
DA:172,10
DA:173,10
DA:174,10
DA:176,0
DA:177,0
DA:178,0
DA:180,0
DA:181,0
DA:184,12
DA:192,12
DA:193,0
DA:198,0
DA:201,12
DA:202,12
DA:203,12
DA:210,12
DA:217,12
DA:219,12
DA:220,11
DA:224,0
DA:226,1
DA:231,1
DA:234,11
DA:242,11
DA:252,0
DA:258,0
DA:259,0
DA:260,0
DA:263,0
DA:264,0
DA:265,0
DA:267,0
DA:268,0
DA:273,0
DA:278,0
DA:280,0
DA:284,0
DA:302,0
DA:304,0
DA:310,0
DA:316,0
DA:317,0
DA:319,0
DA:320,0
DA:321,0
DA:322,0
DA:323,0
DA:324,0
DA:327,0
DA:328,0
DA:333,0
DA:338,0
DA:339,0
DA:340,0
DA:341,0
DA:346,0
DA:347,0
DA:352,0
DA:357,0
DA:358,0
DA:359,0
DA:360,0
DA:364,0
DA:367,0
DA:368,0
DA:369,0
DA:370,0
DA:373,0
DA:381,4
DA:396,4
DA:398,4
DA:399,4
DA:401,4
DA:402,3
DA:403,3
DA:404,1
DA:405,1
DA:406,1
DA:410,4
DA:411,4
DA:413,4
DA:414,4
DA:415,4
DA:416,4
DA:417,4
DA:418,4
DA:419,4
DA:420,4
DA:421,4
DA:422,4
DA:423,4
DA:424,4
DA:426,4
DA:436,18
DA:440,18
DA:441,18
DA:443,18
DA:445,6
DA:446,6
DA:447,6
DA:449,2
DA:450,2
DA:451,2
DA:453,2
DA:454,2
DA:455,2
DA:457,2
DA:458,2
DA:459,2
DA:461,2
DA:462,2
DA:463,2
DA:465,2
DA:466,2
DA:467,2
DA:469,2
DA:470,2
DA:471,2
DA:473,0
DA:474,0
DA:475,0
DA:477,0
DA:478,0
DA:481,18
DA:482,18
DA:483,18
DA:485,18
DA:486,2
DA:488,18
DA:489,2
DA:491,18
DA:492,1
DA:494,18
DA:495,0
DA:497,18
DA:498,0
DA:500,18
DA:501,0
DA:503,18
DA:504,0
DA:507,18
DA:509,18
DA:519,4
DA:521,3
DA:522,3
DA:523,3
DA:525,1
DA:526,1
DA:527,1
DA:529,0
DA:530,0
DA:531,0
DA:533,0
DA:534,0
DA:537,4
DA:538,0
DA:544,4
DA:545,4
DA:551,3
DA:552,2
DA:558,1
DA:564,1
DA:575,1
DA:605,3
DA:606,3
DA:607,2
DA:608,2
DA:609,2
DA:612,2
DA:615,3
DA:616,2
DA:617,2
DA:618,2
DA:621,2
DA:625,3
DA:626,0
DA:629,3
DA:631,0
DA:632,0
DA:637,4
LF:243
LH:153
BRDA:14,0,0,23
BRDA:14,0,1,3
BRDA:15,1,0,23
BRDA:15,1,1,2
BRDA:16,2,0,23
BRDA:16,2,1,20
BRDA:19,3,0,23
BRDA:19,3,1,3
BRDA:20,4,0,23
BRDA:20,4,1,2
BRDA:21,5,0,23
BRDA:21,5,1,20
BRDA:43,6,0,0
BRDA:43,6,1,23
BRDA:43,7,0,23
BRDA:43,7,1,23
BRDA:45,8,0,0
BRDA:45,8,1,0
BRDA:50,9,0,0
BRDA:50,9,1,0
BRDA:76,10,0,1
BRDA:76,10,1,2
BRDA:78,11,0,1
BRDA:78,11,1,0
BRDA:79,12,0,1
BRDA:79,12,1,0
BRDA:88,13,0,2
BRDA:88,13,1,0
BRDA:89,14,0,2
BRDA:89,14,1,0
BRDA:104,15,0,0
BRDA:104,15,1,2
BRDA:134,16,0,0
BRDA:135,17,0,0
BRDA:135,17,1,10
BRDA:143,18,0,0
BRDA:143,18,1,10
BRDA:143,19,0,10
BRDA:143,19,1,0
BRDA:151,20,0,0
BRDA:151,20,1,10
BRDA:163,21,0,0
BRDA:166,22,0,2
BRDA:166,22,1,10
BRDA:166,22,2,0
BRDA:166,22,3,0
BRDA:187,23,0,12
BRDA:187,23,1,0
BRDA:188,24,0,12
BRDA:188,24,1,0
BRDA:192,25,0,0
BRDA:192,25,1,12
BRDA:192,26,0,12
BRDA:192,26,1,12
BRDA:195,27,0,0
BRDA:195,27,1,0
BRDA:196,28,0,0
BRDA:196,28,1,0
BRDA:219,29,0,11
BRDA:219,29,1,1
BRDA:258,30,0,0
BRDA:258,30,1,0
BRDA:267,31,0,0
BRDA:267,31,1,0
BRDA:316,32,0,0
BRDA:316,32,1,0
BRDA:317,33,0,0
BRDA:317,33,1,0
BRDA:323,34,0,0
BRDA:323,34,1,0
BRDA:324,35,0,0
BRDA:324,35,1,0
BRDA:327,36,0,0
BRDA:327,36,1,0
BRDA:338,37,0,0
BRDA:338,37,1,0
BRDA:340,38,0,0
BRDA:340,38,1,0
BRDA:340,39,0,0
BRDA:340,39,1,0
BRDA:346,40,0,0
BRDA:346,40,1,0
BRDA:357,41,0,0
BRDA:357,41,1,0
BRDA:359,42,0,0
BRDA:359,42,1,0
BRDA:359,43,0,0
BRDA:359,43,1,0
BRDA:367,44,0,0
BRDA:367,44,1,0
BRDA:369,45,0,0
BRDA:369,45,1,0
BRDA:369,46,0,0
BRDA:369,46,1,0
BRDA:401,47,0,3
BRDA:401,47,1,1
BRDA:404,48,0,1
BRDA:404,48,1,0
BRDA:410,49,0,4
BRDA:410,49,1,0
BRDA:410,49,2,0
BRDA:411,50,0,4
BRDA:411,50,1,0
BRDA:414,51,0,4
BRDA:414,51,1,0
BRDA:415,52,0,4
BRDA:415,52,1,0
BRDA:415,52,2,0
BRDA:416,53,0,4
BRDA:416,53,1,0
BRDA:416,53,2,0
BRDA:417,54,0,4
BRDA:417,54,1,0
BRDA:418,55,0,4
BRDA:418,55,1,0
BRDA:419,56,0,4
BRDA:419,56,1,0
BRDA:420,57,0,4
BRDA:420,57,1,0
BRDA:422,58,0,4
BRDA:422,58,1,0
BRDA:422,58,2,0
BRDA:443,59,0,6
BRDA:443,59,1,2
BRDA:443,59,2,2
BRDA:443,59,3,2
BRDA:443,59,4,2
BRDA:443,59,5,2
BRDA:443,59,6,2
BRDA:443,59,7,0
BRDA:443,59,8,0
BRDA:485,60,0,2
BRDA:485,60,1,16
BRDA:488,61,0,2
BRDA:488,61,1,16
BRDA:491,62,0,1
BRDA:491,62,1,17
BRDA:494,63,0,0
BRDA:494,63,1,18
BRDA:497,64,0,0
BRDA:497,64,1,18
BRDA:500,65,0,0
BRDA:500,65,1,18
BRDA:503,66,0,0
BRDA:503,66,1,18
BRDA:516,67,0,0
BRDA:519,68,0,3
BRDA:519,68,1,1
BRDA:519,68,2,0
BRDA:519,68,3,0
BRDA:537,69,0,0
BRDA:537,69,1,4
BRDA:537,70,0,4
BRDA:537,70,1,4
BRDA:551,71,0,2
BRDA:551,71,1,1
BRDA:578,72,0,1
BRDA:578,72,1,0
BRDA:579,73,0,1
BRDA:579,73,1,0
BRDA:583,74,0,1
BRDA:583,74,1,0
BRDA:584,75,0,1
BRDA:584,75,1,0
BRDA:588,76,0,0
BRDA:588,76,1,1
BRDA:589,77,0,0
BRDA:589,77,1,1
BRDA:606,78,0,2
BRDA:606,78,1,1
BRDA:609,79,0,2
BRDA:609,79,1,2
BRDA:615,80,0,2
BRDA:615,80,1,1
BRDA:618,81,0,2
BRDA:618,81,1,2
BRDA:625,82,0,0
BRDA:625,82,1,3
BRF:178
BRH:87
end_of_record
TN:
SF:src/services/ai-agent/ai-alert-service.js
FN:12,(anonymous_0)
FN:22,(anonymous_1)
FN:87,(anonymous_2)
FN:96,(anonymous_3)
FN:105,(anonymous_4)
FN:134,(anonymous_5)
FN:149,(anonymous_6)
FN:165,(anonymous_7)
FN:187,(anonymous_8)
FN:204,(anonymous_9)
FN:205,(anonymous_10)
FNF:11
FNH:0
FNDA:0,(anonymous_0)
FNDA:0,(anonymous_1)
FNDA:0,(anonymous_2)
FNDA:0,(anonymous_3)
FNDA:0,(anonymous_4)
FNDA:0,(anonymous_5)
FNDA:0,(anonymous_6)
FNDA:0,(anonymous_7)
FNDA:0,(anonymous_8)
FNDA:0,(anonymous_9)
FNDA:0,(anonymous_10)
DA:6,0
DA:13,0
DA:14,0
DA:23,0
DA:24,0
DA:27,0
DA:28,0
DA:29,0
DA:33,0
DA:34,0
DA:36,0
DA:37,0
DA:38,0
DA:39,0
DA:43,0
DA:44,0
DA:47,0
DA:48,0
DA:50,0
DA:51,0
DA:52,0
DA:53,0
DA:54,0
DA:55,0
DA:57,0
DA:62,0
DA:71,0
DA:73,0
DA:74,0
DA:77,0
DA:78,0
DA:88,0
DA:97,0
DA:106,0
DA:108,0
DA:109,0
DA:111,0
DA:112,0
DA:113,0
DA:114,0
DA:116,0
DA:118,0
DA:119,0
DA:120,0
DA:121,0
DA:123,0
DA:124,0
DA:126,0
DA:127,0
DA:129,0
DA:132,0
DA:133,0
DA:134,0
DA:135,0
DA:139,0
DA:141,0
DA:150,0
DA:151,0
DA:156,0
DA:166,0
DA:168,0
DA:169,0
DA:170,0
DA:171,0
DA:179,0
DA:188,0
DA:189,0
DA:202,0
DA:204,0
DA:205,0
DA:208,0
DA:209,0
DA:214,0
LF:73
LH:0
BRDA:27,0,0,0
BRDA:27,0,1,0
BRDA:34,1,0,0
BRDA:34,1,1,0
BRDA:37,2,0,0
BRDA:37,2,1,0
BRDA:50,3,0,0
BRDA:50,3,1,0
BRDA:50,4,0,0
BRDA:50,4,1,0
BRDA:88,5,0,0
BRDA:88,5,1,0
BRDA:97,6,0,0
BRDA:97,6,1,0
BRDA:108,7,0,0
BRDA:108,7,1,0
BRDA:109,8,0,0
BRDA:109,8,1,0
BRDA:118,9,0,0
BRDA:118,9,1,0
BRDA:120,10,0,0
BRDA:120,10,1,0
BRDA:123,11,0,0
BRDA:123,11,1,0
BRDA:126,12,0,0
BRDA:126,12,1,0
BRDA:132,13,0,0
BRDA:132,13,1,0
BRDA:132,14,0,0
BRDA:132,14,1,0
BRDA:169,15,0,0
BRDA:169,15,1,0
BRDA:187,16,0,0
BRF:33
BRH:0
end_of_record
TN:
SF:src/services/ai-agent/macro-risk-analyzer.js
FN:14,(anonymous_0)
FN:24,(anonymous_1)
FN:43,(anonymous_2)
FN:61,(anonymous_3)
FN:145,(anonymous_4)
FN:202,(anonymous_5)
FN:234,(anonymous_6)
FN:253,(anonymous_7)
FN:280,(anonymous_8)
FN:307,(anonymous_9)
FN:327,(anonymous_10)
FN:336,(anonymous_11)
FNF:12
FNH:8
FNDA:10,(anonymous_0)
FNDA:0,(anonymous_1)
FNDA:0,(anonymous_2)
FNDA:0,(anonymous_3)
FNDA:1,(anonymous_4)
FNDA:3,(anonymous_5)
FNDA:5,(anonymous_6)
FNDA:10,(anonymous_7)
FNDA:1,(anonymous_8)
FNDA:0,(anonymous_9)
FNDA:4,(anonymous_10)
FNDA:2,(anonymous_11)
DA:6,1
DA:7,1
DA:8,1
DA:15,10
DA:16,10
DA:17,10
DA:26,0
DA:27,0
DA:28,0
DA:29,0
DA:30,0
DA:32,0
DA:34,0
DA:35,0
DA:44,0
DA:62,0
DA:63,0
DA:65,0
DA:67,0
DA:70,0
DA:73,0
DA:79,0
DA:80,0
DA:84,0
DA:87,0
DA:98,0
DA:106,0
DA:107,0
DA:109,0
DA:118,0
DA:119,0
DA:122,0
DA:130,0
DA:146,1
DA:147,1
DA:148,1
DA:149,1
DA:150,1
DA:152,1
DA:203,3
DA:205,3
DA:206,3
DA:207,2
DA:210,2
DA:211,0
DA:215,2
DA:217,2
DA:221,1
DA:224,0
DA:225,0
DA:235,5
DA:237,5
DA:238,1
DA:239,4
DA:240,2
DA:241,2
DA:242,1
DA:244,1
DA:254,10
DA:255,10
DA:257,10
DA:258,3
DA:262,7
DA:271,7
DA:281,1
DA:308,0
DA:328,4
DA:337,2
DA:341,1
LF:69
LH:38
BRDA:61,0,0,0
BRDA:79,1,0,0
BRDA:79,1,1,0
BRDA:80,2,0,0
BRDA:80,2,1,0
BRDA:92,3,0,0
BRDA:92,3,1,0
BRDA:147,4,0,1
BRDA:147,4,1,0
BRDA:148,5,0,1
BRDA:148,5,1,0
BRDA:149,6,0,1
BRDA:149,6,1,0
BRDA:150,7,0,1
BRDA:150,7,1,0
BRDA:206,8,0,2
BRDA:206,8,1,1
BRDA:210,9,0,0
BRDA:210,9,1,2
BRDA:237,10,0,1
BRDA:237,10,1,4
BRDA:237,11,0,5
BRDA:237,11,1,4
BRDA:239,12,0,2
BRDA:239,12,1,2
BRDA:239,13,0,4
BRDA:239,13,1,2
BRDA:241,14,0,1
BRDA:241,14,1,1
BRDA:241,15,0,2
BRDA:241,15,1,1
BRDA:241,15,2,1
BRDA:257,16,0,3
BRDA:257,16,1,7
BRDA:271,17,0,7
BRDA:271,17,1,2
BRDA:307,18,0,0
BRDA:328,19,0,4
BRDA:328,19,1,3
BRDA:337,20,0,1
BRDA:337,20,1,1
BRF:41
BRH:28
end_of_record
TN:
SF:src/services/ai-agent/openai-client.js
FN:13,(anonymous_0)
FN:35,(anonymous_1)
FN:68,(anonymous_2)
FN:182,(anonymous_3)
FN:200,(anonymous_4)
FN:225,(anonymous_5)
FN:240,(anonymous_6)
FNF:7
FNH:0
FNDA:0,(anonymous_0)
FNDA:0,(anonymous_1)
FNDA:0,(anonymous_2)
FNDA:0,(anonymous_3)
FNDA:0,(anonymous_4)
FNDA:0,(anonymous_5)
FNDA:0,(anonymous_6)
DA:6,0
DA:7,0
DA:14,0
DA:15,0
DA:16,0
DA:17,0
DA:18,0
DA:19,0
DA:22,0
DA:36,0
DA:38,0
DA:39,0
DA:40,0
DA:42,0
DA:43,0
DA:48,0
DA:49,0
DA:50,0
DA:51,0
DA:53,0
DA:54,0
DA:56,0
DA:57,0
DA:69,0
DA:70,0
DA:72,0
DA:74,0
DA:75,0
DA:79,0
DA:80,0
DA:87,0
DA:90,0
DA:91,0
DA:98,0
DA:103,0
DA:104,0
DA:105,0
DA:107,0
DA:108,0
DA:111,0
DA:119,0
DA:120,0
DA:121,0
DA:124,0
DA:125,0
DA:126,0
DA:128,0
DA:130,0
DA:141,0
DA:142,0
DA:145,0
DA:146,0
DA:148,0
DA:149,0
DA:150,0
DA:151,0
DA:153,0
DA:155,0
DA:156,0
DA:157,0
DA:158,0
DA:159,0
DA:160,0
DA:162,0
DA:166,0
DA:168,0
DA:183,0
DA:184,0
DA:189,0
DA:191,0
DA:192,0
DA:201,0
DA:205,0
DA:209,0
DA:226,0
DA:233,0
DA:241,0
DA:245,0
LF:78
LH:0
BRDA:13,0,0,0
BRDA:14,1,0,0
BRDA:14,1,1,0
BRDA:15,2,0,0
BRDA:15,2,1,0
BRDA:16,3,0,0
BRDA:16,3,1,0
BRDA:17,4,0,0
BRDA:17,4,1,0
BRDA:18,5,0,0
BRDA:18,5,1,0
BRDA:19,6,0,0
BRDA:19,6,1,0
BRDA:38,7,0,0
BRDA:38,7,1,0
BRDA:48,8,0,0
BRDA:48,8,1,0
BRDA:49,9,0,0
BRDA:49,9,1,0
BRDA:50,10,0,0
BRDA:50,10,1,0
BRDA:51,11,0,0
BRDA:51,11,1,0
BRDA:68,12,0,0
BRDA:68,13,0,0
BRDA:74,14,0,0
BRDA:74,14,1,0
BRDA:83,15,0,0
BRDA:83,15,1,0
BRDA:90,16,0,0
BRDA:90,16,1,0
BRDA:103,17,0,0
BRDA:103,17,1,0
BRDA:104,18,0,0
BRDA:104,18,1,0
BRDA:105,19,0,0
BRDA:105,19,1,0
BRDA:124,20,0,0
BRDA:124,20,1,0
BRDA:125,21,0,0
BRDA:125,21,1,0
BRDA:148,22,0,0
BRDA:148,22,1,0
BRDA:148,23,0,0
BRDA:148,23,1,0
BRDA:151,24,0,0
BRDA:151,24,1,0
BRDA:155,25,0,0
BRDA:155,25,1,0
BRDA:157,26,0,0
BRDA:157,26,1,0
BRDA:159,27,0,0
BRDA:159,27,1,0
BRDA:162,28,0,0
BRDA:162,28,1,0
BRDA:201,29,0,0
BRDA:201,29,1,0
BRDA:205,30,0,0
BRDA:205,30,1,0
BRDA:216,31,0,0
BRDA:216,31,1,0
BRF:61
BRH:0
end_of_record
TN:
SF:src/services/ai-agent/scheduler.js
FN:17,(anonymous_0)
FN:45,(anonymous_1)
FN:84,(anonymous_2)
FN:112,(anonymous_3)
FN:116,(anonymous_4)
FN:132,(anonymous_5)
FN:151,(anonymous_6)
FN:160,(anonymous_7)
FN:178,(anonymous_8)
FN:187,(anonymous_9)
FN:204,(anonymous_10)
FN:210,(anonymous_11)
FN:210,(anonymous_12)
FN:221,(anonymous_13)
FN:272,(anonymous_14)
FN:273,(anonymous_15)
FN:288,(anonymous_16)
FN:325,(anonymous_17)
FN:403,(anonymous_18)
FN:468,(anonymous_19)
FN:488,(anonymous_20)
FN:494,(anonymous_21)
FN:515,(anonymous_22)
FN:619,(anonymous_23)
FN:643,(anonymous_24)
FN:656,(anonymous_25)
FN:678,(anonymous_26)
FNF:27
FNH:0
FNDA:0,(anonymous_0)
FNDA:0,(anonymous_1)
FNDA:0,(anonymous_2)
FNDA:0,(anonymous_3)
FNDA:0,(anonymous_4)
FNDA:0,(anonymous_5)
FNDA:0,(anonymous_6)
FNDA:0,(anonymous_7)
FNDA:0,(anonymous_8)
FNDA:0,(anonymous_9)
FNDA:0,(anonymous_10)
FNDA:0,(anonymous_11)
FNDA:0,(anonymous_12)
[...]
FN:766,(anonymous_34)
FN:776,(anonymous_35)
FNF:36
FNH:0
FNDA:0,(anonymous_0)
FNDA:0,(anonymous_1)
FNDA:0,(anonymous_2)
FNDA:0,(anonymous_3)
FNDA:0,(anonymous_4)
FNDA:0,(anonymous_5)
FNDA:0,(anonymous_6)
FNDA:0,(anonymous_7)
FNDA:0,(anonymous_8)
FNDA:0,(anonymous_9)
FNDA:0,(anonymous_10)
FNDA:0,(anonymous_11)
FNDA:0,(anonymous_12)
FNDA:0,(anonymous_13)
FNDA:0,(anonymous_14)
FNDA:0,(anonymous_15)
FNDA:0,(anonymous_16)
FNDA:0,(anonymous_17)
FNDA:0,(anonymous_18)
FNDA:0,(anonymous_19)
FNDA:0,(anonymous_20)
FNDA:0,(anonymous_21)
FNDA:0,(anonymous_22)
FNDA:0,(anonymous_23)
FNDA:0,(anonymous_24)
FNDA:0,(anonymous_25)
FNDA:0,(anonymous_26)
FNDA:0,(anonymous_27)
FNDA:0,(anonymous_28)
FNDA:0,(anonymous_29)
FNDA:0,(anonymous_30)
FNDA:0,(anonymous_31)
FNDA:0,(anonymous_32)
FNDA:0,(anonymous_33)
FNDA:0,(anonymous_34)
FNDA:0,(anonymous_35)
DA:8,0
DA:9,0
DA:10,0
DA:17,0
DA:20,0
DA:23,0
DA:26,0
DA:28,0
DA:36,0
DA:37,0
DA:38,0
DA:39,0
DA:41,0
DA:42,0
DA:43,0
DA:45,0
DA:46,0
DA:49,0
DA:50,0
DA:59,0
DA:60,0
DA:62,0
DA:65,0
DA:66,0
DA:70,0
DA:71,0
DA:74,0
DA:75,0
DA:78,0
DA:89,0
DA:92,0
DA:123,0
DA:124,0
DA:126,0
DA:248,0
DA:249,0
DA:250,0
DA:251,0
DA:253,0
DA:254,0
DA:255,0
DA:256,0
DA:257,0
DA:260,0
DA:262,0
DA:264,0
DA:297,0
DA:327,0
DA:333,0
DA:342,0
DA:348,0
DA:357,0
DA:360,0
DA:361,0
DA:364,0
DA:370,0
DA:371,0
DA:379,0
DA:380,0
DA:381,0
DA:382,0
DA:384,0
DA:385,0
DA:386,0
DA:389,0
DA:390,0
DA:393,0
DA:415,0
DA:418,0
DA:419,0
DA:429,0
DA:438,0
DA:439,0
DA:454,0
DA:455,0
DA:459,0
DA:466,0
DA:467,0
DA:471,0
DA:486,0
DA:487,0
DA:496,0
DA:497,0
DA:504,0
DA:509,0
DA:516,0
DA:521,0
DA:530,0
DA:531,0
DA:532,0
DA:534,0
DA:535,0
DA:537,0
DA:539,0
DA:540,0
DA:550,0
DA:551,0
DA:554,0
DA:555,0
DA:556,0
DA:557,0
DA:558,0
DA:561,0
DA:562,0
DA:564,0
DA:565,0
DA:567,0
DA:603,0
DA:604,0
DA:605,0
DA:606,0
DA:613,0
DA:622,0
DA:629,0
DA:638,0
DA:645,0
DA:650,0
DA:657,0
DA:658,0
DA:665,0
DA:666,0
DA:667,0
DA:668,0
DA:670,0
DA:671,0
DA:672,0
DA:673,0
DA:680,0
DA:681,0
DA:682,0
DA:690,0
DA:691,0
DA:692,0
DA:701,0
DA:702,0
DA:710,0
DA:711,0
DA:712,0
DA:721,0
DA:722,0
DA:723,0
DA:724,0
DA:726,0
DA:727,0
DA:730,0
DA:731,0
DA:732,0
DA:744,0
DA:746,0
DA:747,0
DA:748,0
DA:749,0
DA:750,0
DA:752,0
DA:753,0
DA:754,0
DA:755,0
DA:756,0
DA:757,0
DA:759,0
DA:767,0
DA:772,0
DA:775,0
DA:776,0
DA:777,0
DA:781,0
DA:785,0
DA:786,0
LF:168
LH:0
BRDA:35,0,0,0
BRDA:37,1,0,0
BRDA:37,1,1,0
BRDA:41,2,0,0
BRDA:41,2,1,0
BRDA:60,3,0,0
BRDA:60,3,1,0
BRDA:65,4,0,0
BRDA:65,4,1,0
BRDA:65,5,0,0
BRDA:65,5,1,0
BRDA:70,6,0,0
BRDA:70,6,1,0
BRDA:70,7,0,0
BRDA:70,7,1,0
BRDA:74,8,0,0
BRDA:74,8,1,0
BRDA:123,9,0,0
BRDA:123,9,1,0
BRDA:124,10,0,0
BRDA:124,10,1,0
BRDA:124,11,0,0
BRDA:124,11,1,0
BRDA:251,12,0,0
BRDA:251,12,1,0
BRDA:253,13,0,0
BRDA:253,13,1,0
BRDA:254,14,0,0
BRDA:254,14,1,0
BRDA:255,15,0,0
BRDA:255,15,1,0
BRDA:256,16,0,0
BRDA:256,16,1,0
BRDA:257,17,0,0
BRDA:257,17,1,0
BRDA:260,18,0,0
BRDA:260,18,1,0
BRDA:260,19,0,0
BRDA:260,19,1,0
BRDA:262,20,0,0
BRDA:262,20,1,0
BRDA:262,21,0,0
BRDA:262,21,1,0
BRDA:273,22,0,0
BRDA:273,22,1,0
BRDA:276,23,0,0
BRDA:276,23,1,0
BRDA:282,24,0,0
BRDA:282,24,1,0
BRDA:282,25,0,0
BRDA:282,25,1,0
BRDA:293,26,0,0
BRDA:293,26,1,0
BRDA:300,27,0,0
BRDA:300,27,1,0
BRDA:306,28,0,0
BRDA:306,28,1,0
BRDA:333,29,0,0
BRDA:333,29,1,0
BRDA:348,30,0,0
BRDA:348,30,1,0
BRDA:357,31,0,0
BRDA:357,31,1,0
BRDA:357,32,0,0
BRDA:357,32,1,0
BRDA:361,33,0,0
BRDA:361,33,1,0
BRDA:370,34,0,0
BRDA:370,34,1,0
BRDA:384,35,0,0
BRDA:384,35,1,0
BRDA:384,36,0,0
BRDA:384,36,1,0
BRDA:390,37,0,0
BRDA:390,37,1,0
BRDA:433,38,0,0
BRDA:433,38,1,0
BRDA:438,39,0,0
BRDA:438,39,1,0
BRDA:443,40,0,0
BRDA:443,40,1,0
BRDA:444,41,0,0
BRDA:444,41,1,0
BRDA:445,42,0,0
BRDA:445,42,1,0
BRDA:446,43,0,0
BRDA:446,43,1,0
BRDA:447,44,0,0
BRDA:447,44,1,0
BRDA:454,45,0,0
BRDA:454,45,1,0
BRDA:454,46,0,0
BRDA:454,46,1,0
BRDA:466,47,0,0
BRDA:466,47,1,0
BRDA:466,48,0,0
BRDA:466,48,1,0
BRDA:476,49,0,0
BRDA:476,49,1,0
BRDA:486,50,0,0
BRDA:486,50,1,0
BRDA:491,51,0,0
BRDA:491,51,1,0
BRDA:509,52,0,0
BRDA:509,52,1,0
BRDA:521,53,0,0
BRDA:521,53,1,0
BRDA:534,54,0,0
BRDA:534,54,1,0
BRDA:534,55,0,0
BRDA:534,55,1,0
BRDA:550,56,0,0
BRDA:550,56,1,0
BRDA:550,57,0,0
BRDA:550,57,1,0
BRDA:555,58,0,0
BRDA:555,58,1,0
BRDA:556,59,0,0
BRDA:556,59,1,0
BRDA:557,60,0,0
BRDA:557,60,1,0
BRDA:558,61,0,0
BRDA:558,61,1,0
BRDA:561,62,0,0
BRDA:561,62,1,0
BRDA:562,63,0,0
BRDA:562,63,1,0
BRDA:587,64,0,0
BRDA:587,64,1,0
BRDA:588,65,0,0
BRDA:588,65,1,0
BRDA:590,66,0,0
BRDA:590,66,1,0
BRDA:591,67,0,0
BRDA:591,67,1,0
BRDA:603,68,0,0
BRDA:603,68,1,0
BRDA:604,69,0,0
BRDA:604,69,1,0
BRDA:605,70,0,0
BRDA:605,70,1,0
BRDA:622,71,0,0
BRDA:622,71,1,0
BRDA:638,72,0,0
BRDA:638,72,1,0
BRDA:650,73,0,0
BRDA:650,73,1,0
BRDA:657,74,0,0
BRDA:657,74,1,0
BRDA:665,75,0,0
BRDA:665,75,1,0
BRDA:670,76,0,0
BRDA:670,76,1,0
BRDA:671,77,0,0
BRDA:671,77,1,0
BRDA:672,78,0,0
BRDA:672,78,1,0
BRDA:681,79,0,0
BRDA:681,79,1,0
BRDA:691,80,0,0
BRDA:691,80,1,0
BRDA:710,81,0,0
BRDA:710,81,1,0
BRDA:722,82,0,0
BRDA:722,82,1,0
BRDA:744,83,0,0
BRDA:744,83,1,0
BRDA:752,84,0,0
BRDA:752,84,1,0
BRDA:753,85,0,0
BRDA:753,85,1,0
BRDA:755,86,0,0
BRDA:755,86,1,0
BRDA:775,87,0,0
BRDA:775,87,1,0
BRDA:785,88,0,0
BRDA:785,88,1,0
BRDA:785,89,0,0
BRDA:785,89,1,0
BRF:179
BRH:0
end_of_record
TN:
SF:src/web/public/js/large-orders.js
FN:7,(anonymous_0)
FN:13,(anonymous_1)
FN:17,(anonymous_2)
FN:27,(anonymous_3)
FN:49,(anonymous_4)
FN:73,(anonymous_5)
FN:82,(anonymous_6)
FN:83,(anonymous_7)
FN:84,(anonymous_8)
FN:85,(anonymous_9)
FN:205,(anonymous_10)
FN:224,(anonymous_11)
FN:281,(anonymous_12)
FN:294,(anonymous_13)
FN:318,(anonymous_14)
FN:323,(anonymous_15)
FN:326,(anonymous_16)
FN:338,(anonymous_17)
FN:418,(anonymous_18)
FN:430,(anonymous_19)
FN:435,(anonymous_20)
FN:500,(anonymous_21)
FN:511,(anonymous_22)
FN:532,(anonymous_23)
FN:542,(anonymous_24)
FN:553,(anonymous_25)
FN:565,(anonymous_26)
FN:578,(anonymous_27)
FN:585,(anonymous_28)
FN:591,(anonymous_29)
FN:599,(anonymous_30)
FN:606,(anonymous_31)
FN:609,(anonymous_32)
FN:612,(anonymous_33)
FN:625,(anonymous_34)
FNF:35
FNH:0
FNDA:0,(anonymous_0)
FNDA:0,(anonymous_1)
FNDA:0,(anonymous_2)
FNDA:0,(anonymous_3)
FNDA:0,(anonymous_4)
FNDA:0,(anonymous_5)
FNDA:0,(anonymous_6)
FNDA:0,(anonymous_7)
FNDA:0,(anonymous_8)
FNDA:0,(anonymous_9)
FNDA:0,(anonymous_10)
FNDA:0,(anonymous_11)
FNDA:0,(anonymous_12)
FNDA:0,(anonymous_13)
FNDA:0,(anonymous_14)
FNDA:0,(anonymous_15)
FNDA:0,(anonymous_16)
FNDA:0,(anonymous_17)
FNDA:0,(anonymous_18)
FNDA:0,(anonymous_19)
FNDA:0,(anonymous_20)
FNDA:0,(anonymous_21)
FNDA:0,(anonymous_22)
FNDA:0,(anonymous_23)
FNDA:0,(anonymous_24)
FNDA:0,(anonymous_25)
FNDA:0,(anonymous_26)
FNDA:0,(anonymous_27)
FNDA:0,(anonymous_28)
FNDA:0,(anonymous_29)
FNDA:0,(anonymous_30)
FNDA:0,(anonymous_31)
FNDA:0,(anonymous_32)
FNDA:0,(anonymous_33)
FNDA:0,(anonymous_34)
DA:8,0
DA:9,0
DA:10,0
DA:15,0
DA:16,0
DA:17,0
DA:21,0
DA:28,0
DA:29,0
DA:30,0
DA:31,0
DA:32,0
DA:34,0
DA:35,0
DA:36,0
DA:38,0
DA:41,0
DA:42,0
DA:50,0
DA:51,0
DA:53,0
DA:56,0
DA:57,0
DA:59,0
DA:60,0
DA:62,0
DA:74,0
DA:75,0
DA:76,0
DA:77,0
DA:79,0
DA:82,0
DA:83,0
DA:84,0
DA:85,0
DA:86,0
DA:87,0
DA:88,0
DA:90,0
DA:100,0
DA:101,0
DA:103,0
DA:205,0
DA:225,0
DA:231,0
DA:237,0
DA:244,0
DA:245,0
DA:246,0
DA:249,0
DA:250,0
DA:251,0
DA:252,0
DA:253,0
DA:255,0
DA:282,0
DA:283,0
DA:284,0
DA:285,0
DA:286,0
DA:288,0
DA:289,0
DA:290,0
DA:291,0
DA:295,0
DA:296,0
DA:297,0
DA:298,0
DA:299,0
DA:301,0
DA:303,0
DA:304,0
DA:306,0
DA:307,0
DA:310,0
DA:311,0
DA:319,0
DA:320,0
DA:323,0
DA:326,0
DA:327,0
DA:328,0
DA:331,0
DA:339,0
DA:340,0
DA:341,0
DA:344,0
DA:345,0
DA:346,0
DA:349,0
DA:355,0
DA:419,0
DA:427,0
DA:431,0
DA:432,0
DA:436,0
DA:437,0
DA:438,0
DA:439,0
DA:442,0
DA:443,0
DA:444,0
DA:445,0
DA:448,0
DA:454,0
DA:497,0
DA:501,0
DA:502,0
DA:504,0
DA:506,0
DA:507,0
DA:508,0
DA:511,0
DA:512,0
DA:513,0
DA:514,0
DA:516,0
DA:533,0
DA:539,0
DA:543,0
DA:550,0
DA:554,0
DA:562,0
DA:566,0
DA:575,0
DA:579,0
DA:580,0
DA:581,0
DA:582,0
DA:586,0
DA:587,0
DA:588,0
DA:592,0
DA:593,0
DA:594,0
DA:595,0
DA:600,0
DA:601,0
DA:602,0
DA:607,0
DA:608,0
DA:609,0
DA:613,0
DA:614,0
DA:615,0
DA:624,0
DA:625,0
DA:626,0
DA:629,0
LF:149
LH:0
BRDA:16,0,0,0
BRDA:16,0,1,0
BRDA:34,1,0,0
BRDA:34,1,1,0
BRDA:34,2,0,0
BRDA:34,2,1,0
BRDA:51,3,0,0
BRDA:51,3,1,0
BRDA:56,4,0,0
BRDA:56,4,1,0
BRDA:57,5,0,0
BRDA:57,5,1,0
BRDA:74,6,0,0
BRDA:74,7,0,0
BRDA:75,8,0,0
BRDA:75,8,1,0
BRDA:76,9,0,0
BRDA:76,9,1,0
BRDA:77,10,0,0
BRDA:77,10,1,0
BRDA:82,11,0,0
BRDA:82,11,1,0
BRDA:83,12,0,0
BRDA:83,12,1,0
BRDA:84,13,0,0
BRDA:84,13,1,0
BRDA:84,13,2,0
BRDA:85,14,0,0
BRDA:85,14,1,0
BRDA:85,14,2,0
BRDA:87,15,0,0
BRDA:87,15,1,0
BRDA:88,16,0,0
BRDA:88,16,1,0
BRDA:100,17,0,0
BRDA:100,17,1,0
BRDA:101,18,0,0
BRDA:101,18,1,0
BRDA:140,19,0,0
BRDA:140,19,1,0
BRDA:169,20,0,0
BRDA:169,20,1,0
BRDA:182,21,0,0
BRDA:182,21,1,0
BRDA:193,22,0,0
BRDA:193,22,1,0
BRDA:225,23,0,0
BRDA:225,23,1,0
BRDA:227,24,0,0
BRDA:227,24,1,0
BRDA:231,25,0,0
BRDA:231,25,1,0
BRDA:233,26,0,0
BRDA:233,26,1,0
BRDA:237,27,0,0
BRDA:237,27,1,0
BRDA:239,28,0,0
BRDA:239,28,1,0
BRDA:244,29,0,0
BRDA:244,29,1,0
BRDA:245,30,0,0
BRDA:245,30,1,0
BRDA:246,31,0,0
BRDA:246,31,1,0
BRDA:249,32,0,0
BRDA:249,32,1,0
BRDA:249,32,2,0
BRDA:250,33,0,0
BRDA:250,33,1,0
BRDA:250,33,2,0
BRDA:251,34,0,0
BRDA:251,34,1,0
BRDA:251,34,2,0
BRDA:252,35,0,0
BRDA:252,35,1,0
BRDA:252,35,2,0
BRDA:253,36,0,0
BRDA:253,36,1,0
BRDA:253,36,2,0
BRDA:262,37,0,0
BRDA:262,37,1,0
BRDA:288,38,0,0
BRDA:288,38,1,0
BRDA:289,39,0,0
BRDA:289,39,1,0
BRDA:290,40,0,0
BRDA:290,40,1,0
BRDA:301,41,0,0
BRDA:301,41,1,0
BRDA:301,42,0,0
BRDA:301,42,1,0
BRDA:301,42,2,0
BRDA:320,43,0,0
BRDA:320,43,1,0
BRDA:327,44,0,0
BRDA:327,44,1,0
BRDA:340,45,0,0
BRDA:340,45,1,0
BRDA:341,46,0,0
BRDA:341,46,1,0
BRDA:345,47,0,0
BRDA:345,47,1,0
BRDA:346,48,0,0
BRDA:346,48,1,0
BRDA:349,49,0,0
BRDA:349,49,1,0
BRDA:349,50,0,0
BRDA:349,50,1,0
BRDA:350,51,0,0
BRDA:350,51,1,0
BRDA:351,52,0,0
BRDA:351,52,1,0
BRDA:378,53,0,0
BRDA:378,53,1,0
BRDA:381,54,0,0
BRDA:381,54,1,0
BRDA:394,55,0,0
BRDA:394,55,1,0
BRDA:395,56,0,0
BRDA:395,56,1,0
BRDA:395,57,0,0
BRDA:395,57,1,0
BRDA:400,58,0,0
BRDA:400,58,1,0
BRDA:401,59,0,0
BRDA:401,59,1,0
BRDA:401,60,0,0
BRDA:401,60,1,0
BRDA:406,61,0,0
BRDA:406,61,1,0
BRDA:407,62,0,0
BRDA:407,62,1,0
BRDA:407,63,0,0
BRDA:407,63,1,0
BRDA:427,64,0,0
BRDA:427,64,1,0
BRDA:437,65,0,0
BRDA:437,65,1,0
BRDA:443,66,0,0
BRDA:443,66,1,0
BRDA:443,67,0,0
BRDA:443,67,1,0
BRDA:444,68,0,0
BRDA:444,68,1,0
BRDA:444,69,0,0
BRDA:444,69,1,0
BRDA:445,70,0,0
BRDA:445,70,1,0
BRDA:445,71,0,0
BRDA:445,71,1,0
BRDA:448,72,0,0
BRDA:448,72,1,0
BRDA:448,73,0,0
BRDA:448,73,1,0
BRDA:449,74,0,0
BRDA:449,74,1,0
BRDA:450,75,0,0
BRDA:450,75,1,0
BRDA:458,76,0,0
BRDA:458,76,1,0
BRDA:462,77,0,0
BRDA:462,77,1,0
BRDA:463,78,0,0
BRDA:463,78,1,0
BRDA:477,79,0,0
BRDA:477,79,1,0
BRDA:485,80,0,0
BRDA:485,80,1,0
BRDA:489,81,0,0
BRDA:489,81,1,0
BRDA:502,82,0,0
BRDA:502,82,1,0
BRDA:504,83,0,0
BRDA:504,83,1,0
BRDA:506,84,0,0
BRDA:506,84,1,0
BRDA:512,85,0,0
BRDA:512,85,1,0
BRDA:514,86,0,0
BRDA:514,86,1,0
BRDA:519,87,0,0
BRDA:519,87,1,0
BRDA:525,88,0,0
BRDA:525,88,1,0
BRDA:526,89,0,0
BRDA:526,89,1,0
BRDA:526,90,0,0
BRDA:526,90,1,0
BRDA:539,91,0,0
BRDA:539,91,1,0
BRDA:550,92,0,0
BRDA:550,92,1,0
BRDA:562,93,0,0
BRDA:562,93,1,0
BRDA:575,94,0,0
BRDA:575,94,1,0
BRDA:579,95,0,0
BRDA:579,95,1,0
BRDA:580,96,0,0
BRDA:580,96,1,0
BRDA:581,97,0,0
BRDA:581,97,1,0
BRDA:586,98,0,0
BRDA:586,98,1,0
BRDA:587,99,0,0
BRDA:587,99,1,0
BRDA:593,100,0,0
BRDA:593,100,1,0
BRDA:601,101,0,0
BRDA:601,101,1,0
BRDA:613,102,0,0
BRDA:613,102,1,0
BRDA:624,103,0,0
BRDA:624,103,1,0
BRF:214
BRH:0
end_of_record
TN:
SF:src/web/public/js/smart-money.js
FN:7,(anonymous_0)
FN:15,(anonymous_1)
FN:38,(anonymous_2)
FN:47,(anonymous_3)
FN:146,(anonymous_4)
FN:173,(anonymous_5)
FN:182,(anonymous_6)
FN:195,(anonymous_7)
FN:203,(anonymous_8)
FN:244,(anonymous_9)
FN:271,(anonymous_10)
FN:290,(anonymous_11)
FN:304,(anonymous_12)
FN:320,(anonymous_13)
FN:330,(anonymous_14)
FN:339,(anonymous_15)
FN:352,initSmartMoneyTracker
FN:358,(anonymous_17)
FN:366,(anonymous_18)
FN:374,(anonymous_19)
FNF:20
FNH:0
FNDA:0,(anonymous_0)
FNDA:0,(anonymous_1)
FNDA:0,(anonymous_2)
FNDA:0,(anonymous_3)
FNDA:0,(anonymous_4)
FNDA:0,(anonymous_5)
FNDA:0,(anonymous_6)
FNDA:0,(anonymous_7)
FNDA:0,(anonymous_8)
FNDA:0,(anonymous_9)
FNDA:0,(anonymous_10)
FNDA:0,(anonymous_11)
FNDA:0,(anonymous_12)
FNDA:0,(anonymous_13)
FNDA:0,(anonymous_14)
FNDA:0,(anonymous_15)
FNDA:0,initSmartMoneyTracker
FNDA:0,(anonymous_17)
FNDA:0,(anonymous_18)
FNDA:0,(anonymous_19)
DA:8,0
DA:9,0
DA:16,0
DA:17,0
DA:19,0
DA:20,0
DA:22,0
DA:23,0
DA:24,0
DA:25,0
DA:27,0
DA:30,0
DA:31,0
DA:39,0
DA:40,0
DA:42,0
DA:43,0
DA:44,0
DA:47,0
DA:49,0
DA:64,0
DA:65,0
DA:66,0
DA:67,0
DA:68,0
DA:69,0
DA:70,0
DA:73,0
DA:74,0
DA:75,0
DA:76,0
DA:77,0
DA:81,0
DA:87,0
DA:94,0
DA:100,0
DA:147,0
DA:167,0
DA:174,0
DA:175,0
DA:176,0
DA:183,0
DA:185,0
DA:186,0
DA:188,0
DA:196,0
DA:197,0
DA:204,0
DA:205,0
DA:207,0
DA:208,0
DA:209,0
DA:213,0
DA:214,0
DA:215,0
DA:219,0
DA:220,0
DA:226,0
DA:228,0
DA:229,0
DA:230,0
DA:231,0
DA:233,0
DA:236,0
DA:237,0
DA:245,0
DA:246,0
DA:249,0
DA:250,0
DA:254,0
DA:256,0
DA:257,0
DA:258,0
DA:260,0
DA:263,0
DA:264,0
DA:272,0
DA:273,0
DA:274,0
DA:275,0
DA:283,0
DA:291,0
DA:292,0
DA:293,0
DA:294,0
DA:295,0
DA:297,0
DA:305,0
DA:306,0
DA:307,0
DA:321,0
DA:324,0
DA:327,0
DA:330,0
DA:331,0
DA:332,0
DA:340,0
DA:341,0
DA:342,0
DA:343,0
DA:353,0
DA:356,0
DA:357,0
DA:358,0
DA:359,0
DA:364,0
DA:365,0
DA:366,0
DA:367,0
DA:372,0
DA:373,0
DA:374,0
DA:375,0
DA:376,0
DA:377,0
DA:384,0
DA:385,0
DA:387,0
LF:118
LH:0
BRDA:22,0,0,0
BRDA:22,0,1,0
BRDA:40,1,0,0
BRDA:40,1,1,0
BRDA:42,2,0,0
BRDA:42,2,1,0
BRDA:42,3,0,0
BRDA:42,3,1,0
BRDA:64,4,0,0
BRDA:64,4,1,0
BRDA:68,5,0,0
BRDA:68,5,1,0
BRDA:69,6,0,0
BRDA:69,6,1,0
BRDA:70,7,0,0
BRDA:70,7,1,0
BRDA:73,8,0,0
BRDA:73,8,1,0
BRDA:74,9,0,0
BRDA:74,9,1,0
BRDA:75,10,0,0
BRDA:75,10,1,0
BRDA:76,11,0,0
BRDA:76,11,1,0
BRDA:77,12,0,0
BRDA:77,12,1,0
BRDA:81,13,0,0
BRDA:81,13,1,0
BRDA:87,14,0,0
BRDA:87,14,1,0
BRDA:87,15,0,0
BRDA:87,15,1,0
BRDA:88,16,0,0
BRDA:88,16,1,0
BRDA:89,17,0,0
BRDA:89,17,1,0
BRDA:94,18,0,0
BRDA:94,18,1,0
BRDA:94,19,0,0
BRDA:94,19,1,0
BRDA:106,20,0,0
BRDA:106,20,1,0
BRDA:118,21,0,0
BRDA:118,21,1,0
BRDA:122,22,0,0
BRDA:122,22,1,0
BRDA:125,23,0,0
BRDA:125,23,1,0
BRDA:126,24,0,0
BRDA:126,24,1,0
BRDA:167,25,0,0
BRDA:167,25,1,0
BRDA:174,26,0,0
BRDA:174,26,1,0
BRDA:175,27,0,0
BRDA:175,27,1,0
BRDA:183,28,0,0
BRDA:183,28,1,0
BRDA:185,29,0,0
BRDA:185,29,1,0
BRDA:186,30,0,0
BRDA:186,30,1,0
BRDA:196,31,0,0
BRDA:196,31,1,0
BRDA:197,32,0,0
BRDA:197,32,1,0
BRDA:207,33,0,0
BRDA:207,33,1,0
BRDA:213,34,0,0
BRDA:213,34,1,0
BRDA:214,35,0,0
BRDA:214,35,1,0
BRDA:228,36,0,0
BRDA:228,36,1,0
BRDA:245,37,0,0
BRDA:245,37,1,0
BRDA:256,38,0,0
BRDA:256,38,1,0
BRDA:273,39,0,0
BRDA:273,39,1,0
BRDA:292,40,0,0
BRDA:292,40,1,0
BRDA:294,41,0,0
BRDA:294,41,1,0
BRDA:306,42,0,0
BRDA:306,42,1,0
BRDA:340,43,0,0
BRDA:340,43,1,0
BRDA:357,44,0,0
BRDA:357,44,1,0
BRDA:365,45,0,0
BRDA:365,45,1,0
BRDA:373,46,0,0
BRDA:373,46,1,0
BRDA:375,47,0,0
BRDA:375,47,1,0
BRDA:384,48,0,0
BRDA:384,48,1,0
BRF:98
BRH:0
end_of_record
TN:
SF:src/workers/data-cleaner.js
FN:10,(anonymous_0)
FN:15,(anonymous_1)
FN:25,(anonymous_2)
FN:37,(anonymous_3)
FN:80,(anonymous_4)
FN:92,(anonymous_5)
FN:98,(anonymous_6)
FNF:7
FNH:0
FNDA:0,(anonymous_0)
FNDA:0,(anonymous_1)
FNDA:0,(anonymous_2)
FNDA:0,(anonymous_3)
FNDA:0,(anonymous_4)
FNDA:0,(anonymous_5)
FNDA:0,(anonymous_6)
DA:6,0
DA:7,0
DA:11,0
DA:12,0
DA:16,0
DA:17,0
DA:18,0
DA:21,0
DA:22,0
DA:25,0
DA:26,0
DA:27,0
DA:29,0
DA:34,0
DA:38,0
DA:40,0
DA:41,0
DA:42,0
DA:43,0
DA:46,0
DA:50,0
DA:53,0
DA:63,0
DA:66,0
DA:71,0
DA:73,0
DA:74,0
DA:76,0
DA:81,0
DA:82,0
DA:87,0
DA:88,0
DA:89,0
DA:92,0
DA:93,0
DA:94,0
DA:95,0
DA:98,0
DA:99,0
DA:100,0
DA:101,0
DA:105,0
LF:42
LH:0
BRDA:16,0,0,0
BRDA:16,0,1,0
BRDA:50,1,0,0
BRDA:50,1,1,0
BRDA:71,2,0,0
BRDA:71,2,1,0
BRDA:87,3,0,0
BRDA:87,3,1,0
BRF:8
BRH:0
end_of_record
TN:
SF:src/workers/monitor.js
FN:12,(anonymous_0)
FN:22,(anonymous_1)
FN:32,(anonymous_2)
FN:41,(anonymous_3)
FN:65,(anonymous_4)
FN:108,(anonymous_5)
FN:132,(anonymous_6)
FN:133,(anonymous_7)
FN:135,(anonymous_8)
FN:145,(anonymous_9)
FN:161,(anonymous_10)
FN:168,(anonymous_11)
FN:180,(anonymous_12)
FN:186,(anonymous_13)
FNF:14
FNH:0
FNDA:0,(anonymous_0)
FNDA:0,(anonymous_1)
FNDA:0,(anonymous_2)
FNDA:0,(anonymous_3)
FNDA:0,(anonymous_4)
FNDA:0,(anonymous_5)
FNDA:0,(anonymous_6)
FNDA:0,(anonymous_7)
FNDA:0,(anonymous_8)
FNDA:0,(anonymous_9)
FNDA:0,(anonymous_10)
FNDA:0,(anonymous_11)
FNDA:0,(anonymous_12)
FNDA:0,(anonymous_13)
DA:6,0
DA:7,0
DA:8,0
DA:9,0
DA:13,0
DA:14,0
DA:15,0
DA:16,0
DA:17,0
DA:18,0
DA:19,0
DA:23,0
DA:24,0
DA:25,0
DA:28,0
DA:29,0
DA:32,0
DA:33,0
DA:34,0
DA:36,0
DA:42,0
DA:43,0
DA:45,0
DA:48,0
DA:49,0
DA:50,0
DA:53,0
DA:54,0
DA:55,0
DA:59,0
DA:66,0
DA:67,0
DA:68,0
DA:69,0
DA:72,0
DA:73,0
DA:74,0
DA:75,0
DA:87,0
DA:88,0
DA:89,0
DA:90,0
DA:101,0
DA:109,0
DA:110,0
DA:113,0
DA:114,0
DA:115,0
DA:118,0
DA:120,0
DA:121,0
DA:124,0
DA:125,0
DA:126,0
DA:128,0
DA:133,0
DA:134,0
DA:135,0
DA:136,0
DA:137,0
DA:138,0
DA:139,0
DA:140,0
DA:146,0
DA:147,0
DA:148,0
DA:150,0
DA:151,0
DA:152,0
DA:153,0
DA:155,0
DA:158,0
DA:162,0
DA:163,0
DA:164,0
DA:165,0
DA:169,0
DA:170,0
DA:175,0
DA:176,0
DA:177,0
DA:180,0
DA:181,0
DA:182,0
DA:183,0
DA:186,0
DA:187,0
DA:188,0
DA:189,0
DA:193,0
LF:90
LH:0
BRDA:23,0,0,0
BRDA:23,0,1,0
BRDA:48,1,0,0
BRDA:48,1,1,0
BRDA:53,2,0,0
BRDA:53,2,1,0
BRDA:73,3,0,0
BRDA:73,3,1,0
BRDA:73,4,0,0
BRDA:73,4,1,0
BRDA:88,5,0,0
BRDA:88,5,1,0
BRDA:88,6,0,0
BRDA:88,6,1,0
BRDA:108,7,0,0
BRDA:113,8,0,0
BRDA:113,8,1,0
BRDA:113,9,0,0
BRDA:113,9,1,0
BRDA:120,10,0,0
BRDA:120,10,1,0
BRDA:175,11,0,0
BRDA:175,11,1,0
BRF:23
BRH:0
end_of_record
TN:
SF:src/workers/strategy-worker.js
FN:15,(anonymous_0)
FN:24,(anonymous_1)
FN:34,(anonymous_2)
FN:46,(anonymous_3)
FN:77,(anonymous_4)
FN:109,(anonymous_5)
FN:178,(anonymous_6)
FN:210,(anonymous_7)
FN:225,(anonymous_8)
FN:238,(anonymous_9)
FN:263,(anonymous_10)
FN:275,(anonymous_11)
FN:281,(anonymous_12)
FNF:13
FNH:0
FNDA:0,(anonymous_0)
FNDA:0,(anonymous_1)
FNDA:0,(anonymous_2)
FNDA:0,(anonymous_3)
FNDA:0,(anonymous_4)
FNDA:0,(anonymous_5)
FNDA:0,(anonymous_6)
FNDA:0,(anonymous_7)
FNDA:0,(anonymous_8)
FNDA:0,(anonymous_9)
FNDA:0,(anonymous_10)
FNDA:0,(anonymous_11)
FNDA:0,(anonymous_12)
DA:6,0
DA:7,0
DA:8,0
DA:9,0
DA:10,0
DA:11,0
DA:12,0
DA:16,0
DA:17,0
DA:18,0
DA:19,0
DA:20,0
DA:21,0
DA:25,0
DA:26,0
DA:27,0
DA:30,0
DA:31,0
DA:34,0
DA:35,0
DA:36,0
DA:38,0
DA:43,0
DA:47,0
DA:49,0
DA:50,0
DA:52,0
DA:55,0
DA:56,0
DA:59,0
DA:60,0
DA:63,0
DA:66,0
DA:78,0
DA:80,0
DA:82,0
DA:86,0
DA:90,0
DA:92,0
DA:96,0
DA:99,0
DA:110,0
DA:112,0
DA:113,0
DA:114,0
DA:115,0
DA:119,0
DA:120,0
DA:121,0
DA:122,0
DA:125,0
DA:128,0
DA:129,0
DA:132,0
DA:135,0
DA:138,0
DA:139,0
DA:140,0
DA:141,0
DA:142,0
DA:145,0
DA:159,0
DA:160,0
DA:161,0
DA:163,0
DA:166,0
DA:179,0
DA:180,0
DA:181,0
DA:185,0
DA:187,0
DA:188,0
DA:189,0
DA:195,0
DA:197,0
DA:201,0
DA:211,0
DA:212,0
DA:213,0
DA:215,0
DA:226,0
DA:227,0
DA:228,0
DA:230,0
DA:239,0
DA:241,0
DA:242,0
DA:243,0
DA:244,0
DA:247,0
DA:250,0
DA:252,0
DA:253,0
DA:254,0
DA:255,0
DA:259,0
DA:264,0
DA:265,0
DA:270,0
DA:271,0
DA:272,0
DA:275,0
DA:276,0
DA:277,0
DA:278,0
DA:281,0
DA:282,0
DA:283,0
DA:284,0
DA:288,0
LF:110
LH:0
BRDA:21,0,0,0
BRDA:21,0,1,0
BRDA:25,1,0,0
BRDA:25,1,1,0
BRDA:80,2,0,0
BRDA:80,2,1,0
BRDA:80,3,0,0
BRDA:80,3,1,0
BRDA:84,4,0,0
BRDA:84,4,1,0
BRDA:90,5,0,0
BRDA:90,5,1,0
BRDA:90,6,0,0
BRDA:90,6,1,0
BRDA:94,7,0,0
BRDA:94,7,1,0
BRDA:113,8,0,0
BRDA:113,8,1,0
BRDA:120,9,0,0
BRDA:120,9,1,0
BRDA:120,10,0,0
BRDA:120,10,1,0
BRDA:128,11,0,0
BRDA:128,11,1,0
BRDA:129,12,0,0
BRDA:129,12,1,0
BRDA:132,13,0,0
BRDA:132,13,1,0
BRDA:141,14,0,0
BRDA:141,14,1,0
BRDA:142,15,0,0
BRDA:142,15,1,0
BRDA:150,16,0,0
BRDA:150,16,1,0
BRDA:160,17,0,0
BRDA:160,17,1,0
BRDA:178,18,0,0
BRDA:179,19,0,0
BRDA:179,19,1,0
BRDA:179,20,0,0
BRDA:179,20,1,0
BRDA:187,21,0,0
BRDA:187,21,1,0
BRDA:212,22,0,0
BRDA:212,22,1,0
BRDA:227,23,0,0
BRDA:227,23,1,0
BRDA:242,24,0,0
BRDA:242,24,1,0
BRDA:242,25,0,0
BRDA:242,25,1,0
BRDA:252,26,0,0
BRDA:252,26,1,0
BRDA:270,27,0,0
BRDA:270,27,1,0
BRF:55
BRH:0
end_of_record
