TN:
SF:modules/api/BinanceAPI.js
FN:15,(anonymous_0)
FN:25,(anonymous_1)
FN:31,(anonymous_2)
FN:40,(anonymous_3)
FN:46,(anonymous_4)
FN:54,(anonymous_5)
FN:60,(anonymous_6)
FN:68,(anonymous_7)
FN:74,(anonymous_8)
FN:82,(anonymous_9)
FN:88,(anonymous_10)
FN:98,(anonymous_11)
FN:104,(anonymous_12)
FNF:13
FNH:0
FNDA:0,(anonymous_0)
FNDA:0,(anonymous_1)
FNDA:0,(anonymous_2)
FNDA:0,(anonymous_3)
FNDA:0,(anonymous_4)
FNDA:0,(anonymous_5)
FNDA:0,(anonymous_6)
FNDA:0,(anonymous_7)
FNDA:0,(anonymous_8)
FNDA:0,(anonymous_9)
FNDA:0,(anonymous_10)
FNDA:0,(anonymous_11)
FNDA:0,(anonymous_12)
DA:4,0
DA:7,0
DA:8,0
DA:12,0
DA:16,0
DA:17,0
DA:23,0
DA:25,0
DA:32,0
DA:33,0
DA:38,0
DA:40,0
DA:47,0
DA:48,0
DA:52,0
DA:54,0
DA:61,0
DA:62,0
DA:66,0
DA:68,0
DA:75,0
DA:76,0
DA:80,0
DA:82,0
DA:89,0
DA:90,0
DA:96,0
DA:98,0
DA:105,0
DA:106,0
DA:108,0
DA:109,0
DA:110,0
DA:111,0
DA:112,0
DA:115,0
DA:116,0
DA:117,0
DA:118,0
DA:121,0
DA:124,0
DA:127,0
DA:128,0
DA:130,0
DA:135,0
LF:45
LH:0
BRDA:15,0,0,0
BRDA:88,1,0,0
BRDA:88,2,0,0
BRDA:110,3,0,0
BRDA:110,3,1,0
BRDA:115,4,0,0
BRDA:115,4,1,0
BRDA:115,5,0,0
BRDA:115,5,1,0
BRDA:117,6,0,0
BRDA:117,6,1,0
BRDA:117,7,0,0
BRDA:117,7,1,0
BRDA:127,8,0,0
BRDA:127,8,1,0
BRDA:127,9,0,0
BRDA:127,9,1,0
BRF:17
BRH:0
end_of_record
TN:
SF:modules/api/BinanceContractChecker.js
FN:7,(anonymous_0)
FN:16,(anonymous_1)
FN:39,(anonymous_2)
FN:44,(anonymous_3)
FN:48,(anonymous_4)
FN:67,(anonymous_5)
FN:80,(anonymous_6)
FN:94,(anonymous_7)
FN:96,(anonymous_8)
FN:102,(anonymous_9)
FN:112,(anonymous_10)
FN:137,(anonymous_11)
FNF:12
FNH:0
FNDA:0,(anonymous_0)
FNDA:0,(anonymous_1)
FNDA:0,(anonymous_2)
FNDA:0,(anonymous_3)
FNDA:0,(anonymous_4)
FNDA:0,(anonymous_5)
FNDA:0,(anonymous_6)
FNDA:0,(anonymous_7)
FNDA:0,(anonymous_8)
FNDA:0,(anonymous_9)
FNDA:0,(anonymous_10)
FNDA:0,(anonymous_11)
DA:4,0
DA:8,0
DA:9,0
DA:10,0
DA:17,0
DA:19,0
DA:20,0
DA:21,0
DA:22,0
DA:25,0
DA:28,0
DA:29,0
DA:31,0
DA:32,0
DA:35,0
DA:38,0
DA:40,0
DA:44,0
DA:47,0
DA:48,0
DA:49,0
DA:51,0
DA:53,0
DA:54,0
DA:57,0
DA:60,0
DA:68,0
DA:69,0
DA:70,0
DA:72,0
DA:73,0
DA:81,0
DA:82,0
DA:84,0
DA:85,0
DA:88,0
DA:95,0
DA:96,0
DA:103,0
DA:104,0
DA:105,0
DA:107,0
DA:108,0
DA:111,0
DA:112,0
DA:114,0
DA:115,0
DA:118,0
DA:129,0
DA:130,0
DA:138,0
DA:139,0
DA:140,0
DA:144,0
LF:54
LH:0
BRDA:20,0,0,0
BRDA:20,0,1,0
BRDA:20,1,0,0
BRDA:20,1,1,0
BRDA:31,2,0,0
BRDA:31,2,1,0
BRDA:40,3,0,0
BRDA:40,3,1,0
BRDA:40,3,2,0
BRDA:40,3,3,0
BRDA:107,4,0,0
BRDA:107,4,1,0
BRDA:114,5,0,0
BRDA:114,5,1,0
BRF:14
BRH:0
end_of_record
TN:
SF:modules/api/RateLimiter.js
FN:7,(anonymous_0)
FN:23,(anonymous_1)
FN:27,(anonymous_2)
FN:31,(anonymous_3)
FN:40,(anonymous_4)
FN:42,(anonymous_5)
FN:45,(anonymous_6)
FN:61,(anonymous_7)
FN:62,(anonymous_8)
FN:65,(anonymous_9)
FN:73,(anonymous_10)
FN:74,(anonymous_11)
FN:82,(anonymous_12)
FN:91,(anonymous_13)
FN:110,(anonymous_14)
FN:116,(anonymous_15)
FN:122,(anonymous_16)
FN:133,(anonymous_17)
FN:152,(anonymous_18)
FN:164,(anonymous_19)
FN:184,(anonymous_20)
FN:189,(anonymous_21)
FN:190,(anonymous_22)
FN:195,(anonymous_23)
FNF:24
FNH:0
FNDA:0,(anonymous_0)
FNDA:0,(anonymous_1)
FNDA:0,(anonymous_2)
FNDA:0,(anonymous_3)
FNDA:0,(anonymous_4)
FNDA:0,(anonymous_5)
FNDA:0,(anonymous_6)
FNDA:0,(anonymous_7)
FNDA:0,(anonymous_8)
FNDA:0,(anonymous_9)
FNDA:0,(anonymous_10)
FNDA:0,(anonymous_11)
FNDA:0,(anonymous_12)
FNDA:0,(anonymous_13)
FNDA:0,(anonymous_14)
FNDA:0,(anonymous_15)
FNDA:0,(anonymous_16)
FNDA:0,(anonymous_17)
FNDA:0,(anonymous_18)
FNDA:0,(anonymous_19)
FNDA:0,(anonymous_20)
FNDA:0,(anonymous_21)
FNDA:0,(anonymous_22)
FNDA:0,(anonymous_23)
DA:4,0
DA:8,0
DA:16,0
DA:17,0
DA:18,0
DA:19,0
DA:20,0
DA:24,0
DA:28,0
DA:32,0
DA:33,0
DA:34,0
DA:37,0
DA:41,0
DA:42,0
DA:45,0
DA:46,0
DA:47,0
DA:51,0
DA:52,0
DA:53,0
DA:54,0
DA:58,0
DA:62,0
DA:63,0
DA:64,0
DA:65,0
DA:67,0
DA:68,0
DA:74,0
DA:75,0
DA:76,0
DA:79,0
DA:83,0
DA:84,0
DA:87,0
DA:89,0
DA:90,0
DA:91,0
DA:92,0
DA:95,0
DA:97,0
DA:98,0
DA:99,0
DA:100,0
DA:102,0
DA:103,0
DA:107,0
DA:111,0
DA:112,0
DA:113,0
DA:116,0
DA:117,0
DA:118,0
DA:123,0
DA:130,0
DA:134,0
DA:136,0
DA:138,0
DA:140,0
DA:142,0
DA:144,0
DA:146,0
DA:148,0
DA:153,0
DA:154,0
DA:156,0
DA:157,0
DA:158,0
DA:161,0
DA:166,0
DA:167,0
DA:168,0
DA:172,0
DA:174,0
DA:175,0
DA:176,0
DA:177,0
DA:179,0
DA:180,0
DA:185,0
DA:190,0
DA:191,0
DA:196,0
DA:197,0
DA:199,0
DA:200,0
DA:201,0
DA:206,0
DA:207,0
DA:208,0
DA:212,0
DA:216,0
LF:93
LH:0
BRDA:23,0,0,0
BRDA:28,1,0,0
BRDA:28,1,1,0
BRDA:33,2,0,0
BRDA:33,2,1,0
BRDA:46,3,0,0
BRDA:46,3,1,0
BRDA:53,4,0,0
BRDA:53,4,1,0
BRDA:53,5,0,0
BRDA:53,5,1,0
BRDA:67,6,0,0
BRDA:67,6,1,0
BRDA:83,7,0,0
BRDA:83,7,1,0
BRDA:83,8,0,0
BRDA:83,8,1,0
BRDA:90,9,0,0
BRDA:90,9,1,0
BRDA:112,10,0,0
BRDA:112,10,1,0
BRDA:117,11,0,0
BRDA:117,11,1,0
BRDA:130,12,0,0
BRDA:130,12,1,0
BRDA:136,13,0,0
BRDA:136,13,1,0
BRDA:136,13,2,0
BRDA:136,13,3,0
BRDA:136,13,4,0
BRDA:136,13,5,0
BRDA:157,14,0,0
BRDA:157,14,1,0
BRDA:164,15,0,0
BRDA:164,16,0,0
BRDA:167,17,0,0
BRDA:167,17,1,0
BRDA:200,18,0,0
BRDA:200,18,1,0
BRDA:207,19,0,0
BRDA:207,19,1,0
BRF:41
BRH:0
end_of_record
TN:
SF:modules/data/DataAccessLayer.js
FN:11,(anonymous_0)
FN:43,(anonymous_1)
FN:78,(anonymous_2)
FN:106,(anonymous_3)
FN:150,(anonymous_4)
FN:191,(anonymous_5)
FN:208,(anonymous_6)
FN:234,(anonymous_7)
FN:260,(anonymous_8)
FN:284,(anonymous_9)
FN:312,(anonymous_10)
FN:342,(anonymous_11)
FN:352,(anonymous_12)
FN:362,(anonymous_13)
FN:381,(anonymous_14)
FN:388,(anonymous_15)
FN:398,(anonymous_16)
FN:411,(anonymous_17)
FN:423,(anonymous_18)
FN:425,(anonymous_19)
FN:435,(anonymous_20)
FN:438,(anonymous_21)
FNF:22
FNH:0
FNDA:0,(anonymous_0)
FNDA:0,(anonymous_1)
FNDA:0,(anonymous_2)
FNDA:0,(anonymous_3)
FNDA:0,(anonymous_4)
FNDA:0,(anonymous_5)
FNDA:0,(anonymous_6)
FNDA:0,(anonymous_7)
FNDA:0,(anonymous_8)
FNDA:0,(anonymous_9)
FNDA:0,(anonymous_10)
FNDA:0,(anonymous_11)
FNDA:0,(anonymous_12)
FNDA:0,(anonymous_13)
FNDA:0,(anonymous_14)
FNDA:0,(anonymous_15)
FNDA:0,(anonymous_16)
FNDA:0,(anonymous_17)
FNDA:0,(anonymous_18)
FNDA:0,(anonymous_19)
FNDA:0,(anonymous_20)
FNDA:0,(anonymous_21)
DA:4,0
DA:12,0
DA:13,0
DA:16,0
DA:29,0
DA:32,0
DA:35,0
DA:44,0
DA:47,0
DA:48,0
DA:49,0
DA:50,0
DA:54,0
DA:57,0
DA:58,0
DA:59,0
DA:60,0
DA:62,0
DA:66,0
DA:67,0
DA:68,0
DA:71,0
DA:79,0
DA:81,0
DA:84,0
DA:85,0
DA:88,0
DA:91,0
DA:93,0
DA:94,0
DA:96,0
DA:97,0
DA:107,0
DA:110,0
DA:111,0
DA:112,0
DA:113,0
DA:117,0
DA:120,0
DA:121,0
DA:125,0
DA:126,0
DA:131,0
DA:138,0
DA:139,0
DA:140,0
DA:143,0
DA:151,0
DA:153,0
DA:170,0
DA:171,0
DA:174,0
DA:177,0
DA:179,0
DA:180,0
DA:182,0
DA:183,0
DA:192,0
DA:195,0
DA:196,0
DA:197,0
DA:198,0
DA:202,0
DA:205,0
DA:208,0
DA:209,0
DA:214,0
DA:223,0
DA:224,0
DA:226,0
DA:235,0
DA:238,0
DA:239,0
DA:240,0
DA:241,0
DA:245,0
DA:246,0
DA:249,0
DA:250,0
DA:252,0
DA:261,0
DA:263,0
DA:266,0
DA:267,0
DA:270,0
DA:272,0
DA:273,0
DA:275,0
DA:276,0
DA:285,0
DA:288,0
DA:289,0
DA:290,0
DA:291,0
DA:295,0
DA:296,0
DA:302,0
DA:303,0
DA:305,0
DA:313,0
DA:315,0
DA:324,0
DA:327,0
DA:329,0
DA:330,0
DA:332,0
DA:333,0
DA:343,0
DA:344,0
DA:353,0
DA:354,0
DA:363,0
DA:365,0
DA:366,0
DA:367,0
DA:368,0
DA:369,0
DA:370,0
DA:382,0
DA:389,0
DA:390,0
DA:391,0
DA:399,0
DA:400,0
DA:401,0
DA:402,0
DA:405,0
DA:412,0
DA:425,0
DA:426,0
DA:427,0
DA:436,0
DA:438,0
DA:439,0
DA:440,0
DA:444,0
DA:446,0
DA:450,0
DA:451,0
DA:455,0
LF:140
LH:0
BRDA:11,0,0,0
BRDA:43,1,0,0
BRDA:48,2,0,0
BRDA:48,2,1,0
BRDA:57,3,0,0
BRDA:57,3,1,0
BRDA:59,4,0,0
BRDA:59,4,1,0
BRDA:60,5,0,0
BRDA:60,5,1,0
BRDA:66,6,0,0
BRDA:66,6,1,0
BRDA:106,7,0,0
BRDA:111,8,0,0
BRDA:111,8,1,0
BRDA:120,9,0,0
BRDA:120,9,1,0
BRDA:125,10,0,0
BRDA:125,10,1,0
BRDA:128,11,0,0
BRDA:128,11,1,0
BRDA:138,12,0,0
BRDA:138,12,1,0
BRDA:165,13,0,0
BRDA:165,13,1,0
BRDA:191,14,0,0
BRDA:196,15,0,0
BRDA:196,15,1,0
BRDA:234,16,0,0
BRDA:239,17,0,0
BRDA:239,17,1,0
BRDA:284,18,0,0
BRDA:289,19,0,0
BRDA:289,19,1,0
BRDA:297,20,0,0
BRDA:297,20,1,0
BRDA:298,21,0,0
BRDA:298,21,1,0
BRDA:354,22,0,0
BRDA:354,22,1,0
BRDA:363,23,0,0
BRDA:363,23,1,0
BRDA:368,24,0,0
BRDA:368,24,1,0
BRDA:401,25,0,0
BRDA:401,25,1,0
BRF:46
BRH:0
end_of_record
TN:
SF:modules/data/DataConsistencyManager.js
FN:11,(anonymous_0)
FN:43,(anonymous_1)
FN:91,(anonymous_2)
FN:118,(anonymous_3)
FN:133,(anonymous_4)
FN:176,(anonymous_5)
FN:201,(anonymous_6)
FN:226,(anonymous_7)
FN:236,(anonymous_8)
FN:243,(anonymous_9)
FN:244,(anonymous_10)
FN:258,(anonymous_11)
FN:287,(anonymous_12)
FN:289,(anonymous_13)
FN:302,(anonymous_14)
FN:329,(anonymous_15)
FN:341,(anonymous_16)
FNF:17
FNH:0
FNDA:0,(anonymous_0)
FNDA:0,(anonymous_1)
FNDA:0,(anonymous_2)
FNDA:0,(anonymous_3)
FNDA:0,(anonymous_4)
FNDA:0,(anonymous_5)
FNDA:0,(anonymous_6)
FNDA:0,(anonymous_7)
FNDA:0,(anonymous_8)
FNDA:0,(anonymous_9)
FNDA:0,(anonymous_10)
FNDA:0,(anonymous_11)
FNDA:0,(anonymous_12)
FNDA:0,(anonymous_13)
FNDA:0,(anonymous_14)
FNDA:0,(anonymous_15)
FNDA:0,(anonymous_16)
DA:4,0
DA:12,0
DA:13,0
DA:14,0
DA:17,0
DA:27,0
DA:30,0
DA:33,0
DA:34,0
DA:44,0
DA:45,0
DA:48,0
DA:49,0
DA:51,0
DA:52,0
DA:53,0
DA:57,0
DA:60,0
DA:62,0
DA:63,0
DA:64,0
DA:67,0
DA:70,0
DA:72,0
DA:81,0
DA:82,0
DA:92,0
DA:94,0
DA:97,0
DA:103,0
DA:106,0
DA:109,0
DA:119,0
DA:120,0
DA:123,0
DA:134,0
DA:136,0
DA:139,0
DA:140,0
DA:141,0
DA:142,0
DA:146,0
DA:147,0
DA:148,0
DA:152,0
DA:153,0
DA:154,0
DA:155,0
DA:156,0
DA:157,0
DA:161,0
DA:162,0
DA:163,0
DA:166,0
DA:177,0
DA:179,0
DA:183,0
DA:189,0
DA:192,0
DA:203,0
DA:204,0
DA:207,0
DA:208,0
DA:209,0
DA:210,0
DA:211,0
DA:213,0
DA:218,0
DA:227,0
DA:228,0
DA:237,0
DA:244,0
DA:245,0
DA:246,0
DA:248,0
DA:252,0
DA:259,0
DA:262,0
DA:263,0
DA:266,0
DA:267,0
DA:268,0
DA:272,0
DA:273,0
DA:274,0
DA:276,0
DA:280,0
DA:288,0
DA:289,0
DA:291,0
DA:292,0
DA:293,0
DA:303,0
DA:304,0
DA:307,0
DA:308,0
DA:311,0
DA:314,0
DA:315,0
DA:318,0
DA:319,0
DA:321,0
DA:322,0
DA:330,0
DA:342,0
DA:343,0
DA:344,0
DA:346,0
DA:350,0
LF:109
LH:0
BRDA:11,0,0,0
BRDA:33,1,0,0
BRDA:33,1,1,0
BRDA:51,2,0,0
BRDA:51,2,1,0
BRDA:62,3,0,0
BRDA:62,3,1,0
BRDA:92,4,0,0
BRDA:92,4,1,0
BRDA:92,4,2,0
BRDA:92,4,3,0
BRDA:92,4,4,0
BRDA:119,5,0,0
BRDA:119,5,1,0
BRDA:119,6,0,0
BRDA:119,6,1,0
BRDA:120,7,0,0
BRDA:120,7,1,0
BRDA:120,8,0,0
BRDA:120,8,1,0
BRDA:134,9,0,0
BRDA:134,9,1,0
BRDA:136,10,0,0
BRDA:136,10,1,0
BRDA:136,10,2,0
BRDA:136,10,3,0
BRDA:136,10,4,0
BRDA:177,11,0,0
BRDA:177,11,1,0
BRDA:177,11,2,0
BRDA:177,11,3,0
BRDA:203,12,0,0
BRDA:203,12,1,0
BRDA:203,13,0,0
BRDA:203,13,1,0
BRDA:209,14,0,0
BRDA:209,14,1,0
BRDA:209,15,0,0
BRDA:209,15,1,0
BRDA:210,16,0,0
BRDA:210,16,1,0
BRDA:210,17,0,0
BRDA:210,17,1,0
BRDA:314,18,0,0
BRDA:314,18,1,0
BRDA:342,19,0,0
BRDA:342,19,1,0
BRF:47
BRH:0
end_of_record
TN:
SF:modules/data/DataLayerIntegration.js
FN:13,(anonymous_0)
FN:22,(anonymous_1)
FN:55,(anonymous_2)
FN:67,(anonymous_3)
FN:79,(anonymous_4)
FN:116,(anonymous_5)
FN:138,(anonymous_6)
FN:148,(anonymous_7)
FN:158,(anonymous_8)
FN:188,(anonymous_9)
FN:217,(anonymous_10)
FNF:11
FNH:0
FNDA:0,(anonymous_0)
FNDA:0,(anonymous_1)
FNDA:0,(anonymous_2)
FNDA:0,(anonymous_3)
FNDA:0,(anonymous_4)
FNDA:0,(anonymous_5)
FNDA:0,(anonymous_6)
FNDA:0,(anonymous_7)
FNDA:0,(anonymous_8)
FNDA:0,(anonymous_9)
FNDA:0,(anonymous_10)
DA:4,0
DA:5,0
DA:6,0
DA:14,0
DA:15,0
DA:16,0
DA:23,0
DA:24,0
DA:25,0
DA:28,0
DA:29,0
DA:32,0
DA:35,0
DA:38,0
DA:41,0
DA:43,0
DA:44,0
DA:47,0
DA:48,0
DA:56,0
DA:58,0
DA:59,0
DA:61,0
DA:68,0
DA:70,0
DA:71,0
DA:73,0
DA:80,0
DA:82,0
DA:110,0
DA:117,0
DA:119,0
DA:121,0
DA:123,0
DA:125,0
DA:126,0
DA:128,0
DA:131,0
DA:139,0
DA:140,0
DA:142,0
DA:149,0
DA:150,0
DA:152,0
DA:159,0
DA:160,0
DA:167,0
DA:168,0
DA:169,0
DA:171,0
DA:177,0
DA:189,0
DA:190,0
DA:191,0
DA:194,0
DA:195,0
DA:197,0
DA:198,0
DA:201,0
DA:202,0
DA:205,0
DA:206,0
DA:209,0
DA:210,0
DA:218,0
DA:219,0
DA:225,0
DA:226,0
DA:228,0
DA:234,0
DA:244,0
DA:246,0
LF:72
LH:0
BRDA:23,0,0,0
BRDA:23,0,1,0
BRDA:123,1,0,0
BRDA:123,1,1,0
BRDA:139,2,0,0
BRDA:139,2,1,0
BRDA:149,3,0,0
BRDA:149,3,1,0
BRDA:159,4,0,0
BRDA:159,4,1,0
BRDA:189,5,0,0
BRDA:189,5,1,0
BRDA:197,6,0,0
BRDA:197,6,1,0
BRDA:201,7,0,0
BRDA:201,7,1,0
BRDA:218,8,0,0
BRDA:218,8,1,0
BRF:18
BRH:0
end_of_record
TN:
SF:modules/data/DataLayerManager.js
FN:13,(anonymous_0)
FN:37,(anonymous_1)
FN:57,(anonymous_2)
FN:59,(anonymous_3)
FN:65,(anonymous_4)
FN:69,(anonymous_5)
FN:81,(anonymous_6)
FN:89,(anonymous_7)
FN:103,(anonymous_8)
FN:111,(anonymous_9)
FN:124,(anonymous_10)
FN:133,(anonymous_11)
FN:142,(anonymous_12)
FN:155,(anonymous_13)
FN:163,(anonymous_14)
FN:177,(anonymous_15)
FN:185,(anonymous_16)
FN:192,(anonymous_17)
FN:200,(anonymous_18)
FN:211,(anonymous_19)
FN:220,(anonymous_20)
FN:227,(anonymous_21)
FN:240,(anonymous_22)
FN:247,(anonymous_23)
FN:254,(anonymous_24)
FN:263,(anonymous_25)
FN:275,(anonymous_26)
FN:305,(anonymous_27)
FN:328,(anonymous_28)
FNF:29
FNH:0
FNDA:0,(anonymous_0)
FNDA:0,(anonymous_1)
FNDA:0,(anonymous_2)
FNDA:0,(anonymous_3)
FNDA:0,(anonymous_4)
FNDA:0,(anonymous_5)
FNDA:0,(anonymous_6)
FNDA:0,(anonymous_7)
FNDA:0,(anonymous_8)
FNDA:0,(anonymous_9)
FNDA:0,(anonymous_10)
FNDA:0,(anonymous_11)
FNDA:0,(anonymous_12)
FNDA:0,(anonymous_13)
FNDA:0,(anonymous_14)
FNDA:0,(anonymous_15)
FNDA:0,(anonymous_16)
FNDA:0,(anonymous_17)
FNDA:0,(anonymous_18)
FNDA:0,(anonymous_19)
FNDA:0,(anonymous_20)
FNDA:0,(anonymous_21)
FNDA:0,(anonymous_22)
FNDA:0,(anonymous_23)
FNDA:0,(anonymous_24)
FNDA:0,(anonymous_25)
FNDA:0,(anonymous_26)
FNDA:0,(anonymous_27)
FNDA:0,(anonymous_28)
DA:4,0
DA:5,0
DA:6,0
DA:14,0
DA:17,0
DA:20,0
DA:23,0
DA:26,0
DA:29,0
DA:31,0
DA:39,0
DA:42,0
DA:45,0
DA:48,0
DA:51,0
DA:59,0
DA:60,0
DA:65,0
DA:66,0
DA:69,0
DA:70,0
DA:82,0
DA:90,0
DA:93,0
DA:95,0
DA:104,0
DA:112,0
DA:115,0
DA:117,0
DA:125,0
DA:134,0
DA:143,0
DA:146,0
DA:148,0
DA:156,0
DA:164,0
DA:167,0
DA:169,0
DA:178,0
DA:186,0
DA:193,0
DA:201,0
DA:212,0
DA:221,0
DA:228,0
DA:241,0
DA:248,0
DA:255,0
DA:264,0
DA:276,0
DA:278,0
DA:281,0
DA:284,0
DA:286,0
DA:294,0
DA:306,0
DA:308,0
DA:310,0
DA:313,0
DA:316,0
DA:318,0
DA:320,0
DA:329,0
DA:333,0
LF:64
LH:0
BRDA:13,0,0,0
BRDA:81,1,0,0
BRDA:103,2,0,0
BRDA:124,3,0,0
BRDA:133,4,0,0
BRDA:155,5,0,0
BRDA:240,6,0,0
BRDA:328,7,0,0
BRF:8
BRH:0
end_of_record
TN:
SF:modules/data/DataPersistenceManager.js
FN:11,(anonymous_0)
FN:45,(anonymous_1)
FN:77,(anonymous_2)
FN:125,(anonymous_3)
FN:143,(anonymous_4)
FN:189,(anonymous_5)
FN:212,(anonymous_6)
FN:222,(anonymous_7)
FN:250,(anonymous_8)
FN:276,(anonymous_9)
FN:291,(anonymous_10)
FN:292,(anonymous_11)
FN:306,(anonymous_12)
FN:325,(anonymous_13)
FN:349,(anonymous_14)
FN:356,(anonymous_15)
FN:364,(anonymous_16)
FN:376,(anonymous_17)
FNF:18
FNH:0
FNDA:0,(anonymous_0)
FNDA:0,(anonymous_1)
FNDA:0,(anonymous_2)
FNDA:0,(anonymous_3)
FNDA:0,(anonymous_4)
FNDA:0,(anonymous_5)
FNDA:0,(anonymous_6)
FNDA:0,(anonymous_7)
FNDA:0,(anonymous_8)
FNDA:0,(anonymous_9)
FNDA:0,(anonymous_10)
FNDA:0,(anonymous_11)
FNDA:0,(anonymous_12)
FNDA:0,(anonymous_13)
FNDA:0,(anonymous_14)
FNDA:0,(anonymous_15)
FNDA:0,(anonymous_16)
FNDA:0,(anonymous_17)
DA:4,0
DA:12,0
DA:13,0
DA:14,0
DA:17,0
DA:27,0
DA:30,0
DA:33,0
DA:34,0
DA:46,0
DA:49,0
DA:58,0
DA:59,0
DA:61,0
DA:67,0
DA:78,0
DA:79,0
DA:81,0
DA:83,0
DA:84,0
DA:87,0
DA:88,0
DA:91,0
DA:92,0
DA:95,0
DA:96,0
DA:99,0
DA:100,0
DA:103,0
DA:107,0
DA:109,0
DA:110,0
DA:113,0
DA:114,0
DA:115,0
DA:126,0
DA:128,0
DA:129,0
DA:133,0
DA:144,0
DA:146,0
DA:147,0
DA:165,0
DA:192,0
DA:193,0
DA:213,0
DA:223,0
DA:225,0
DA:226,0
DA:236,0
DA:251,0
DA:252,0
DA:253,0
DA:256,0
DA:258,0
DA:260,0
DA:261,0
DA:262,0
DA:264,0
DA:268,0
DA:277,0
DA:278,0
DA:279,0
DA:280,0
DA:284,0
DA:285,0
DA:292,0
DA:293,0
DA:294,0
DA:296,0
DA:300,0
DA:307,0
DA:309,0
DA:311,0
DA:312,0
DA:313,0
DA:315,0
DA:319,0
DA:326,0
DA:328,0
DA:330,0
DA:331,0
DA:332,0
DA:333,0
DA:334,0
DA:335,0
DA:337,0
DA:343,0
DA:350,0
DA:351,0
DA:352,0
DA:354,0
DA:356,0
DA:365,0
DA:366,0
DA:367,0
DA:369,0
DA:377,0
DA:379,0
DA:382,0
DA:383,0
DA:384,0
DA:389,0
DA:390,0
DA:391,0
DA:392,0
DA:395,0
DA:396,0
DA:400,0
DA:404,0
LF:110
LH:0
BRDA:11,0,0,0
BRDA:33,1,0,0
BRDA:33,1,1,0
BRDA:45,2,0,0
BRDA:58,3,0,0
BRDA:58,3,1,0
BRDA:77,4,0,0
BRDA:81,5,0,0
BRDA:81,5,1,0
BRDA:81,5,2,0
BRDA:81,5,3,0
BRDA:81,5,4,0
BRDA:81,5,5,0
BRDA:125,6,0,0
BRDA:126,7,0,0
BRDA:126,7,1,0
BRDA:143,8,0,0
BRDA:144,9,0,0
BRDA:144,9,1,0
BRDA:159,10,0,0
BRDA:159,10,1,0
BRDA:177,11,0,0
BRDA:177,11,1,0
BRDA:189,12,0,0
BRDA:192,13,0,0
BRDA:192,13,1,0
BRDA:212,14,0,0
BRDA:222,15,0,0
BRDA:223,16,0,0
BRDA:223,16,1,0
BRDA:252,17,0,0
BRDA:252,17,1,0
BRDA:252,18,0,0
BRDA:252,18,1,0
BRDA:277,19,0,0
BRDA:277,19,1,0
BRDA:279,20,0,0
BRDA:279,20,1,0
BRDA:332,21,0,0
BRDA:332,21,1,0
BRDA:365,22,0,0
BRDA:365,22,1,0
BRDA:376,23,0,0
BRDA:383,24,0,0
BRDA:383,24,1,0
BRDA:391,25,0,0
BRDA:391,25,1,0
BRDA:395,26,0,0
BRDA:395,26,1,0
BRF:49
BRH:0
end_of_record
TN:
SF:modules/data/DataRefreshManager.js
FN:5,(anonymous_0)
FN:18,(anonymous_1)
FN:50,(anonymous_2)
FN:71,(anonymous_3)
FN:85,(anonymous_4)
FN:109,(anonymous_5)
FN:132,(anonymous_6)
FNF:7
FNH:0
FNDA:0,(anonymous_0)
FNDA:0,(anonymous_1)
FNDA:0,(anonymous_2)
FNDA:0,(anonymous_3)
FNDA:0,(anonymous_4)
FNDA:0,(anonymous_5)
FNDA:0,(anonymous_6)
DA:6,0
DA:7,0
DA:19,0
DA:20,0
DA:21,0
DA:22,0
DA:23,0
DA:26,0
DA:32,0
DA:34,0
DA:37,0
DA:38,0
DA:40,0
DA:42,0
DA:43,0
DA:51,0
DA:52,0
DA:53,0
DA:54,0
DA:56,0
DA:62,0
DA:64,0
DA:72,0
DA:73,0
DA:74,0
DA:75,0
DA:78,0
DA:79,0
DA:86,0
DA:87,0
DA:88,0
DA:90,0
DA:91,0
DA:92,0
DA:93,0
DA:94,0
DA:99,0
DA:101,0
DA:102,0
DA:110,0
DA:111,0
DA:122,0
DA:124,0
DA:125,0
DA:133,0
DA:134,0
DA:136,0
DA:141,0
DA:143,0
DA:148,0
LF:50
LH:0
BRDA:21,0,0,0
BRDA:21,0,1,0
BRDA:32,1,0,0
BRDA:32,1,1,0
BRDA:50,2,0,0
BRDA:93,3,0,0
BRDA:93,3,1,0
BRF:7
BRH:0
end_of_record
TN:
SF:modules/data/DeltaManager.js
FN:8,(anonymous_0)
FN:18,(anonymous_1)
FN:38,(anonymous_2)
FN:53,(anonymous_3)
FN:57,(anonymous_4)
FN:66,(anonymous_5)
FN:70,(anonymous_6)
FN:73,(anonymous_7)
FN:92,(anonymous_8)
FN:120,(anonymous_9)
FN:133,(anonymous_10)
FN:141,(anonymous_11)
FN:155,(anonymous_12)
FN:164,(anonymous_13)
FN:181,(anonymous_14)
FN:191,(anonymous_15)
FNF:16
FNH:0
FNDA:0,(anonymous_0)
FNDA:0,(anonymous_1)
FNDA:0,(anonymous_2)
FNDA:0,(anonymous_3)
FNDA:0,(anonymous_4)
FNDA:0,(anonymous_5)
FNDA:0,(anonymous_6)
FNDA:0,(anonymous_7)
FNDA:0,(anonymous_8)
FNDA:0,(anonymous_9)
FNDA:0,(anonymous_10)
FNDA:0,(anonymous_11)
FNDA:0,(anonymous_12)
FNDA:0,(anonymous_13)
FNDA:0,(anonymous_14)
FNDA:0,(anonymous_15)
DA:1,0
DA:9,0
DA:10,0
DA:11,0
DA:19,0
DA:20,0
DA:21,0
DA:24,0
DA:25,0
DA:27,0
DA:28,0
DA:31,0
DA:39,0
DA:40,0
DA:43,0
DA:51,0
DA:53,0
DA:54,0
DA:57,0
DA:58,0
DA:59,0
DA:60,0
DA:62,0
DA:66,0
DA:67,0
DA:70,0
DA:71,0
DA:73,0
DA:74,0
DA:75,0
DA:80,0
DA:83,0
DA:93,0
DA:94,0
DA:96,0
DA:98,0
DA:101,0
DA:105,0
DA:106,0
DA:108,0
DA:111,0
DA:112,0
DA:121,0
DA:134,0
DA:142,0
DA:143,0
DA:144,0
DA:145,0
DA:146,0
DA:147,0
DA:148,0
DA:156,0
DA:157,0
DA:165,0
DA:167,0
DA:168,0
DA:169,0
DA:173,0
DA:174,0
DA:182,0
DA:183,0
DA:192,0
DA:193,0
DA:194,0
DA:196,0
DA:197,0
DA:201,0
LF:67
LH:0
BRDA:19,0,0,0
BRDA:19,0,1,0
BRDA:74,1,0,0
BRDA:74,1,1,0
BRDA:93,2,0,0
BRDA:93,2,1,0
BRDA:96,3,0,0
BRDA:96,3,1,0
BRDA:105,4,0,0
BRDA:105,4,1,0
BRDA:108,5,0,0
BRDA:108,5,1,0
BRDA:121,6,0,0
BRDA:121,6,1,0
BRDA:143,7,0,0
BRDA:143,7,1,0
BRDA:168,8,0,0
BRDA:168,8,1,0
BRDA:182,9,0,0
BRDA:182,9,1,0
BRDA:193,10,0,0
BRDA:193,10,1,0
BRDA:193,11,0,0
BRDA:193,11,1,0
BRF:24
BRH:0
end_of_record
TN:
SF:modules/data/MemoryOptimizedManager.js
FN:7,(anonymous_0)
FN:33,(anonymous_1)
FN:43,(anonymous_2)
FN:49,(anonymous_3)
FN:65,(anonymous_4)
FN:74,(anonymous_5)
FN:81,(anonymous_6)
FN:96,(anonymous_7)
FN:115,(anonymous_8)
FN:125,(anonymous_9)
FN:130,(anonymous_10)
FN:154,(anonymous_11)
FN:164,(anonymous_12)
FN:175,(anonymous_13)
FN:202,(anonymous_14)
FN:209,(anonymous_15)
FN:237,(anonymous_16)
FN:239,(anonymous_17)
FN:248,(anonymous_18)
FN:261,(anonymous_19)
FNF:20
FNH:0
FNDA:0,(anonymous_0)
FNDA:0,(anonymous_1)
FNDA:0,(anonymous_2)
FNDA:0,(anonymous_3)
FNDA:0,(anonymous_4)
FNDA:0,(anonymous_5)
FNDA:0,(anonymous_6)
FNDA:0,(anonymous_7)
FNDA:0,(anonymous_8)
FNDA:0,(anonymous_9)
FNDA:0,(anonymous_10)
FNDA:0,(anonymous_11)
FNDA:0,(anonymous_12)
FNDA:0,(anonymous_13)
FNDA:0,(anonymous_14)
FNDA:0,(anonymous_15)
FNDA:0,(anonymous_16)
FNDA:0,(anonymous_17)
FNDA:0,(anonymous_18)
FNDA:0,(anonymous_19)
DA:4,0
DA:8,0
DA:11,0
DA:14,0
DA:15,0
DA:16,0
DA:19,0
DA:20,0
DA:27,0
DA:34,0
DA:35,0
DA:42,0
DA:43,0
DA:44,0
DA:50,0
DA:51,0
DA:56,0
DA:58,0
DA:66,0
DA:67,0
DA:74,0
DA:75,0
DA:82,0
DA:83,0
DA:87,0
DA:89,0
DA:97,0
DA:98,0
DA:101,0
DA:109,0
DA:116,0
DA:117,0
DA:119,0
DA:120,0
DA:124,0
DA:125,0
DA:126,0
DA:131,0
DA:132,0
DA:136,0
DA:138,0
DA:144,0
DA:146,0
DA:147,0
DA:155,0
DA:165,0
DA:166,0
DA:167,0
DA:169,0
DA:176,0
DA:177,0
DA:179,0
DA:180,0
DA:182,0
DA:196,0
DA:203,0
DA:210,0
DA:213,0
DA:214,0
DA:215,0
DA:220,0
DA:221,0
DA:222,0
DA:227,0
DA:228,0
DA:229,0
DA:239,0
DA:240,0
DA:241,0
DA:249,0
DA:262,0
DA:263,0
DA:264,0
DA:265,0
DA:266,0
DA:270,0
LF:76
LH:0
BRDA:50,0,0,0
BRDA:50,0,1,0
BRDA:82,1,0,0
BRDA:82,1,1,0
BRDA:115,2,0,0
BRDA:119,3,0,0
BRDA:119,3,1,0
BRDA:119,4,0,0
BRDA:119,4,1,0
BRDA:131,5,0,0
BRDA:131,5,1,0
BRDA:136,6,0,0
BRDA:136,6,1,0
BRDA:166,7,0,0
BRDA:166,7,1,0
BRDA:166,8,0,0
BRDA:166,8,1,0
BRDA:180,9,0,0
BRDA:180,9,1,0
BRDA:214,10,0,0
BRDA:214,10,1,0
BRDA:221,11,0,0
BRDA:221,11,1,0
BRDA:228,12,0,0
BRDA:228,12,1,0
BRF:25
BRH:0
end_of_record
TN:
SF:modules/database/DatabaseManager.js
FN:8,(anonymous_0)
FN:18,(anonymous_1)
FN:19,(anonymous_2)
FN:20,(anonymous_3)
FN:32,(anonymous_4)
FN:162,(anonymous_5)
FN:174,(anonymous_6)
FN:186,(anonymous_7)
FN:187,(anonymous_8)
FN:188,(anonymous_9)
FN:198,(anonymous_10)
FN:199,(anonymous_11)
FN:200,(anonymous_12)
FN:211,(anonymous_13)
FN:308,(anonymous_14)
FN:326,(anonymous_15)
FN:344,(anonymous_16)
FN:352,(anonymous_17)
FN:365,(anonymous_18)
FN:378,(anonymous_19)
FN:396,(anonymous_20)
FN:409,(anonymous_21)
FN:423,(anonymous_22)
FN:425,(anonymous_23)
FN:429,(anonymous_24)
FN:430,(anonymous_25)
FN:431,(anonymous_26)
FN:432,(anonymous_27)
FN:441,(anonymous_28)
FN:450,(anonymous_29)
FN:459,(anonymous_30)
FN:480,(anonymous_31)
FN:492,(anonymous_32)
FN:502,(anonymous_33)
FN:516,(anonymous_34)
FN:540,(anonymous_35)
FN:552,(anonymous_36)
FN:556,(anonymous_37)
FN:565,(anonymous_38)
FNF:39
FNH:0
FNDA:0,(anonymous_0)
FNDA:0,(anonymous_1)
FNDA:0,(anonymous_2)
FNDA:0,(anonymous_3)
FNDA:0,(anonymous_4)
FNDA:0,(anonymous_5)
FNDA:0,(anonymous_6)
FNDA:0,(anonymous_7)
FNDA:0,(anonymous_8)
FNDA:0,(anonymous_9)
FNDA:0,(anonymous_10)
FNDA:0,(anonymous_11)
FNDA:0,(anonymous_12)
FNDA:0,(anonymous_13)
FNDA:0,(anonymous_14)
FNDA:0,(anonymous_15)
FNDA:0,(anonymous_16)
FNDA:0,(anonymous_17)
FNDA:0,(anonymous_18)
FNDA:0,(anonymous_19)
FNDA:0,(anonymous_20)
FNDA:0,(anonymous_21)
FNDA:0,(anonymous_22)
FNDA:0,(anonymous_23)
FNDA:0,(anonymous_24)
FNDA:0,(anonymous_25)
FNDA:0,(anonymous_26)
FNDA:0,(anonymous_27)
FNDA:0,(anonymous_28)
FNDA:0,(anonymous_29)
FNDA:0,(anonymous_30)
FNDA:0,(anonymous_31)
FNDA:0,(anonymous_32)
FNDA:0,(anonymous_33)
FNDA:0,(anonymous_34)
FNDA:0,(anonymous_35)
FNDA:0,(anonymous_36)
FNDA:0,(anonymous_37)
FNDA:0,(anonymous_38)
DA:4,0
DA:5,0
DA:9,0
DA:11,0
DA:12,0
DA:14,0
DA:19,0
DA:20,0
DA:21,0
DA:22,0
DA:23,0
DA:25,0
DA:26,0
DA:33,0
DA:154,0
DA:155,0
DA:158,0
DA:159,0
DA:163,0
DA:164,0
DA:166,0
DA:167,0
DA:175,0
DA:177,0
DA:178,0
DA:179,0
DA:187,0
DA:188,0
DA:189,0
DA:190,0
DA:192,0
DA:199,0
DA:200,0
DA:201,0
DA:202,0
DA:204,0
DA:213,0
DA:215,0
DA:217,0
DA:228,0
DA:263,0
DA:266,0
DA:275,0
DA:303,0
DA:309,0
DA:314,0
DA:322,0
DA:327,0
DA:332,0
DA:340,0
DA:345,0
DA:346,0
DA:348,0
DA:353,0
DA:360,0
DA:361,0
DA:366,0
DA:373,0
DA:374,0
DA:379,0
DA:391,0
DA:392,0
DA:397,0
DA:398,0
DA:399,0
DA:401,0
DA:402,0
DA:404,0
DA:410,0
DA:411,0
DA:412,0
DA:413,0
DA:415,0
DA:418,0
DA:424,0
DA:425,0
DA:430,0
DA:431,0
DA:432,0
DA:433,0
DA:434,0
DA:441,0
DA:442,0
DA:443,0
DA:450,0
DA:451,0
DA:452,0
DA:459,0
DA:460,0
DA:476,0
DA:481,0
DA:482,0
DA:486,0
DA:488,0
DA:493,0
DA:494,0
DA:495,0
DA:497,0
DA:503,0
DA:504,0
DA:509,0
DA:511,0
DA:517,0
DA:518,0
DA:522,0
DA:524,0
DA:525,0
DA:526,0
DA:529,0
DA:530,0
DA:532,0
DA:534,0
DA:535,0
DA:541,0
DA:542,0
DA:546,0
DA:548,0
DA:553,0
DA:554,0
DA:555,0
DA:556,0
DA:557,0
DA:559,0
DA:561,0
DA:566,0
DA:567,0
DA:572,0
LF:127
LH:0
BRDA:11,0,0,0
BRDA:11,0,1,0
BRDA:21,1,0,0
BRDA:21,1,1,0
BRDA:166,2,0,0
BRDA:166,2,1,0
BRDA:186,3,0,0
BRDA:189,4,0,0
BRDA:189,4,1,0
BRDA:198,5,0,0
BRDA:201,6,0,0
BRDA:201,6,1,0
BRDA:215,7,0,0
BRDA:215,7,1,0
BRDA:230,8,0,0
BRDA:230,8,1,0
BRDA:238,9,0,0
BRDA:238,9,1,0
BRDA:240,10,0,0
BRDA:240,10,1,0
BRDA:253,11,0,0
BRDA:253,11,1,0
BRDA:256,12,0,0
BRDA:256,12,1,0
BRDA:300,13,0,0
BRDA:300,13,1,0
BRDA:316,14,0,0
BRDA:316,14,1,0
BRDA:318,15,0,0
BRDA:318,15,1,0
BRDA:319,16,0,0
BRDA:319,16,1,0
BRDA:334,17,0,0
BRDA:334,17,1,0
BRDA:336,18,0,0
BRDA:336,18,1,0
BRDA:337,19,0,0
BRDA:337,19,1,0
BRDA:344,20,0,0
BRDA:345,21,0,0
BRDA:345,21,1,0
BRDA:352,22,0,0
BRDA:352,23,0,0
BRDA:355,24,0,0
BRDA:355,24,1,0
BRDA:360,25,0,0
BRDA:360,25,1,0
BRDA:374,26,0,0
BRDA:374,26,1,0
BRDA:378,27,0,0
BRDA:378,28,0,0
BRDA:382,29,0,0
BRDA:382,29,1,0
BRDA:386,30,0,0
BRDA:386,30,1,0
BRDA:391,31,0,0
BRDA:391,31,1,0
BRDA:401,32,0,0
BRDA:401,32,1,0
BRDA:412,33,0,0
BRDA:412,33,1,0
BRDA:433,34,0,0
BRDA:433,34,1,0
BRDA:442,35,0,0
BRDA:442,35,1,0
BRDA:451,36,0,0
BRDA:451,36,1,0
BRDA:464,37,0,0
BRDA:464,37,1,0
BRDA:492,38,0,0
BRDA:495,39,0,0
BRDA:495,39,1,0
BRDA:502,40,0,0
BRDA:516,41,0,0
BRDA:516,42,0,0
BRDA:524,43,0,0
BRDA:524,43,1,0
BRDA:566,44,0,0
BRDA:566,44,1,0
BRF:79
BRH:0
end_of_record
TN:
SF:modules/database/DatabaseSchemaUpdater.js
FN:5,(anonymous_0)
FN:12,(anonymous_1)
FN:50,(anonymous_2)
FN:73,(anonymous_3)
FN:93,(anonymous_4)
FN:114,(anonymous_5)
FN:137,(anonymous_6)
FN:153,(anonymous_7)
FN:183,(anonymous_8)
FN:202,(anonymous_9)
FN:213,(anonymous_10)
FN:249,(anonymous_11)
FN:254,(anonymous_12)
FN:268,(anonymous_13)
FN:276,(anonymous_14)
FN:289,(anonymous_15)
FN:301,(anonymous_16)
FN:311,(anonymous_17)
FN:343,(anonymous_18)
FN:355,(anonymous_19)
FN:378,(anonymous_20)
FN:392,(anonymous_21)
FN:417,(anonymous_22)
FN:447,(anonymous_23)
FN:487,(anonymous_24)
FN:508,(anonymous_25)
FN:530,(anonymous_26)
FNF:27
FNH:0
FNDA:0,(anonymous_0)
FNDA:0,(anonymous_1)
FNDA:0,(anonymous_2)
FNDA:0,(anonymous_3)
FNDA:0,(anonymous_4)
FNDA:0,(anonymous_5)
FNDA:0,(anonymous_6)
FNDA:0,(anonymous_7)
FNDA:0,(anonymous_8)
FNDA:0,(anonymous_9)
FNDA:0,(anonymous_10)
FNDA:0,(anonymous_11)
FNDA:0,(anonymous_12)
FNDA:0,(anonymous_13)
FNDA:0,(anonymous_14)
FNDA:0,(anonymous_15)
FNDA:0,(anonymous_16)
FNDA:0,(anonymous_17)
FNDA:0,(anonymous_18)
FNDA:0,(anonymous_19)
FNDA:0,(anonymous_20)
FNDA:0,(anonymous_21)
FNDA:0,(anonymous_22)
FNDA:0,(anonymous_23)
FNDA:0,(anonymous_24)
FNDA:0,(anonymous_25)
FNDA:0,(anonymous_26)
DA:6,0
DA:13,0
DA:15,0
DA:17,0
DA:20,0
DA:23,0
DA:26,0
DA:29,0
DA:32,0
DA:35,0
DA:38,0
DA:40,0
DA:42,0
DA:43,0
DA:51,0
DA:66,0
DA:67,0
DA:74,0
DA:86,0
DA:87,0
DA:94,0
DA:107,0
DA:108,0
DA:115,0
DA:130,0
DA:131,0
DA:139,0
DA:142,0
DA:145,0
DA:147,0
DA:154,0
DA:169,0
DA:170,0
DA:171,0
DA:173,0
DA:177,0
DA:184,0
DA:190,0
DA:191,0
DA:192,0
DA:194,0
DA:204,0
DA:207,0
DA:214,0
DA:237,0
DA:238,0
DA:239,0
DA:241,0
DA:251,0
DA:252,0
DA:254,0
DA:256,0
DA:257,0
DA:258,0
DA:259,0
DA:261,0
DA:270,0
DA:277,0
DA:278,0
DA:279,0
DA:281,0
DA:282,0
DA:290,0
DA:291,0
DA:292,0
DA:294,0
DA:302,0
DA:303,0
DA:305,0
DA:312,0
DA:314,0
DA:316,0
DA:317,0
DA:318,0
DA:322,0
DA:325,0
DA:328,0
DA:331,0
DA:333,0
DA:335,0
DA:336,0
DA:344,0
DA:349,0
DA:356,0
DA:358,0
DA:360,0
DA:363,0
DA:366,0
DA:368,0
DA:370,0
DA:371,0
DA:380,0
DA:386,0
DA:394,0
DA:401,0
DA:402,0
DA:408,0
DA:411,0
DA:419,0
DA:421,0
DA:423,0
DA:426,0
DA:441,0
DA:449,0
DA:458,0
DA:466,0
DA:467,0
DA:469,0
DA:472,0
DA:475,0
DA:488,0
DA:501,0
DA:502,0
DA:509,0
DA:523,0
DA:524,0
DA:531,0
DA:544,0
DA:545,0
DA:549,0
LF:120
LH:0
BRDA:256,0,0,0
BRDA:256,0,1,0
BRDA:279,1,0,0
BRDA:279,1,1,0
BRDA:316,2,0,0
BRDA:316,2,1,0
BRDA:466,3,0,0
BRDA:466,3,1,0
BRDA:467,4,0,0
BRDA:467,4,1,0
BRDA:469,5,0,0
BRDA:469,5,1,0
BRDA:472,6,0,0
BRDA:472,6,1,0
BRDA:479,7,0,0
BRDA:479,7,1,0
BRF:16
BRH:0
end_of_record
TN:
SF:modules/database/SimulationManager.js
FN:8,(anonymous_0)
FN:15,(anonymous_1)
FN:20,(anonymous_2)
FN:25,(anonymous_3)
FN:50,(anonymous_4)
FN:61,(anonymous_5)
FN:120,(anonymous_6)
FN:128,(anonymous_7)
FN:150,(anonymous_8)
FN:168,(anonymous_9)
FN:177,(anonymous_10)
FN:210,(anonymous_11)
FN:277,(anonymous_12)
FN:288,(anonymous_13)
FN:306,(anonymous_14)
FN:331,(anonymous_15)
FN:352,(anonymous_16)
FN:397,(anonymous_17)
FN:412,(anonymous_18)
FN:433,(anonymous_19)
FN:470,(anonymous_20)
FN:487,(anonymous_21)
FN:504,(anonymous_22)
FN:520,(anonymous_23)
FN:535,(anonymous_24)
FN:561,(anonymous_25)
FN:570,(anonymous_26)
FN:590,(anonymous_27)
FN:627,(anonymous_28)
FN:704,(anonymous_29)
FN:757,(anonymous_30)
FN:758,(anonymous_31)
FN:891,(anonymous_32)
FN:898,(anonymous_33)
FN:904,(anonymous_34)
FN:919,(anonymous_35)
FNF:36
FNH:0
FNDA:0,(anonymous_0)
FNDA:0,(anonymous_1)
FNDA:0,(anonymous_2)
FNDA:0,(anonymous_3)
FNDA:0,(anonymous_4)
FNDA:0,(anonymous_5)
FNDA:0,(anonymous_6)
FNDA:0,(anonymous_7)
FNDA:0,(anonymous_8)
FNDA:0,(anonymous_9)
FNDA:0,(anonymous_10)
FNDA:0,(anonymous_11)
FNDA:0,(anonymous_12)
FNDA:0,(anonymous_13)
FNDA:0,(anonymous_14)
FNDA:0,(anonymous_15)
FNDA:0,(anonymous_16)
FNDA:0,(anonymous_17)
FNDA:0,(anonymous_18)
FNDA:0,(anonymous_19)
FNDA:0,(anonymous_20)
FNDA:0,(anonymous_21)
FNDA:0,(anonymous_22)
FNDA:0,(anonymous_23)
FNDA:0,(anonymous_24)
FNDA:0,(anonymous_25)
FNDA:0,(anonymous_26)
FNDA:0,(anonymous_27)
FNDA:0,(anonymous_28)
FNDA:0,(anonymous_29)
FNDA:0,(anonymous_30)
FNDA:0,(anonymous_31)
FNDA:0,(anonymous_32)
FNDA:0,(anonymous_33)
FNDA:0,(anonymous_34)
FNDA:0,(anonymous_35)
DA:4,0
DA:5,0
DA:9,0
DA:11,0
DA:12,0
DA:16,0
DA:17,0
DA:20,0
DA:21,0
DA:26,0
DA:27,0
DA:32,0
DA:33,0
DA:34,0
DA:35,0
DA:36,0
DA:37,0
DA:46,0
DA:51,0
DA:52,0
DA:53,0
DA:55,0
DA:56,0
DA:62,0
DA:63,0
DA:68,0
DA:69,0
DA:70,0
DA:73,0
DA:76,0
DA:77,0
DA:78,0
DA:79,0
DA:80,0
DA:82,0
DA:86,0
DA:89,0
DA:92,0
DA:100,0
DA:102,0
DA:105,0
DA:120,0
DA:121,0
DA:124,0
DA:129,0
DA:132,0
DA:134,0
DA:135,0
DA:137,0
DA:140,0
DA:143,0
DA:144,0
DA:151,0
DA:152,0
DA:153,0
DA:155,0
DA:156,0
DA:157,0
DA:159,0
DA:160,0
DA:161,0
DA:162,0
DA:164,0
DA:169,0
DA:178,0
DA:179,0
DA:191,0
DA:192,0
DA:193,0
DA:195,0
DA:206,0
DA:211,0
DA:213,0
DA:214,0
DA:215,0
DA:216,0
DA:217,0
DA:221,0
DA:228,0
DA:229,0
DA:230,0
DA:231,0
DA:235,0
DA:236,0
DA:239,0
DA:240,0
DA:241,0
DA:243,0
DA:244,0
DA:245,0
DA:249,0
DA:250,0
DA:251,0
DA:253,0
DA:259,0
DA:262,0
DA:277,0
DA:278,0
DA:281,0
DA:283,0
DA:284,0
DA:289,0
DA:290,0
DA:291,0
DA:301,0
DA:302,0
DA:307,0
DA:308,0
DA:310,0
DA:316,0
DA:323,0
DA:324,0
DA:332,0
DA:334,0
DA:336,0
DA:337,0
DA:338,0
DA:339,0
DA:340,0
DA:342,0
DA:343,0
DA:344,0
DA:345,0
DA:348,0
DA:353,0
DA:354,0
DA:357,0
DA:360,0
DA:363,0
DA:370,0
DA:382,0
DA:383,0
DA:398,0
DA:399,0
DA:404,0
DA:406,0
DA:407,0
DA:413,0
DA:414,0
DA:428,0
DA:433,0
DA:434,0
DA:436,0
DA:437,0
DA:446,0
DA:447,0
DA:459,0
DA:461,0
DA:462,0
DA:471,0
DA:472,0
DA:487,0
DA:498,0
DA:499,0
DA:505,0
DA:506,0
DA:520,0
DA:530,0
DA:531,0
DA:536,0
DA:538,0
DA:548,0
DA:558,0
DA:561,0
DA:562,0
DA:570,0
DA:571,0
DA:572,0
DA:574,0
DA:582,0
DA:584,0
DA:585,0
DA:591,0
DA:593,0
DA:599,0
DA:601,0
DA:610,0
DA:613,0
DA:614,0
DA:616,0
DA:619,0
DA:621,0
DA:622,0
DA:628,0
DA:630,0
DA:636,0
DA:638,0
DA:640,0
DA:642,0
DA:643,0
DA:644,0
DA:647,0
DA:648,0
DA:660,0
DA:673,0
DA:676,0
DA:677,0
DA:685,0
DA:686,0
DA:690,0
DA:692,0
DA:693,0
DA:705,0
DA:706,0
DA:707,0
DA:708,0
DA:709,0
DA:712,0
DA:713,0
DA:714,0
DA:715,0
DA:718,0
DA:719,0
DA:720,0
DA:721,0
DA:722,0
DA:723,0
DA:724,0
DA:725,0
DA:726,0
DA:727,0
DA:729,0
DA:730,0
DA:731,0
DA:735,0
DA:738,0
DA:741,0
DA:742,0
DA:743,0
DA:747,0
DA:748,0
DA:749,0
DA:753,0
DA:754,0
DA:755,0
DA:756,0
DA:757,0
DA:758,0
DA:764,0
DA:766,0
DA:770,0
DA:772,0
DA:776,0
DA:790,0
DA:792,0
DA:799,0
DA:803,0
DA:804,0
DA:805,0
DA:808,0
DA:809,0
DA:811,0
DA:812,0
DA:817,0
DA:819,0
DA:827,0
DA:828,0
DA:831,0
DA:832,0
DA:837,0
DA:838,0
DA:839,0
DA:840,0
DA:843,0
DA:844,0
DA:849,0
DA:850,0
DA:851,0
DA:853,0
DA:854,0
DA:856,0
DA:857,0
DA:860,0
DA:863,0
DA:865,0
DA:869,0
DA:871,0
DA:875,0
DA:877,0
DA:882,0
DA:883,0
DA:887,0
DA:893,0
DA:894,0
DA:900,0
DA:901,0
DA:905,0
DA:906,0
DA:907,0
DA:909,0
DA:910,0
DA:911,0
DA:913,0
DA:915,0
DA:920,0
DA:921,0
DA:925,0
DA:926,0
DA:929,0
DA:934,0
LF:300
LH:0
BRDA:16,0,0,0
BRDA:16,0,1,0
BRDA:34,1,0,0
BRDA:34,1,1,0
BRDA:36,2,0,0
BRDA:36,2,1,0
BRDA:68,3,0,0
BRDA:68,3,1,0
BRDA:77,4,0,0
BRDA:77,4,1,0
BRDA:79,5,0,0
BRDA:79,5,1,0
BRDA:132,6,0,0
BRDA:132,6,1,0
BRDA:135,7,0,0
BRDA:135,7,1,0
BRDA:159,8,0,0
BRDA:159,8,1,0
BRDA:161,9,0,0
BRDA:161,9,1,0
BRDA:191,10,0,0
BRDA:191,10,1,0
BRDA:193,11,0,0
BRDA:193,11,1,0
BRDA:210,12,0,0
BRDA:210,13,0,0
BRDA:210,14,0,0
BRDA:210,15,0,0
BRDA:210,16,0,0
BRDA:210,17,0,0
BRDA:210,18,0,0
BRDA:210,19,0,0
BRDA:214,20,0,0
BRDA:214,20,1,0
BRDA:214,21,0,0
BRDA:214,21,1,0
BRDA:216,22,0,0
BRDA:216,22,1,0
BRDA:216,23,0,0
BRDA:216,23,1,0
BRDA:228,24,0,0
BRDA:228,24,1,0
BRDA:240,25,0,0
BRDA:240,25,1,0
BRDA:291,26,0,0
BRDA:291,26,1,0
BRDA:306,27,0,0
BRDA:308,28,0,0
BRDA:308,28,1,0
BRDA:334,29,0,0
BRDA:334,29,1,0
BRDA:336,30,0,0
BRDA:336,30,1,0
BRDA:337,31,0,0
BRDA:337,31,1,0
BRDA:338,32,0,0
BRDA:338,32,1,0
BRDA:339,33,0,0
BRDA:339,33,1,0
BRDA:340,34,0,0
BRDA:340,34,1,0
BRDA:342,35,0,0
BRDA:342,35,1,0
BRDA:343,36,0,0
BRDA:343,36,1,0
BRDA:344,37,0,0
BRDA:344,37,1,0
BRDA:345,38,0,0
BRDA:345,38,1,0
BRDA:352,39,0,0
BRDA:352,40,0,0
BRDA:397,41,0,0
BRDA:434,42,0,0
BRDA:434,42,1,0
BRDA:436,43,0,0
BRDA:436,43,1,0
BRDA:446,44,0,0
BRDA:446,44,1,0
BRDA:492,45,0,0
BRDA:492,45,1,0
BRDA:493,46,0,0
BRDA:493,46,1,0
BRDA:494,47,0,0
BRDA:494,47,1,0
BRDA:495,48,0,0
BRDA:495,48,1,0
BRDA:525,49,0,0
BRDA:525,49,1,0
BRDA:571,50,0,0
BRDA:571,50,1,0
BRDA:613,51,0,0
BRDA:613,51,1,0
BRDA:627,52,0,0
BRDA:627,53,0,0
BRDA:642,54,0,0
BRDA:642,54,1,0
BRDA:647,55,0,0
BRDA:647,55,1,0
BRDA:676,56,0,0
BRDA:676,56,1,0
BRDA:686,57,0,0
BRDA:686,57,1,0
BRDA:704,58,0,0
BRDA:705,59,0,0
BRDA:705,59,1,0
BRDA:720,60,0,0
BRDA:720,60,1,0
BRDA:729,61,0,0
BRDA:729,61,1,0
BRDA:730,62,0,0
BRDA:730,62,1,0
BRDA:731,63,0,0
BRDA:731,63,1,0
BRDA:732,64,0,0
BRDA:732,64,1,0
BRDA:735,65,0,0
BRDA:735,65,1,0
BRDA:735,65,2,0
BRDA:738,66,0,0
BRDA:738,66,1,0
BRDA:741,67,0,0
BRDA:741,67,1,0
BRDA:742,68,0,0
BRDA:742,68,1,0
BRDA:743,69,0,0
BRDA:743,69,1,0
BRDA:747,70,0,0
BRDA:747,70,1,0
BRDA:748,71,0,0
BRDA:748,71,1,0
BRDA:749,72,0,0
BRDA:749,72,1,0
BRDA:753,73,0,0
BRDA:753,73,1,0
BRDA:753,74,0,0
BRDA:753,74,1,0
BRDA:755,75,0,0
BRDA:755,75,1,0
BRDA:764,76,0,0
BRDA:764,76,1,0
BRDA:764,77,0,0
BRDA:764,77,1,0
BRDA:764,77,2,0
BRDA:764,77,3,0
BRDA:770,78,0,0
BRDA:770,78,1,0
BRDA:770,79,0,0
BRDA:770,79,1,0
BRDA:770,79,2,0
BRDA:770,79,3,0
BRDA:796,80,0,0
BRDA:796,80,1,0
BRDA:799,81,0,0
BRDA:799,81,1,0
BRDA:799,82,0,0
BRDA:799,82,1,0
BRDA:803,83,0,0
BRDA:803,83,1,0
BRDA:803,84,0,0
BRDA:803,84,1,0
BRDA:805,85,0,0
BRDA:805,85,1,0
BRDA:805,86,0,0
BRDA:805,86,1,0
BRDA:808,87,0,0
BRDA:808,87,1,0
BRDA:808,88,0,0
BRDA:808,88,1,0
BRDA:811,89,0,0
BRDA:811,89,1,0
BRDA:811,90,0,0
BRDA:811,90,1,0
BRDA:817,91,0,0
BRDA:817,91,1,0
BRDA:820,92,0,0
BRDA:820,92,1,0
BRDA:821,93,0,0
BRDA:821,93,1,0
BRDA:822,94,0,0
BRDA:822,94,1,0
BRDA:823,95,0,0
BRDA:823,95,1,0
BRDA:827,96,0,0
BRDA:827,96,1,0
BRDA:831,97,0,0
BRDA:831,97,1,0
BRDA:837,98,0,0
BRDA:837,98,1,0
BRDA:843,99,0,0
BRDA:843,99,1,0
BRDA:849,100,0,0
BRDA:849,100,1,0
BRDA:849,101,0,0
BRDA:849,101,1,0
BRDA:853,102,0,0
BRDA:853,102,1,0
BRDA:853,103,0,0
BRDA:853,103,1,0
BRDA:856,104,0,0
BRDA:856,104,1,0
BRDA:856,105,0,0
BRDA:856,105,1,0
BRDA:860,106,0,0
BRDA:860,106,1,0
BRDA:863,107,0,0
BRDA:863,107,1,0
BRDA:863,108,0,0
BRDA:863,108,1,0
BRDA:863,108,2,0
BRDA:863,108,3,0
BRDA:863,108,4,0
BRDA:863,108,5,0
BRDA:869,109,0,0
BRDA:869,109,1,0
BRDA:869,110,0,0
BRDA:869,110,1,0
BRDA:869,110,2,0
BRDA:869,110,3,0
BRDA:869,111,0,0
BRDA:869,111,1,0
BRDA:870,112,0,0
BRDA:870,112,1,0
BRDA:875,113,0,0
BRDA:875,113,1,0
BRDA:875,114,0,0
BRDA:875,114,1,0
BRDA:875,114,2,0
BRDA:875,114,3,0
BRDA:875,114,4,0
BRDA:875,114,5,0
BRDA:875,114,6,0
BRDA:875,114,7,0
BRDA:882,115,0,0
BRDA:882,115,1,0
BRDA:925,116,0,0
BRDA:925,116,1,0
BRF:236
BRH:0
end_of_record
TN:
SF:modules/database/StrategyV3Migration.js
FN:4,(anonymous_0)
FN:8,(anonymous_1)
FN:37,(anonymous_2)
FN:120,(anonymous_3)
FN:152,(anonymous_4)
FN:178,(anonymous_5)
FN:195,(anonymous_6)
FN:212,(anonymous_7)
FN:235,(anonymous_8)
FNF:9
FNH:0
FNDA:0,(anonymous_0)
FNDA:0,(anonymous_1)
FNDA:0,(anonymous_2)
FNDA:0,(anonymous_3)
FNDA:0,(anonymous_4)
FNDA:0,(anonymous_5)
FNDA:0,(anonymous_6)
FNDA:0,(anonymous_7)
FNDA:0,(anonymous_8)
DA:5,0
DA:9,0
DA:10,0
DA:13,0
DA:16,0
DA:19,0
DA:22,0
DA:25,0
DA:28,0
DA:30,0
DA:32,0
DA:33,0
DA:39,0
DA:108,0
DA:109,0
DA:110,0
DA:113,0
DA:114,0
DA:121,0
DA:149,0
DA:153,0
DA:175,0
DA:179,0
DA:192,0
DA:196,0
DA:209,0
DA:214,0
DA:224,0
DA:225,0
DA:226,0
DA:228,0
DA:229,0
DA:236,0
DA:237,0
DA:240,0
DA:241,0
DA:243,0
DA:245,0
DA:246,0
DA:251,0
LF:40
LH:0
BRDA:113,0,0,0
BRDA:113,0,1,0
BRDA:228,1,0,0
BRDA:228,1,1,0
BRF:4
BRH:0
end_of_record
TN:
SF:modules/middleware/MemoryMiddleware.js
FN:5,(anonymous_0)
FN:15,(anonymous_1)
FN:31,(anonymous_2)
FN:49,(anonymous_3)
FN:82,(anonymous_4)
FN:83,(anonymous_5)
FN:113,(anonymous_6)
FNF:7
FNH:0
FNDA:0,(anonymous_0)
FNDA:0,(anonymous_1)
FNDA:0,(anonymous_2)
FNDA:0,(anonymous_3)
FNDA:0,(anonymous_4)
FNDA:0,(anonymous_5)
FNDA:0,(anonymous_6)
DA:6,0
DA:7,0
DA:8,0
DA:9,0
DA:16,0
DA:17,0
DA:18,0
DA:19,0
DA:20,0
DA:21,0
DA:23,0
DA:24,0
DA:32,0
DA:33,0
DA:34,0
DA:41,0
DA:42,0
DA:50,0
DA:53,0
DA:54,0
DA:57,0
DA:59,0
DA:61,0
DA:62,0
DA:63,0
DA:73,0
DA:75,0
DA:83,0
DA:84,0
DA:85,0
DA:88,0
DA:89,0
DA:90,0
DA:97,0
DA:98,0
DA:99,0
DA:103,0
DA:104,0
DA:106,0
DA:114,0
DA:115,0
DA:117,0
DA:118,0
DA:119,0
DA:120,0
DA:121,0
DA:124,0
DA:137,0
LF:48
LH:0
BRDA:5,0,0,0
BRDA:6,1,0,0
BRDA:6,1,1,0
BRDA:7,2,0,0
BRDA:7,2,1,0
BRDA:53,3,0,0
BRDA:53,3,1,0
BRDA:61,4,0,0
BRDA:61,4,1,0
BRDA:88,5,0,0
BRDA:88,5,1,0
BRDA:97,6,0,0
BRDA:97,6,1,0
BRDA:118,7,0,0
BRDA:118,7,1,0
BRDA:120,8,0,0
BRDA:120,8,1,0
BRF:17
BRH:0
end_of_record
TN:
SF:modules/monitoring/DataMonitor.js
FN:7,(anonymous_0)
FN:41,(anonymous_1)
FN:89,(anonymous_2)
FN:98,(anonymous_3)
FN:118,(anonymous_4)
FN:163,(anonymous_5)
FN:183,(anonymous_6)
FN:187,(anonymous_7)
FN:203,(anonymous_8)
FN:219,(anonymous_9)
FN:230,(anonymous_10)
FN:252,(anonymous_11)
FN:272,(anonymous_12)
FN:301,(anonymous_13)
FN:356,(anonymous_14)
FN:384,(anonymous_15)
FN:398,(anonymous_16)
FN:417,(anonymous_17)
FN:426,(anonymous_18)
FN:455,(anonymous_19)
FN:466,(anonymous_20)
FN:498,(anonymous_21)
FN:498,(anonymous_22)
FN:503,(anonymous_23)
FN:503,(anonymous_24)
FN:506,(anonymous_25)
FN:656,(anonymous_26)
FN:668,(anonymous_27)
FN:669,(anonymous_28)
FN:670,(anonymous_29)
FN:712,(anonymous_30)
FN:714,(anonymous_31)
FN:720,(anonymous_32)
FN:724,(anonymous_33)
FN:727,(anonymous_34)
FN:737,(anonymous_35)
FN:784,(anonymous_36)
FN:789,(anonymous_37)
FN:833,(anonymous_38)
FN:845,(anonymous_39)
FN:894,(anonymous_40)
FN:905,(anonymous_41)
FN:920,(anonymous_42)
FN:944,(anonymous_43)
FNF:44
FNH:0
FNDA:0,(anonymous_0)
FNDA:0,(anonymous_1)
FNDA:0,(anonymous_2)
FNDA:0,(anonymous_3)
FNDA:0,(anonymous_4)
FNDA:0,(anonymous_5)
FNDA:0,(anonymous_6)
FNDA:0,(anonymous_7)
FNDA:0,(anonymous_8)
FNDA:0,(anonymous_9)
FNDA:0,(anonymous_10)
FNDA:0,(anonymous_11)
FNDA:0,(anonymous_12)
FNDA:0,(anonymous_13)
FNDA:0,(anonymous_14)
FNDA:0,(anonymous_15)
FNDA:0,(anonymous_16)
FNDA:0,(anonymous_17)
FNDA:0,(anonymous_18)
FNDA:0,(anonymous_19)
FNDA:0,(anonymous_20)
FNDA:0,(anonymous_21)
FNDA:0,(anonymous_22)
FNDA:0,(anonymous_23)
FNDA:0,(anonymous_24)
FNDA:0,(anonymous_25)
FNDA:0,(anonymous_26)
FNDA:0,(anonymous_27)
FNDA:0,(anonymous_28)
FNDA:0,(anonymous_29)
FNDA:0,(anonymous_30)
FNDA:0,(anonymous_31)
FNDA:0,(anonymous_32)
FNDA:0,(anonymous_33)
FNDA:0,(anonymous_34)
FNDA:0,(anonymous_35)
FNDA:0,(anonymous_36)
FNDA:0,(anonymous_37)
FNDA:0,(anonymous_38)
FNDA:0,(anonymous_39)
FNDA:0,(anonymous_40)
FNDA:0,(anonymous_41)
FNDA:0,(anonymous_42)
FNDA:0,(anonymous_43)
DA:4,0
DA:8,0
DA:9,0
DA:12,0
DA:17,0
DA:23,0
DA:30,0
DA:31,0
DA:32,0
DA:33,0
DA:34,0
DA:35,0
DA:38,0
DA:42,0
DA:43,0
DA:44,0
DA:46,0
DA:48,0
DA:49,0
DA:64,0
DA:65,0
DA:66,0
DA:69,0
DA:88,0
DA:89,0
DA:90,0
DA:94,0
DA:99,0
DA:101,0
DA:102,0
DA:114,0
DA:119,0
DA:120,0
DA:122,0
DA:123,0
DA:126,0
DA:127,0
DA:136,0
DA:137,0
DA:139,0
DA:140,0
DA:141,0
DA:142,0
DA:144,0
DA:145,0
DA:149,0
DA:150,0
DA:151,0
DA:152,0
DA:157,0
DA:158,0
DA:165,0
DA:166,0
DA:167,0
DA:178,0
DA:188,0
DA:189,0
DA:190,0
DA:191,0
DA:192,0
DA:193,0
DA:198,0
DA:199,0
DA:204,0
DA:205,0
DA:206,0
DA:207,0
DA:208,0
DA:209,0
DA:214,0
DA:215,0
DA:221,0
DA:222,0
DA:234,0
DA:235,0
DA:237,0
DA:238,0
DA:239,0
DA:241,0
DA:242,0
DA:243,0
DA:245,0
DA:246,0
DA:247,0
DA:254,0
DA:273,0
DA:274,0
DA:275,0
DA:276,0
DA:279,0
DA:280,0
DA:281,0
DA:283,0
DA:284,0
DA:285,0
DA:286,0
DA:287,0
DA:288,0
DA:289,0
DA:290,0
DA:293,0
DA:302,0
DA:303,0
DA:306,0
DA:315,0
DA:316,0
DA:317,0
DA:318,0
DA:321,0
DA:322,0
DA:336,0
DA:339,0
DA:340,0
DA:341,0
DA:343,0
DA:347,0
DA:349,0
DA:351,0
DA:357,0
DA:359,0
DA:367,0
DA:368,0
DA:369,0
DA:378,0
DA:381,0
DA:385,0
DA:387,0
DA:394,0
DA:395,0
DA:399,0
DA:400,0
DA:403,0
DA:404,0
DA:405,0
DA:407,0
DA:412,0
DA:414,0
DA:415,0
DA:416,0
DA:417,0
DA:418,0
DA:420,0
DA:425,0
DA:426,0
DA:427,0
DA:428,0
DA:432,0
DA:433,0
DA:434,0
DA:435,0
DA:436,0
DA:438,0
DA:439,0
DA:440,0
DA:443,0
DA:444,0
DA:445,0
DA:448,0
DA:451,0
DA:454,0
DA:455,0
DA:459,0
DA:460,0
DA:461,0
DA:466,0
DA:467,0
DA:470,0
DA:475,0
DA:477,0
DA:478,0
DA:479,0
DA:480,0
DA:485,0
DA:486,0
DA:487,0
DA:488,0
DA:494,0
DA:495,0
DA:498,0
DA:501,0
DA:502,0
DA:503,0
DA:506,0
DA:507,0
DA:508,0
DA:510,0
DA:511,0
DA:527,0
DA:529,0
DA:531,0
DA:533,0
DA:537,0
DA:538,0
DA:539,0
DA:540,0
DA:543,0
DA:556,0
DA:557,0
DA:558,0
DA:559,0
DA:560,0
DA:561,0
DA:562,0
DA:565,0
DA:566,0
DA:567,0
DA:570,0
DA:572,0
DA:574,0
DA:576,0
DA:578,0
DA:579,0
DA:581,0
DA:582,0
DA:584,0
DA:585,0
DA:587,0
DA:588,0
DA:592,0
DA:593,0
DA:597,0
DA:598,0
DA:602,0
DA:603,0
DA:604,0
DA:608,0
DA:609,0
DA:611,0
DA:613,0
DA:656,0
DA:657,0
DA:658,0
DA:660,0
DA:661,0
DA:663,0
DA:667,0
DA:668,0
DA:669,0
DA:670,0
DA:672,0
DA:707,0
DA:708,0
DA:714,0
DA:715,0
DA:721,0
DA:723,0
DA:724,0
DA:726,0
DA:727,0
DA:728,0
DA:729,0
DA:730,0
DA:733,0
DA:738,0
DA:741,0
DA:742,0
DA:743,0
DA:748,0
DA:753,0
DA:754,0
DA:755,0
DA:760,0
DA:765,0
DA:766,0
DA:767,0
DA:772,0
DA:773,0
DA:774,0
DA:779,0
DA:781,0
DA:785,0
DA:786,0
DA:790,0
DA:792,0
DA:793,0
DA:796,0
DA:797,0
DA:798,0
DA:799,0
DA:802,0
DA:807,0
DA:809,0
DA:810,0
DA:812,0
DA:813,0
DA:814,0
DA:818,0
DA:819,0
DA:831,0
DA:832,0
DA:833,0
DA:834,0
DA:836,0
DA:837,0
DA:839,0
DA:843,0
DA:844,0
DA:845,0
DA:846,0
DA:848,0
DA:849,0
DA:851,0
DA:854,0
DA:857,0
DA:861,0
DA:862,0
DA:863,0
DA:864,0
DA:867,0
DA:868,0
DA:869,0
DA:873,0
DA:874,0
DA:875,0
DA:879,0
DA:881,0
DA:882,0
DA:884,0
DA:885,0
DA:886,0
DA:890,0
DA:892,0
DA:894,0
DA:899,0
DA:906,0
DA:907,0
DA:908,0
DA:911,0
DA:912,0
DA:913,0
DA:915,0
DA:921,0
DA:923,0
DA:924,0
DA:925,0
DA:927,0
DA:928,0
DA:929,0
DA:930,0
DA:938,0
DA:945,0
DA:947,0
DA:948,0
DA:949,0
DA:951,0
DA:952,0
DA:953,0
DA:954,0
DA:962,0
DA:968,0
LF:350
LH:0
BRDA:7,0,0,0
BRDA:43,1,0,0
BRDA:43,1,1,0
BRDA:48,2,0,0
BRDA:48,2,1,0
BRDA:88,3,0,0
BRDA:88,3,1,0
BRDA:99,4,0,0
BRDA:99,4,1,0
BRDA:108,5,0,0
BRDA:108,5,1,0
BRDA:111,6,0,0
BRDA:111,6,1,0
BRDA:118,7,0,0
BRDA:118,8,0,0
BRDA:120,9,0,0
BRDA:120,9,1,0
BRDA:122,10,0,0
BRDA:122,10,1,0
BRDA:126,11,0,0
BRDA:126,11,1,0
BRDA:139,12,0,0
BRDA:139,12,1,0
BRDA:150,13,0,0
BRDA:150,13,1,0
BRDA:157,14,0,0
BRDA:157,14,1,0
BRDA:158,15,0,0
BRDA:158,15,1,0
BRDA:165,16,0,0
BRDA:165,16,1,0
BRDA:187,17,0,0
BRDA:187,18,0,0
BRDA:189,19,0,0
BRDA:189,19,1,0
BRDA:191,20,0,0
BRDA:191,20,1,0
BRDA:198,21,0,0
BRDA:198,21,1,0
BRDA:199,22,0,0
BRDA:199,22,1,0
BRDA:203,23,0,0
BRDA:203,24,0,0
BRDA:205,25,0,0
BRDA:205,25,1,0
BRDA:207,26,0,0
BRDA:207,26,1,0
BRDA:214,27,0,0
BRDA:214,27,1,0
BRDA:215,28,0,0
BRDA:215,28,1,0
BRDA:219,29,0,0
BRDA:235,30,0,0
BRDA:235,30,1,0
BRDA:237,31,0,0
BRDA:237,31,1,0
BRDA:241,32,0,0
BRDA:241,32,1,0
BRDA:245,33,0,0
BRDA:245,33,1,0
BRDA:274,34,0,0
BRDA:274,34,1,0
BRDA:294,35,0,0
BRDA:294,35,1,0
BRDA:295,36,0,0
BRDA:295,36,1,0
BRDA:296,37,0,0
BRDA:296,37,1,0
BRDA:321,38,0,0
BRDA:321,38,1,0
BRDA:367,39,0,0
BRDA:367,39,1,0
BRDA:388,40,0,0
BRDA:388,40,1,0
BRDA:389,41,0,0
BRDA:389,41,1,0
BRDA:395,42,0,0
BRDA:395,42,1,0
BRDA:403,43,0,0
BRDA:403,43,1,0
BRDA:414,44,0,0
BRDA:414,44,1,0
BRDA:417,45,0,0
BRDA:417,45,1,0
BRDA:425,46,0,0
BRDA:425,46,1,0
BRDA:426,47,0,0
BRDA:426,47,1,0
BRDA:438,48,0,0
BRDA:438,48,1,0
BRDA:454,49,0,0
BRDA:454,49,1,0
BRDA:459,50,0,0
BRDA:459,50,1,0
BRDA:475,51,0,0
BRDA:475,51,1,0
BRDA:477,52,0,0
BRDA:477,52,1,0
BRDA:479,53,0,0
BRDA:479,53,1,0
BRDA:485,54,0,0
BRDA:485,54,1,0
BRDA:487,55,0,0
BRDA:487,55,1,0
BRDA:501,56,0,0
BRDA:501,56,1,0
BRDA:503,57,0,0
BRDA:503,57,1,0
BRDA:510,58,0,0
BRDA:510,58,1,0
BRDA:527,59,0,0
BRDA:527,59,1,0
BRDA:529,60,0,0
BRDA:529,60,1,0
BRDA:531,61,0,0
BRDA:531,61,1,0
BRDA:533,62,0,0
BRDA:533,62,1,0
BRDA:538,63,0,0
BRDA:538,63,1,0
BRDA:540,64,0,0
BRDA:540,64,1,0
BRDA:550,65,0,0
BRDA:550,65,1,0
BRDA:550,66,0,0
BRDA:550,66,1,0
BRDA:566,67,0,0
BRDA:566,67,1,0
BRDA:570,68,0,0
BRDA:570,68,1,0
BRDA:572,69,0,0
BRDA:572,69,1,0
BRDA:572,69,2,0
BRDA:572,69,3,0
BRDA:574,70,0,0
BRDA:574,70,1,0
BRDA:574,70,2,0
BRDA:574,70,3,0
BRDA:576,71,0,0
BRDA:576,71,1,0
BRDA:576,71,2,0
BRDA:576,71,3,0
BRDA:578,72,0,0
BRDA:578,72,1,0
BRDA:579,73,0,0
BRDA:579,73,1,0
BRDA:581,74,0,0
BRDA:581,74,1,0
BRDA:581,75,0,0
BRDA:581,75,1,0
BRDA:581,75,2,0
BRDA:584,76,0,0
BRDA:584,76,1,0
BRDA:584,77,0,0
BRDA:584,77,1,0
BRDA:584,77,2,0
BRDA:584,77,3,0
BRDA:587,78,0,0
BRDA:587,78,1,0
BRDA:587,79,0,0
BRDA:587,79,1,0
BRDA:587,79,2,0
BRDA:587,79,3,0
BRDA:592,80,0,0
BRDA:592,80,1,0
BRDA:592,81,0,0
BRDA:592,81,1,0
BRDA:597,82,0,0
BRDA:597,82,1,0
BRDA:602,83,0,0
BRDA:602,83,1,0
BRDA:602,84,0,0
BRDA:602,84,1,0
BRDA:603,85,0,0
BRDA:603,85,1,0
BRDA:603,85,2,0
BRDA:604,86,0,0
BRDA:604,86,1,0
BRDA:608,87,0,0
BRDA:608,87,1,0
BRDA:608,88,0,0
BRDA:608,88,1,0
BRDA:608,89,0,0
BRDA:608,89,1,0
BRDA:641,90,0,0
BRDA:641,90,1,0
BRDA:657,91,0,0
BRDA:657,91,1,0
BRDA:660,92,0,0
BRDA:660,92,1,0
BRDA:677,93,0,0
BRDA:677,93,1,0
BRDA:679,94,0,0
BRDA:679,94,1,0
BRDA:679,95,0,0
BRDA:679,95,1,0
BRDA:721,96,0,0
BRDA:721,96,1,0
BRDA:724,97,0,0
BRDA:724,97,1,0
BRDA:724,98,0,0
BRDA:724,98,1,0
BRDA:741,99,0,0
BRDA:741,99,1,0
BRDA:753,100,0,0
BRDA:753,100,1,0
BRDA:766,101,0,0
BRDA:766,101,1,0
BRDA:773,102,0,0
BRDA:773,102,1,0
BRDA:790,103,0,0
BRDA:790,103,1,0
BRDA:790,104,0,0
BRDA:790,104,1,0
BRDA:802,105,0,0
BRDA:802,105,1,0
BRDA:802,105,2,0
BRDA:802,105,3,0
BRDA:807,106,0,0
BRDA:807,106,1,0
BRDA:810,107,0,0
BRDA:810,107,1,0
BRDA:812,108,0,0
BRDA:812,108,1,0
BRDA:825,109,0,0
BRDA:825,109,1,0
BRDA:826,110,0,0
BRDA:826,110,1,0
BRDA:827,111,0,0
BRDA:827,111,1,0
BRDA:828,112,0,0
BRDA:828,112,1,0
BRDA:831,113,0,0
BRDA:831,113,1,0
BRDA:836,114,0,0
BRDA:836,114,1,0
BRDA:843,115,0,0
BRDA:843,115,1,0
BRDA:848,116,0,0
BRDA:848,116,1,0
BRDA:867,117,0,0
BRDA:867,117,1,0
BRDA:873,118,0,0
BRDA:873,118,1,0
BRDA:879,119,0,0
BRDA:879,119,1,0
BRDA:882,120,0,0
BRDA:882,120,1,0
BRDA:884,121,0,0
BRDA:884,121,1,0
BRDA:896,122,0,0
BRDA:896,122,1,0
BRDA:905,123,0,0
BRDA:906,124,0,0
BRDA:906,124,1,0
BRDA:921,125,0,0
BRDA:921,125,1,0
BRDA:921,126,0,0
BRDA:921,126,1,0
BRDA:924,127,0,0
BRDA:924,127,1,0
BRDA:927,128,0,0
BRDA:927,128,1,0
BRDA:945,129,0,0
BRDA:945,129,1,0
BRDA:945,130,0,0
BRDA:945,130,1,0
BRDA:948,131,0,0
BRDA:948,131,1,0
BRDA:951,132,0,0
BRDA:951,132,1,0
BRF:271
BRH:0
end_of_record
TN:
SF:modules/monitoring/DataValidationSystem.js
FN:5,(anonymous_0)
FN:11,(anonymous_1)
FN:68,(anonymous_2)
FN:89,(anonymous_3)
FN:138,(anonymous_4)
FN:154,(anonymous_5)
FN:196,(anonymous_6)
FN:255,(anonymous_7)
FN:310,(anonymous_8)
FN:373,(anonymous_9)
FN:416,(anonymous_10)
FN:484,(anonymous_11)
FN:506,(anonymous_12)
FN:530,(anonymous_13)
FNF:14
FNH:0
FNDA:0,(anonymous_0)
FNDA:0,(anonymous_1)
FNDA:0,(anonymous_2)
FNDA:0,(anonymous_3)
FNDA:0,(anonymous_4)
FNDA:0,(anonymous_5)
FNDA:0,(anonymous_6)
FNDA:0,(anonymous_7)
FNDA:0,(anonymous_8)
FNDA:0,(anonymous_9)
FNDA:0,(anonymous_10)
FNDA:0,(anonymous_11)
FNDA:0,(anonymous_12)
FNDA:0,(anonymous_13)
DA:6,0
DA:12,0
DA:21,0
DA:23,0
DA:24,0
DA:25,0
DA:26,0
DA:27,0
DA:31,0
DA:32,0
DA:33,0
DA:34,0
DA:35,0
DA:39,0
DA:40,0
DA:41,0
DA:42,0
DA:43,0
DA:47,0
DA:48,0
DA:49,0
DA:50,0
DA:51,0
DA:55,0
DA:56,0
DA:60,0
DA:61,0
DA:64,0
DA:69,0
DA:71,0
DA:72,0
DA:84,0
DA:90,0
DA:97,0
DA:102,0
DA:103,0
DA:106,0
DA:107,0
DA:114,0
DA:116,0
DA:117,0
DA:118,0
DA:120,0
DA:121,0
DA:124,0
DA:125,0
DA:127,0
DA:128,0
DA:131,0
DA:134,0
DA:139,0
DA:141,0
DA:143,0
DA:145,0
DA:147,0
DA:149,0
DA:155,0
DA:162,0
DA:164,0
DA:165,0
DA:171,0
DA:172,0
DA:173,0
DA:174,0
DA:176,0
DA:177,0
DA:179,0
DA:180,0
DA:183,0
DA:185,0
DA:186,0
DA:189,0
DA:192,0
DA:197,0
DA:204,0
DA:205,0
DA:206,0
DA:207,0
DA:210,0
DA:211,0
DA:212,0
DA:214,0
DA:215,0
DA:216,0
DA:221,0
DA:222,0
DA:226,0
DA:227,0
DA:231,0
DA:232,0
DA:233,0
DA:234,0
DA:235,0
DA:237,0
DA:238,0
DA:239,0
DA:243,0
DA:251,0
DA:256,0
DA:263,0
DA:264,0
DA:265,0
DA:266,0
DA:267,0
DA:272,0
DA:273,0
DA:274,0
DA:275,0
DA:276,0
DA:278,0
DA:279,0
DA:284,0
DA:285,0
DA:287,0
DA:288,0
DA:292,0
DA:293,0
DA:297,0
DA:298,0
DA:302,0
DA:303,0
DA:306,0
DA:311,0
DA:318,0
DA:319,0
DA:320,0
DA:321,0
DA:322,0
DA:327,0
DA:328,0
DA:329,0
DA:330,0
DA:331,0
DA:332,0
DA:337,0
DA:338,0
DA:342,0
DA:343,0
DA:344,0
DA:345,0
DA:347,0
DA:348,0
DA:349,0
DA:350,0
DA:352,0
DA:353,0
DA:354,0
DA:356,0
DA:357,0
DA:358,0
DA:359,0
DA:361,0
DA:362,0
DA:363,0
DA:369,0
DA:374,0
DA:381,0
DA:382,0
DA:383,0
DA:384,0
DA:385,0
DA:390,0
DA:391,0
DA:392,0
DA:397,0
DA:398,0
DA:400,0
DA:401,0
DA:403,0
DA:404,0
DA:406,0
DA:407,0
DA:410,0
DA:417,0
DA:424,0
DA:426,0
DA:427,0
DA:428,0
DA:429,0
DA:430,0
DA:431,0
DA:432,0
DA:434,0
DA:445,0
DA:446,0
DA:447,0
DA:451,0
DA:452,0
DA:453,0
DA:457,0
DA:458,0
DA:462,0
DA:463,0
DA:465,0
DA:466,0
DA:468,0
DA:469,0
DA:471,0
DA:472,0
DA:476,0
DA:477,0
DA:480,0
DA:485,0
DA:487,0
DA:488,0
DA:501,0
DA:507,0
DA:515,0
DA:516,0
DA:517,0
DA:518,0
DA:520,0
DA:522,0
DA:523,0
DA:526,0
DA:531,0
DA:532,0
DA:533,0
DA:534,0
DA:536,0
DA:542,0
LF:221
LH:0
BRDA:5,0,0,0
BRDA:25,1,0,0
BRDA:25,1,1,0
BRDA:33,2,0,0
BRDA:33,2,1,0
BRDA:41,3,0,0
BRDA:41,3,1,0
BRDA:49,4,0,0
BRDA:49,4,1,0
BRDA:60,5,0,0
BRDA:60,5,1,0
BRDA:69,6,0,0
BRDA:69,6,1,0
BRDA:102,7,0,0
BRDA:102,7,1,0
BRDA:114,8,0,0
BRDA:114,8,1,0
BRDA:116,9,0,0
BRDA:116,9,1,0
BRDA:120,10,0,0
BRDA:120,10,1,0
BRDA:127,11,0,0
BRDA:127,11,1,0
BRDA:139,12,0,0
BRDA:139,12,1,0
BRDA:139,12,2,0
BRDA:139,12,3,0
BRDA:139,12,4,0
BRDA:145,13,0,0
BRDA:145,13,1,0
BRDA:145,13,2,0
BRDA:149,14,0,0
BRDA:149,14,1,0
BRDA:172,15,0,0
BRDA:172,15,1,0
BRDA:173,16,0,0
BRDA:173,16,1,0
BRDA:176,17,0,0
BRDA:176,17,1,0
BRDA:177,18,0,0
BRDA:177,18,1,0
BRDA:179,19,0,0
BRDA:179,19,1,0
BRDA:185,20,0,0
BRDA:185,20,1,0
BRDA:210,21,0,0
BRDA:210,21,1,0
BRDA:210,22,0,0
BRDA:210,22,1,0
BRDA:212,23,0,0
BRDA:212,23,1,0
BRDA:214,24,0,0
BRDA:214,24,1,0
BRDA:221,25,0,0
BRDA:221,25,1,0
BRDA:221,26,0,0
BRDA:221,26,1,0
BRDA:226,27,0,0
BRDA:226,27,1,0
BRDA:226,28,0,0
BRDA:226,28,1,0
BRDA:231,29,0,0
BRDA:231,29,1,0
BRDA:231,30,0,0
BRDA:231,30,1,0
BRDA:233,31,0,0
BRDA:233,31,1,0
BRDA:237,32,0,0
BRDA:237,32,1,0
BRDA:238,33,0,0
BRDA:238,33,1,0
BRDA:265,34,0,0
BRDA:265,34,1,0
BRDA:272,35,0,0
BRDA:272,35,1,0
BRDA:274,36,0,0
BRDA:274,36,1,0
BRDA:274,37,0,0
BRDA:274,37,1,0
BRDA:278,38,0,0
BRDA:278,38,1,0
BRDA:284,39,0,0
BRDA:284,39,1,0
BRDA:284,40,0,0
BRDA:284,40,1,0
BRDA:287,41,0,0
BRDA:287,41,1,0
BRDA:287,42,0,0
BRDA:287,42,1,0
BRDA:292,43,0,0
BRDA:292,43,1,0
BRDA:297,44,0,0
BRDA:297,44,1,0
BRDA:302,45,0,0
BRDA:302,45,1,0
BRDA:320,46,0,0
BRDA:320,46,1,0
BRDA:327,47,0,0
BRDA:327,47,1,0
BRDA:330,48,0,0
BRDA:330,48,1,0
BRDA:337,49,0,0
BRDA:337,49,1,0
BRDA:337,50,0,0
BRDA:337,50,1,0
BRDA:342,51,0,0
BRDA:342,51,1,0
BRDA:342,52,0,0
BRDA:342,52,1,0
BRDA:342,52,2,0
BRDA:347,53,0,0
BRDA:347,53,1,0
BRDA:348,54,0,0
BRDA:348,54,1,0
BRDA:352,55,0,0
BRDA:352,55,1,0
BRDA:356,56,0,0
BRDA:356,56,1,0
BRDA:357,57,0,0
BRDA:357,57,1,0
BRDA:361,58,0,0
BRDA:361,58,1,0
BRDA:383,59,0,0
BRDA:383,59,1,0
BRDA:390,60,0,0
BRDA:390,60,1,0
BRDA:391,61,0,0
BRDA:391,61,1,0
BRDA:391,62,0,0
BRDA:391,62,1,0
BRDA:397,63,0,0
BRDA:397,63,1,0
BRDA:400,64,0,0
BRDA:400,64,1,0
BRDA:403,65,0,0
BRDA:403,65,1,0
BRDA:406,66,0,0
BRDA:406,66,1,0
BRDA:426,67,0,0
BRDA:426,67,1,0
BRDA:427,68,0,0
BRDA:427,68,1,0
BRDA:428,69,0,0
BRDA:428,69,1,0
BRDA:429,70,0,0
BRDA:429,70,1,0
BRDA:430,71,0,0
BRDA:430,71,1,0
BRDA:431,72,0,0
BRDA:431,72,1,0
BRDA:432,73,0,0
BRDA:432,73,1,0
BRDA:445,74,0,0
BRDA:445,74,1,0
BRDA:445,75,0,0
BRDA:445,75,1,0
BRDA:451,76,0,0
BRDA:451,76,1,0
BRDA:451,77,0,0
BRDA:451,77,1,0
BRDA:457,78,0,0
BRDA:457,78,1,0
BRDA:457,79,0,0
BRDA:457,79,1,0
BRDA:462,80,0,0
BRDA:462,80,1,0
BRDA:465,81,0,0
BRDA:465,81,1,0
BRDA:468,82,0,0
BRDA:468,82,1,0
BRDA:471,83,0,0
BRDA:471,83,1,0
BRDA:485,84,0,0
BRDA:485,84,1,0
BRDA:517,85,0,0
BRDA:517,85,1,0
BRDA:531,86,0,0
BRDA:531,86,1,0
BRF:178
BRH:0
end_of_record
TN:
SF:modules/monitoring/MemoryMonitor.js
FN:5,(anonymous_0)
FN:36,(anonymous_1)
FN:60,(anonymous_2)
FN:82,(anonymous_3)
FN:136,(anonymous_4)
FN:164,(anonymous_5)
FN:189,(anonymous_6)
FN:191,(anonymous_7)
FN:208,(anonymous_8)
FN:227,(anonymous_9)
FNF:10
FNH:0
FNDA:0,(anonymous_0)
FNDA:0,(anonymous_1)
FNDA:0,(anonymous_2)
FNDA:0,(anonymous_3)
FNDA:0,(anonymous_4)
FNDA:0,(anonymous_5)
FNDA:0,(anonymous_6)
FNDA:0,(anonymous_7)
FNDA:0,(anonymous_8)
FNDA:0,(anonymous_9)
DA:6,0
DA:7,0
DA:8,0
DA:10,0
DA:17,0
DA:25,0
DA:26,0
DA:27,0
DA:30,0
DA:37,0
DA:38,0
DA:39,0
DA:40,0
DA:41,0
DA:43,0
DA:50,0
DA:52,0
DA:53,0
DA:61,0
DA:62,0
DA:64,0
DA:72,0
DA:74,0
DA:75,0
DA:83,0
DA:84,0
DA:86,0
DA:87,0
DA:90,0
DA:91,0
DA:93,0
DA:94,0
DA:96,0
DA:97,0
DA:98,0
DA:99,0
DA:100,0
DA:101,0
DA:102,0
DA:103,0
DA:104,0
DA:106,0
DA:109,0
DA:123,0
DA:126,0
DA:127,0
DA:130,0
DA:137,0
DA:140,0
DA:141,0
DA:144,0
DA:146,0
DA:155,0
DA:165,0
DA:167,0
DA:168,0
DA:169,0
DA:170,0
DA:173,0
DA:174,0
DA:175,0
DA:178,0
DA:179,0
DA:180,0
DA:183,0
DA:191,0
DA:192,0
DA:195,0
DA:196,0
DA:200,0
DA:209,0
DA:210,0
DA:212,0
DA:228,0
DA:229,0
DA:230,0
DA:231,0
DA:233,0
DA:234,0
DA:239,0
LF:80
LH:0
BRDA:5,0,0,0
BRDA:6,1,0,0
BRDA:6,1,1,0
BRDA:7,2,0,0
BRDA:7,2,1,0
BRDA:8,3,0,0
BRDA:8,3,1,0
BRDA:86,4,0,0
BRDA:86,4,1,0
BRDA:86,5,0,0
BRDA:86,5,1,0
BRDA:96,6,0,0
BRDA:96,6,1,0
BRDA:99,7,0,0
BRDA:99,7,1,0
BRDA:102,8,0,0
BRDA:102,8,1,0
BRDA:126,9,0,0
BRDA:126,9,1,0
BRDA:140,10,0,0
BRDA:140,10,1,0
BRDA:167,11,0,0
BRDA:167,11,1,0
BRDA:173,12,0,0
BRDA:173,12,1,0
BRDA:178,13,0,0
BRDA:178,13,1,0
BRDA:195,14,0,0
BRDA:195,14,1,0
BRDA:228,15,0,0
BRDA:228,15,1,0
BRF:31
BRH:0
end_of_record
TN:
SF:modules/monitoring/OptimizedDataMonitor.js
FN:8,(anonymous_0)
FN:53,(anonymous_1)
FN:77,(anonymous_2)
FN:106,(anonymous_3)
FN:128,(anonymous_4)
FN:150,(anonymous_5)
FN:155,(anonymous_6)
FN:176,(anonymous_7)
FN:178,(anonymous_8)
FN:187,(anonymous_9)
FN:220,(anonymous_10)
FN:233,(anonymous_11)
FN:240,(anonymous_12)
FN:247,(anonymous_13)
FN:262,(anonymous_14)
FN:268,(anonymous_15)
FNF:16
FNH:0
FNDA:0,(anonymous_0)
FNDA:0,(anonymous_1)
FNDA:0,(anonymous_2)
FNDA:0,(anonymous_3)
FNDA:0,(anonymous_4)
FNDA:0,(anonymous_5)
FNDA:0,(anonymous_6)
FNDA:0,(anonymous_7)
FNDA:0,(anonymous_8)
FNDA:0,(anonymous_9)
FNDA:0,(anonymous_10)
FNDA:0,(anonymous_11)
FNDA:0,(anonymous_12)
FNDA:0,(anonymous_13)
FNDA:0,(anonymous_14)
FNDA:0,(anonymous_15)
DA:4,0
DA:5,0
DA:9,0
DA:10,0
DA:11,0
DA:14,0
DA:15,0
DA:16,0
DA:19,0
DA:20,0
DA:25,0
DA:31,0
DA:38,0
DA:39,0
DA:40,0
DA:41,0
DA:42,0
DA:44,0
DA:47,0
DA:54,0
DA:55,0
DA:56,0
DA:58,0
DA:60,0
DA:61,0
DA:71,0
DA:78,0
DA:79,0
DA:81,0
DA:82,0
DA:88,0
DA:89,0
DA:91,0
DA:95,0
DA:96,0
DA:100,0
DA:107,0
DA:108,0
DA:111,0
DA:112,0
DA:120,0
DA:121,0
DA:129,0
DA:130,0
DA:133,0
DA:134,0
DA:142,0
DA:143,0
DA:152,0
DA:153,0
DA:154,0
DA:155,0
DA:156,0
DA:157,0
DA:158,0
DA:159,0
DA:164,0
DA:165,0
DA:166,0
DA:167,0
DA:168,0
DA:178,0
DA:179,0
DA:180,0
DA:188,0
DA:189,0
DA:192,0
DA:193,0
DA:195,0
DA:196,0
DA:197,0
DA:200,0
DA:201,0
DA:202,0
DA:205,0
DA:207,0
DA:221,0
DA:234,0
DA:236,0
DA:237,0
DA:238,0
DA:240,0
DA:241,0
DA:248,0
DA:250,0
DA:251,0
DA:262,0
DA:269,0
DA:270,0
DA:271,0
DA:272,0
DA:273,0
DA:274,0
DA:278,0
LF:94
LH:0
BRDA:8,0,0,0
BRDA:55,1,0,0
BRDA:55,1,1,0
BRDA:60,2,0,0
BRDA:60,2,1,0
BRDA:79,3,0,0
BRDA:79,3,1,0
BRDA:85,4,0,0
BRDA:85,4,1,0
BRDA:88,5,0,0
BRDA:88,5,1,0
BRDA:95,6,0,0
BRDA:95,6,1,0
BRDA:107,7,0,0
BRDA:107,7,1,0
BRDA:120,8,0,0
BRDA:120,8,1,0
BRDA:129,9,0,0
BRDA:129,9,1,0
BRDA:142,10,0,0
BRDA:142,10,1,0
BRDA:152,11,0,0
BRDA:152,11,1,0
BRDA:167,12,0,0
BRDA:167,12,1,0
BRDA:200,13,0,0
BRDA:200,13,1,0
BRDA:236,14,0,0
BRDA:236,14,1,0
BRDA:237,15,0,0
BRDA:237,15,1,0
BRDA:238,16,0,0
BRDA:238,16,1,0
BRDA:241,17,0,0
BRDA:241,17,1,0
BRDA:256,18,0,0
BRDA:256,18,1,0
BRF:37
BRH:0
end_of_record
TN:
SF:modules/notifications/TelegramNotifier.js
FN:5,(anonymous_0)
FN:13,(anonymous_1)
FN:49,(anonymous_2)
FN:63,(anonymous_3)
FN:73,(anonymous_4)
FN:82,(anonymous_5)
FN:91,(anonymous_6)
FN:126,(anonymous_7)
FN:154,(anonymous_8)
FN:184,(anonymous_9)
FN:217,(anonymous_10)
FN:233,(anonymous_11)
FN:248,(anonymous_12)
FNF:13
FNH:0
FNDA:0,(anonymous_0)
FNDA:0,(anonymous_1)
FNDA:0,(anonymous_2)
FNDA:0,(anonymous_3)
FNDA:0,(anonymous_4)
FNDA:0,(anonymous_5)
FNDA:0,(anonymous_6)
FNDA:0,(anonymous_7)
FNDA:0,(anonymous_8)
FNDA:0,(anonymous_9)
FNDA:0,(anonymous_10)
FNDA:0,(anonymous_11)
FNDA:0,(anonymous_12)
DA:6,0
DA:7,0
DA:8,0
DA:9,0
DA:14,0
DA:15,0
DA:16,0
DA:19,0
DA:20,0
DA:21,0
DA:23,0
DA:35,0
DA:36,0
DA:37,0
DA:39,0
DA:40,0
DA:41,0
DA:44,0
DA:45,0
DA:50,0
DA:51,0
DA:53,0
DA:54,0
DA:57,0
DA:58,0
DA:61,0
DA:62,0
DA:63,0
DA:64,0
DA:68,0
DA:70,0
DA:74,0
DA:75,0
DA:76,0
DA:78,0
DA:79,0
DA:83,0
DA:84,0
DA:85,0
DA:87,0
DA:88,0
DA:92,0
DA:94,0
DA:95,0
DA:96,0
DA:97,0
DA:98,0
DA:99,0
DA:103,0
DA:104,0
DA:105,0
DA:106,0
DA:108,0
DA:109,0
DA:113,0
DA:114,0
DA:115,0
DA:116,0
DA:118,0
DA:119,0
DA:123,0
DA:127,0
DA:129,0
DA:130,0
DA:131,0
DA:133,0
DA:134,0
DA:135,0
DA:137,0
DA:138,0
DA:140,0
DA:141,0
DA:144,0
DA:147,0
DA:155,0
DA:157,0
DA:158,0
DA:161,0
DA:163,0
DA:164,0
DA:165,0
DA:166,0
DA:167,0
DA:168,0
DA:169,0
DA:170,0
DA:171,0
DA:172,0
DA:173,0
DA:174,0
DA:175,0
DA:176,0
DA:178,0
DA:185,0
DA:187,0
DA:188,0
DA:189,0
DA:192,0
DA:197,0
DA:198,0
DA:199,0
DA:200,0
DA:201,0
DA:202,0
DA:203,0
DA:204,0
DA:205,0
DA:206,0
DA:207,0
DA:208,0
DA:209,0
DA:211,0
DA:218,0
DA:227,0
DA:234,0
DA:236,0
DA:237,0
DA:238,0
DA:239,0
DA:241,0
DA:249,0
DA:251,0
DA:252,0
DA:253,0
DA:254,0
DA:256,0
DA:261,0
LF:127
LH:0
BRDA:5,0,0,0
BRDA:8,1,0,0
BRDA:8,1,1,0
BRDA:14,2,0,0
BRDA:14,2,1,0
BRDA:35,3,0,0
BRDA:35,3,1,0
BRDA:53,4,0,0
BRDA:53,4,1,0
BRDA:53,5,0,0
BRDA:53,5,1,0
BRDA:57,6,0,0
BRDA:57,6,1,0
BRDA:57,7,0,0
BRDA:57,7,1,0
BRDA:61,8,0,0
BRDA:61,8,1,0
BRDA:61,9,0,0
BRDA:61,9,1,0
BRDA:75,10,0,0
BRDA:75,10,1,0
BRDA:75,11,0,0
BRDA:75,11,1,0
BRDA:84,12,0,0
BRDA:84,12,1,0
BRDA:84,13,0,0
BRDA:84,13,1,0
BRDA:94,14,0,0
BRDA:94,14,1,0
BRDA:96,15,0,0
BRDA:96,15,1,0
BRDA:98,16,0,0
BRDA:98,16,1,0
BRDA:103,17,0,0
BRDA:103,17,1,0
BRDA:105,18,0,0
BRDA:105,18,1,0
BRDA:108,19,0,0
BRDA:108,19,1,0
BRDA:113,20,0,0
BRDA:113,20,1,0
BRDA:115,21,0,0
BRDA:115,21,1,0
BRDA:115,22,0,0
BRDA:115,22,1,0
BRDA:118,23,0,0
BRDA:118,23,1,0
BRDA:118,24,0,0
BRDA:118,24,1,0
BRDA:127,25,0,0
BRDA:127,25,1,0
BRDA:133,26,0,0
BRDA:133,26,1,0
BRDA:133,27,0,0
BRDA:133,27,1,0
BRDA:137,28,0,0
BRDA:137,28,1,0
BRDA:140,29,0,0
BRDA:140,29,1,0
BRDA:157,30,0,0
BRDA:157,30,1,0
BRDA:158,31,0,0
BRDA:158,31,1,0
BRDA:159,32,0,0
BRDA:159,32,1,0
BRDA:161,33,0,0
BRDA:161,33,1,0
BRDA:172,34,0,0
BRDA:172,34,1,0
BRDA:173,35,0,0
BRDA:173,35,1,0
BRDA:176,36,0,0
BRDA:176,36,1,0
BRDA:187,37,0,0
BRDA:187,37,1,0
BRDA:188,38,0,0
BRDA:188,38,1,0
BRDA:189,39,0,0
BRDA:189,39,1,0
BRDA:192,40,0,0
BRDA:192,40,1,0
BRDA:193,41,0,0
BRDA:193,41,1,0
BRDA:208,42,0,0
BRDA:208,42,1,0
BRDA:227,43,0,0
BRDA:227,43,1,0
BRDA:234,44,0,0
BRDA:234,44,1,0
BRDA:249,45,0,0
BRDA:249,45,1,0
BRF:91
BRH:0
end_of_record
TN:
SF:modules/strategy/SmartFlowStrategy.js
FN:19,(anonymous_0)
FN:24,(anonymous_1)
FN:32,(anonymous_2)
FN:133,(anonymous_3)
FN:164,(anonymous_4)
FN:165,(anonymous_5)
FN:166,(anonymous_6)
FN:192,(anonymous_7)
FN:199,(anonymous_8)
FN:350,(anonymous_9)
FN:356,(anonymous_10)
FN:364,(anonymous_11)
FN:481,(anonymous_12)
FNF:13
FNH:0
FNDA:0,(anonymous_0)
FNDA:0,(anonymous_1)
FNDA:0,(anonymous_2)
FNDA:0,(anonymous_3)
FNDA:0,(anonymous_4)
FNDA:0,(anonymous_5)
FNDA:0,(anonymous_6)
FNDA:0,(anonymous_7)
FNDA:0,(anonymous_8)
FNDA:0,(anonymous_9)
FNDA:0,(anonymous_10)
FNDA:0,(anonymous_11)
FNDA:0,(anonymous_12)
DA:4,0
DA:5,0
DA:6,0
DA:9,0
DA:10,0
DA:11,0
DA:20,0
DA:21,0
DA:24,0
DA:32,0
DA:35,0
DA:36,0
DA:37,0
DA:40,0
DA:41,0
DA:42,0
DA:43,0
DA:45,0
DA:47,0
DA:48,0
DA:50,0
DA:51,0
DA:55,0
DA:56,0
DA:57,0
DA:58,0
DA:60,0
DA:61,0
DA:68,0
DA:70,0
DA:73,0
DA:74,0
DA:75,0
DA:77,0
DA:81,0
DA:82,0
DA:83,0
DA:85,0
DA:86,0
DA:87,0
DA:89,0
DA:90,0
DA:91,0
DA:94,0
DA:95,0
DA:96,0
DA:98,0
DA:99,0
DA:100,0
DA:104,0
DA:105,0
DA:108,0
DA:119,0
DA:120,0
DA:134,0
DA:135,0
DA:138,0
DA:139,0
DA:140,0
DA:143,0
DA:144,0
DA:145,0
DA:148,0
DA:153,0
DA:156,0
DA:157,0
DA:159,0
DA:160,0
DA:164,0
DA:165,0
DA:166,0
DA:168,0
DA:169,0
DA:170,0
DA:171,0
DA:175,0
DA:176,0
DA:179,0
DA:181,0
DA:193,0
DA:194,0
DA:195,0
DA:196,0
DA:199,0
DA:208,0
DA:209,0
DA:212,0
DA:213,0
DA:216,0
DA:218,0
DA:230,0
DA:231,0
DA:234,0
DA:235,0
DA:237,0
DA:238,0
DA:240,0
DA:244,0
DA:245,0
DA:246,0
DA:248,0
DA:252,0
DA:253,0
DA:256,0
DA:257,0
DA:258,0
DA:259,0
DA:260,0
DA:261,0
DA:263,0
DA:267,0
DA:268,0
DA:269,0
DA:270,0
DA:272,0
DA:276,0
DA:277,0
DA:278,0
DA:279,0
DA:281,0
DA:282,0
DA:283,0
DA:284,0
DA:289,0
DA:293,0
DA:294,0
DA:295,0
DA:297,0
DA:301,0
DA:302,0
DA:303,0
DA:307,0
DA:308,0
DA:309,0
DA:310,0
DA:311,0
DA:314,0
DA:327,0
DA:328,0
DA:351,0
DA:352,0
DA:353,0
DA:356,0
DA:364,0
DA:367,0
DA:368,0
DA:371,0
DA:372,0
DA:375,0
DA:379,0
DA:380,0
DA:381,0
DA:382,0
DA:383,0
DA:384,0
DA:385,0
DA:387,0
DA:388,0
DA:389,0
DA:390,0
DA:394,0
DA:395,0
DA:400,0
DA:401,0
DA:404,0
DA:405,0
DA:406,0
DA:407,0
DA:408,0
DA:413,0
DA:414,0
DA:417,0
DA:418,0
DA:419,0
DA:421,0
DA:422,0
DA:427,0
DA:428,0
DA:429,0
DA:430,0
DA:432,0
DA:434,0
DA:435,0
DA:436,0
DA:437,0
DA:441,0
DA:442,0
DA:446,0
DA:447,0
DA:452,0
DA:464,0
DA:465,0
DA:482,0
DA:484,0
DA:486,0
DA:489,0
DA:497,0
DA:500,0
DA:501,0
DA:502,0
DA:504,0
DA:505,0
DA:507,0
DA:508,0
DA:510,0
DA:511,0
DA:513,0
DA:514,0
DA:520,0
DA:521,0
DA:523,0
DA:524,0
DA:528,0
DA:529,0
DA:531,0
DA:532,0
DA:533,0
DA:544,0
DA:545,0
DA:547,0
DA:548,0
DA:558,0
DA:564,0
DA:571,0
DA:572,0
DA:576,0
DA:578,0
DA:579,0
DA:580,0
DA:581,0
DA:583,0
DA:588,0
DA:589,0
DA:593,0
DA:594,0
DA:595,0
DA:596,0
DA:597,0
DA:598,0
DA:599,0
DA:605,0
DA:614,0
DA:615,0
DA:616,0
DA:617,0
DA:619,0
DA:627,0
DA:631,0
DA:644,0
DA:646,0
DA:647,0
DA:649,0
DA:651,0
DA:682,0
DA:683,0
DA:684,0
DA:689,0
LF:257
LH:0
BRDA:19,0,0,0
BRDA:21,1,0,0
BRDA:21,1,1,0
BRDA:47,2,0,0
BRDA:47,2,1,0
BRDA:68,3,0,0
BRDA:68,3,1,0
BRDA:68,3,2,0
BRDA:70,4,0,0
BRDA:70,4,1,0
BRDA:70,4,2,0
BRDA:81,5,0,0
BRDA:81,5,1,0
BRDA:82,6,0,0
BRDA:82,6,1,0
BRDA:83,7,0,0
BRDA:83,7,1,0
BRDA:85,8,0,0
BRDA:85,8,1,0
BRDA:85,9,0,0
BRDA:85,9,1,0
BRDA:89,10,0,0
BRDA:89,10,1,0
BRDA:89,11,0,0
BRDA:89,11,1,0
BRDA:94,12,0,0
BRDA:94,12,1,0
BRDA:98,13,0,0
BRDA:98,13,1,0
BRDA:104,14,0,0
BRDA:104,14,1,0
BRDA:133,15,0,0
BRDA:134,16,0,0
BRDA:134,16,1,0
BRDA:159,17,0,0
BRDA:159,17,1,0
BRDA:159,18,0,0
BRDA:159,18,1,0
BRDA:160,19,0,0
BRDA:160,19,1,0
BRDA:160,20,0,0
BRDA:160,20,1,0
BRDA:192,21,0,0
BRDA:194,22,0,0
BRDA:194,22,1,0
BRDA:195,23,0,0
BRDA:195,23,1,0
BRDA:196,24,0,0
BRDA:196,24,1,0
BRDA:216,25,0,0
BRDA:216,25,1,0
BRDA:216,26,0,0
BRDA:216,26,1,0
BRDA:216,26,2,0
BRDA:216,26,3,0
BRDA:231,27,0,0
BRDA:231,27,1,0
BRDA:235,28,0,0
BRDA:235,28,1,0
BRDA:235,29,0,0
BRDA:235,29,1,0
BRDA:235,29,2,0
BRDA:235,29,3,0
BRDA:238,30,0,0
BRDA:238,30,1,0
BRDA:244,31,0,0
BRDA:244,31,1,0
BRDA:253,32,0,0
BRDA:253,32,1,0
BRDA:256,33,0,0
BRDA:256,33,1,0
BRDA:256,34,0,0
BRDA:256,34,1,0
BRDA:259,35,0,0
BRDA:259,35,1,0
BRDA:259,36,0,0
BRDA:259,36,1,0
BRDA:268,37,0,0
BRDA:268,37,1,0
BRDA:277,38,0,0
BRDA:277,38,1,0
BRDA:279,39,0,0
BRDA:279,39,1,0
BRDA:279,40,0,0
BRDA:279,40,1,0
BRDA:281,41,0,0
BRDA:281,41,1,0
BRDA:281,42,0,0
BRDA:281,42,1,0
BRDA:283,43,0,0
BRDA:283,43,1,0
BRDA:283,44,0,0
BRDA:283,44,1,0
BRDA:289,45,0,0
BRDA:289,45,1,0
BRDA:289,45,2,0
BRDA:289,45,3,0
BRDA:293,46,0,0
BRDA:293,46,1,0
BRDA:302,47,0,0
BRDA:302,47,1,0
BRDA:303,48,0,0
BRDA:303,48,1,0
BRDA:308,49,0,0
BRDA:308,49,1,0
BRDA:310,50,0,0
BRDA:310,50,1,0
BRDA:350,51,0,0
BRDA:350,52,0,0
BRDA:352,53,0,0
BRDA:352,53,1,0
BRDA:353,54,0,0
BRDA:353,54,1,0
BRDA:375,55,0,0
BRDA:375,55,1,0
BRDA:375,56,0,0
BRDA:375,56,1,0
BRDA:394,57,0,0
BRDA:394,57,1,0
BRDA:394,58,0,0
BRDA:394,58,1,0
BRDA:400,59,0,0
BRDA:400,59,1,0
BRDA:400,60,0,0
BRDA:400,60,1,0
BRDA:404,61,0,0
BRDA:404,61,1,0
BRDA:404,62,0,0
BRDA:404,62,1,0
BRDA:413,63,0,0
BRDA:413,63,1,0
BRDA:413,64,0,0
BRDA:413,64,1,0
BRDA:417,65,0,0
BRDA:417,65,1,0
BRDA:417,66,0,0
BRDA:417,66,1,0
BRDA:432,67,0,0
BRDA:432,67,1,0
BRDA:432,68,0,0
BRDA:432,68,1,0
BRDA:434,69,0,0
BRDA:434,69,1,0
BRDA:436,70,0,0
BRDA:436,70,1,0
BRDA:441,71,0,0
BRDA:441,71,1,0
BRDA:446,72,0,0
BRDA:446,72,1,0
BRDA:446,73,0,0
BRDA:446,73,1,0
BRDA:481,74,0,0
BRDA:501,75,0,0
BRDA:501,75,1,0
BRDA:504,76,0,0
BRDA:504,76,1,0
BRDA:507,77,0,0
BRDA:507,77,1,0
BRDA:510,78,0,0
BRDA:510,78,1,0
BRDA:510,78,2,0
BRDA:510,78,3,0
BRDA:513,79,0,0
BRDA:513,79,1,0
BRDA:565,80,0,0
BRDA:565,80,1,0
BRDA:566,81,0,0
BRDA:566,81,1,0
BRDA:576,82,0,0
BRDA:576,82,1,0
BRDA:578,83,0,0
BRDA:578,83,1,0
BRDA:580,84,0,0
BRDA:580,84,1,0
BRDA:583,85,0,0
BRDA:583,85,1,0
BRDA:593,86,0,0
BRDA:593,86,1,0
BRDA:593,87,0,0
BRDA:593,87,1,0
BRDA:594,88,0,0
BRDA:594,88,1,0
BRDA:597,89,0,0
BRDA:597,89,1,0
BRDA:614,90,0,0
BRDA:614,90,1,0
BRDA:634,91,0,0
BRDA:634,91,1,0
BRDA:660,92,0,0
BRDA:660,92,1,0
BRDA:664,93,0,0
BRDA:664,93,1,0
BRDA:665,94,0,0
BRDA:665,94,1,0
BRDA:666,95,0,0
BRDA:666,95,1,0
BRDA:667,96,0,0
BRDA:667,96,1,0
BRDA:668,97,0,0
BRDA:668,97,1,0
BRDA:669,98,0,0
BRDA:669,98,1,0
BRDA:670,99,0,0
BRDA:670,99,1,0
BRDA:671,100,0,0
BRDA:671,100,1,0
BRF:206
BRH:0
end_of_record
TN:
SF:modules/strategy/SmartFlowStrategyV3.js
FN:22,(anonymous_0)
FN:98,(anonymous_1)
FN:136,(anonymous_2)
FN:144,(anonymous_3)
FN:217,(anonymous_4)
FN:236,(anonymous_5)
FN:244,(anonymous_6)
FN:332,(anonymous_7)
FN:407,(anonymous_8)
FN:418,(anonymous_9)
FN:445,(anonymous_10)
FN:471,(anonymous_11)
FN:477,(anonymous_12)
FN:485,(anonymous_13)
FN:498,(anonymous_14)
FN:505,(anonymous_15)
FN:512,(anonymous_16)
FN:519,(anonymous_17)
FNF:18
FNH:0
FNDA:0,(anonymous_0)
FNDA:0,(anonymous_1)
FNDA:0,(anonymous_2)
FNDA:0,(anonymous_3)
FNDA:0,(anonymous_4)
FNDA:0,(anonymous_5)
FNDA:0,(anonymous_6)
FNDA:0,(anonymous_7)
FNDA:0,(anonymous_8)
FNDA:0,(anonymous_9)
FNDA:0,(anonymous_10)
FNDA:0,(anonymous_11)
FNDA:0,(anonymous_12)
FNDA:0,(anonymous_13)
FNDA:0,(anonymous_14)
FNDA:0,(anonymous_15)
FNDA:0,(anonymous_16)
FNDA:0,(anonymous_17)
DA:4,0
DA:5,0
DA:6,0
DA:7,0
DA:10,0
DA:11,0
DA:12,0
DA:13,0
DA:14,0
DA:23,0
DA:24,0
DA:27,0
DA:28,0
DA:29,0
DA:30,0
DA:32,0
DA:36,0
DA:37,0
DA:38,0
DA:41,0
DA:45,0
DA:46,0
DA:47,0
DA:48,0
DA:50,0
DA:54,0
DA:55,0
DA:56,0
DA:57,0
DA:59,0
DA:63,0
DA:79,0
DA:80,0
DA:81,0
DA:82,0
DA:83,0
DA:86,0
DA:87,0
DA:90,0
DA:91,0
DA:99,0
DA:101,0
DA:102,0
DA:103,0
DA:107,0
DA:109,0
DA:131,0
DA:136,0
DA:144,0
DA:152,0
DA:162,0
DA:164,0
DA:165,0
DA:169,0
DA:171,0
DA:181,0
DA:209,0
DA:210,0
DA:218,0
DA:220,0
DA:221,0
DA:222,0
DA:226,0
DA:227,0
DA:231,0
DA:236,0
DA:244,0
DA:252,0
DA:260,0
DA:262,0
DA:263,0
DA:267,0
DA:269,0
DA:279,0
DA:320,0
DA:321,0
DA:333,0
DA:335,0
DA:336,0
DA:337,0
DA:339,0
DA:340,0
DA:342,0
DA:343,0
DA:344,0
DA:347,0
DA:350,0
DA:352,0
DA:354,0
DA:357,0
DA:361,0
DA:364,0
DA:365,0
DA:369,0
DA:370,0
DA:374,0
DA:376,0
DA:383,0
DA:384,0
DA:387,0
DA:388,0
DA:395,0
DA:408,0
DA:410,0
DA:411,0
DA:412,0
DA:419,0
DA:446,0
DA:472,0
DA:473,0
DA:475,0
DA:476,0
DA:477,0
DA:479,0
DA:480,0
DA:481,0
DA:483,0
DA:485,0
DA:486,0
DA:488,0
DA:492,0
DA:499,0
DA:506,0
DA:513,0
DA:520,0
DA:524,0
LF:126
LH:0
BRDA:22,0,0,0
BRDA:27,1,0,0
BRDA:27,1,1,0
BRDA:37,2,0,0
BRDA:37,2,1,0
BRDA:45,3,0,0
BRDA:45,3,1,0
BRDA:47,4,0,0
BRDA:47,4,1,0
BRDA:79,5,0,0
BRDA:79,5,1,0
BRDA:86,6,0,0
BRDA:86,6,1,0
BRDA:102,7,0,0
BRDA:102,7,1,0
BRDA:107,8,0,0
BRDA:107,8,1,0
BRDA:162,9,0,0
BRDA:162,9,1,0
BRDA:165,10,0,0
BRDA:165,10,1,0
BRDA:175,11,0,0
BRDA:175,11,1,0
BRDA:193,12,0,0
BRDA:193,12,1,0
BRDA:194,13,0,0
BRDA:194,13,1,0
BRDA:221,14,0,0
BRDA:221,14,1,0
BRDA:226,15,0,0
BRDA:226,15,1,0
BRDA:226,16,0,0
BRDA:226,16,1,0
BRDA:260,17,0,0
BRDA:260,17,1,0
BRDA:263,18,0,0
BRDA:263,18,1,0
BRDA:273,19,0,0
BRDA:273,19,1,0
BRDA:304,20,0,0
BRDA:304,20,1,0
BRDA:305,21,0,0
BRDA:305,21,1,0
BRDA:332,22,0,0
BRDA:347,23,0,0
BRDA:347,23,1,0
BRDA:347,24,0,0
BRDA:347,24,1,0
BRDA:350,25,0,0
BRDA:350,25,1,0
BRDA:350,26,0,0
BRDA:350,26,1,0
BRDA:350,26,2,0
BRDA:352,27,0,0
BRDA:352,27,1,0
BRDA:364,28,0,0
BRDA:364,28,1,0
BRDA:369,29,0,0
BRDA:369,29,1,0
BRDA:369,30,0,0
BRDA:369,30,1,0
BRDA:387,31,0,0
BRDA:387,31,1,0
BRDA:408,32,0,0
BRDA:408,32,1,0
BRDA:408,33,0,0
BRDA:408,33,1,0
BRDA:410,34,0,0
BRDA:410,34,1,0
BRDA:410,35,0,0
BRDA:410,35,1,0
BRDA:411,36,0,0
BRDA:411,36,1,0
BRDA:471,37,0,0
BRDA:473,38,0,0
BRDA:473,38,1,0
BRF:76
BRH:0
end_of_record
TN:
SF:modules/strategy/StrategyV3Core.js
FN:6,(anonymous_0)
FN:13,(anonymous_1)
FN:14,(anonymous_2)
FN:16,(anonymous_3)
FN:24,(anonymous_4)
FN:42,(anonymous_5)
FN:60,smooth
FN:62,(anonymous_7)
FN:72,(anonymous_8)
FN:73,(anonymous_9)
FN:74,(anonymous_10)
FN:76,(anonymous_11)
FN:88,(anonymous_12)
FN:89,(anonymous_13)
FN:96,(anonymous_14)
FN:100,(anonymous_15)
FN:111,(anonymous_16)
FN:127,(anonymous_17)
FN:141,(anonymous_18)
FN:147,(anonymous_19)
FN:157,(anonymous_20)
FN:161,(anonymous_21)
FN:162,(anonymous_22)
FN:171,(anonymous_23)
FN:178,(anonymous_24)
FN:214,(anonymous_25)
FN:220,(anonymous_26)
FN:288,(anonymous_27)
FN:302,(anonymous_28)
FN:310,(anonymous_29)
FN:354,(anonymous_30)
FN:355,(anonymous_31)
FN:379,(anonymous_32)
FN:380,(anonymous_33)
FN:468,(anonymous_34)
FN:481,(anonymous_35)
FN:518,(anonymous_36)
FN:540,(anonymous_37)
FN:541,(anonymous_38)
FN:609,(anonymous_39)
FN:648,(anonymous_40)
FN:656,(anonymous_41)
FNF:42
FNH:0
FNDA:0,(anonymous_0)
FNDA:0,(anonymous_1)
FNDA:0,(anonymous_2)
FNDA:0,(anonymous_3)
FNDA:0,(anonymous_4)
FNDA:0,(anonymous_5)
FNDA:0,smooth
FNDA:0,(anonymous_7)
FNDA:0,(anonymous_8)
FNDA:0,(anonymous_9)
FNDA:0,(anonymous_10)
FNDA:0,(anonymous_11)
FNDA:0,(anonymous_12)
FNDA:0,(anonymous_13)
FNDA:0,(anonymous_14)
FNDA:0,(anonymous_15)
FNDA:0,(anonymous_16)
FNDA:0,(anonymous_17)
FNDA:0,(anonymous_18)
FNDA:0,(anonymous_19)
FNDA:0,(anonymous_20)
FNDA:0,(anonymous_21)
FNDA:0,(anonymous_22)
FNDA:0,(anonymous_23)
FNDA:0,(anonymous_24)
FNDA:0,(anonymous_25)
FNDA:0,(anonymous_26)
FNDA:0,(anonymous_27)
FNDA:0,(anonymous_28)
FNDA:0,(anonymous_29)
FNDA:0,(anonymous_30)
FNDA:0,(anonymous_31)
FNDA:0,(anonymous_32)
FNDA:0,(anonymous_33)
FNDA:0,(anonymous_34)
FNDA:0,(anonymous_35)
FNDA:0,(anonymous_36)
FNDA:0,(anonymous_37)
FNDA:0,(anonymous_38)
FNDA:0,(anonymous_39)
FNDA:0,(anonymous_40)
FNDA:0,(anonymous_41)
DA:3,0
DA:7,0
DA:14,0
DA:15,0
DA:16,0
DA:17,0
DA:25,0
DA:26,0
DA:28,0
DA:29,0
DA:30,0
DA:32,0
DA:36,0
DA:43,0
DA:45,0
DA:46,0
DA:47,0
DA:48,0
DA:50,0
DA:51,0
DA:53,0
DA:54,0
DA:56,0
DA:57,0
DA:61,0
DA:62,0
DA:63,0
DA:64,0
DA:65,0
DA:66,0
DA:68,0
DA:71,0
DA:72,0
DA:73,0
DA:74,0
DA:75,0
DA:76,0
DA:77,0
DA:78,0
DA:79,0
DA:81,0
DA:82,0
DA:89,0
DA:90,0
DA:91,0
DA:93,0
DA:94,0
DA:95,0
DA:96,0
DA:97,0
DA:100,0
DA:112,0
DA:113,0
DA:115,0
DA:116,0
DA:117,0
DA:118,0
DA:121,0
DA:128,0
DA:129,0
DA:130,0
DA:131,0
DA:132,0
DA:134,0
DA:141,0
DA:148,0
DA:150,0
DA:153,0
DA:154,0
DA:157,0
DA:158,0
DA:159,0
DA:161,0
DA:162,0
DA:165,0
DA:172,0
DA:173,0
DA:174,0
DA:175,0
DA:178,0
DA:186,0
DA:187,0
DA:188,0
DA:189,0
DA:192,0
DA:196,0
DA:201,0
DA:202,0
DA:203,0
DA:206,0
DA:207,0
DA:208,0
DA:209,0
DA:210,0
DA:211,0
DA:213,0
DA:214,0
DA:215,0
DA:219,0
DA:220,0
DA:221,0
DA:229,0
DA:230,0
DA:233,0
DA:236,0
DA:237,0
DA:240,0
DA:241,0
DA:243,0
DA:244,0
DA:245,0
DA:246,0
DA:247,0
DA:248,0
DA:250,0
DA:251,0
DA:254,0
DA:269,0
DA:272,0
DA:273,0
DA:274,0
DA:275,0
DA:276,0
DA:277,0
DA:278,0
DA:281,0
DA:289,0
DA:290,0
DA:298,0
DA:299,0
DA:302,0
DA:310,0
DA:318,0
DA:319,0
DA:322,0
DA:325,0
DA:326,0
DA:327,0
DA:328,0
DA:329,0
DA:333,0
DA:341,0
DA:342,0
DA:343,0
DA:346,0
DA:348,0
DA:349,0
DA:352,0
DA:353,0
DA:354,0
DA:355,0
DA:356,0
DA:357,0
DA:359,0
DA:367,0
DA:368,0
DA:369,0
DA:370,0
DA:371,0
DA:372,0
DA:373,0
DA:374,0
DA:379,0
DA:380,0
DA:382,0
DA:383,0
DA:385,0
DA:393,0
DA:394,0
DA:395,0
DA:396,0
DA:400,0
DA:401,0
DA:402,0
DA:403,0
DA:404,0
DA:407,0
DA:408,0
DA:409,0
DA:410,0
DA:411,0
DA:412,0
DA:416,0
DA:417,0
DA:418,0
DA:419,0
DA:423,0
DA:424,0
DA:425,0
DA:427,0
DA:428,0
DA:429,0
DA:430,0
DA:431,0
DA:432,0
DA:435,0
DA:437,0
DA:444,0
DA:460,0
DA:461,0
DA:469,0
DA:470,0
DA:472,0
DA:473,0
DA:481,0
DA:490,0
DA:491,0
DA:494,0
DA:497,0
DA:509,0
DA:510,0
DA:512,0
DA:513,0
DA:514,0
DA:518,0
DA:519,0
DA:522,0
DA:523,0
DA:524,0
DA:527,0
DA:528,0
DA:529,0
DA:530,0
DA:531,0
DA:532,0
DA:533,0
DA:536,0
DA:540,0
DA:541,0
DA:542,0
DA:543,0
DA:546,0
DA:557,0
DA:558,0
DA:559,0
DA:562,0
DA:563,0
DA:576,0
DA:596,0
DA:597,0
DA:610,0
DA:613,0
DA:614,0
DA:617,0
DA:618,0
DA:622,0
DA:623,0
DA:627,0
DA:628,0
DA:632,0
DA:633,0
DA:637,0
DA:638,0
DA:639,0
DA:642,0
DA:649,0
DA:650,0
DA:657,0
DA:664,0
LF:259
LH:0
BRDA:13,0,0,0
BRDA:15,1,0,0
BRDA:15,1,1,0
BRDA:24,2,0,0
BRDA:29,3,0,0
BRDA:29,3,1,0
BRDA:42,4,0,0
BRDA:43,5,0,0
BRDA:43,5,1,0
BRDA:43,6,0,0
BRDA:43,6,1,0
BRDA:56,7,0,0
BRDA:56,7,1,0
BRDA:56,8,0,0
BRDA:56,8,1,0
BRDA:57,9,0,0
BRDA:57,9,1,0
BRDA:57,10,0,0
BRDA:57,10,1,0
BRDA:72,11,0,0
BRDA:72,11,1,0
BRDA:73,12,0,0
BRDA:73,12,1,0
BRDA:74,13,0,0
BRDA:74,13,1,0
BRDA:82,14,0,0
BRDA:82,14,1,0
BRDA:82,15,0,0
BRDA:82,15,1,0
BRDA:82,16,0,0
BRDA:82,16,1,0
BRDA:88,17,0,0
BRDA:88,18,0,0
BRDA:102,19,0,0
BRDA:102,19,1,0
BRDA:103,20,0,0
BRDA:103,20,1,0
BRDA:104,21,0,0
BRDA:104,21,1,0
BRDA:121,22,0,0
BRDA:121,22,1,0
BRDA:127,23,0,0
BRDA:147,24,0,0
BRDA:147,25,0,0
BRDA:148,26,0,0
BRDA:148,26,1,0
BRDA:154,27,0,0
BRDA:154,27,1,0
BRDA:174,28,0,0
BRDA:174,28,1,0
BRDA:174,29,0,0
BRDA:174,29,1,0
BRDA:192,30,0,0
BRDA:192,30,1,0
BRDA:192,30,2,0
BRDA:196,31,0,0
BRDA:196,31,1,0
BRDA:196,31,2,0
BRDA:203,32,0,0
BRDA:203,32,1,0
BRDA:207,33,0,0
BRDA:207,33,1,0
BRDA:213,34,0,0
BRDA:213,34,1,0
BRDA:215,35,0,0
BRDA:215,35,1,0
BRDA:215,35,2,0
BRDA:219,36,0,0
BRDA:219,36,1,0
BRDA:221,37,0,0
BRDA:221,37,1,0
BRDA:221,37,2,0
BRDA:229,38,0,0
BRDA:229,38,1,0
BRDA:230,39,0,0
BRDA:230,39,1,0
BRDA:236,40,0,0
BRDA:236,40,1,0
BRDA:237,41,0,0
BRDA:237,41,1,0
BRDA:243,42,0,0
BRDA:243,42,1,0
BRDA:243,43,0,0
BRDA:243,43,1,0
BRDA:243,43,2,0
BRDA:246,44,0,0
BRDA:246,44,1,0
BRDA:246,45,0,0
BRDA:246,45,1,0
BRDA:246,45,2,0
BRDA:273,46,0,0
BRDA:273,46,1,0
BRDA:275,47,0,0
BRDA:275,47,1,0
BRDA:277,48,0,0
BRDA:277,48,1,0
BRDA:298,49,0,0
BRDA:298,49,1,0
BRDA:298,50,0,0
BRDA:298,50,1,0
BRDA:326,51,0,0
BRDA:326,51,1,0
BRDA:326,52,0,0
BRDA:326,52,1,0
BRDA:328,53,0,0
BRDA:328,53,1,0
BRDA:328,54,0,0
BRDA:328,54,1,0
BRDA:338,55,0,0
BRDA:338,55,1,0
BRDA:341,56,0,0
BRDA:341,56,1,0
BRDA:353,57,0,0
BRDA:353,57,1,0
BRDA:353,58,0,0
BRDA:353,58,1,0
BRDA:364,59,0,0
BRDA:364,59,1,0
BRDA:367,60,0,0
BRDA:367,60,1,0
BRDA:367,61,0,0
BRDA:367,61,1,0
BRDA:371,62,0,0
BRDA:371,62,1,0
BRDA:371,63,0,0
BRDA:371,63,1,0
BRDA:390,64,0,0
BRDA:390,64,1,0
BRDA:393,65,0,0
BRDA:393,65,1,0
BRDA:393,66,0,0
BRDA:393,66,1,0
BRDA:401,67,0,0
BRDA:401,67,1,0
BRDA:401,68,0,0
BRDA:401,68,1,0
BRDA:407,69,0,0
BRDA:407,69,1,0
BRDA:407,70,0,0
BRDA:407,70,1,0
BRDA:410,71,0,0
BRDA:410,71,1,0
BRDA:410,72,0,0
BRDA:410,72,1,0
BRDA:416,73,0,0
BRDA:416,73,1,0
BRDA:416,74,0,0
BRDA:416,74,1,0
BRDA:417,75,0,0
BRDA:417,75,1,0
BRDA:417,76,0,0
BRDA:417,76,1,0
BRDA:423,77,0,0
BRDA:423,77,1,0
BRDA:424,78,0,0
BRDA:424,78,1,0
BRDA:425,79,0,0
BRDA:425,79,1,0
BRDA:427,80,0,0
BRDA:427,80,1,0
BRDA:427,81,0,0
BRDA:427,81,1,0
BRDA:430,82,0,0
BRDA:430,82,1,0
BRDA:430,83,0,0
BRDA:430,83,1,0
BRDA:472,84,0,0
BRDA:472,84,1,0
BRDA:472,85,0,0
BRDA:472,85,1,0
BRDA:513,86,0,0
BRDA:513,86,1,0
BRDA:514,87,0,0
BRDA:514,87,1,0
BRDA:522,88,0,0
BRDA:522,88,1,0
BRDA:523,89,0,0
BRDA:523,89,1,0
BRDA:530,90,0,0
BRDA:530,90,1,0
BRDA:530,91,0,0
BRDA:530,91,1,0
BRDA:543,92,0,0
BRDA:543,92,1,0
BRDA:562,93,0,0
BRDA:562,93,1,0
BRDA:617,94,0,0
BRDA:617,94,1,0
BRDA:622,95,0,0
BRDA:622,95,1,0
BRDA:627,96,0,0
BRDA:627,96,1,0
BRDA:632,97,0,0
BRDA:632,97,1,0
BRDA:638,98,0,0
BRDA:638,98,1,0
BRDA:658,99,0,0
BRDA:658,99,1,0
BRDA:659,100,0,0
BRDA:659,100,1,0
BRF:200
BRH:0
end_of_record
TN:
SF:modules/strategy/StrategyV3Execution.js
FN:6,(anonymous_0)
FN:13,(anonymous_1)
FN:46,(anonymous_2)
FN:80,(anonymous_3)
FN:116,(anonymous_4)
FN:131,(anonymous_5)
FN:165,(anonymous_6)
FN:166,(anonymous_7)
FN:263,(anonymous_8)
FN:267,(anonymous_9)
FN:268,(anonymous_10)
FN:280,(anonymous_11)
FN:314,(anonymous_12)
FN:343,(anonymous_13)
FN:368,(anonymous_14)
FN:386,(anonymous_15)
FN:399,(anonymous_16)
FN:417,(anonymous_17)
FN:541,(anonymous_18)
FN:542,(anonymous_19)
FN:563,(anonymous_20)
FN:583,(anonymous_21)
FN:604,(anonymous_22)
FNF:23
FNH:3
FNDA:11,(anonymous_0)
FNDA:0,(anonymous_1)
FNDA:0,(anonymous_2)
FNDA:0,(anonymous_3)
FNDA:2,(anonymous_4)
FNDA:0,(anonymous_5)
FNDA:0,(anonymous_6)
FNDA:0,(anonymous_7)
FNDA:0,(anonymous_8)
FNDA:0,(anonymous_9)
FNDA:0,(anonymous_10)
FNDA:3,(anonymous_11)
FNDA:0,(anonymous_12)
FNDA:0,(anonymous_13)
FNDA:0,(anonymous_14)
FNDA:0,(anonymous_15)
FNDA:0,(anonymous_16)
FNDA:0,(anonymous_17)
FNDA:0,(anonymous_18)
FNDA:0,(anonymous_19)
FNDA:0,(anonymous_20)
FNDA:0,(anonymous_21)
FNDA:0,(anonymous_22)
DA:3,1
DA:7,11
DA:14,0
DA:15,0
DA:16,0
DA:19,0
DA:20,0
DA:23,0
DA:24,0
DA:25,0
DA:26,0
DA:29,0
DA:30,0
DA:33,0
DA:34,0
DA:38,0
DA:40,0
DA:43,0
DA:46,0
DA:47,0
DA:49,0
DA:50,0
DA:52,0
DA:53,0
DA:55,0
DA:57,0
DA:72,0
DA:74,0
DA:77,0
DA:80,0
DA:81,0
DA:83,0
DA:84,0
DA:86,0
DA:87,0
DA:89,0
DA:91,0
DA:105,0
DA:108,0
DA:109,0
DA:117,2
DA:118,2
DA:119,2
DA:122,0
DA:123,0
DA:124,0
DA:127,0
DA:128,0
DA:131,0
DA:132,0
DA:133,0
DA:135,0
DA:136,0
DA:140,0
DA:141,0
DA:144,0
DA:145,0
DA:146,0
DA:147,0
DA:149,0
DA:150,0
DA:151,0
DA:156,0
DA:165,0
DA:166,0
DA:169,0
DA:170,0
DA:171,0
DA:173,0
DA:174,0
DA:178,0
DA:179,0
DA:180,0
DA:183,0
DA:184,0
DA:193,0
DA:194,0
DA:202,0
DA:203,0
DA:204,0
DA:205,0
DA:206,0
DA:207,0
DA:208,0
DA:213,0
DA:214,0
DA:215,0
DA:216,0
DA:217,0
DA:218,0
DA:219,0
DA:220,0
DA:225,0
DA:226,0
DA:236,0
DA:237,0
DA:239,0
DA:255,0
DA:256,0
DA:264,0
DA:266,0
DA:267,0
DA:268,0
DA:269,0
DA:271,0
DA:272,0
DA:274,0
DA:281,3
DA:284,3
DA:285,3
DA:288,3
DA:289,3
DA:292,3
DA:293,3
DA:296,3
DA:297,3
DA:300,3
DA:302,2
DA:303,1
DA:305,1
DA:308,0
DA:315,0
DA:316,0
DA:323,0
DA:330,0
DA:331,0
DA:344,0
DA:345,0
DA:346,0
DA:348,0
DA:349,0
DA:351,0
DA:352,0
DA:353,0
DA:354,0
DA:355,0
DA:358,0
DA:360,0
DA:361,0
DA:369,0
DA:370,0
DA:371,0
DA:373,0
DA:374,0
DA:376,0
DA:378,0
DA:379,0
DA:387,0
DA:388,0
DA:389,0
DA:391,0
DA:392,0
DA:400,0
DA:401,0
DA:402,0
DA:404,0
DA:405,0
DA:407,0
DA:409,0
DA:410,0
DA:435,0
DA:441,0
DA:443,0
DA:445,0
DA:446,0
DA:447,0
DA:450,0
DA:451,0
DA:453,0
DA:457,0
DA:459,0
DA:460,0
DA:462,0
DA:463,0
DA:467,0
DA:468,0
DA:470,0
DA:471,0
DA:475,0
DA:478,0
DA:480,0
DA:484,0
DA:486,0
DA:490,0
DA:492,0
DA:493,0
DA:494,0
DA:497,0
DA:498,0
DA:500,0
DA:501,0
DA:507,0
DA:508,0
DA:510,0
DA:515,0
DA:516,0
DA:518,0
DA:522,0
DA:524,0
DA:528,0
DA:529,0
DA:530,0
DA:532,0
DA:540,0
DA:541,0
DA:542,0
DA:545,0
DA:546,0
DA:552,0
DA:553,0
DA:557,0
DA:564,0
DA:565,0
DA:567,0
DA:568,0
DA:569,0
DA:571,0
DA:575,0
DA:584,0
DA:585,0
DA:586,0
DA:589,0
DA:590,0
DA:591,0
DA:592,0
DA:593,0
DA:595,0
DA:600,0
DA:604,0
DA:606,0
DA:607,0
DA:611,1
LF:232
LH:19
BRDA:15,0,0,0
BRDA:15,0,1,0
BRDA:15,1,0,0
BRDA:15,1,1,0
BRDA:33,2,0,0
BRDA:33,2,1,0
BRDA:38,3,0,0
BRDA:38,3,1,0
BRDA:38,4,0,0
BRDA:38,4,1,0
BRDA:40,5,0,0
BRDA:40,5,1,0
BRDA:43,6,0,0
BRDA:43,6,1,0
BRDA:49,7,0,0
BRDA:49,7,1,0
BRDA:49,8,0,0
BRDA:49,8,1,0
BRDA:49,8,2,0
BRDA:72,9,0,0
BRDA:72,9,1,0
BRDA:72,10,0,0
BRDA:72,10,1,0
BRDA:74,11,0,0
BRDA:74,11,1,0
BRDA:77,12,0,0
BRDA:77,12,1,0
BRDA:83,13,0,0
BRDA:83,13,1,0
BRDA:83,14,0,0
BRDA:83,14,1,0
BRDA:83,14,2,0
BRDA:118,15,0,2
BRDA:118,15,1,0
BRDA:118,16,0,2
BRDA:118,16,1,2
BRDA:123,17,0,0
BRDA:123,17,1,0
BRDA:135,18,0,0
BRDA:135,18,1,0
BRDA:144,19,0,0
BRDA:144,19,1,0
BRDA:144,20,0,0
BRDA:144,20,1,0
BRDA:144,20,2,0
BRDA:144,20,3,0
BRDA:149,21,0,0
BRDA:149,21,1,0
BRDA:149,22,0,0
BRDA:149,22,1,0
BRDA:149,22,2,0
BRDA:149,22,3,0
BRDA:166,23,0,0
BRDA:166,23,1,0
BRDA:171,24,0,0
BRDA:171,24,1,0
BRDA:173,25,0,0
BRDA:173,25,1,0
BRDA:193,26,0,0
BRDA:193,26,1,0
BRDA:193,27,0,0
BRDA:193,27,1,0
BRDA:193,27,2,0
BRDA:202,28,0,0
BRDA:202,28,1,0
BRDA:213,29,0,0
BRDA:213,29,1,0
BRDA:213,30,0,0
BRDA:213,30,1,0
BRDA:213,30,2,0
BRDA:214,31,0,0
BRDA:214,31,1,0
BRDA:225,32,0,0
BRDA:225,32,1,0
BRDA:236,33,0,0
BRDA:236,33,1,0
BRDA:263,34,0,0
BRDA:263,35,0,0
BRDA:264,36,0,0
BRDA:264,36,1,0
BRDA:284,37,0,2
BRDA:284,37,1,1
BRDA:288,38,0,1
BRDA:288,38,1,2
BRDA:292,39,0,2
BRDA:292,39,1,1
BRDA:296,40,0,1
BRDA:296,40,1,2
BRDA:300,41,0,2
BRDA:300,41,1,1
BRDA:303,42,0,1
BRDA:303,42,1,0
BRDA:346,43,0,0
BRDA:346,43,1,0
BRDA:346,44,0,0
BRDA:346,44,1,0
BRDA:358,45,0,0
BRDA:358,45,1,0
BRDA:371,46,0,0
BRDA:371,46,1,0
BRDA:371,47,0,0
BRDA:371,47,1,0
BRDA:389,48,0,0
BRDA:389,48,1,0
BRDA:402,49,0,0
BRDA:402,49,1,0
BRDA:402,50,0,0
BRDA:402,50,1,0
BRDA:441,51,0,0
BRDA:441,51,1,0
BRDA:441,52,0,0
BRDA:441,52,1,0
BRDA:443,53,0,0
BRDA:443,53,1,0
BRDA:446,54,0,0
BRDA:446,54,1,0
BRDA:451,55,0,0
BRDA:451,55,1,0
BRDA:457,56,0,0
BRDA:457,56,1,0
BRDA:459,57,0,0
BRDA:459,57,1,0
BRDA:459,58,0,0
BRDA:459,58,1,0
BRDA:467,59,0,0
BRDA:467,59,1,0
BRDA:467,60,0,0
BRDA:467,60,1,0
BRDA:478,61,0,0
BRDA:478,61,1,0
BRDA:478,62,0,0
BRDA:478,62,1,0
BRDA:478,62,2,0
BRDA:478,62,3,0
BRDA:484,63,0,0
BRDA:484,63,1,0
BRDA:484,64,0,0
BRDA:484,64,1,0
BRDA:484,64,2,0
BRDA:484,64,3,0
BRDA:490,65,0,0
BRDA:490,65,1,0
BRDA:493,66,0,0
BRDA:493,66,1,0
BRDA:493,67,0,0
BRDA:493,67,1,0
BRDA:497,68,0,0
BRDA:497,68,1,0
BRDA:497,69,0,0
BRDA:497,69,1,0
BRDA:500,70,0,0
BRDA:500,70,1,0
BRDA:500,71,0,0
BRDA:500,71,1,0
BRDA:507,72,0,0
BRDA:507,72,1,0
BRDA:508,73,0,0
BRDA:508,73,1,0
BRDA:508,74,0,0
BRDA:508,74,1,0
BRDA:508,74,2,0
BRDA:508,74,3,0
BRDA:508,74,4,0
BRDA:508,74,5,0
BRDA:515,75,0,0
BRDA:515,75,1,0
BRDA:516,76,0,0
BRDA:516,76,1,0
BRDA:516,77,0,0
BRDA:516,77,1,0
BRDA:516,77,2,0
BRDA:516,77,3,0
BRDA:522,78,0,0
BRDA:522,78,1,0
BRDA:522,79,0,0
BRDA:522,79,1,0
BRDA:522,79,2,0
BRDA:522,79,3,0
BRDA:522,79,4,0
BRDA:522,79,5,0
BRDA:522,79,6,0
BRDA:522,79,7,0
BRDA:528,80,0,0
BRDA:528,80,1,0
BRDA:530,81,0,0
BRDA:530,81,1,0
BRDA:533,82,0,0
BRDA:533,82,1,0
BRDA:534,83,0,0
BRDA:534,83,1,0
BRDA:535,84,0,0
BRDA:535,84,1,0
BRDA:536,85,0,0
BRDA:536,85,1,0
BRDA:545,86,0,0
BRDA:545,86,1,0
BRDA:552,87,0,0
BRDA:552,87,1,0
BRDA:563,88,0,0
BRDA:568,89,0,0
BRDA:568,89,1,0
BRDA:583,90,0,0
BRDA:584,91,0,0
BRDA:584,91,1,0
BRDA:584,92,0,0
BRDA:584,92,1,0
BRDA:585,93,0,0
BRDA:585,93,1,0
BRF:208
BRH:14
end_of_record
TN:
SF:modules/utils/DataCache.js
FN:5,(anonymous_0)
FN:10,(anonymous_1)
FN:24,(anonymous_2)
FN:29,(anonymous_3)
FN:33,(anonymous_4)
FN:47,(anonymous_5)
FN:51,(anonymous_6)
FN:56,(anonymous_7)
FNF:8
FNH:0
FNDA:0,(anonymous_0)
FNDA:0,(anonymous_1)
FNDA:0,(anonymous_2)
FNDA:0,(anonymous_3)
FNDA:0,(anonymous_4)
FNDA:0,(anonymous_5)
FNDA:0,(anonymous_6)
FNDA:0,(anonymous_7)
DA:6,0
DA:7,0
DA:11,0
DA:12,0
DA:13,0
DA:16,0
DA:17,0
DA:18,0
DA:21,0
DA:25,0
DA:26,0
DA:30,0
DA:34,0
DA:35,0
DA:36,0
DA:39,0
DA:40,0
DA:41,0
DA:44,0
DA:48,0
DA:52,0
DA:57,0
DA:58,0
DA:59,0
DA:60,0
DA:66,0
LF:26
LH:0
BRDA:12,0,0,0
BRDA:12,0,1,0
BRDA:16,1,0,0
BRDA:16,1,1,0
BRDA:24,2,0,0
BRDA:35,3,0,0
BRDA:35,3,1,0
BRDA:39,4,0,0
BRDA:39,4,1,0
BRDA:59,5,0,0
BRDA:59,5,1,0
BRF:11
BRH:0
end_of_record
TN:
SF:modules/utils/TechnicalIndicators.js
FN:11,(anonymous_0)
FN:16,(anonymous_1)
FN:29,(anonymous_2)
FN:42,(anonymous_3)
FN:45,(anonymous_4)
FN:67,(anonymous_5)
FN:91,(anonymous_6)
FN:95,(anonymous_7)
FN:112,(anonymous_8)
FN:119,(anonymous_9)
FN:120,(anonymous_10)
FN:135,(anonymous_11)
FN:139,(anonymous_12)
FN:149,(anonymous_13)
FN:168,(anonymous_14)
FN:209,(anonymous_15)
FN:230,(anonymous_16)
FN:249,(anonymous_17)
FN:256,(anonymous_18)
FN:269,(anonymous_19)
FN:281,(anonymous_20)
FN:282,(anonymous_21)
FN:300,(anonymous_22)
FN:323,(anonymous_23)
FN:331,(anonymous_24)
FN:351,(anonymous_25)
FN:359,(anonymous_26)
FN:365,(anonymous_27)
FN:366,(anonymous_28)
FN:378,(anonymous_29)
FN:440,(anonymous_30)
FN:447,(anonymous_31)
FN:465,(anonymous_32)
FN:471,(anonymous_33)
FN:491,(anonymous_34)
FN:519,(anonymous_35)
FN:532,(anonymous_36)
FN:539,(anonymous_37)
FN:540,(anonymous_38)
FNF:39
FNH:0
FNDA:0,(anonymous_0)
FNDA:0,(anonymous_1)
FNDA:0,(anonymous_2)
FNDA:0,(anonymous_3)
FNDA:0,(anonymous_4)
FNDA:0,(anonymous_5)
FNDA:0,(anonymous_6)
FNDA:0,(anonymous_7)
FNDA:0,(anonymous_8)
FNDA:0,(anonymous_9)
FNDA:0,(anonymous_10)
FNDA:0,(anonymous_11)
FNDA:0,(anonymous_12)
FNDA:0,(anonymous_13)
FNDA:0,(anonymous_14)
FNDA:0,(anonymous_15)
FNDA:0,(anonymous_16)
FNDA:0,(anonymous_17)
FNDA:0,(anonymous_18)
FNDA:0,(anonymous_19)
FNDA:0,(anonymous_20)
FNDA:0,(anonymous_21)
FNDA:0,(anonymous_22)
FNDA:0,(anonymous_23)
FNDA:0,(anonymous_24)
FNDA:0,(anonymous_25)
FNDA:0,(anonymous_26)
FNDA:0,(anonymous_27)
FNDA:0,(anonymous_28)
FNDA:0,(anonymous_29)
FNDA:0,(anonymous_30)
FNDA:0,(anonymous_31)
FNDA:0,(anonymous_32)
FNDA:0,(anonymous_33)
FNDA:0,(anonymous_34)
FNDA:0,(anonymous_35)
FNDA:0,(anonymous_36)
FNDA:0,(anonymous_37)
FNDA:0,(anonymous_38)
DA:12,0
DA:14,0
DA:15,0
DA:16,0
DA:17,0
DA:19,0
DA:30,0
DA:31,0
DA:32,0
DA:35,0
DA:37,0
DA:39,0
DA:42,0
DA:45,0
DA:46,0
DA:49,0
DA:50,0
DA:53,0
DA:54,0
DA:57,0
DA:68,0
DA:69,0
DA:72,0
DA:73,0
DA:74,0
DA:75,0
DA:79,0
DA:81,0
DA:82,0
DA:92,0
DA:93,0
DA:95,0
DA:96,0
DA:97,0
DA:99,0
DA:100,0
DA:102,0
DA:113,0
DA:114,0
DA:117,0
DA:118,0
DA:119,0
DA:120,0
DA:122,0
DA:136,0
DA:138,0
DA:139,0
DA:140,0
DA:150,0
DA:152,0
DA:153,0
DA:154,0
DA:169,0
DA:170,0
DA:171,0
DA:172,0
DA:173,0
DA:174,0
DA:175,0
DA:177,0
DA:178,0
DA:179,0
DA:180,0
DA:183,0
DA:184,0
DA:188,0
DA:189,0
DA:191,0
DA:193,0
DA:194,0
DA:195,0
DA:196,0
DA:197,0
DA:199,0
DA:200,0
DA:201,0
DA:202,0
DA:203,0
DA:204,0
DA:209,0
DA:210,0
DA:211,0
DA:213,0
DA:214,0
DA:215,0
DA:216,0
DA:217,0
DA:218,0
DA:219,0
DA:220,0
DA:221,0
DA:222,0
DA:223,0
DA:227,0
DA:231,0
DA:233,0
DA:234,0
DA:235,0
DA:236,0
DA:237,0
DA:239,0
DA:244,0
DA:247,0
DA:248,0
DA:249,0
DA:250,0
DA:253,0
DA:257,0
DA:259,0
DA:260,0
DA:262,0
DA:263,0
DA:266,0
DA:270,0
DA:272,0
DA:273,0
DA:275,0
DA:276,0
DA:277,0
DA:278,0
DA:281,0
DA:282,0
DA:284,0
DA:285,0
DA:286,0
DA:288,0
DA:289,0
DA:290,0
DA:292,0
DA:293,0
DA:294,0
DA:297,0
DA:301,0
DA:302,0
DA:304,0
DA:305,0
DA:306,0
DA:309,0
DA:310,0
DA:312,0
DA:313,0
DA:316,0
DA:324,0
DA:325,0
DA:327,0
DA:328,0
DA:329,0
DA:331,0
DA:332,0
DA:334,0
DA:341,0
DA:352,0
DA:354,0
DA:355,0
DA:358,0
DA:359,0
DA:362,0
DA:363,0
DA:365,0
DA:366,0
DA:369,0
DA:379,0
DA:381,0
DA:382,0
DA:383,0
DA:386,0
DA:387,0
DA:388,0
DA:389,0
DA:390,0
DA:392,0
DA:397,0
DA:399,0
DA:400,0
DA:402,0
DA:403,0
DA:407,0
DA:408,0
DA:409,0
DA:412,0
DA:413,0
DA:415,0
DA:416,0
DA:417,0
DA:421,0
DA:422,0
DA:423,0
DA:424,0
DA:425,0
DA:429,0
DA:431,0
DA:441,0
DA:443,0
DA:444,0
DA:447,0
DA:448,0
DA:451,0
DA:452,0
DA:453,0
DA:456,0
DA:466,0
DA:468,0
DA:471,0
DA:472,0
DA:475,0
DA:476,0
DA:477,0
DA:478,0
DA:479,0
DA:482,0
DA:492,0
DA:494,0
DA:495,0
DA:496,0
DA:497,0
DA:498,0
DA:499,0
DA:502,0
DA:503,0
DA:507,0
DA:508,0
DA:511,0
DA:520,0
DA:521,0
DA:522,0
DA:524,0
DA:525,0
DA:526,0
DA:529,0
DA:533,0
DA:535,0
DA:537,0
DA:538,0
DA:539,0
DA:540,0
DA:541,0
DA:543,0
DA:544,0
DA:547,0
DA:549,0
DA:556,0
LF:241
LH:0
BRDA:12,0,0,0
BRDA:12,0,1,0
BRDA:29,1,0,0
BRDA:29,2,0,0
BRDA:30,3,0,0
BRDA:30,3,1,0
BRDA:67,4,0,0
BRDA:67,5,0,0
BRDA:73,6,0,0
BRDA:73,6,1,0
BRDA:112,7,0,0
BRDA:113,8,0,0
BRDA:113,8,1,0
BRDA:135,9,0,0
BRDA:135,10,0,0
BRDA:136,11,0,0
BRDA:136,11,1,0
BRDA:149,12,0,0
BRDA:150,13,0,0
BRDA:150,13,1,0
BRDA:183,14,0,0
BRDA:183,14,1,0
BRDA:183,15,0,0
BRDA:183,15,1,0
BRDA:191,16,0,0
BRDA:191,16,1,0
BRDA:191,17,0,0
BRDA:191,17,1,0
BRDA:191,17,2,0
BRDA:193,18,0,0
BRDA:193,18,1,0
BRDA:199,19,0,0
BRDA:199,19,1,0
BRDA:199,20,0,0
BRDA:199,20,1,0
BRDA:199,20,2,0
BRDA:200,21,0,0
BRDA:200,21,1,0
BRDA:210,22,0,0
BRDA:210,22,1,0
BRDA:211,23,0,0
BRDA:211,23,1,0
BRDA:213,24,0,0
BRDA:213,24,1,0
BRDA:214,25,0,0
BRDA:214,25,1,0
BRDA:214,26,0,0
BRDA:214,26,1,0
BRDA:219,27,0,0
BRDA:219,27,1,0
BRDA:219,28,0,0
BRDA:219,28,1,0
BRDA:230,29,0,0
BRDA:231,30,0,0
BRDA:231,30,1,0
BRDA:257,31,0,0
BRDA:257,31,1,0
BRDA:269,32,0,0
BRDA:270,33,0,0
BRDA:270,33,1,0
BRDA:277,34,0,0
BRDA:277,34,1,0
BRDA:278,35,0,0
BRDA:278,35,1,0
BRDA:300,36,0,0
BRDA:300,37,0,0
BRDA:300,38,0,0
BRDA:323,39,0,0
BRDA:323,40,0,0
BRDA:351,41,0,0
BRDA:352,42,0,0
BRDA:352,42,1,0
BRDA:355,43,0,0
BRDA:355,43,1,0
BRDA:378,44,0,0
BRDA:379,45,0,0
BRDA:379,45,1,0
BRDA:399,46,0,0
BRDA:399,46,1,0
BRDA:399,47,0,0
BRDA:399,47,1,0
BRDA:400,48,0,0
BRDA:400,48,1,0
BRDA:400,49,0,0
BRDA:400,49,1,0
BRDA:425,50,0,0
BRDA:425,50,1,0
BRDA:441,51,0,0
BRDA:441,51,1,0
BRDA:466,52,0,0
BRDA:466,52,1,0
BRDA:503,53,0,0
BRDA:503,53,1,0
BRDA:507,54,0,0
BRDA:507,54,1,0
BRDA:532,55,0,0
BRDA:532,56,0,0
BRDA:533,57,0,0
BRDA:533,57,1,0
BRF:99
BRH:0
end_of_record
