TN:
SF:server.js
FN:28,(anonymous_0)
FN:58,(anonymous_1)
FN:64,(anonymous_2)
FN:75,(anonymous_3)
FN:78,(anonymous_4)
FN:88,(anonymous_5)
FN:90,(anonymous_6)
FN:98,(anonymous_7)
FN:100,(anonymous_8)
FN:103,(anonymous_9)
FN:111,(anonymous_10)
FN:111,(anonymous_11)
FN:266,(anonymous_12)
FN:304,(anonymous_13)
FN:328,(anonymous_14)
FN:340,(anonymous_15)
FN:351,(anonymous_16)
FN:362,(anonymous_17)
FN:373,(anonymous_18)
FN:386,(anonymous_19)
FN:397,(anonymous_20)
FN:408,(anonymous_21)
FN:419,(anonymous_22)
FN:430,(anonymous_23)
FN:510,(anonymous_24)
FN:514,(anonymous_25)
FN:523,(anonymous_26)
FN:534,(anonymous_27)
FN:546,(anonymous_28)
FN:563,(anonymous_29)
FN:598,(anonymous_30)
FN:609,(anonymous_31)
FN:636,(anonymous_32)
FN:647,(anonymous_33)
FN:658,(anonymous_34)
FN:676,(anonymous_35)
FN:695,(anonymous_36)
FN:719,(anonymous_37)
FN:732,(anonymous_38)
FN:743,(anonymous_39)
FN:753,(anonymous_40)
FN:764,(anonymous_41)
FN:770,(anonymous_42)
FN:775,(anonymous_43)
FN:833,(anonymous_44)
FN:853,(anonymous_45)
FN:864,(anonymous_46)
FN:877,(anonymous_47)
FN:888,(anonymous_48)
FN:899,(anonymous_49)
FN:916,(anonymous_50)
FN:940,(anonymous_51)
FN:951,(anonymous_52)
FN:963,(anonymous_53)
FN:975,(anonymous_54)
FN:990,(anonymous_55)
FN:1005,(anonymous_56)
FN:1021,(anonymous_57)
FN:1032,(anonymous_58)
FN:1043,(anonymous_59)
FN:1054,(anonymous_60)
FN:1065,(anonymous_61)
FN:1076,(anonymous_62)
FN:1095,(anonymous_63)
FN:1104,(anonymous_64)
FN:1124,(anonymous_65)
FN:1159,(anonymous_66)
FN:1178,(anonymous_67)
FN:1190,(anonymous_68)
FN:1201,(anonymous_69)
FN:1214,(anonymous_70)
FN:1227,(anonymous_71)
FN:1239,(anonymous_72)
FN:1250,(anonymous_73)
FN:1260,(anonymous_74)
FN:1280,(anonymous_75)
FN:1290,(anonymous_76)
FN:1307,(anonymous_77)
FN:1326,(anonymous_78)
FN:1398,(anonymous_79)
FN:1436,(anonymous_80)
FN:1447,(anonymous_81)
FN:1458,(anonymous_82)
FN:1478,(anonymous_83)
FN:1498,(anonymous_84)
FN:1518,(anonymous_85)
FN:1566,(anonymous_86)
FN:1582,(anonymous_87)
FN:1622,(anonymous_88)
FN:1658,(anonymous_89)
FN:1694,(anonymous_90)
FN:1738,(anonymous_91)
FN:1755,(anonymous_92)
FN:1812,(anonymous_93)
FN:1875,(anonymous_94)
FN:1910,(anonymous_95)
FN:1925,(anonymous_96)
FN:2021,(anonymous_97)
FN:2031,(anonymous_98)
FN:2033,(anonymous_99)
FN:2044,(anonymous_100)
FN:2060,(anonymous_101)
FN:2071,(anonymous_102)
FN:2169,(anonymous_103)
FN:2183,(anonymous_104)
FN:2291,(anonymous_105)
FN:2299,(anonymous_106)
FN:2315,(anonymous_107)
FN:2330,(anonymous_108)
FN:2393,(anonymous_109)
FN:2398,(anonymous_110)
FN:2404,(anonymous_111)
FN:2409,(anonymous_112)
FN:2422,(anonymous_113)
FN:2433,(anonymous_114)
FN:2440,(anonymous_115)
FN:2441,(anonymous_116)
FN:2459,(anonymous_117)
FN:2466,(anonymous_118)
FN:2468,(anonymous_119)
FN:2480,(anonymous_120)
FN:2481,(anonymous_121)
FN:2486,(anonymous_122)
FN:2500,(anonymous_123)
FN:2508,(anonymous_124)
FN:2509,(anonymous_125)
FN:2521,(anonymous_126)
FN:2524,(anonymous_127)
FN:2538,(anonymous_128)
FN:2545,(anonymous_129)
FN:2547,(anonymous_130)
FN:2559,(anonymous_131)
FN:2562,(anonymous_132)
FN:2576,(anonymous_133)
FN:2583,(anonymous_134)
FN:2584,(anonymous_135)
FN:2603,(anonymous_136)
FN:2609,(anonymous_137)
FN:2610,(anonymous_138)
FN:2621,(anonymous_139)
FN:2633,(anonymous_140)
FN:2638,(anonymous_141)
FN:2648,(anonymous_142)
FN:2661,(anonymous_143)
FN:2662,(anonymous_144)
FN:2667,(anonymous_145)
FN:2682,(anonymous_146)
FN:2702,(anonymous_147)
FN:2703,(anonymous_148)
FN:2708,(anonymous_149)
FN:2727,(anonymous_150)
FNF:151
FNH:0
FNDA:0,(anonymous_0)
FNDA:0,(anonymous_1)
FNDA:0,(anonymous_2)
FNDA:0,(anonymous_3)
FNDA:0,(anonymous_4)
FNDA:0,(anonymous_5)
FNDA:0,(anonymous_6)
FNDA:0,(anonymous_7)
FNDA:0,(anonymous_8)
FNDA:0,(anonymous_9)
FNDA:0,(anonymous_10)
FNDA:0,(anonymous_11)
FNDA:0,(anonymous_12)
FNDA:0,(anonymous_13)
FNDA:0,(anonymous_14)
FNDA:0,(anonymous_15)
FNDA:0,(anonymous_16)
FNDA:0,(anonymous_17)
FNDA:0,(anonymous_18)
FNDA:0,(anonymous_19)
FNDA:0,(anonymous_20)
FNDA:0,(anonymous_21)
FNDA:0,(anonymous_22)
FNDA:0,(anonymous_23)
FNDA:0,(anonymous_24)
FNDA:0,(anonymous_25)
FNDA:0,(anonymous_26)
FNDA:0,(anonymous_27)
FNDA:0,(anonymous_28)
FNDA:0,(anonymous_29)
FNDA:0,(anonymous_30)
FNDA:0,(anonymous_31)
FNDA:0,(anonymous_32)
FNDA:0,(anonymous_33)
FNDA:0,(anonymous_34)
FNDA:0,(anonymous_35)
FNDA:0,(anonymous_36)
FNDA:0,(anonymous_37)
FNDA:0,(anonymous_38)
FNDA:0,(anonymous_39)
FNDA:0,(anonymous_40)
FNDA:0,(anonymous_41)
FNDA:0,(anonymous_42)
FNDA:0,(anonymous_43)
FNDA:0,(anonymous_44)
FNDA:0,(anonymous_45)
FNDA:0,(anonymous_46)
FNDA:0,(anonymous_47)
FNDA:0,(anonymous_48)
FNDA:0,(anonymous_49)
FNDA:0,(anonymous_50)
FNDA:0,(anonymous_51)
FNDA:0,(anonymous_52)
FNDA:0,(anonymous_53)
FNDA:0,(anonymous_54)
FNDA:0,(anonymous_55)
FNDA:0,(anonymous_56)
FNDA:0,(anonymous_57)
FNDA:0,(anonymous_58)
FNDA:0,(anonymous_59)
FNDA:0,(anonymous_60)
FNDA:0,(anonymous_61)
FNDA:0,(anonymous_62)
FNDA:0,(anonymous_63)
FNDA:0,(anonymous_64)
FNDA:0,(anonymous_65)
FNDA:0,(anonymous_66)
FNDA:0,(anonymous_67)
FNDA:0,(anonymous_68)
FNDA:0,(anonymous_69)
FNDA:0,(anonymous_70)
FNDA:0,(anonymous_71)
FNDA:0,(anonymous_72)
FNDA:0,(anonymous_73)
FNDA:0,(anonymous_74)
FNDA:0,(anonymous_75)
FNDA:0,(anonymous_76)
FNDA:0,(anonymous_77)
FNDA:0,(anonymous_78)
FNDA:0,(anonymous_79)
FNDA:0,(anonymous_80)
FNDA:0,(anonymous_81)
FNDA:0,(anonymous_82)
FNDA:0,(anonymous_83)
FNDA:0,(anonymous_84)
FNDA:0,(anonymous_85)
FNDA:0,(anonymous_86)
FNDA:0,(anonymous_87)
FNDA:0,(anonymous_88)
FNDA:0,(anonymous_89)
FNDA:0,(anonymous_90)
FNDA:0,(anonymous_91)
FNDA:0,(anonymous_92)
FNDA:0,(anonymous_93)
FNDA:0,(anonymous_94)
FNDA:0,(anonymous_95)
FNDA:0,(anonymous_96)
FNDA:0,(anonymous_97)
FNDA:0,(anonymous_98)
FNDA:0,(anonymous_99)
FNDA:0,(anonymous_100)
FNDA:0,(anonymous_101)
FNDA:0,(anonymous_102)
FNDA:0,(anonymous_103)
FNDA:0,(anonymous_104)
FNDA:0,(anonymous_105)
FNDA:0,(anonymous_106)
FNDA:0,(anonymous_107)
FNDA:0,(anonymous_108)
FNDA:0,(anonymous_109)
FNDA:0,(anonymous_110)
FNDA:0,(anonymous_111)
FNDA:0,(anonymous_112)
FNDA:0,(anonymous_113)
FNDA:0,(anonymous_114)
FNDA:0,(anonymous_115)
FNDA:0,(anonymous_116)
FNDA:0,(anonymous_117)
FNDA:0,(anonymous_118)
FNDA:0,(anonymous_119)
FNDA:0,(anonymous_120)
FNDA:0,(anonymous_121)
FNDA:0,(anonymous_122)
FNDA:0,(anonymous_123)
FNDA:0,(anonymous_124)
FNDA:0,(anonymous_125)
FNDA:0,(anonymous_126)
FNDA:0,(anonymous_127)
FNDA:0,(anonymous_128)
FNDA:0,(anonymous_129)
FNDA:0,(anonymous_130)
FNDA:0,(anonymous_131)
FNDA:0,(anonymous_132)
FNDA:0,(anonymous_133)
FNDA:0,(anonymous_134)
FNDA:0,(anonymous_135)
FNDA:0,(anonymous_136)
FNDA:0,(anonymous_137)
FNDA:0,(anonymous_138)
FNDA:0,(anonymous_139)
FNDA:0,(anonymous_140)
FNDA:0,(anonymous_141)
FNDA:0,(anonymous_142)
FNDA:0,(anonymous_143)
FNDA:0,(anonymous_144)
FNDA:0,(anonymous_145)
FNDA:0,(anonymous_146)
FNDA:0,(anonymous_147)
FNDA:0,(anonymous_148)
FNDA:0,(anonymous_149)
FNDA:0,(anonymous_150)
DA:3,0
DA:4,0
DA:5,0
DA:8,0
DA:9,0
DA:10,0
DA:11,0
DA:12,0
DA:13,0
DA:14,0
DA:15,0
DA:16,0
DA:17,0
DA:18,0
DA:19,0
DA:20,0
DA:21,0
DA:22,0
DA:23,0
DA:24,0
DA:25,0
DA:29,0
DA:30,0
DA:31,0
DA:32,0
DA:33,0
DA:34,0
DA:35,0
DA:36,0
DA:37,0
DA:43,0
DA:44,0
DA:45,0
DA:46,0
DA:47,0
DA:50,0
DA:51,0
DA:52,0
DA:54,0
DA:55,0
DA:59,0
DA:60,0
DA:63,0
DA:65,0
DA:66,0
DA:67,0
DA:72,0
DA:75,0
DA:76,0
DA:78,0
DA:79,0
DA:80,0
DA:81,0
DA:84,0
DA:90,0
DA:91,0
DA:95,0
DA:100,0
DA:101,0
DA:102,0
DA:103,0
DA:105,0
DA:106,0
DA:111,0
DA:112,0
DA:113,0
DA:114,0
DA:117,0
DA:119,0
DA:120,0
DA:122,0
DA:123,0
DA:127,0
DA:134,0
DA:135,0
DA:138,0
DA:139,0
DA:159,0
DA:160,0
DA:161,0
DA:162,0
DA:163,0
DA:165,0
DA:167,0
DA:168,0
DA:176,0
DA:177,0
DA:179,0
DA:183,0
DA:192,0
DA:193,0
DA:194,0
DA:195,0
DA:196,0
DA:199,0
DA:202,0
DA:254,0
DA:258,0
DA:260,0
DA:261,0
DA:266,0
DA:267,0
DA:268,0
DA:271,0
DA:273,0
DA:274,0
DA:276,0
DA:283,0
DA:284,0
DA:286,0
DA:289,0
DA:294,0
DA:296,0
DA:298,0
DA:299,0
DA:304,0
DA:305,0
DA:306,0
DA:309,0
DA:310,0
DA:312,0
DA:313,0
DA:319,0
DA:320,0
DA:322,0
DA:323,0
DA:328,0
DA:329,0
DA:330,0
DA:331,0
DA:332,0
DA:334,0
DA:335,0
DA:340,0
DA:341,0
DA:342,0
DA:343,0
DA:345,0
DA:346,0
DA:351,0
DA:352,0
DA:353,0
DA:354,0
DA:356,0
DA:357,0
DA:362,0
DA:363,0
DA:364,0
DA:365,0
DA:367,0
DA:368,0
DA:373,0
DA:374,0
DA:375,0
DA:376,0
DA:377,0
DA:378,0
DA:380,0
DA:381,0
DA:386,0
DA:387,0
DA:388,0
DA:389,0
DA:391,0
DA:392,0
DA:397,0
DA:398,0
DA:399,0
DA:400,0
DA:402,0
DA:403,0
DA:408,0
DA:409,0
DA:410,0
DA:411,0
DA:413,0
DA:414,0
DA:419,0
DA:420,0
DA:421,0
DA:422,0
DA:424,0
DA:425,0
DA:430,0
DA:431,0
DA:432,0
DA:434,0
DA:435,0
DA:439,0
DA:440,0
DA:441,0
DA:443,0
DA:444,0
DA:445,0
DA:447,0
DA:448,0
DA:449,0
DA:450,0
DA:451,0
DA:452,0
DA:454,0
DA:458,0
DA:467,0
DA:468,0
DA:469,0
DA:470,0
DA:471,0
DA:473,0
DA:474,0
DA:475,0
DA:478,0
DA:479,0
DA:480,0
DA:484,0
DA:498,0
DA:499,0
DA:502,0
DA:504,0
DA:505,0
DA:510,0
DA:511,0
DA:512,0
DA:513,0
DA:514,0
DA:515,0
DA:517,0
DA:518,0
DA:523,0
DA:524,0
DA:525,0
DA:526,0
DA:528,0
DA:529,0
DA:534,0
DA:535,0
DA:536,0
DA:537,0
DA:538,0
DA:540,0
DA:541,0
DA:546,0
DA:547,0
DA:548,0
DA:549,0
DA:550,0
DA:551,0
DA:553,0
DA:554,0
DA:557,0
DA:558,0
DA:563,0
DA:564,0
DA:565,0
DA:566,0
DA:567,0
DA:571,0
DA:572,0
DA:573,0
DA:574,0
DA:575,0
DA:584,0
DA:587,0
DA:588,0
DA:590,0
DA:591,0
DA:598,0
DA:599,0
DA:600,0
DA:601,0
DA:603,0
DA:604,0
DA:609,0
DA:610,0
DA:611,0
DA:613,0
DA:616,0
DA:617,0
DA:621,0
DA:622,0
DA:624,0
DA:625,0
DA:627,0
DA:630,0
DA:631,0
DA:636,0
DA:637,0
DA:638,0
DA:639,0
DA:641,0
DA:642,0
DA:647,0
DA:648,0
DA:649,0
DA:650,0
DA:652,0
DA:653,0
DA:658,0
DA:659,0
DA:660,0
DA:661,0
DA:663,0
DA:670,0
DA:671,0
DA:676,0
DA:677,0
DA:678,0
DA:680,0
DA:681,0
DA:685,0
DA:687,0
DA:689,0
DA:690,0
DA:695,0
DA:696,0
DA:697,0
DA:699,0
DA:700,0
DA:708,0
DA:711,0
DA:712,0
DA:719,0
DA:720,0
DA:721,0
DA:724,0
DA:732,0
DA:743,0
DA:753,0
DA:759,0
DA:760,0
DA:761,0
DA:764,0
DA:765,0
DA:766,0
DA:770,0
DA:771,0
DA:775,0
DA:776,0
DA:780,0
DA:781,0
DA:782,0
DA:783,0
DA:785,0
DA:786,0
DA:787,0
DA:788,0
DA:789,0
DA:791,0
DA:792,0
DA:794,0
DA:795,0
DA:796,0
DA:798,0
DA:810,0
DA:811,0
DA:813,0
DA:829,0
DA:830,0
DA:833,0
DA:834,0
DA:835,0
DA:838,0
DA:839,0
DA:844,0
DA:845,0
DA:847,0
DA:848,0
DA:853,0
DA:854,0
DA:855,0
DA:856,0
DA:858,0
DA:859,0
DA:864,0
DA:865,0
DA:866,0
DA:867,0
DA:868,0
DA:869,0
DA:871,0
DA:872,0
DA:877,0
DA:878,0
DA:879,0
DA:880,0
DA:882,0
DA:883,0
DA:888,0
DA:889,0
DA:890,0
DA:891,0
DA:893,0
DA:894,0
DA:899,0
DA:900,0
DA:901,0
DA:902,0
DA:903,0
DA:904,0
DA:906,0
DA:907,0
DA:910,0
DA:911,0
DA:916,0
DA:917,0
DA:918,0
DA:919,0
DA:920,0
DA:923,0
DA:924,0
DA:934,0
DA:935,0
DA:940,0
DA:941,0
DA:942,0
DA:943,0
DA:945,0
DA:946,0
DA:951,0
DA:952,0
DA:953,0
DA:954,0
DA:955,0
DA:957,0
DA:958,0
DA:963,0
DA:964,0
DA:965,0
DA:966,0
DA:967,0
DA:969,0
DA:970,0
DA:975,0
DA:976,0
DA:977,0
DA:978,0
DA:979,0
DA:981,0
DA:984,0
DA:985,0
DA:990,0
DA:991,0
DA:992,0
DA:993,0
DA:994,0
DA:996,0
DA:997,0
DA:999,0
DA:1000,0
DA:1005,0
DA:1006,0
DA:1007,0
DA:1008,0
DA:1013,0
DA:1015,0
DA:1016,0
DA:1021,0
DA:1022,0
DA:1023,0
DA:1024,0
DA:1026,0
DA:1027,0
DA:1032,0
DA:1033,0
DA:1034,0
DA:1035,0
DA:1037,0
DA:1038,0
DA:1043,0
DA:1044,0
DA:1045,0
DA:1046,0
DA:1048,0
DA:1049,0
DA:1054,0
DA:1055,0
DA:1056,0
DA:1057,0
DA:1059,0
DA:1060,0
DA:1065,0
DA:1066,0
DA:1067,0
DA:1068,0
DA:1070,0
DA:1071,0
DA:1076,0
DA:1077,0
DA:1078,0
DA:1079,0
DA:1081,0
DA:1086,0
DA:1087,0
DA:1095,0
DA:1096,0
DA:1097,0
DA:1098,0
DA:1100,0
DA:1101,0
DA:1104,0
DA:1106,0
DA:1115,0
DA:1116,0
DA:1124,0
DA:1125,0
DA:1126,0
DA:1128,0
DA:1129,0
DA:1135,0
DA:1136,0
DA:1138,0
DA:1139,0
DA:1144,0
DA:1150,0
DA:1151,0
DA:1159,0
DA:1160,0
DA:1161,0
DA:1162,0
DA:1164,0
DA:1169,0
DA:1170,0
DA:1178,0
DA:1179,0
DA:1180,0
DA:1181,0
DA:1182,0
DA:1184,0
DA:1185,0
DA:1190,0
DA:1191,0
DA:1192,0
DA:1193,0
DA:1195,0
DA:1196,0
DA:1201,0
DA:1202,0
DA:1203,0
DA:1205,0
DA:1206,0
DA:1208,0
DA:1209,0
DA:1214,0
DA:1215,0
DA:1216,0
DA:1218,0
DA:1219,0
DA:1221,0
DA:1222,0
DA:1227,0
DA:1228,0
DA:1229,0
DA:1230,0
DA:1231,0
DA:1233,0
DA:1234,0
DA:1239,0
DA:1240,0
DA:1241,0
DA:1242,0
DA:1244,0
DA:1245,0
DA:1250,0
DA:1251,0
DA:1252,0
DA:1253,0
DA:1255,0
DA:1256,0
DA:1260,0
DA:1261,0
DA:1262,0
DA:1263,0
DA:1264,0
DA:1267,0
DA:1268,0
DA:1269,0
DA:1271,0
DA:1274,0
DA:1275,0
DA:1280,0
DA:1281,0
DA:1282,0
DA:1283,0
DA:1285,0
DA:1290,0
DA:1291,0
DA:1292,0
DA:1293,0
DA:1294,0
DA:1296,0
DA:1299,0
DA:1308,0
DA:1310,0
DA:1311,0
DA:1314,0
DA:1316,0
DA:1317,0
DA:1319,0
DA:1321,0
DA:1322,0
DA:1327,0
DA:1328,0
DA:1331,0
DA:1332,0
DA:1333,0
DA:1334,0
DA:1337,0
DA:1338,0
DA:1339,0
DA:1342,0
DA:1343,0
DA:1344,0
DA:1347,0
DA:1348,0
DA:1351,0
DA:1353,0
DA:1355,0
DA:1356,0
DA:1359,0
DA:1361,0
DA:1363,0
DA:1364,0
DA:1367,0
DA:1368,0
DA:1371,0
DA:1372,0
DA:1373,0
DA:1374,0
DA:1376,0
DA:1381,0
DA:1391,0
DA:1392,0
DA:1395,0
DA:1398,0
DA:1399,0
DA:1403,0
DA:1405,0
DA:1408,0
DA:1409,0
DA:1410,0
DA:1411,0
DA:1414,0
DA:1418,0
DA:1419,0
DA:1422,0
DA:1425,0
DA:1426,0
DA:1427,0
DA:1430,0
DA:1433,0
DA:1436,0
DA:1437,0
DA:1438,0
DA:1442,0
DA:1443,0
DA:1449,0
DA:1450,0
DA:1451,0
DA:1452,0
DA:1454,0
DA:1458,0
DA:1459,0
DA:1460,0
DA:1461,0
DA:1463,0
DA:1464,0
DA:1465,0
DA:1467,0
DA:1471,0
DA:1473,0
DA:1478,0
DA:1479,0
DA:1480,0
DA:1481,0
DA:1483,0
DA:1484,0
DA:1485,0
DA:1487,0
DA:1491,0
DA:1493,0
DA:1498,0
DA:1499,0
DA:1500,0
DA:1501,0
DA:1503,0
DA:1504,0
DA:1505,0
DA:1507,0
DA:1511,0
DA:1513,0
DA:1518,0
DA:1519,0
DA:1520,0
DA:1521,0
DA:1523,0
DA:1524,0
DA:1526,0
DA:1527,0
DA:1530,0
DA:1531,0
DA:1532,0
DA:1533,0
DA:1534,0
DA:1543,0
DA:1547,0
DA:1548,0
DA:1549,0
DA:1551,0
DA:1552,0
DA:1555,0
DA:1559,0
DA:1561,0
DA:1566,0
DA:1567,0
DA:1568,0
DA:1569,0
DA:1570,0
DA:1573,0
DA:1578,0
DA:1583,0
DA:1584,0
DA:1585,0
DA:1588,0
DA:1590,0
DA:1591,0
DA:1592,0
DA:1599,0
DA:1600,0
DA:1602,0
DA:1606,0
DA:1607,0
DA:1611,0
DA:1615,0
DA:1617,0
DA:1623,0
DA:1625,0
DA:1626,0
DA:1633,0
DA:1635,0
DA:1637,0
DA:1638,0
DA:1639,0
DA:1641,0
DA:1645,0
DA:1646,0
DA:1650,0
DA:1653,0
DA:1659,0
DA:1661,0
DA:1662,0
DA:1669,0
DA:1671,0
DA:1673,0
DA:1674,0
DA:1675,0
DA:1677,0
DA:1681,0
DA:1682,0
DA:1686,0
DA:1689,0
DA:1695,0
DA:1697,0
DA:1698,0
DA:1705,0
DA:1707,0
DA:1709,0
DA:1710,0
DA:1711,0
DA:1713,0
DA:1717,0
DA:1718,0
DA:1721,0
DA:1722,0
DA:1723,0
DA:1724,0
DA:1726,0
DA:1730,0
DA:1733,0
DA:1739,0
DA:1740,0
DA:1743,0
DA:1748,0
DA:1750,0
DA:1756,0
DA:1757,0
DA:1758,0
DA:1759,0
DA:1763,0
DA:1784,0
DA:1786,0
DA:1787,0
DA:1788,0
DA:1789,0
DA:1791,0
DA:1796,0
DA:1797,0
DA:1798,0
DA:1799,0
DA:1800,0
DA:1802,0
DA:1805,0
DA:1807,0
DA:1813,0
DA:1815,0
DA:1822,0
DA:1823,0
DA:1824,0
DA:1828,0
DA:1835,0
DA:1836,0
DA:1837,0
DA:1841,0
DA:1842,0
DA:1849,0
DA:1850,0
DA:1851,0
DA:1855,0
DA:1856,0
DA:1857,0
DA:1861,0
DA:1862,0
DA:1863,0
DA:1866,0
DA:1867,0
DA:1869,0
DA:1870,0
DA:1876,0
DA:1877,0
DA:1879,0
DA:1880,0
DA:1881,0
DA:1886,0
DA:1899,0
DA:1900,0
DA:1903,0
DA:1904,0
DA:1905,0
DA:1907,0
DA:1908,0
DA:1909,0
DA:1910,0
DA:1916,0
DA:1919,0
DA:1920,0
DA:1926,0
DA:1928,0
DA:1936,0
DA:1937,0
DA:1941,0
DA:1945,0
DA:1952,0
DA:1953,0
DA:1956,0
DA:1957,0
DA:1958,0
DA:1959,0
DA:1960,0
DA:1961,0
DA:1962,0
DA:1963,0
DA:1964,0
DA:1965,0
DA:1966,0
DA:1967,0
DA:1969,0
DA:1972,0
DA:1973,0
DA:1974,0
DA:1977,0
DA:1978,0
DA:1979,0
DA:1982,0
DA:1983,0
DA:1993,0
DA:1997,0
DA:1998,0
DA:2003,0
DA:2007,0
DA:2013,0
DA:2015,0
DA:2016,0
DA:2022,0
DA:2023,0
DA:2024,0
DA:2025,0
DA:2027,0
DA:2033,0
DA:2034,0
DA:2035,0
DA:2036,0
DA:2037,0
DA:2039,0
DA:2044,0
DA:2045,0
DA:2046,0
DA:2047,0
DA:2050,0
DA:2051,0
DA:2052,0
DA:2055,0
DA:2061,0
DA:2062,0
DA:2063,0
DA:2064,0
DA:2066,0
DA:2072,0
DA:2073,0
DA:2074,0
DA:2077,0
DA:2079,0
DA:2080,0
DA:2082,0
DA:2089,0
DA:2090,0
DA:2091,0
DA:2092,0
DA:2093,0
DA:2095,0
DA:2097,0
DA:2098,0
DA:2103,0
DA:2104,0
DA:2106,0
DA:2109,0
DA:2153,0
DA:2157,0
DA:2159,0
DA:2160,0
DA:2170,0
DA:2171,0
DA:2174,0
DA:2176,0
DA:2184,0
DA:2185,0
DA:2187,0
DA:2188,0
DA:2189,0
DA:2193,0
DA:2196,0
DA:2197,0
DA:2201,0
DA:2202,0
DA:2203,0
DA:2204,0
DA:2205,0
DA:2206,0
DA:2207,0
DA:2208,0
DA:2209,0
DA:2210,0
DA:2211,0
DA:2212,0
DA:2214,0
DA:2217,0
DA:2218,0
DA:2219,0
DA:2221,0
DA:2222,0
DA:2223,0
DA:2225,0
DA:2226,0
DA:2227,0
DA:2228,0
DA:2229,0
DA:2230,0
DA:2232,0
DA:2236,0
DA:2237,0
DA:2246,0
DA:2247,0
DA:2248,0
DA:2249,0
DA:2250,0
DA:2252,0
DA:2255,0
DA:2256,0
DA:2257,0
DA:2262,0
DA:2280,0
DA:2281,0
DA:2284,0
DA:2286,0
DA:2292,0
DA:2293,0
DA:2294,0
DA:2295,0
DA:2300,0
DA:2301,0
DA:2302,0
DA:2303,0
DA:2305,0
DA:2306,0
DA:2308,0
DA:2311,0
DA:2316,0
DA:2317,0
DA:2318,0
DA:2319,0
DA:2321,0
DA:2322,0
DA:2324,0
DA:2327,0
DA:2331,0
DA:2334,0
DA:2335,0
DA:2336,0
DA:2339,0
DA:2340,0
DA:2341,0
DA:2344,0
DA:2345,0
DA:2346,0
DA:2349,0
DA:2350,0
DA:2351,0
DA:2354,0
DA:2355,0
DA:2356,0
DA:2359,0
DA:2360,0
DA:2361,0
DA:2364,0
DA:2365,0
DA:2366,0
DA:2369,0
DA:2371,0
DA:2372,0
DA:2373,0
DA:2378,0
DA:2379,0
DA:2381,0
DA:2384,0
DA:2385,0
DA:2390,0
DA:2393,0
DA:2394,0
DA:2395,0
DA:2398,0
DA:2399,0
DA:2400,0
DA:2404,0
DA:2405,0
DA:2406,0
DA:2409,0
DA:2410,0
DA:2411,0
DA:2415,0
DA:2416,0
DA:2419,0
DA:2423,0
DA:2424,0
DA:2425,0
DA:2428,0
DA:2434,0
DA:2435,0
DA:2436,0
DA:2437,0
DA:2439,0
DA:2440,0
DA:2441,0
DA:2451,0
DA:2453,0
DA:2454,0
DA:2460,0
DA:2461,0
DA:2462,0
DA:2463,0
DA:2465,0
DA:2466,0
DA:2468,0
DA:2479,0
DA:2480,0
DA:2481,0
DA:2482,0
DA:2483,0
DA:2484,0
DA:2486,0
DA:2487,0
DA:2490,0
DA:2492,0
DA:2494,0
DA:2495,0
DA:2501,0
DA:2502,0
DA:2503,0
DA:2504,0
DA:2506,0
DA:2508,0
DA:2509,0
DA:2520,0
DA:2521,0
DA:2522,0
DA:2524,0
DA:2525,0
DA:2528,0
DA:2530,0
DA:2532,0
DA:2533,0
DA:2539,0
DA:2540,0
DA:2541,0
DA:2542,0
DA:2544,0
DA:2545,0
DA:2547,0
DA:2558,0
DA:2559,0
DA:2560,0
DA:2562,0
DA:2563,0
DA:2566,0
DA:2568,0
DA:2570,0
DA:2571,0
DA:2577,0
DA:2578,0
DA:2579,0
DA:2580,0
DA:2582,0
DA:2583,0
DA:2584,0
DA:2591,0
DA:2593,0
DA:2594,0
DA:2604,0
DA:2605,0
DA:2606,0
DA:2610,0
DA:2611,0
DA:2612,0
DA:2614,0
DA:2615,0
DA:2622,0
DA:2623,0
DA:2624,0
DA:2625,0
DA:2627,0
DA:2634,0
DA:2635,0
DA:2636,0
DA:2638,0
DA:2639,0
DA:2642,0
DA:2649,0
DA:2650,0
DA:2651,0
DA:2652,0
DA:2655,0
DA:2662,0
DA:2663,0
DA:2667,0
DA:2668,0
DA:2669,0
DA:2670,0
DA:2672,0
DA:2673,0
DA:2674,0
DA:2683,0
DA:2686,0
DA:2687,0
DA:2691,0
DA:2694,0
DA:2696,0
DA:2703,0
DA:2704,0
DA:2707,0
DA:2708,0
DA:2709,0
DA:2714,0
DA:2715,0
DA:2717,0
DA:2718,0
DA:2722,0
DA:2723,0
DA:2727,0
DA:2728,0
DA:2729,0
DA:2734,0
DA:2735,0
DA:2736,0
DA:2741,0
LF:1180
LH:0
BRDA:30,0,0,0
BRDA:30,0,1,0
BRDA:80,1,0,0
BRDA:80,1,1,0
BRDA:111,2,0,0
BRDA:111,2,1,0
BRDA:122,3,0,0
BRDA:122,3,1,0
BRDA:134,4,0,0
BRDA:134,4,1,0
BRDA:135,5,0,0
BRDA:135,5,1,0
BRDA:135,5,2,0
BRDA:135,5,3,0
BRDA:138,6,0,0
BRDA:138,6,1,0
BRDA:167,7,0,0
BRDA:167,7,1,0
BRDA:167,8,0,0
BRDA:167,8,1,0
BRDA:195,9,0,0
BRDA:195,9,1,0
BRDA:195,10,0,0
BRDA:195,10,1,0
BRDA:209,11,0,0
BRDA:209,11,1,0
BRDA:209,12,0,0
BRDA:209,12,1,0
BRDA:211,13,0,0
BRDA:211,13,1,0
BRDA:211,14,0,0
BRDA:211,14,1,0
BRDA:312,15,0,0
BRDA:312,15,1,0
BRDA:375,16,0,0
BRDA:375,16,1,0
BRDA:376,17,0,0
BRDA:376,17,1,0
BRDA:434,18,0,0
BRDA:434,18,1,0
BRDA:434,19,0,0
BRDA:434,19,1,0
BRDA:434,19,2,0
BRDA:434,19,3,0
BRDA:443,20,0,0
BRDA:443,20,1,0
BRDA:443,21,0,0
BRDA:443,21,1,0
BRDA:443,21,2,0
BRDA:443,21,3,0
BRDA:448,22,0,0
BRDA:448,22,1,0
BRDA:461,23,0,0
BRDA:461,23,1,0
BRDA:462,24,0,0
BRDA:462,24,1,0
BRDA:467,25,0,0
BRDA:467,25,1,0
BRDA:474,26,0,0
BRDA:474,26,1,0
BRDA:475,27,0,0
BRDA:475,27,1,0
BRDA:479,28,0,0
BRDA:479,28,1,0
BRDA:480,29,0,0
BRDA:480,29,1,0
BRDA:493,30,0,0
BRDA:493,30,1,0
BRDA:494,31,0,0
BRDA:494,31,1,0
BRDA:498,32,0,0
BRDA:498,32,1,0
BRDA:549,33,0,0
BRDA:549,33,1,0
BRDA:566,34,0,0
BRDA:566,34,1,0
BRDA:566,35,0,0
BRDA:566,35,1,0
BRDA:574,36,0,0
BRDA:574,36,1,0
BRDA:580,37,0,0
BRDA:580,37,1,0
BRDA:611,38,0,0
BRDA:611,38,1,0
BRDA:611,39,0,0
BRDA:611,39,1,0
BRDA:616,40,0,0
BRDA:616,40,1,0
BRDA:680,41,0,0
BRDA:680,41,1,0
BRDA:680,42,0,0
BRDA:680,42,1,0
BRDA:699,43,0,0
BRDA:699,43,1,0
BRDA:786,44,0,0
BRDA:786,44,1,0
BRDA:787,45,0,0
BRDA:787,45,1,0
BRDA:788,46,0,0
BRDA:788,46,1,0
BRDA:789,47,0,0
BRDA:789,47,1,0
BRDA:791,48,0,0
BRDA:791,48,1,0
BRDA:794,49,0,0
BRDA:794,49,1,0
BRDA:795,50,0,0
BRDA:795,50,1,0
BRDA:800,51,0,0
BRDA:800,51,1,0
BRDA:801,52,0,0
BRDA:801,52,1,0
BRDA:805,53,0,0
BRDA:805,53,1,0
BRDA:805,54,0,0
BRDA:805,54,1,0
BRDA:805,55,0,0
BRDA:805,55,1,0
BRDA:810,56,0,0
BRDA:810,56,1,0
BRDA:811,57,0,0
BRDA:811,57,1,0
BRDA:835,58,0,0
BRDA:902,59,0,0
BRDA:902,59,1,0
BRDA:902,60,0,0
BRDA:902,60,1,0
BRDA:918,61,0,0
BRDA:918,61,1,0
BRDA:977,62,0,0
BRDA:977,62,1,0
BRDA:993,63,0,0
BRDA:993,63,1,0
BRDA:1128,64,0,0
BRDA:1128,64,1,0
BRDA:1128,65,0,0
BRDA:1128,65,1,0
BRDA:1128,65,2,0
BRDA:1138,66,0,0
BRDA:1138,66,1,0
BRDA:1241,67,0,0
BRDA:1241,67,1,0
BRDA:1263,68,0,0
BRDA:1263,68,1,0
BRDA:1263,69,0,0
BRDA:1263,69,1,0
BRDA:1268,70,0,0
BRDA:1268,70,1,0
BRDA:1292,71,0,0
BRDA:1292,71,1,0
BRDA:1383,72,0,0
BRDA:1383,72,1,0
BRDA:1384,73,0,0
BRDA:1384,73,1,0
BRDA:1385,74,0,0
BRDA:1385,74,1,0
BRDA:1386,75,0,0
BRDA:1386,75,1,0
BRDA:1410,76,0,0
BRDA:1410,76,1,0
BRDA:1449,77,0,0
BRDA:1449,77,1,0
BRDA:1533,78,0,0
BRDA:1533,78,1,0
BRDA:1539,79,0,0
BRDA:1539,79,1,0
BRDA:1548,80,0,0
BRDA:1548,80,1,0
BRDA:1551,81,0,0
BRDA:1551,81,1,0
BRDA:1568,82,0,0
BRDA:1568,82,1,0
BRDA:1606,83,0,0
BRDA:1606,83,1,0
BRDA:1606,84,0,0
BRDA:1606,84,1,0
BRDA:1606,84,2,0
BRDA:1635,85,0,0
BRDA:1635,85,1,0
BRDA:1645,86,0,0
BRDA:1645,86,1,0
BRDA:1645,87,0,0
BRDA:1645,87,1,0
BRDA:1645,87,2,0
BRDA:1671,88,0,0
BRDA:1671,88,1,0
BRDA:1681,89,0,0
BRDA:1681,89,1,0
BRDA:1681,90,0,0
BRDA:1681,90,1,0
BRDA:1681,90,2,0
BRDA:1707,91,0,0
BRDA:1707,91,1,0
BRDA:1711,92,0,0
BRDA:1711,92,1,0
BRDA:1717,93,0,0
BRDA:1717,93,1,0
BRDA:1717,94,0,0
BRDA:1717,94,1,0
BRDA:1717,94,2,0
BRDA:1717,94,3,0
BRDA:1717,94,4,0
BRDA:1722,95,0,0
BRDA:1722,95,1,0
BRDA:1730,96,0,0
BRDA:1730,96,1,0
BRDA:1757,97,0,0
BRDA:1757,97,1,0
BRDA:1784,98,0,0
BRDA:1784,98,1,0
BRDA:1822,99,0,0
BRDA:1822,99,1,0
BRDA:1835,100,0,0
BRDA:1835,100,1,0
BRDA:1841,101,0,0
BRDA:1841,101,1,0
BRDA:1849,102,0,0
BRDA:1849,102,1,0
BRDA:1855,103,0,0
BRDA:1855,103,1,0
BRDA:1855,104,0,0
BRDA:1855,104,1,0
BRDA:1861,105,0,0
BRDA:1861,105,1,0
BRDA:1861,106,0,0
BRDA:1861,106,1,0
BRDA:1861,106,2,0
BRDA:1875,107,0,0
BRDA:1907,108,0,0
BRDA:1907,108,1,0
BRDA:1919,109,0,0
BRDA:1919,109,1,0
BRDA:1936,110,0,0
BRDA:1936,110,1,0
BRDA:1952,111,0,0
BRDA:1952,111,1,0
BRDA:1958,112,0,0
BRDA:1958,112,1,0
BRDA:1960,113,0,0
BRDA:1960,113,1,0
BRDA:1962,114,0,0
BRDA:1962,114,1,0
BRDA:1964,115,0,0
BRDA:1964,115,1,0
BRDA:1966,116,0,0
BRDA:1966,116,1,0
BRDA:1982,117,0,0
BRDA:1982,117,1,0
BRDA:1982,118,0,0
BRDA:1982,118,1,0
BRDA:1997,119,0,0
BRDA:1997,119,1,0
BRDA:2050,120,0,0
BRDA:2050,120,1,0
BRDA:2097,121,0,0
BRDA:2097,121,1,0
BRDA:2097,122,0,0
BRDA:2097,122,1,0
BRDA:2187,123,0,0
BRDA:2187,123,1,0
BRDA:2187,124,0,0
BRDA:2187,124,1,0
BRDA:2187,124,2,0
BRDA:2187,124,3,0
BRDA:2193,125,0,0
BRDA:2193,125,1,0
BRDA:2193,126,0,0
BRDA:2193,126,1,0
BRDA:2193,126,2,0
BRDA:2193,126,3,0
BRDA:2193,126,4,0
BRDA:2193,126,5,0
BRDA:2193,126,6,0
BRDA:2203,127,0,0
BRDA:2203,127,1,0
BRDA:2205,128,0,0
BRDA:2205,128,1,0
BRDA:2207,129,0,0
BRDA:2207,129,1,0
BRDA:2209,130,0,0
BRDA:2209,130,1,0
BRDA:2211,131,0,0
BRDA:2211,131,1,0
BRDA:2221,132,0,0
BRDA:2221,132,1,0
BRDA:2221,133,0,0
BRDA:2221,133,1,0
BRDA:2221,133,2,0
BRDA:2221,133,3,0
BRDA:2226,134,0,0
BRDA:2226,134,1,0
BRDA:2236,135,0,0
BRDA:2236,135,1,0
BRDA:2246,136,0,0
BRDA:2246,136,1,0
BRDA:2256,137,0,0
BRDA:2256,137,1,0
BRDA:2257,138,0,0
BRDA:2257,138,1,0
BRDA:2271,139,0,0
BRDA:2271,139,1,0
BRDA:2272,140,0,0
BRDA:2272,140,1,0
BRDA:2273,141,0,0
BRDA:2273,141,1,0
BRDA:2274,142,0,0
BRDA:2274,142,1,0
BRDA:2275,143,0,0
BRDA:2275,143,1,0
BRDA:2276,144,0,0
BRDA:2276,144,1,0
BRDA:2280,145,0,0
BRDA:2280,145,1,0
BRDA:2305,146,0,0
BRDA:2305,146,1,0
BRDA:2321,147,0,0
BRDA:2321,147,1,0
BRDA:2334,148,0,0
BRDA:2334,148,1,0
BRDA:2339,149,0,0
BRDA:2339,149,1,0
BRDA:2344,150,0,0
BRDA:2344,150,1,0
BRDA:2349,151,0,0
BRDA:2349,151,1,0
BRDA:2354,152,0,0
BRDA:2354,152,1,0
BRDA:2359,153,0,0
BRDA:2359,153,1,0
BRDA:2364,154,0,0
BRDA:2364,154,1,0
BRDA:2369,155,0,0
BRDA:2369,155,1,0
BRDA:2371,156,0,0
BRDA:2371,156,1,0
BRDA:2428,157,0,0
BRDA:2428,157,1,0
BRDA:2512,158,0,0
BRDA:2512,158,1,0
BRDA:2513,159,0,0
BRDA:2513,159,1,0
BRDA:2545,160,0,0
BRDA:2545,160,1,0
BRDA:2583,161,0,0
BRDA:2583,161,1,0
BRDA:2633,162,0,0
BRDA:2651,163,0,0
BRDA:2651,163,1,0
BRDA:2672,164,0,0
BRDA:2672,164,1,0
BRDA:2686,165,0,0
BRDA:2686,165,1,0
BRDA:2707,166,0,0
BRDA:2707,166,1,0
BRDA:2717,167,0,0
BRDA:2717,167,1,0
BRDA:2722,168,0,0
BRDA:2722,168,1,0
BRDA:2722,169,0,0
BRDA:2722,169,1,0
BRF:360
BRH:0
end_of_record
TN:
SF:modules/api/BinanceAPI.js
FN:20,(anonymous_0)
FN:24,(anonymous_1)
FN:34,(anonymous_2)
FN:40,(anonymous_3)
FN:49,(anonymous_4)
FN:55,(anonymous_5)
FN:63,(anonymous_6)
FN:69,(anonymous_7)
FN:77,(anonymous_8)
FN:83,(anonymous_9)
FN:91,(anonymous_10)
FN:104,(anonymous_11)
FN:114,(anonymous_12)
FN:120,(anonymous_13)
FN:165,(anonymous_14)
FN:185,(anonymous_15)
FN:196,(anonymous_16)
FNF:17
FNH:3
FNDA:0,(anonymous_0)
FNDA:2,(anonymous_1)
FNDA:2,(anonymous_2)
FNDA:0,(anonymous_3)
FNDA:0,(anonymous_4)
FNDA:0,(anonymous_5)
FNDA:0,(anonymous_6)
FNDA:0,(anonymous_7)
FNDA:0,(anonymous_8)
FNDA:0,(anonymous_9)
FNDA:0,(anonymous_10)
FNDA:0,(anonymous_11)
FNDA:0,(anonymous_12)
FNDA:2,(anonymous_13)
FNDA:0,(anonymous_14)
FNDA:0,(anonymous_15)
FNDA:0,(anonymous_16)
DA:4,1
DA:5,1
DA:8,1
DA:9,1
DA:10,1
DA:14,1
DA:15,0
DA:21,0
DA:25,2
DA:26,2
DA:32,2
DA:34,2
DA:41,0
DA:42,0
DA:47,0
DA:49,0
DA:56,0
DA:57,0
DA:61,0
DA:63,0
DA:70,0
DA:71,0
DA:75,0
DA:77,0
DA:84,0
DA:85,0
DA:89,0
DA:91,0
DA:97,0
DA:98,0
DA:101,0
DA:105,0
DA:106,0
DA:112,0
DA:114,0
DA:121,2
DA:122,0
DA:123,0
DA:125,0
DA:126,0
DA:127,0
DA:128,0
DA:129,0
DA:132,0
DA:133,0
DA:134,0
DA:135,0
DA:139,0
DA:140,0
DA:143,0
DA:145,0
DA:146,0
DA:149,0
DA:150,0
DA:151,0
DA:152,0
DA:155,0
DA:156,0
DA:166,0
DA:167,0
DA:168,0
DA:169,0
DA:170,0
DA:171,0
DA:172,0
DA:173,0
DA:174,0
DA:175,0
DA:177,0
DA:186,0
DA:197,0
DA:201,1
LF:72
LH:12
BRDA:14,0,0,0
BRDA:14,0,1,1
BRDA:24,1,0,0
BRDA:97,2,0,0
BRDA:97,2,1,0
BRDA:97,3,0,0
BRDA:97,3,1,0
BRDA:97,3,2,0
BRDA:104,4,0,0
BRDA:104,5,0,0
BRDA:127,6,0,0
BRDA:127,6,1,0
BRDA:132,7,0,0
BRDA:132,7,1,0
BRDA:132,8,0,0
BRDA:132,8,1,0
BRDA:134,9,0,0
BRDA:134,9,1,0
BRDA:134,10,0,0
BRDA:134,10,1,0
BRDA:149,11,0,0
BRDA:149,11,1,0
BRDA:149,12,0,0
BRDA:149,12,1,0
BRDA:166,13,0,0
BRDA:166,13,1,0
BRDA:168,14,0,0
BRDA:168,14,1,0
BRDA:170,15,0,0
BRDA:170,15,1,0
BRDA:172,16,0,0
BRDA:172,16,1,0
BRDA:174,17,0,0
BRDA:174,17,1,0
BRF:34
BRH:1
end_of_record
TN:
SF:modules/api/BinanceContractChecker.js
FN:7,(anonymous_0)
FN:16,(anonymous_1)
FN:39,(anonymous_2)
FN:44,(anonymous_3)
FN:48,(anonymous_4)
FN:67,(anonymous_5)
FN:80,(anonymous_6)
FN:94,(anonymous_7)
FN:96,(anonymous_8)
FN:102,(anonymous_9)
FN:112,(anonymous_10)
FN:137,(anonymous_11)
FNF:12
FNH:0
FNDA:0,(anonymous_0)
FNDA:0,(anonymous_1)
FNDA:0,(anonymous_2)
FNDA:0,(anonymous_3)
FNDA:0,(anonymous_4)
FNDA:0,(anonymous_5)
FNDA:0,(anonymous_6)
FNDA:0,(anonymous_7)
FNDA:0,(anonymous_8)
FNDA:0,(anonymous_9)
FNDA:0,(anonymous_10)
FNDA:0,(anonymous_11)
DA:4,0
DA:8,0
DA:9,0
DA:10,0
DA:17,0
DA:19,0
DA:20,0
DA:21,0
DA:22,0
DA:25,0
DA:28,0
DA:29,0
DA:31,0
DA:32,0
DA:35,0
DA:38,0
DA:40,0
DA:44,0
DA:47,0
DA:48,0
DA:49,0
DA:51,0
DA:53,0
DA:54,0
DA:57,0
DA:60,0
DA:68,0
DA:69,0
DA:70,0
DA:72,0
DA:73,0
DA:81,0
DA:82,0
DA:84,0
DA:85,0
DA:88,0
DA:95,0
DA:96,0
DA:103,0
DA:104,0
DA:105,0
DA:107,0
DA:108,0
DA:111,0
DA:112,0
DA:114,0
DA:115,0
DA:118,0
DA:129,0
DA:130,0
DA:138,0
DA:139,0
DA:140,0
DA:144,0
LF:54
LH:0
BRDA:20,0,0,0
BRDA:20,0,1,0
BRDA:20,1,0,0
BRDA:20,1,1,0
BRDA:31,2,0,0
BRDA:31,2,1,0
BRDA:40,3,0,0
BRDA:40,3,1,0
BRDA:40,3,2,0
BRDA:40,3,3,0
BRDA:107,4,0,0
BRDA:107,4,1,0
BRDA:114,5,0,0
BRDA:114,5,1,0
BRF:14
BRH:0
end_of_record
TN:
SF:modules/api/RateLimiter.js
FN:7,(anonymous_0)
FN:24,(anonymous_1)
FN:28,(anonymous_2)
FN:32,(anonymous_3)
FN:41,(anonymous_4)
FN:43,(anonymous_5)
FN:46,(anonymous_6)
FN:62,(anonymous_7)
FN:63,(anonymous_8)
FN:66,(anonymous_9)
FN:74,(anonymous_10)
FN:75,(anonymous_11)
FN:83,(anonymous_12)
FN:92,(anonymous_13)
FN:111,(anonymous_14)
FN:117,(anonymous_15)
FN:123,(anonymous_16)
FN:134,(anonymous_17)
FN:153,(anonymous_18)
FN:165,(anonymous_19)
FN:185,(anonymous_20)
FN:190,(anonymous_21)
FN:194,(anonymous_22)
FN:200,(anonymous_23)
FN:207,(anonymous_24)
FNF:25
FNH:11
FNDA:1,(anonymous_0)
FNDA:0,(anonymous_1)
FNDA:2,(anonymous_2)
FNDA:2,(anonymous_3)
FNDA:2,(anonymous_4)
FNDA:1,(anonymous_5)
FNDA:10,(anonymous_6)
FNDA:2,(anonymous_7)
FNDA:2,(anonymous_8)
FNDA:0,(anonymous_9)
FNDA:0,(anonymous_10)
FNDA:0,(anonymous_11)
FNDA:2,(anonymous_12)
FNDA:0,(anonymous_13)
FNDA:2,(anonymous_14)
FNDA:0,(anonymous_15)
FNDA:0,(anonymous_16)
FNDA:0,(anonymous_17)
FNDA:0,(anonymous_18)
FNDA:2,(anonymous_19)
FNDA:0,(anonymous_20)
FNDA:0,(anonymous_21)
FNDA:0,(anonymous_22)
FNDA:0,(anonymous_23)
FNDA:0,(anonymous_24)
DA:4,1
DA:8,1
DA:16,1
DA:17,1
DA:18,1
DA:19,1
DA:20,1
DA:21,1
DA:25,0
DA:29,2
DA:33,2
DA:34,2
DA:35,2
DA:38,0
DA:42,2
DA:43,2
DA:46,10
DA:47,2
DA:48,0
DA:52,2
DA:53,1
DA:54,1
DA:55,0
DA:59,2
DA:63,2
DA:64,2
DA:65,2
DA:66,2
DA:68,2
DA:69,2
DA:75,0
DA:76,0
DA:77,0
DA:80,0
DA:84,2
DA:85,0
DA:88,2
DA:90,2
DA:91,2
DA:92,0
DA:93,0
DA:96,2
DA:98,2
DA:99,2
DA:100,2
DA:101,2
DA:103,0
DA:104,0
DA:108,2
DA:112,2
DA:113,2
DA:114,2
DA:117,2
DA:118,0
DA:119,0
DA:124,0
DA:131,0
DA:135,0
DA:137,0
DA:139,0
DA:141,0
DA:143,0
DA:145,0
DA:147,0
DA:149,0
DA:154,0
DA:155,0
DA:157,0
DA:158,0
DA:159,0
DA:162,0
DA:167,2
DA:168,2
DA:169,0
DA:173,2
DA:175,2
DA:176,2
DA:177,0
DA:178,0
DA:180,2
DA:181,2
DA:186,0
DA:192,0
DA:194,0
DA:195,0
DA:201,0
DA:202,0
DA:203,0
DA:208,0
DA:209,0
DA:211,0
DA:212,0
DA:213,0
DA:218,0
DA:219,0
DA:220,0
DA:224,0
DA:228,1
LF:98
LH:48
BRDA:24,0,0,0
BRDA:29,1,0,2
BRDA:29,1,1,2
BRDA:34,2,0,2
BRDA:34,2,1,0
BRDA:47,3,0,0
BRDA:47,3,1,2
BRDA:54,4,0,0
BRDA:54,4,1,1
BRDA:54,5,0,1
BRDA:54,5,1,1
BRDA:68,6,0,2
BRDA:68,6,1,0
BRDA:84,7,0,0
BRDA:84,7,1,2
BRDA:84,8,0,2
BRDA:84,8,1,2
BRDA:91,9,0,0
BRDA:91,9,1,2
BRDA:113,10,0,2
BRDA:113,10,1,1
BRDA:118,11,0,0
BRDA:118,11,1,0
BRDA:131,12,0,0
BRDA:131,12,1,0
BRDA:137,13,0,0
BRDA:137,13,1,0
BRDA:137,13,2,0
BRDA:137,13,3,0
BRDA:137,13,4,0
BRDA:137,13,5,0
BRDA:158,14,0,0
BRDA:158,14,1,0
BRDA:165,15,0,0
BRDA:165,16,0,0
BRDA:168,17,0,0
BRDA:168,17,1,2
BRDA:201,18,0,0
BRDA:201,18,1,0
BRDA:212,19,0,0
BRDA:212,19,1,0
BRDA:219,20,0,0
BRDA:219,20,1,0
BRF:43
BRH:15
end_of_record
TN:
SF:modules/cache/CacheManager.js
FN:7,(anonymous_0)
FN:40,(anonymous_1)
FN:56,(anonymous_2)
FN:63,(anonymous_3)
FN:99,(anonymous_4)
FN:133,(anonymous_5)
FN:158,(anonymous_6)
FN:183,(anonymous_7)
FN:184,(anonymous_8)
FN:192,(anonymous_9)
FN:206,(anonymous_10)
FN:233,(anonymous_11)
FN:269,(anonymous_12)
FN:279,(anonymous_13)
FN:284,(anonymous_14)
FN:287,(anonymous_15)
FN:294,(anonymous_16)
FN:305,(anonymous_17)
FN:307,(anonymous_18)
FN:313,(anonymous_19)
FN:328,(anonymous_20)
FN:344,(anonymous_21)
FN:355,(anonymous_22)
FN:366,(anonymous_23)
FN:367,(anonymous_24)
FN:370,(anonymous_25)
FNF:26
FNH:0
FNDA:0,(anonymous_0)
FNDA:0,(anonymous_1)
FNDA:0,(anonymous_2)
FNDA:0,(anonymous_3)
FNDA:0,(anonymous_4)
FNDA:0,(anonymous_5)
FNDA:0,(anonymous_6)
FNDA:0,(anonymous_7)
FNDA:0,(anonymous_8)
FNDA:0,(anonymous_9)
FNDA:0,(anonymous_10)
FNDA:0,(anonymous_11)
FNDA:0,(anonymous_12)
FNDA:0,(anonymous_13)
FNDA:0,(anonymous_14)
FNDA:0,(anonymous_15)
FNDA:0,(anonymous_16)
FNDA:0,(anonymous_17)
FNDA:0,(anonymous_18)
FNDA:0,(anonymous_19)
FNDA:0,(anonymous_20)
FNDA:0,(anonymous_21)
FNDA:0,(anonymous_22)
FNDA:0,(anonymous_23)
FNDA:0,(anonymous_24)
FNDA:0,(anonymous_25)
DA:4,0
DA:8,0
DA:9,0
DA:10,0
DA:17,0
DA:41,0
DA:42,0
DA:43,0
DA:44,0
DA:45,0
DA:49,0
DA:50,0
DA:57,0
DA:64,0
DA:66,0
DA:68,0
DA:69,0
DA:70,0
DA:71,0
DA:72,0
DA:77,0
DA:78,0
DA:79,0
DA:80,0
DA:81,0
DA:83,0
DA:87,0
DA:88,0
DA:90,0
DA:91,0
DA:92,0
DA:100,0
DA:101,0
DA:103,0
DA:105,0
DA:106,0
DA:110,0
DA:112,0
DA:113,0
DA:116,0
DA:122,0
DA:124,0
DA:125,0
DA:126,0
DA:134,0
DA:136,0
DA:138,0
DA:139,0
DA:143,0
DA:144,0
DA:147,0
DA:149,0
DA:150,0
DA:151,0
DA:159,0
DA:161,0
DA:163,0
DA:164,0
DA:168,0
DA:169,0
DA:172,0
DA:174,0
DA:175,0
DA:176,0
DA:184,0
DA:186,0
DA:188,0
DA:189,0
DA:190,0
DA:192,0
DA:193,0
DA:194,0
DA:195,0
DA:197,0
DA:201,0
DA:205,0
DA:206,0
DA:207,0
DA:208,0
DA:209,0
DA:210,0
DA:211,0
DA:212,0
DA:214,0
DA:215,0
DA:218,0
DA:222,0
DA:224,0
DA:225,0
DA:226,0
DA:234,0
DA:235,0
DA:236,0
DA:238,0
DA:239,0
DA:240,0
DA:244,0
DA:245,0
DA:249,0
DA:250,0
DA:251,0
DA:258,0
DA:260,0
DA:261,0
DA:262,0
DA:270,0
DA:271,0
DA:273,0
DA:274,0
DA:275,0
DA:279,0
DA:282,0
DA:283,0
DA:284,0
DA:286,0
DA:287,0
DA:296,0
DA:299,0
DA:307,0
DA:308,0
DA:312,0
DA:313,0
DA:314,0
DA:315,0
DA:317,0
DA:322,0
DA:329,0
DA:330,0
DA:332,0
DA:345,0
DA:356,0
DA:357,0
DA:359,0
DA:360,0
DA:367,0
DA:368,0
DA:370,0
DA:371,0
DA:374,0
DA:375,0
DA:376,0
DA:380,0
DA:383,0
DA:385,0
DA:391,0
LF:145
LH:0
BRDA:7,0,0,0
BRDA:41,1,0,0
BRDA:41,1,1,0
BRDA:43,2,0,0
BRDA:43,2,1,0
BRDA:68,3,0,0
BRDA:68,3,1,0
BRDA:68,4,0,0
BRDA:68,4,1,0
BRDA:70,5,0,0
BRDA:70,5,1,0
BRDA:77,6,0,0
BRDA:77,6,1,0
BRDA:77,7,0,0
BRDA:77,7,1,0
BRDA:79,8,0,0
BRDA:79,8,1,0
BRDA:99,9,0,0
BRDA:101,10,0,0
BRDA:101,10,1,0
BRDA:101,10,2,0
BRDA:105,11,0,0
BRDA:105,11,1,0
BRDA:105,12,0,0
BRDA:105,12,1,0
BRDA:110,13,0,0
BRDA:110,13,1,0
BRDA:112,14,0,0
BRDA:112,14,1,0
BRDA:138,15,0,0
BRDA:138,15,1,0
BRDA:138,16,0,0
BRDA:138,16,1,0
BRDA:143,17,0,0
BRDA:143,17,1,0
BRDA:163,18,0,0
BRDA:163,18,1,0
BRDA:163,19,0,0
BRDA:163,19,1,0
BRDA:168,20,0,0
BRDA:168,20,1,0
BRDA:188,21,0,0
BRDA:188,21,1,0
BRDA:188,22,0,0
BRDA:188,22,1,0
BRDA:193,23,0,0
BRDA:193,23,1,0
BRDA:208,24,0,0
BRDA:208,24,1,0
BRDA:210,25,0,0
BRDA:210,25,1,0
BRDA:233,26,0,0
BRDA:236,27,0,0
BRDA:236,27,1,0
BRDA:244,28,0,0
BRDA:244,28,1,0
BRDA:244,29,0,0
BRDA:244,29,1,0
BRDA:249,30,0,0
BRDA:249,30,1,0
BRDA:274,31,0,0
BRDA:274,31,1,0
BRDA:282,32,0,0
BRDA:282,32,1,0
BRDA:312,33,0,0
BRDA:312,33,1,0
BRDA:312,34,0,0
BRDA:312,34,1,0
BRDA:330,35,0,0
BRDA:330,35,1,0
BRDA:356,36,0,0
BRDA:356,36,1,0
BRDA:366,37,0,0
BRDA:375,38,0,0
BRDA:375,38,1,0
BRF:75
BRH:0
end_of_record
TN:
SF:modules/cache/DataChangeDetector.js
FN:5,(anonymous_0)
FN:15,(anonymous_1)
FN:23,(anonymous_2)
FN:36,(anonymous_3)
FN:63,(anonymous_4)
FN:84,(anonymous_5)
FN:127,(anonymous_6)
FN:134,(anonymous_7)
FN:141,(anonymous_8)
FN:152,(anonymous_9)
FN:162,(anonymous_10)
FNF:11
FNH:0
FNDA:0,(anonymous_0)
FNDA:0,(anonymous_1)
FNDA:0,(anonymous_2)
FNDA:0,(anonymous_3)
FNDA:0,(anonymous_4)
FNDA:0,(anonymous_5)
FNDA:0,(anonymous_6)
FNDA:0,(anonymous_7)
FNDA:0,(anonymous_8)
FNDA:0,(anonymous_9)
FNDA:0,(anonymous_10)
DA:6,0
DA:7,0
DA:8,0
DA:9,0
DA:16,0
DA:17,0
DA:24,0
DA:25,0
DA:26,0
DA:27,0
DA:28,0
DA:30,0
DA:37,0
DA:38,0
DA:39,0
DA:40,0
DA:42,0
DA:44,0
DA:45,0
DA:48,0
DA:49,0
DA:51,0
DA:52,0
DA:55,0
DA:56,0
DA:64,0
DA:66,0
DA:69,0
DA:70,0
DA:71,0
DA:73,0
DA:77,0
DA:85,0
DA:86,0
DA:87,0
DA:88,0
DA:92,0
DA:99,0
DA:100,0
DA:101,0
DA:102,0
DA:104,0
DA:109,0
DA:110,0
DA:111,0
DA:112,0
DA:113,0
DA:115,0
DA:118,0
DA:120,0
DA:128,0
DA:135,0
DA:142,0
DA:154,0
DA:155,0
DA:159,0
DA:160,0
DA:161,0
DA:162,0
DA:163,0
DA:168,0
LF:61
LH:0
BRDA:42,0,0,0
BRDA:42,0,1,0
BRDA:86,1,0,0
BRDA:86,1,1,0
BRDA:159,2,0,0
BRDA:159,2,1,0
BRF:6
BRH:0
end_of_record
TN:
SF:modules/cache/RedisCache.js
FN:7,(anonymous_0)
FN:23,(anonymous_1)
FN:30,(anonymous_2)
FN:47,(anonymous_3)
FN:52,(anonymous_4)
FN:57,(anonymous_5)
FN:62,(anonymous_6)
FN:79,(anonymous_7)
FN:89,(anonymous_8)
FN:96,(anonymous_9)
FN:118,(anonymous_10)
FN:142,(anonymous_11)
FN:161,(anonymous_12)
FN:179,(anonymous_13)
FN:197,(anonymous_14)
FN:214,(anonymous_15)
FN:231,(anonymous_16)
FN:255,(anonymous_17)
FN:261,(anonymous_18)
FN:264,(anonymous_19)
FN:281,(anonymous_20)
FNF:21
FNH:0
FNDA:0,(anonymous_0)
FNDA:0,(anonymous_1)
FNDA:0,(anonymous_2)
FNDA:0,(anonymous_3)
FNDA:0,(anonymous_4)
FNDA:0,(anonymous_5)
FNDA:0,(anonymous_6)
FNDA:0,(anonymous_7)
FNDA:0,(anonymous_8)
FNDA:0,(anonymous_9)
FNDA:0,(anonymous_10)
FNDA:0,(anonymous_11)
FNDA:0,(anonymous_12)
FNDA:0,(anonymous_13)
FNDA:0,(anonymous_14)
FNDA:0,(anonymous_15)
FNDA:0,(anonymous_16)
FNDA:0,(anonymous_17)
FNDA:0,(anonymous_18)
FNDA:0,(anonymous_19)
FNDA:0,(anonymous_20)
DA:4,0
DA:8,0
DA:9,0
DA:10,0
DA:11,0
DA:12,0
DA:13,0
DA:16,0
DA:17,0
DA:24,0
DA:25,0
DA:31,0
DA:32,0
DA:33,0
DA:35,0
DA:36,0
DA:37,0
DA:39,0
DA:40,0
DA:41,0
DA:43,0
DA:47,0
DA:48,0
DA:49,0
DA:52,0
DA:53,0
DA:54,0
DA:57,0
DA:58,0
DA:59,0
DA:62,0
DA:63,0
DA:64,0
DA:67,0
DA:68,0
DA:70,0
DA:71,0
DA:72,0
DA:80,0
DA:81,0
DA:82,0
DA:90,0
DA:97,0
DA:98,0
DA:99,0
DA:102,0
DA:103,0
DA:104,0
DA:105,0
DA:107,0
DA:108,0
DA:110,0
DA:111,0
DA:119,0
DA:120,0
DA:121,0
DA:124,0
DA:125,0
DA:126,0
DA:128,0
DA:129,0
DA:132,0
DA:134,0
DA:135,0
DA:143,0
DA:144,0
DA:145,0
DA:148,0
DA:149,0
DA:150,0
DA:151,0
DA:153,0
DA:154,0
DA:162,0
DA:163,0
DA:166,0
DA:167,0
DA:168,0
DA:169,0
DA:171,0
DA:172,0
DA:180,0
DA:181,0
DA:184,0
DA:185,0
DA:186,0
DA:187,0
DA:189,0
DA:190,0
DA:198,0
DA:199,0
DA:202,0
DA:203,0
DA:204,0
DA:206,0
DA:207,0
DA:215,0
DA:216,0
DA:219,0
DA:220,0
DA:221,0
DA:223,0
DA:224,0
DA:232,0
DA:233,0
DA:236,0
DA:237,0
DA:238,0
DA:240,0
DA:247,0
DA:248,0
DA:256,0
DA:257,0
DA:260,0
DA:261,0
DA:262,0
DA:264,0
DA:265,0
DA:266,0
DA:267,0
DA:269,0
DA:273,0
DA:274,0
DA:282,0
DA:283,0
DA:286,0
DA:287,0
DA:288,0
DA:289,0
DA:290,0
DA:291,0
DA:294,0
DA:297,0
DA:298,0
DA:299,0
DA:300,0
DA:304,0
DA:306,0
DA:307,0
DA:312,0
LF:140
LH:0
BRDA:7,0,0,0
BRDA:8,1,0,0
BRDA:8,1,1,0
BRDA:9,2,0,0
BRDA:9,2,1,0
BRDA:10,3,0,0
BRDA:10,3,1,0
BRDA:11,4,0,0
BRDA:11,4,1,0
BRDA:16,5,0,0
BRDA:16,5,1,0
BRDA:17,6,0,0
BRDA:17,6,1,0
BRDA:31,7,0,0
BRDA:31,7,1,0
BRDA:31,8,0,0
BRDA:31,8,1,0
BRDA:35,9,0,0
BRDA:35,9,1,0
BRDA:39,10,0,0
BRDA:39,10,1,0
BRDA:80,11,0,0
BRDA:80,11,1,0
BRDA:96,12,0,0
BRDA:97,13,0,0
BRDA:97,13,1,0
BRDA:105,14,0,0
BRDA:105,14,1,0
BRDA:119,15,0,0
BRDA:119,15,1,0
BRDA:128,16,0,0
BRDA:128,16,1,0
BRDA:143,17,0,0
BRDA:143,17,1,0
BRDA:162,18,0,0
BRDA:162,18,1,0
BRDA:180,19,0,0
BRDA:180,19,1,0
BRDA:198,20,0,0
BRDA:198,20,1,0
BRDA:215,21,0,0
BRDA:215,21,1,0
BRDA:232,22,0,0
BRDA:232,22,1,0
BRDA:256,23,0,0
BRDA:256,23,1,0
BRDA:265,24,0,0
BRDA:265,24,1,0
BRDA:281,25,0,0
BRDA:282,26,0,0
BRDA:282,26,1,0
BRDA:297,27,0,0
BRDA:297,27,1,0
BRDA:298,28,0,0
BRDA:298,28,1,0
BRF:55
BRH:0
end_of_record
TN:
SF:modules/data/DataAccessLayer.js
FN:11,(anonymous_0)
FN:43,(anonymous_1)
FN:78,(anonymous_2)
FN:106,(anonymous_3)
FN:150,(anonymous_4)
FN:191,(anonymous_5)
FN:208,(anonymous_6)
FN:234,(anonymous_7)
FN:260,(anonymous_8)
FN:284,(anonymous_9)
FN:312,(anonymous_10)
FN:342,(anonymous_11)
FN:352,(anonymous_12)
FN:362,(anonymous_13)
FN:381,(anonymous_14)
FN:388,(anonymous_15)
FN:398,(anonymous_16)
FN:411,(anonymous_17)
FN:423,(anonymous_18)
FN:425,(anonymous_19)
FN:435,(anonymous_20)
FN:438,(anonymous_21)
FNF:22
FNH:0
FNDA:0,(anonymous_0)
FNDA:0,(anonymous_1)
FNDA:0,(anonymous_2)
FNDA:0,(anonymous_3)
FNDA:0,(anonymous_4)
FNDA:0,(anonymous_5)
FNDA:0,(anonymous_6)
FNDA:0,(anonymous_7)
FNDA:0,(anonymous_8)
FNDA:0,(anonymous_9)
FNDA:0,(anonymous_10)
FNDA:0,(anonymous_11)
FNDA:0,(anonymous_12)
FNDA:0,(anonymous_13)
FNDA:0,(anonymous_14)
FNDA:0,(anonymous_15)
FNDA:0,(anonymous_16)
FNDA:0,(anonymous_17)
FNDA:0,(anonymous_18)
FNDA:0,(anonymous_19)
FNDA:0,(anonymous_20)
FNDA:0,(anonymous_21)
DA:4,0
DA:12,0
DA:13,0
DA:16,0
DA:29,0
DA:32,0
DA:35,0
DA:44,0
DA:47,0
DA:48,0
DA:49,0
DA:50,0
DA:54,0
DA:57,0
DA:58,0
DA:59,0
DA:60,0
DA:62,0
DA:66,0
DA:67,0
DA:68,0
DA:71,0
DA:79,0
DA:81,0
DA:84,0
DA:85,0
DA:88,0
DA:91,0
DA:93,0
DA:94,0
DA:96,0
DA:97,0
DA:107,0
DA:110,0
DA:111,0
DA:112,0
DA:113,0
DA:117,0
DA:120,0
DA:121,0
DA:125,0
DA:126,0
DA:131,0
DA:138,0
DA:139,0
DA:140,0
DA:143,0
DA:151,0
DA:153,0
DA:170,0
DA:171,0
DA:174,0
DA:177,0
DA:179,0
DA:180,0
DA:182,0
DA:183,0
DA:192,0
DA:195,0
DA:196,0
DA:197,0
DA:198,0
DA:202,0
DA:205,0
DA:208,0
DA:209,0
DA:214,0
DA:223,0
DA:224,0
DA:226,0
DA:235,0
DA:238,0
DA:239,0
DA:240,0
DA:241,0
DA:245,0
DA:246,0
DA:249,0
DA:250,0
DA:252,0
DA:261,0
DA:263,0
DA:266,0
DA:267,0
DA:270,0
DA:272,0
DA:273,0
DA:275,0
DA:276,0
DA:285,0
DA:288,0
DA:289,0
DA:290,0
DA:291,0
DA:295,0
DA:296,0
DA:302,0
DA:303,0
DA:305,0
DA:313,0
DA:315,0
DA:324,0
DA:327,0
DA:329,0
DA:330,0
DA:332,0
DA:333,0
DA:343,0
DA:344,0
DA:353,0
DA:354,0
DA:363,0
DA:365,0
DA:366,0
DA:367,0
DA:368,0
DA:369,0
DA:370,0
DA:382,0
DA:389,0
DA:390,0
DA:391,0
DA:399,0
DA:400,0
DA:401,0
DA:402,0
DA:405,0
DA:412,0
DA:425,0
DA:426,0
DA:427,0
DA:436,0
DA:438,0
DA:439,0
DA:440,0
DA:444,0
DA:446,0
DA:450,0
DA:451,0
DA:455,0
LF:140
LH:0
BRDA:11,0,0,0
BRDA:43,1,0,0
BRDA:48,2,0,0
BRDA:48,2,1,0
BRDA:57,3,0,0
BRDA:57,3,1,0
BRDA:59,4,0,0
BRDA:59,4,1,0
BRDA:60,5,0,0
BRDA:60,5,1,0
BRDA:66,6,0,0
BRDA:66,6,1,0
BRDA:106,7,0,0
BRDA:111,8,0,0
BRDA:111,8,1,0
BRDA:120,9,0,0
BRDA:120,9,1,0
BRDA:125,10,0,0
BRDA:125,10,1,0
BRDA:128,11,0,0
BRDA:128,11,1,0
BRDA:138,12,0,0
BRDA:138,12,1,0
BRDA:165,13,0,0
BRDA:165,13,1,0
BRDA:191,14,0,0
BRDA:196,15,0,0
BRDA:196,15,1,0
BRDA:234,16,0,0
BRDA:239,17,0,0
BRDA:239,17,1,0
BRDA:284,18,0,0
BRDA:289,19,0,0
BRDA:289,19,1,0
BRDA:297,20,0,0
BRDA:297,20,1,0
BRDA:298,21,0,0
BRDA:298,21,1,0
BRDA:354,22,0,0
BRDA:354,22,1,0
BRDA:363,23,0,0
BRDA:363,23,1,0
BRDA:368,24,0,0
BRDA:368,24,1,0
BRDA:401,25,0,0
BRDA:401,25,1,0
BRF:46
BRH:0
end_of_record
TN:
SF:modules/data/DataConsistencyManager.js
FN:11,(anonymous_0)
FN:43,(anonymous_1)
FN:91,(anonymous_2)
FN:118,(anonymous_3)
FN:133,(anonymous_4)
FN:176,(anonymous_5)
FN:201,(anonymous_6)
FN:226,(anonymous_7)
FN:236,(anonymous_8)
FN:243,(anonymous_9)
FN:244,(anonymous_10)
FN:258,(anonymous_11)
FN:287,(anonymous_12)
FN:289,(anonymous_13)
FN:302,(anonymous_14)
FN:329,(anonymous_15)
FN:341,(anonymous_16)
FNF:17
FNH:0
FNDA:0,(anonymous_0)
FNDA:0,(anonymous_1)
FNDA:0,(anonymous_2)
FNDA:0,(anonymous_3)
FNDA:0,(anonymous_4)
FNDA:0,(anonymous_5)
FNDA:0,(anonymous_6)
FNDA:0,(anonymous_7)
FNDA:0,(anonymous_8)
FNDA:0,(anonymous_9)
FNDA:0,(anonymous_10)
FNDA:0,(anonymous_11)
FNDA:0,(anonymous_12)
FNDA:0,(anonymous_13)
FNDA:0,(anonymous_14)
FNDA:0,(anonymous_15)
FNDA:0,(anonymous_16)
DA:4,0
DA:12,0
DA:13,0
DA:14,0
DA:17,0
DA:27,0
DA:30,0
DA:33,0
DA:34,0
DA:44,0
DA:45,0
DA:48,0
DA:49,0
DA:51,0
DA:52,0
DA:53,0
DA:57,0
DA:60,0
DA:62,0
DA:63,0
DA:64,0
DA:67,0
DA:70,0
DA:72,0
DA:81,0
DA:82,0
DA:92,0
DA:94,0
DA:97,0
DA:103,0
DA:106,0
DA:109,0
DA:119,0
DA:120,0
DA:123,0
DA:134,0
DA:136,0
DA:139,0
DA:140,0
DA:141,0
DA:142,0
DA:146,0
DA:147,0
DA:148,0
DA:152,0
DA:153,0
DA:154,0
DA:155,0
DA:156,0
DA:157,0
DA:161,0
DA:162,0
DA:163,0
DA:166,0
DA:177,0
DA:179,0
DA:183,0
DA:189,0
DA:192,0
DA:203,0
DA:204,0
DA:207,0
DA:208,0
DA:209,0
DA:210,0
DA:211,0
DA:213,0
DA:218,0
DA:227,0
DA:228,0
DA:237,0
DA:244,0
DA:245,0
DA:246,0
DA:248,0
DA:252,0
DA:259,0
DA:262,0
DA:263,0
DA:266,0
DA:267,0
DA:268,0
DA:272,0
DA:273,0
DA:274,0
DA:276,0
DA:280,0
DA:288,0
DA:289,0
DA:291,0
DA:292,0
DA:293,0
DA:303,0
DA:304,0
DA:307,0
DA:308,0
DA:311,0
DA:314,0
DA:315,0
DA:318,0
DA:319,0
DA:321,0
DA:322,0
DA:330,0
DA:342,0
DA:343,0
DA:344,0
DA:346,0
DA:350,0
LF:109
LH:0
BRDA:11,0,0,0
BRDA:33,1,0,0
BRDA:33,1,1,0
BRDA:51,2,0,0
BRDA:51,2,1,0
BRDA:62,3,0,0
BRDA:62,3,1,0
BRDA:92,4,0,0
BRDA:92,4,1,0
BRDA:92,4,2,0
BRDA:92,4,3,0
BRDA:92,4,4,0
BRDA:119,5,0,0
BRDA:119,5,1,0
BRDA:119,6,0,0
BRDA:119,6,1,0
BRDA:120,7,0,0
BRDA:120,7,1,0
BRDA:120,8,0,0
BRDA:120,8,1,0
BRDA:134,9,0,0
BRDA:134,9,1,0
BRDA:136,10,0,0
BRDA:136,10,1,0
BRDA:136,10,2,0
BRDA:136,10,3,0
BRDA:136,10,4,0
BRDA:177,11,0,0
BRDA:177,11,1,0
BRDA:177,11,2,0
BRDA:177,11,3,0
BRDA:203,12,0,0
BRDA:203,12,1,0
BRDA:203,13,0,0
BRDA:203,13,1,0
BRDA:209,14,0,0
BRDA:209,14,1,0
BRDA:209,15,0,0
BRDA:209,15,1,0
BRDA:210,16,0,0
BRDA:210,16,1,0
BRDA:210,17,0,0
BRDA:210,17,1,0
BRDA:314,18,0,0
BRDA:314,18,1,0
BRDA:342,19,0,0
BRDA:342,19,1,0
BRF:47
BRH:0
end_of_record
TN:
SF:modules/data/DataLayerIntegration.js
FN:13,(anonymous_0)
FN:22,(anonymous_1)
FN:55,(anonymous_2)
FN:67,(anonymous_3)
FN:79,(anonymous_4)
FN:116,(anonymous_5)
FN:138,(anonymous_6)
FN:148,(anonymous_7)
FN:158,(anonymous_8)
FN:188,(anonymous_9)
FN:217,(anonymous_10)
FNF:11
FNH:0
FNDA:0,(anonymous_0)
FNDA:0,(anonymous_1)
FNDA:0,(anonymous_2)
FNDA:0,(anonymous_3)
FNDA:0,(anonymous_4)
FNDA:0,(anonymous_5)
FNDA:0,(anonymous_6)
FNDA:0,(anonymous_7)
FNDA:0,(anonymous_8)
FNDA:0,(anonymous_9)
FNDA:0,(anonymous_10)
DA:4,0
DA:5,0
DA:6,0
DA:14,0
DA:15,0
DA:16,0
DA:23,0
DA:24,0
DA:25,0
DA:28,0
DA:29,0
DA:32,0
DA:35,0
DA:38,0
DA:41,0
DA:43,0
DA:44,0
DA:47,0
DA:48,0
DA:56,0
DA:58,0
DA:59,0
DA:61,0
DA:68,0
DA:70,0
DA:71,0
DA:73,0
DA:80,0
DA:82,0
DA:110,0
DA:117,0
DA:119,0
DA:121,0
DA:123,0
DA:125,0
DA:126,0
DA:128,0
DA:131,0
DA:139,0
DA:140,0
DA:142,0
DA:149,0
DA:150,0
DA:152,0
DA:159,0
DA:160,0
DA:167,0
DA:168,0
DA:169,0
DA:171,0
DA:177,0
DA:189,0
DA:190,0
DA:191,0
DA:194,0
DA:195,0
DA:197,0
DA:198,0
DA:201,0
DA:202,0
DA:205,0
DA:206,0
DA:209,0
DA:210,0
DA:218,0
DA:219,0
DA:225,0
DA:226,0
DA:228,0
DA:234,0
DA:244,0
DA:246,0
LF:72
LH:0
BRDA:23,0,0,0
BRDA:23,0,1,0
BRDA:123,1,0,0
BRDA:123,1,1,0
BRDA:139,2,0,0
BRDA:139,2,1,0
BRDA:149,3,0,0
BRDA:149,3,1,0
BRDA:159,4,0,0
BRDA:159,4,1,0
BRDA:189,5,0,0
BRDA:189,5,1,0
BRDA:197,6,0,0
BRDA:197,6,1,0
BRDA:201,7,0,0
BRDA:201,7,1,0
BRDA:218,8,0,0
BRDA:218,8,1,0
BRF:18
BRH:0
end_of_record
TN:
SF:modules/data/DataLayerManager.js
FN:13,(anonymous_0)
FN:37,(anonymous_1)
FN:57,(anonymous_2)
FN:59,(anonymous_3)
FN:65,(anonymous_4)
FN:69,(anonymous_5)
FN:81,(anonymous_6)
FN:89,(anonymous_7)
FN:103,(anonymous_8)
FN:111,(anonymous_9)
FN:124,(anonymous_10)
FN:133,(anonymous_11)
FN:142,(anonymous_12)
FN:155,(anonymous_13)
FN:163,(anonymous_14)
FN:177,(anonymous_15)
FN:185,(anonymous_16)
FN:192,(anonymous_17)
FN:200,(anonymous_18)
FN:211,(anonymous_19)
FN:220,(anonymous_20)
FN:227,(anonymous_21)
FN:240,(anonymous_22)
FN:247,(anonymous_23)
FN:254,(anonymous_24)
FN:263,(anonymous_25)
FN:275,(anonymous_26)
FN:305,(anonymous_27)
FN:328,(anonymous_28)
FNF:29
FNH:0
FNDA:0,(anonymous_0)
FNDA:0,(anonymous_1)
FNDA:0,(anonymous_2)
FNDA:0,(anonymous_3)
FNDA:0,(anonymous_4)
FNDA:0,(anonymous_5)
FNDA:0,(anonymous_6)
FNDA:0,(anonymous_7)
FNDA:0,(anonymous_8)
FNDA:0,(anonymous_9)
FNDA:0,(anonymous_10)
FNDA:0,(anonymous_11)
FNDA:0,(anonymous_12)
FNDA:0,(anonymous_13)
FNDA:0,(anonymous_14)
FNDA:0,(anonymous_15)
FNDA:0,(anonymous_16)
FNDA:0,(anonymous_17)
FNDA:0,(anonymous_18)
FNDA:0,(anonymous_19)
FNDA:0,(anonymous_20)
FNDA:0,(anonymous_21)
FNDA:0,(anonymous_22)
FNDA:0,(anonymous_23)
FNDA:0,(anonymous_24)
FNDA:0,(anonymous_25)
FNDA:0,(anonymous_26)
FNDA:0,(anonymous_27)
FNDA:0,(anonymous_28)
DA:4,0
DA:5,0
DA:6,0
DA:14,0
DA:17,0
DA:20,0
DA:23,0
DA:26,0
DA:29,0
DA:31,0
DA:39,0
DA:42,0
DA:45,0
DA:48,0
DA:51,0
DA:59,0
DA:60,0
DA:65,0
DA:66,0
DA:69,0
DA:70,0
DA:82,0
DA:90,0
DA:93,0
DA:95,0
DA:104,0
DA:112,0
DA:115,0
DA:117,0
DA:125,0
DA:134,0
DA:143,0
DA:146,0
DA:148,0
DA:156,0
DA:164,0
DA:167,0
DA:169,0
DA:178,0
DA:186,0
DA:193,0
DA:201,0
DA:212,0
DA:221,0
DA:228,0
DA:241,0
DA:248,0
DA:255,0
DA:264,0
DA:276,0
DA:278,0
DA:281,0
DA:284,0
DA:286,0
DA:294,0
DA:306,0
DA:308,0
DA:310,0
DA:313,0
DA:316,0
DA:318,0
DA:320,0
DA:329,0
DA:333,0
LF:64
LH:0
BRDA:13,0,0,0
BRDA:81,1,0,0
BRDA:103,2,0,0
BRDA:124,3,0,0
BRDA:133,4,0,0
BRDA:155,5,0,0
BRDA:240,6,0,0
BRDA:328,7,0,0
BRF:8
BRH:0
end_of_record
TN:
SF:modules/data/DataPersistenceManager.js
FN:11,(anonymous_0)
FN:45,(anonymous_1)
FN:77,(anonymous_2)
FN:125,(anonymous_3)
FN:143,(anonymous_4)
FN:189,(anonymous_5)
FN:212,(anonymous_6)
FN:222,(anonymous_7)
FN:250,(anonymous_8)
FN:276,(anonymous_9)
FN:291,(anonymous_10)
FN:292,(anonymous_11)
FN:306,(anonymous_12)
FN:325,(anonymous_13)
FN:349,(anonymous_14)
FN:356,(anonymous_15)
FN:364,(anonymous_16)
FN:376,(anonymous_17)
FNF:18
FNH:0
FNDA:0,(anonymous_0)
FNDA:0,(anonymous_1)
FNDA:0,(anonymous_2)
FNDA:0,(anonymous_3)
FNDA:0,(anonymous_4)
FNDA:0,(anonymous_5)
FNDA:0,(anonymous_6)
FNDA:0,(anonymous_7)
FNDA:0,(anonymous_8)
FNDA:0,(anonymous_9)
FNDA:0,(anonymous_10)
FNDA:0,(anonymous_11)
FNDA:0,(anonymous_12)
FNDA:0,(anonymous_13)
FNDA:0,(anonymous_14)
FNDA:0,(anonymous_15)
FNDA:0,(anonymous_16)
FNDA:0,(anonymous_17)
DA:4,0
DA:12,0
DA:13,0
DA:14,0
DA:17,0
DA:27,0
DA:30,0
DA:33,0
DA:34,0
DA:46,0
DA:49,0
DA:58,0
DA:59,0
DA:61,0
DA:67,0
DA:78,0
DA:79,0
DA:81,0
DA:83,0
DA:84,0
DA:87,0
DA:88,0
DA:91,0
DA:92,0
DA:95,0
DA:96,0
DA:99,0
DA:100,0
DA:103,0
DA:107,0
DA:109,0
DA:110,0
DA:113,0
DA:114,0
DA:115,0
DA:126,0
DA:128,0
DA:129,0
DA:133,0
DA:144,0
DA:146,0
DA:147,0
DA:165,0
DA:192,0
DA:193,0
DA:213,0
DA:223,0
DA:225,0
DA:226,0
DA:236,0
DA:251,0
DA:252,0
DA:253,0
DA:256,0
DA:258,0
DA:260,0
DA:261,0
DA:262,0
DA:264,0
DA:268,0
DA:277,0
DA:278,0
DA:279,0
DA:280,0
DA:284,0
DA:285,0
DA:292,0
DA:293,0
DA:294,0
DA:296,0
DA:300,0
DA:307,0
DA:309,0
DA:311,0
DA:312,0
DA:313,0
DA:315,0
DA:319,0
DA:326,0
DA:328,0
DA:330,0
DA:331,0
DA:332,0
DA:333,0
DA:334,0
DA:335,0
DA:337,0
DA:343,0
DA:350,0
DA:351,0
DA:352,0
DA:354,0
DA:356,0
DA:365,0
DA:366,0
DA:367,0
DA:369,0
DA:377,0
DA:379,0
DA:382,0
DA:383,0
DA:384,0
DA:389,0
DA:390,0
DA:391,0
DA:392,0
DA:395,0
DA:396,0
DA:400,0
DA:404,0
LF:110
LH:0
BRDA:11,0,0,0
BRDA:33,1,0,0
BRDA:33,1,1,0
BRDA:45,2,0,0
BRDA:58,3,0,0
BRDA:58,3,1,0
BRDA:77,4,0,0
BRDA:81,5,0,0
BRDA:81,5,1,0
BRDA:81,5,2,0
BRDA:81,5,3,0
BRDA:81,5,4,0
BRDA:81,5,5,0
BRDA:125,6,0,0
BRDA:126,7,0,0
BRDA:126,7,1,0
BRDA:143,8,0,0
BRDA:144,9,0,0
BRDA:144,9,1,0
BRDA:159,10,0,0
BRDA:159,10,1,0
BRDA:177,11,0,0
BRDA:177,11,1,0
BRDA:189,12,0,0
BRDA:192,13,0,0
BRDA:192,13,1,0
BRDA:212,14,0,0
BRDA:222,15,0,0
BRDA:223,16,0,0
BRDA:223,16,1,0
BRDA:252,17,0,0
BRDA:252,17,1,0
BRDA:252,18,0,0
BRDA:252,18,1,0
BRDA:277,19,0,0
BRDA:277,19,1,0
BRDA:279,20,0,0
BRDA:279,20,1,0
BRDA:332,21,0,0
BRDA:332,21,1,0
BRDA:365,22,0,0
BRDA:365,22,1,0
BRDA:376,23,0,0
BRDA:383,24,0,0
BRDA:383,24,1,0
BRDA:391,25,0,0
BRDA:391,25,1,0
BRDA:395,26,0,0
BRDA:395,26,1,0
BRF:49
BRH:0
end_of_record
TN:
SF:modules/data/DataRefreshManager.js
FN:5,(anonymous_0)
FN:20,(anonymous_1)
FN:53,(anonymous_2)
FN:79,(anonymous_3)
FN:93,(anonymous_4)
FN:117,(anonymous_5)
FN:132,(anonymous_6)
FN:145,(anonymous_7)
FN:169,(anonymous_8)
FN:170,(anonymous_9)
FN:193,(anonymous_10)
FNF:11
FNH:0
FNDA:0,(anonymous_0)
FNDA:0,(anonymous_1)
FNDA:0,(anonymous_2)
FNDA:0,(anonymous_3)
FNDA:0,(anonymous_4)
FNDA:0,(anonymous_5)
FNDA:0,(anonymous_6)
FNDA:0,(anonymous_7)
FNDA:0,(anonymous_8)
FNDA:0,(anonymous_9)
FNDA:0,(anonymous_10)
DA:6,0
DA:7,0
DA:21,0
DA:22,0
DA:23,0
DA:24,0
DA:25,0
DA:28,0
DA:33,0
DA:35,0
DA:37,0
DA:40,0
DA:41,0
DA:43,0
DA:45,0
DA:46,0
DA:54,0
DA:55,0
DA:56,0
DA:57,0
DA:60,0
DA:61,0
DA:64,0
DA:70,0
DA:72,0
DA:80,0
DA:81,0
DA:82,0
DA:83,0
DA:86,0
DA:87,0
DA:94,0
DA:95,0
DA:96,0
DA:98,0
DA:99,0
DA:100,0
DA:101,0
DA:102,0
DA:107,0
DA:109,0
DA:110,0
DA:118,0
DA:119,0
DA:132,0
DA:137,0
DA:138,0
DA:146,0
DA:147,0
DA:148,0
DA:150,0
DA:151,0
DA:153,0
DA:154,0
DA:160,0
DA:169,0
DA:170,0
DA:172,0
DA:174,0
DA:182,0
DA:183,0
DA:194,0
DA:195,0
DA:197,0
DA:202,0
DA:204,0
DA:209,0
LF:67
LH:0
BRDA:23,0,0,0
BRDA:23,0,1,0
BRDA:33,1,0,0
BRDA:33,1,1,0
BRDA:35,2,0,0
BRDA:35,2,1,0
BRDA:53,3,0,0
BRDA:60,4,0,0
BRDA:60,4,1,0
BRDA:101,5,0,0
BRDA:101,5,1,0
BRDA:134,6,0,0
BRDA:134,6,1,0
BRF:13
BRH:0
end_of_record
TN:
SF:modules/data/DeltaManager.js
FN:8,(anonymous_0)
FN:18,(anonymous_1)
FN:38,(anonymous_2)
FN:53,(anonymous_3)
FN:57,(anonymous_4)
FN:66,(anonymous_5)
FN:70,(anonymous_6)
FN:73,(anonymous_7)
FN:92,(anonymous_8)
FN:121,(anonymous_9)
FN:144,(anonymous_10)
FN:152,(anonymous_11)
FN:166,(anonymous_12)
FN:175,(anonymous_13)
FN:192,(anonymous_14)
FN:202,(anonymous_15)
FNF:16
FNH:0
FNDA:0,(anonymous_0)
FNDA:0,(anonymous_1)
FNDA:0,(anonymous_2)
FNDA:0,(anonymous_3)
FNDA:0,(anonymous_4)
FNDA:0,(anonymous_5)
FNDA:0,(anonymous_6)
FNDA:0,(anonymous_7)
FNDA:0,(anonymous_8)
FNDA:0,(anonymous_9)
FNDA:0,(anonymous_10)
FNDA:0,(anonymous_11)
FNDA:0,(anonymous_12)
FNDA:0,(anonymous_13)
FNDA:0,(anonymous_14)
FNDA:0,(anonymous_15)
DA:1,0
DA:9,0
DA:10,0
DA:11,0
DA:19,0
DA:20,0
DA:21,0
DA:24,0
DA:25,0
DA:27,0
DA:28,0
DA:31,0
DA:39,0
DA:40,0
DA:43,0
DA:51,0
DA:53,0
DA:54,0
DA:57,0
DA:58,0
DA:59,0
DA:60,0
DA:62,0
DA:66,0
DA:67,0
DA:70,0
DA:71,0
DA:73,0
DA:74,0
DA:75,0
DA:80,0
DA:83,0
DA:93,0
DA:94,0
DA:96,0
DA:98,0
DA:101,0
DA:105,0
DA:106,0
DA:108,0
DA:111,0
DA:112,0
DA:122,0
DA:130,0
DA:132,0
DA:145,0
DA:153,0
DA:154,0
DA:155,0
DA:156,0
DA:157,0
DA:158,0
DA:159,0
DA:167,0
DA:168,0
DA:176,0
DA:178,0
DA:179,0
DA:180,0
DA:184,0
DA:185,0
DA:193,0
DA:194,0
DA:203,0
DA:204,0
DA:205,0
DA:207,0
DA:208,0
DA:212,0
LF:69
LH:0
BRDA:19,0,0,0
BRDA:19,0,1,0
BRDA:74,1,0,0
BRDA:74,1,1,0
BRDA:93,2,0,0
BRDA:93,2,1,0
BRDA:96,3,0,0
BRDA:96,3,1,0
BRDA:105,4,0,0
BRDA:105,4,1,0
BRDA:108,5,0,0
BRDA:108,5,1,0
BRDA:121,6,0,0
BRDA:122,7,0,0
BRDA:122,7,1,0
BRDA:130,8,0,0
BRDA:130,8,1,0
BRDA:154,9,0,0
BRDA:154,9,1,0
BRDA:179,10,0,0
BRDA:179,10,1,0
BRDA:193,11,0,0
BRDA:193,11,1,0
BRDA:204,12,0,0
BRDA:204,12,1,0
BRDA:204,13,0,0
BRDA:204,13,1,0
BRF:27
BRH:0
end_of_record
TN:
SF:modules/data/DeltaRealTimeManager.js
FN:8,(anonymous_0)
FN:37,(anonymous_1)
FN:62,(anonymous_2)
FN:91,(anonymous_3)
FN:95,(anonymous_4)
FN:104,(anonymous_5)
FN:108,(anonymous_6)
FN:121,(anonymous_7)
FN:143,(anonymous_8)
FN:161,(anonymous_9)
FN:173,(anonymous_10)
FN:197,(anonymous_11)
FN:219,(anonymous_12)
FN:222,(anonymous_13)
FN:232,(anonymous_14)
FN:238,(anonymous_15)
FN:265,(anonymous_16)
FN:271,(anonymous_17)
FN:297,(anonymous_18)
FN:302,(anonymous_19)
FN:311,(anonymous_20)
FN:323,(anonymous_21)
FN:346,(anonymous_22)
FN:348,(anonymous_23)
FN:356,(anonymous_24)
FN:367,(anonymous_25)
FN:398,(anonymous_26)
FN:427,(anonymous_27)
FN:456,(anonymous_28)
FN:490,(anonymous_29)
FNF:30
FNH:1
FNDA:2,(anonymous_0)
FNDA:0,(anonymous_1)
FNDA:0,(anonymous_2)
FNDA:0,(anonymous_3)
FNDA:0,(anonymous_4)
FNDA:0,(anonymous_5)
FNDA:0,(anonymous_6)
FNDA:0,(anonymous_7)
FNDA:0,(anonymous_8)
FNDA:0,(anonymous_9)
FNDA:0,(anonymous_10)
FNDA:0,(anonymous_11)
FNDA:0,(anonymous_12)
FNDA:0,(anonymous_13)
FNDA:0,(anonymous_14)
FNDA:0,(anonymous_15)
FNDA:0,(anonymous_16)
FNDA:0,(anonymous_17)
FNDA:0,(anonymous_18)
FNDA:0,(anonymous_19)
FNDA:0,(anonymous_20)
FNDA:0,(anonymous_21)
FNDA:0,(anonymous_22)
FNDA:0,(anonymous_23)
FNDA:0,(anonymous_24)
FNDA:0,(anonymous_25)
FNDA:0,(anonymous_26)
FNDA:0,(anonymous_27)
FNDA:0,(anonymous_28)
FNDA:0,(anonymous_29)
DA:1,1
DA:9,2
DA:10,2
DA:11,2
DA:12,2
DA:15,2
DA:16,2
DA:19,2
DA:20,2
DA:23,2
DA:24,2
DA:25,2
DA:26,2
DA:29,2
DA:30,2
DA:39,0
DA:40,0
DA:41,0
DA:44,0
DA:45,0
DA:48,0
DA:51,0
DA:53,0
DA:54,0
DA:63,0
DA:65,0
DA:66,0
DA:67,0
DA:68,0
DA:71,0
DA:74,0
DA:84,0
DA:85,0
DA:86,0
DA:89,0
DA:91,0
DA:92,0
DA:95,0
DA:96,0
DA:97,0
DA:98,0
DA:100,0
DA:104,0
DA:105,0
DA:108,0
DA:109,0
DA:111,0
DA:114,0
DA:115,0
DA:117,0
DA:118,0
DA:121,0
DA:122,0
DA:123,0
DA:125,0
DA:127,0
DA:131,0
DA:134,0
DA:144,0
DA:147,0
DA:155,0
DA:156,0
DA:160,0
DA:161,0
DA:162,0
DA:165,0
DA:174,0
DA:175,0
DA:177,0
DA:179,0
DA:181,0
DA:184,0
DA:187,0
DA:188,0
DA:189,0
DA:198,0
DA:199,0
DA:200,0
DA:202,0
DA:205,0
DA:208,0
DA:209,0
DA:210,0
DA:220,0
DA:221,0
DA:222,0
DA:223,0
DA:224,0
DA:233,0
DA:234,0
DA:235,0
DA:238,0
DA:239,0
DA:242,0
DA:243,0
DA:244,0
DA:245,0
DA:247,0
DA:250,0
DA:253,0
DA:254,0
DA:255,0
DA:258,0
DA:266,0
DA:267,0
DA:268,0
DA:271,0
DA:272,0
DA:275,0
DA:276,0
DA:277,0
DA:278,0
DA:280,0
DA:283,0
DA:286,0
DA:287,0
DA:288,0
DA:291,0
DA:299,0
DA:302,0
DA:303,0
DA:304,0
DA:305,0
DA:311,0
DA:312,0
DA:313,0
DA:314,0
DA:324,0
DA:325,0
DA:326,0
DA:328,0
DA:329,0
DA:330,0
DA:332,0
DA:333,0
DA:334,0
DA:337,0
DA:338,0
DA:340,0
DA:348,0
DA:349,0
DA:357,0
DA:359,0
DA:360,0
DA:361,0
DA:364,0
DA:365,0
DA:366,0
DA:367,0
DA:369,0
DA:370,0
DA:371,0
DA:372,0
DA:377,0
DA:378,0
DA:379,0
DA:380,0
DA:381,0
DA:382,0
DA:383,0
DA:387,0
DA:388,0
DA:399,0
DA:400,0
DA:402,0
DA:404,0
DA:409,0
DA:415,0
DA:428,0
DA:431,0
DA:434,0
DA:435,0
DA:436,0
DA:438,0
DA:443,0
DA:444,0
DA:445,0
DA:446,0
DA:447,0
DA:449,0
DA:457,0
DA:464,0
DA:465,0
DA:466,0
DA:467,0
DA:469,0
DA:483,0
DA:491,0
DA:492,0
DA:493,0
DA:495,0
DA:496,0
DA:498,0
DA:499,0
DA:501,0
DA:502,0
DA:505,0
DA:516,1
LF:198
LH:16
BRDA:39,0,0,0
BRDA:39,0,1,0
BRDA:65,1,0,0
BRDA:65,1,1,0
BRDA:114,2,0,0
BRDA:114,2,1,0
BRDA:114,3,0,0
BRDA:114,3,1,0
BRDA:117,4,0,0
BRDA:117,4,1,0
BRDA:122,5,0,0
BRDA:122,5,1,0
BRDA:122,6,0,0
BRDA:122,6,1,0
BRDA:144,7,0,0
BRDA:144,7,1,0
BRDA:155,8,0,0
BRDA:155,8,1,0
BRDA:175,9,0,0
BRDA:175,9,1,0
BRDA:179,10,0,0
BRDA:179,10,1,0
BRDA:188,11,0,0
BRDA:188,11,1,0
BRDA:200,12,0,0
BRDA:200,12,1,0
BRDA:209,13,0,0
BRDA:209,13,1,0
BRDA:220,14,0,0
BRDA:220,14,1,0
BRDA:223,15,0,0
BRDA:223,15,1,0
BRDA:233,16,0,0
BRDA:233,16,1,0
BRDA:242,17,0,0
BRDA:242,17,1,0
BRDA:244,18,0,0
BRDA:244,18,1,0
BRDA:254,19,0,0
BRDA:254,19,1,0
BRDA:254,20,0,0
BRDA:254,20,1,0
BRDA:266,21,0,0
BRDA:266,21,1,0
BRDA:275,22,0,0
BRDA:275,22,1,0
BRDA:277,23,0,0
BRDA:277,23,1,0
BRDA:287,24,0,0
BRDA:287,24,1,0
BRDA:287,25,0,0
BRDA:287,25,1,0
BRDA:303,26,0,0
BRDA:303,26,1,0
BRDA:312,27,0,0
BRDA:312,27,1,0
BRDA:324,28,0,0
BRDA:324,28,1,0
BRDA:328,29,0,0
BRDA:328,29,1,0
BRDA:332,30,0,0
BRDA:332,30,1,0
BRDA:357,31,0,0
BRDA:357,31,1,0
BRDA:369,32,0,0
BRDA:369,32,1,0
BRDA:378,33,0,0
BRDA:378,33,1,0
BRDA:387,34,0,0
BRDA:387,34,1,0
BRDA:387,35,0,0
BRDA:387,35,1,0
BRDA:398,36,0,0
BRDA:400,37,0,0
BRDA:400,37,1,0
BRDA:402,38,0,0
BRDA:402,38,1,0
BRDA:402,38,2,0
BRDA:402,38,3,0
BRDA:465,39,0,0
BRDA:465,39,1,0
BRDA:466,40,0,0
BRDA:466,40,1,0
BRDA:467,41,0,0
BRDA:467,41,1,0
BRF:85
BRH:0
end_of_record
TN:
SF:modules/data/MemoryOptimizedManager.js
FN:7,(anonymous_0)
FN:33,(anonymous_1)
FN:43,(anonymous_2)
FN:49,(anonymous_3)
FN:65,(anonymous_4)
FN:74,(anonymous_5)
FN:81,(anonymous_6)
FN:96,(anonymous_7)
FN:115,(anonymous_8)
FN:125,(anonymous_9)
FN:130,(anonymous_10)
FN:154,(anonymous_11)
FN:164,(anonymous_12)
FN:175,(anonymous_13)
FN:202,(anonymous_14)
FN:209,(anonymous_15)
FN:237,(anonymous_16)
FN:242,(anonymous_17)
FN:251,(anonymous_18)
FN:261,(anonymous_19)
FN:274,(anonymous_20)
FNF:21
FNH:0
FNDA:0,(anonymous_0)
FNDA:0,(anonymous_1)
FNDA:0,(anonymous_2)
FNDA:0,(anonymous_3)
FNDA:0,(anonymous_4)
FNDA:0,(anonymous_5)
FNDA:0,(anonymous_6)
FNDA:0,(anonymous_7)
FNDA:0,(anonymous_8)
FNDA:0,(anonymous_9)
FNDA:0,(anonymous_10)
FNDA:0,(anonymous_11)
FNDA:0,(anonymous_12)
FNDA:0,(anonymous_13)
FNDA:0,(anonymous_14)
FNDA:0,(anonymous_15)
FNDA:0,(anonymous_16)
FNDA:0,(anonymous_17)
FNDA:0,(anonymous_18)
FNDA:0,(anonymous_19)
FNDA:0,(anonymous_20)
DA:4,0
DA:8,0
DA:11,0
DA:14,0
DA:15,0
DA:16,0
DA:19,0
DA:20,0
DA:27,0
DA:34,0
DA:35,0
DA:42,0
DA:43,0
DA:44,0
DA:50,0
DA:51,0
DA:56,0
DA:58,0
DA:66,0
DA:67,0
DA:74,0
DA:75,0
DA:82,0
DA:83,0
DA:87,0
DA:89,0
DA:97,0
DA:98,0
DA:101,0
DA:109,0
DA:116,0
DA:117,0
DA:119,0
DA:120,0
DA:124,0
DA:125,0
DA:126,0
DA:131,0
DA:132,0
DA:136,0
DA:138,0
DA:144,0
DA:146,0
DA:147,0
DA:155,0
DA:165,0
DA:166,0
DA:167,0
DA:169,0
DA:176,0
DA:177,0
DA:179,0
DA:180,0
DA:182,0
DA:196,0
DA:203,0
DA:210,0
DA:213,0
DA:214,0
DA:215,0
DA:220,0
DA:221,0
DA:222,0
DA:227,0
DA:228,0
DA:229,0
DA:239,0
DA:242,0
DA:243,0
DA:244,0
DA:252,0
DA:253,0
DA:254,0
DA:262,0
DA:275,0
DA:276,0
DA:277,0
DA:278,0
DA:279,0
DA:283,0
LF:80
LH:0
BRDA:50,0,0,0
BRDA:50,0,1,0
BRDA:82,1,0,0
BRDA:82,1,1,0
BRDA:115,2,0,0
BRDA:119,3,0,0
BRDA:119,3,1,0
BRDA:119,4,0,0
BRDA:119,4,1,0
BRDA:131,5,0,0
BRDA:131,5,1,0
BRDA:136,6,0,0
BRDA:136,6,1,0
BRDA:166,7,0,0
BRDA:166,7,1,0
BRDA:166,8,0,0
BRDA:166,8,1,0
BRDA:180,9,0,0
BRDA:180,9,1,0
BRDA:214,10,0,0
BRDA:214,10,1,0
BRDA:221,11,0,0
BRDA:221,11,1,0
BRDA:228,12,0,0
BRDA:228,12,1,0
BRDA:252,13,0,0
BRDA:252,13,1,0
BRF:27
BRH:0
end_of_record
TN:
SF:modules/database/DatabaseManager.js
FN:8,(anonymous_0)
FN:18,(anonymous_1)
FN:19,(anonymous_2)
FN:20,(anonymous_3)
FN:32,(anonymous_4)
FN:193,(anonymous_5)
FN:205,(anonymous_6)
FN:217,(anonymous_7)
FN:218,(anonymous_8)
FN:219,(anonymous_9)
FN:229,(anonymous_10)
FN:230,(anonymous_11)
FN:231,(anonymous_12)
FN:242,(anonymous_13)
FN:263,(anonymous_14)
FN:270,(anonymous_15)
FN:276,(anonymous_16)
FN:299,(anonymous_17)
FN:306,(anonymous_18)
FN:312,(anonymous_19)
FN:410,(anonymous_20)
FN:428,(anonymous_21)
FN:446,(anonymous_22)
FN:454,(anonymous_23)
FN:467,(anonymous_24)
FN:480,(anonymous_25)
FN:498,(anonymous_26)
FN:511,(anonymous_27)
FN:525,(anonymous_28)
FN:527,(anonymous_29)
FN:531,(anonymous_30)
FN:532,(anonymous_31)
FN:533,(anonymous_32)
FN:534,(anonymous_33)
FN:543,(anonymous_34)
FN:552,(anonymous_35)
FN:561,(anonymous_36)
FN:582,(anonymous_37)
FN:594,(anonymous_38)
FN:604,(anonymous_39)
FN:618,(anonymous_40)
FN:642,(anonymous_41)
FN:654,(anonymous_42)
FN:658,(anonymous_43)
FN:667,(anonymous_44)
FN:675,(anonymous_45)
FN:696,(anonymous_46)
FNF:47
FNH:1
FNDA:1,(anonymous_0)
FNDA:0,(anonymous_1)
FNDA:0,(anonymous_2)
FNDA:0,(anonymous_3)
FNDA:0,(anonymous_4)
FNDA:0,(anonymous_5)
FNDA:0,(anonymous_6)
FNDA:0,(anonymous_7)
FNDA:0,(anonymous_8)
FNDA:0,(anonymous_9)
FNDA:0,(anonymous_10)
FNDA:0,(anonymous_11)
FNDA:0,(anonymous_12)
FNDA:0,(anonymous_13)
FNDA:0,(anonymous_14)
FNDA:0,(anonymous_15)
FNDA:0,(anonymous_16)
FNDA:0,(anonymous_17)
FNDA:0,(anonymous_18)
FNDA:0,(anonymous_19)
FNDA:0,(anonymous_20)
FNDA:0,(anonymous_21)
FNDA:0,(anonymous_22)
FNDA:0,(anonymous_23)
FNDA:0,(anonymous_24)
FNDA:0,(anonymous_25)
FNDA:0,(anonymous_26)
FNDA:0,(anonymous_27)
FNDA:0,(anonymous_28)
FNDA:0,(anonymous_29)
FNDA:0,(anonymous_30)
FNDA:0,(anonymous_31)
FNDA:0,(anonymous_32)
FNDA:0,(anonymous_33)
FNDA:0,(anonymous_34)
FNDA:0,(anonymous_35)
FNDA:0,(anonymous_36)
FNDA:0,(anonymous_37)
FNDA:0,(anonymous_38)
FNDA:0,(anonymous_39)
FNDA:0,(anonymous_40)
FNDA:0,(anonymous_41)
FNDA:0,(anonymous_42)
FNDA:0,(anonymous_43)
FNDA:0,(anonymous_44)
FNDA:0,(anonymous_45)
FNDA:0,(anonymous_46)
DA:4,1
DA:5,1
DA:9,1
DA:11,1
DA:12,0
DA:14,1
DA:19,0
DA:20,0
DA:21,0
DA:22,0
DA:23,0
DA:25,0
DA:26,0
DA:33,0
DA:185,0
DA:186,0
DA:189,0
DA:190,0
DA:194,0
DA:195,0
DA:197,0
DA:198,0
DA:206,0
DA:208,0
DA:209,0
DA:210,0
DA:218,0
DA:219,0
DA:220,0
DA:221,0
DA:223,0
DA:230,0
DA:231,0
DA:232,0
DA:233,0
DA:235,0
DA:243,0
DA:249,0
DA:259,0
DA:264,0
DA:265,0
DA:266,0
DA:271,0
DA:272,0
DA:277,0
DA:284,0
DA:295,0
DA:300,0
DA:301,0
DA:302,0
DA:307,0
DA:308,0
DA:314,0
DA:316,0
DA:318,0
DA:329,0
DA:365,0
DA:368,0
DA:377,0
DA:405,0
DA:411,0
DA:416,0
DA:424,0
DA:429,0
DA:434,0
DA:442,0
DA:447,0
DA:448,0
DA:450,0
DA:455,0
DA:462,0
DA:463,0
DA:468,0
DA:475,0
DA:476,0
DA:481,0
DA:493,0
DA:494,0
DA:499,0
DA:500,0
DA:501,0
DA:503,0
DA:504,0
DA:506,0
DA:512,0
DA:513,0
DA:514,0
DA:515,0
DA:517,0
DA:520,0
DA:526,0
DA:527,0
DA:532,0
DA:533,0
DA:534,0
DA:535,0
DA:536,0
DA:543,0
DA:544,0
DA:545,0
DA:552,0
DA:553,0
DA:554,0
DA:561,0
DA:562,0
DA:578,0
DA:583,0
DA:584,0
DA:588,0
DA:590,0
DA:595,0
DA:596,0
DA:597,0
DA:599,0
DA:605,0
DA:606,0
DA:611,0
DA:613,0
DA:619,0
DA:620,0
DA:624,0
DA:626,0
DA:627,0
DA:628,0
DA:631,0
DA:632,0
DA:634,0
DA:636,0
DA:637,0
DA:643,0
DA:644,0
DA:648,0
DA:650,0
DA:655,0
DA:656,0
DA:657,0
DA:658,0
DA:659,0
DA:661,0
DA:663,0
DA:668,0
DA:669,0
DA:676,0
DA:677,0
DA:686,0
DA:688,0
DA:689,0
DA:697,0
DA:698,0
DA:703,0
DA:711,0
DA:716,1
LF:152
LH:6
BRDA:11,0,0,0
BRDA:11,0,1,1
BRDA:21,1,0,0
BRDA:21,1,1,0
BRDA:197,2,0,0
BRDA:197,2,1,0
BRDA:217,3,0,0
BRDA:220,4,0,0
BRDA:220,4,1,0
BRDA:229,5,0,0
BRDA:232,6,0,0
BRDA:232,6,1,0
BRDA:266,7,0,0
BRDA:266,7,1,0
BRDA:302,8,0,0
BRDA:302,8,1,0
BRDA:316,9,0,0
BRDA:316,9,1,0
BRDA:332,10,0,0
BRDA:332,10,1,0
BRDA:340,11,0,0
BRDA:340,11,1,0
BRDA:342,12,0,0
BRDA:342,12,1,0
BRDA:355,13,0,0
BRDA:355,13,1,0
BRDA:358,14,0,0
BRDA:358,14,1,0
BRDA:402,15,0,0
BRDA:402,15,1,0
BRDA:418,16,0,0
BRDA:418,16,1,0
BRDA:420,17,0,0
BRDA:420,17,1,0
BRDA:421,18,0,0
BRDA:421,18,1,0
BRDA:436,19,0,0
BRDA:436,19,1,0
BRDA:438,20,0,0
BRDA:438,20,1,0
BRDA:439,21,0,0
BRDA:439,21,1,0
BRDA:446,22,0,0
BRDA:447,23,0,0
BRDA:447,23,1,0
BRDA:454,24,0,0
BRDA:454,25,0,0
BRDA:457,26,0,0
BRDA:457,26,1,0
BRDA:462,27,0,0
BRDA:462,27,1,0
BRDA:476,28,0,0
BRDA:476,28,1,0
BRDA:480,29,0,0
BRDA:480,30,0,0
BRDA:484,31,0,0
BRDA:484,31,1,0
BRDA:488,32,0,0
BRDA:488,32,1,0
BRDA:493,33,0,0
BRDA:493,33,1,0
BRDA:503,34,0,0
BRDA:503,34,1,0
BRDA:514,35,0,0
BRDA:514,35,1,0
BRDA:535,36,0,0
BRDA:535,36,1,0
BRDA:544,37,0,0
BRDA:544,37,1,0
BRDA:553,38,0,0
BRDA:553,38,1,0
BRDA:566,39,0,0
BRDA:566,39,1,0
BRDA:594,40,0,0
BRDA:597,41,0,0
BRDA:597,41,1,0
BRDA:604,42,0,0
BRDA:618,43,0,0
BRDA:618,44,0,0
BRDA:626,45,0,0
BRDA:626,45,1,0
BRDA:668,46,0,0
BRDA:668,46,1,0
BRDA:675,47,0,0
BRDA:696,48,0,0
BRDA:708,49,0,0
BRDA:708,49,1,0
BRF:87
BRH:1
end_of_record
TN:
SF:modules/database/DatabaseOptimization.js
FN:7,(anonymous_0)
FN:14,(anonymous_1)
FN:36,(anonymous_2)
FN:72,(anonymous_3)
FN:121,(anonymous_4)
FN:146,(anonymous_5)
FN:169,(anonymous_6)
FN:190,(anonymous_7)
FNF:8
FNH:0
FNDA:0,(anonymous_0)
FNDA:0,(anonymous_1)
FNDA:0,(anonymous_2)
FNDA:0,(anonymous_3)
FNDA:0,(anonymous_4)
FNDA:0,(anonymous_5)
FNDA:0,(anonymous_6)
FNDA:0,(anonymous_7)
DA:4,0
DA:8,0
DA:15,0
DA:29,0
DA:30,0
DA:37,0
DA:65,0
DA:66,0
DA:74,0
DA:85,0
DA:86,0
DA:87,0
DA:90,0
DA:91,0
DA:97,0
DA:105,0
DA:106,0
DA:107,0
DA:109,0
DA:110,0
DA:115,0
DA:122,0
DA:132,0
DA:133,0
DA:134,0
DA:136,0
DA:140,0
DA:148,0
DA:153,0
DA:156,0
DA:161,0
DA:163,0
DA:170,0
DA:171,0
DA:173,0
DA:174,0
DA:175,0
DA:176,0
DA:177,0
DA:179,0
DA:180,0
DA:182,0
DA:183,0
DA:191,0
DA:192,0
DA:195,0
DA:197,0
DA:199,0
DA:207,0
DA:210,0
DA:214,0
DA:216,0
DA:218,0
DA:219,0
DA:224,0
LF:55
LH:0
BRDA:7,0,0,0
BRDA:90,1,0,0
BRDA:90,1,1,0
BRDA:109,2,0,0
BRDA:109,2,1,0
BRDA:191,3,0,0
BRDA:191,3,1,0
BRF:7
BRH:0
end_of_record
TN:
SF:modules/database/DatabaseSchemaUpdater.js
FN:5,(anonymous_0)
FN:12,(anonymous_1)
FN:50,(anonymous_2)
FN:73,(anonymous_3)
FN:93,(anonymous_4)
FN:114,(anonymous_5)
FN:137,(anonymous_6)
FN:153,(anonymous_7)
FN:183,(anonymous_8)
FN:202,(anonymous_9)
FN:213,(anonymous_10)
FN:249,(anonymous_11)
FN:254,(anonymous_12)
FN:268,(anonymous_13)
FN:276,(anonymous_14)
FN:289,(anonymous_15)
FN:301,(anonymous_16)
FN:311,(anonymous_17)
FN:343,(anonymous_18)
FN:355,(anonymous_19)
FN:378,(anonymous_20)
FN:392,(anonymous_21)
FN:417,(anonymous_22)
FN:447,(anonymous_23)
FN:487,(anonymous_24)
FN:508,(anonymous_25)
FN:530,(anonymous_26)
FNF:27
FNH:0
FNDA:0,(anonymous_0)
FNDA:0,(anonymous_1)
FNDA:0,(anonymous_2)
FNDA:0,(anonymous_3)
FNDA:0,(anonymous_4)
FNDA:0,(anonymous_5)
FNDA:0,(anonymous_6)
FNDA:0,(anonymous_7)
FNDA:0,(anonymous_8)
FNDA:0,(anonymous_9)
FNDA:0,(anonymous_10)
FNDA:0,(anonymous_11)
FNDA:0,(anonymous_12)
FNDA:0,(anonymous_13)
FNDA:0,(anonymous_14)
FNDA:0,(anonymous_15)
FNDA:0,(anonymous_16)
FNDA:0,(anonymous_17)
FNDA:0,(anonymous_18)
FNDA:0,(anonymous_19)
FNDA:0,(anonymous_20)
FNDA:0,(anonymous_21)
FNDA:0,(anonymous_22)
FNDA:0,(anonymous_23)
FNDA:0,(anonymous_24)
FNDA:0,(anonymous_25)
FNDA:0,(anonymous_26)
DA:6,0
DA:13,0
DA:15,0
DA:17,0
DA:20,0
DA:23,0
DA:26,0
DA:29,0
DA:32,0
DA:35,0
DA:38,0
DA:40,0
DA:42,0
DA:43,0
DA:51,0
DA:66,0
DA:67,0
DA:74,0
DA:86,0
DA:87,0
DA:94,0
DA:107,0
DA:108,0
DA:115,0
DA:130,0
DA:131,0
DA:139,0
DA:142,0
DA:145,0
DA:147,0
DA:154,0
DA:169,0
DA:170,0
DA:171,0
DA:173,0
DA:177,0
DA:184,0
DA:190,0
DA:191,0
DA:192,0
DA:194,0
DA:204,0
DA:207,0
DA:214,0
DA:237,0
DA:238,0
DA:239,0
DA:241,0
DA:251,0
DA:252,0
DA:254,0
DA:256,0
DA:257,0
DA:258,0
DA:259,0
DA:261,0
DA:270,0
DA:277,0
DA:278,0
DA:279,0
DA:281,0
DA:282,0
DA:290,0
DA:291,0
DA:292,0
DA:294,0
DA:302,0
DA:303,0
DA:305,0
DA:312,0
DA:314,0
DA:316,0
DA:317,0
DA:318,0
DA:322,0
DA:325,0
DA:328,0
DA:331,0
DA:333,0
DA:335,0
DA:336,0
DA:344,0
DA:349,0
DA:356,0
DA:358,0
DA:360,0
DA:363,0
DA:366,0
DA:368,0
DA:370,0
DA:371,0
DA:380,0
DA:386,0
DA:394,0
DA:401,0
DA:402,0
DA:408,0
DA:411,0
DA:419,0
DA:421,0
DA:423,0
DA:426,0
DA:441,0
DA:449,0
DA:458,0
DA:466,0
DA:467,0
DA:469,0
DA:472,0
DA:475,0
DA:488,0
DA:501,0
DA:502,0
DA:509,0
DA:523,0
DA:524,0
DA:531,0
DA:544,0
DA:545,0
DA:549,0
LF:120
LH:0
BRDA:256,0,0,0
BRDA:256,0,1,0
BRDA:279,1,0,0
BRDA:279,1,1,0
BRDA:316,2,0,0
BRDA:316,2,1,0
BRDA:466,3,0,0
BRDA:466,3,1,0
BRDA:467,4,0,0
BRDA:467,4,1,0
BRDA:469,5,0,0
BRDA:469,5,1,0
BRDA:472,6,0,0
BRDA:472,6,1,0
BRDA:479,7,0,0
BRDA:479,7,1,0
BRF:16
BRH:0
end_of_record
TN:
SF:modules/database/SafeDatabaseManager.js
FN:8,(anonymous_0)
FN:19,(anonymous_1)
FN:46,(anonymous_2)
FN:51,(anonymous_3)
FN:60,(anonymous_4)
FN:77,(anonymous_5)
FN:90,(anonymous_6)
FN:117,(anonymous_7)
FN:131,(anonymous_8)
FN:142,(anonymous_9)
FN:147,(anonymous_10)
FN:148,(anonymous_11)
FNF:12
FNH:0
FNDA:0,(anonymous_0)
FNDA:0,(anonymous_1)
FNDA:0,(anonymous_2)
FNDA:0,(anonymous_3)
FNDA:0,(anonymous_4)
FNDA:0,(anonymous_5)
FNDA:0,(anonymous_6)
FNDA:0,(anonymous_7)
FNDA:0,(anonymous_8)
FNDA:0,(anonymous_9)
FNDA:0,(anonymous_10)
FNDA:0,(anonymous_11)
DA:1,0
DA:9,0
DA:10,0
DA:11,0
DA:12,0
DA:13,0
DA:20,0
DA:21,0
DA:22,0
DA:25,0
DA:26,0
DA:27,0
DA:28,0
DA:29,0
DA:31,0
DA:34,0
DA:37,0
DA:38,0
DA:39,0
DA:47,0
DA:48,0
DA:51,0
DA:52,0
DA:53,0
DA:61,0
DA:62,0
DA:65,0
DA:66,0
DA:67,0
DA:69,0
DA:70,0
DA:78,0
DA:80,0
DA:82,0
DA:83,0
DA:91,0
DA:93,0
DA:94,0
DA:95,0
DA:98,0
DA:99,0
DA:100,0
DA:102,0
DA:103,0
DA:104,0
DA:107,0
DA:110,0
DA:118,0
DA:119,0
DA:120,0
DA:122,0
DA:123,0
DA:124,0
DA:132,0
DA:143,0
DA:144,0
DA:147,0
DA:148,0
DA:149,0
DA:150,0
DA:153,0
DA:157,0
LF:62
LH:0
BRDA:20,0,0,0
BRDA:20,0,1,0
BRDA:47,1,0,0
BRDA:47,1,1,0
BRDA:60,2,0,0
BRDA:61,3,0,0
BRDA:61,3,1,0
BRDA:61,4,0,0
BRDA:61,4,1,0
BRDA:78,5,0,0
BRDA:78,5,1,0
BRDA:82,6,0,0
BRDA:82,6,1,0
BRDA:91,7,0,0
BRDA:91,7,1,0
BRDA:94,8,0,0
BRDA:94,8,1,0
BRDA:102,9,0,0
BRDA:102,9,1,0
BRDA:122,10,0,0
BRDA:122,10,1,0
BRDA:147,11,0,0
BRDA:147,11,1,0
BRF:23
BRH:0
end_of_record
TN:
SF:modules/database/SimulationManager.js
FN:8,(anonymous_0)
FN:15,(anonymous_1)
FN:20,(anonymous_2)
FN:25,(anonymous_3)
FN:50,(anonymous_4)
FN:61,(anonymous_5)
FN:120,(anonymous_6)
FN:128,(anonymous_7)
FN:150,(anonymous_8)
FN:168,(anonymous_9)
FN:177,(anonymous_10)
FN:210,(anonymous_11)
FN:277,(anonymous_12)
FN:288,(anonymous_13)
FN:306,(anonymous_14)
FN:331,(anonymous_15)
FN:352,(anonymous_16)
FN:397,(anonymous_17)
FN:412,(anonymous_18)
FN:433,(anonymous_19)
FN:470,(anonymous_20)
FN:487,(anonymous_21)
FN:504,(anonymous_22)
FN:520,(anonymous_23)
FN:535,(anonymous_24)
FN:561,(anonymous_25)
FN:570,(anonymous_26)
FN:590,(anonymous_27)
FN:627,(anonymous_28)
FN:704,(anonymous_29)
FN:757,(anonymous_30)
FN:758,(anonymous_31)
FN:891,(anonymous_32)
FN:898,(anonymous_33)
FN:904,(anonymous_34)
FN:919,(anonymous_35)
FNF:36
FNH:2
FNDA:14,(anonymous_0)
FNDA:0,(anonymous_1)
FNDA:0,(anonymous_2)
FNDA:0,(anonymous_3)
FNDA:0,(anonymous_4)
FNDA:0,(anonymous_5)
FNDA:0,(anonymous_6)
FNDA:0,(anonymous_7)
FNDA:0,(anonymous_8)
FNDA:0,(anonymous_9)
FNDA:0,(anonymous_10)
FNDA:2,(anonymous_11)
FNDA:0,(anonymous_12)
FNDA:0,(anonymous_13)
FNDA:0,(anonymous_14)
FNDA:0,(anonymous_15)
FNDA:0,(anonymous_16)
FNDA:0,(anonymous_17)
FNDA:0,(anonymous_18)
FNDA:0,(anonymous_19)
FNDA:0,(anonymous_20)
FNDA:0,(anonymous_21)
FNDA:0,(anonymous_22)
FNDA:0,(anonymous_23)
FNDA:0,(anonymous_24)
FNDA:0,(anonymous_25)
FNDA:0,(anonymous_26)
FNDA:0,(anonymous_27)
FNDA:0,(anonymous_28)
FNDA:0,(anonymous_29)
FNDA:0,(anonymous_30)
FNDA:0,(anonymous_31)
FNDA:0,(anonymous_32)
FNDA:0,(anonymous_33)
FNDA:0,(anonymous_34)
FNDA:0,(anonymous_35)
DA:4,1
DA:5,1
DA:9,14
DA:11,14
DA:12,14
DA:16,0
DA:17,0
DA:20,0
DA:21,0
DA:26,0
DA:27,0
DA:32,0
DA:33,0
DA:34,0
DA:35,0
DA:36,0
DA:37,0
DA:46,0
DA:51,0
DA:52,0
DA:53,0
DA:55,0
DA:56,0
DA:62,0
DA:63,0
DA:68,0
DA:69,0
DA:70,0
DA:73,0
DA:76,0
DA:77,0
DA:78,0
DA:79,0
DA:80,0
DA:82,0
DA:86,0
DA:89,0
DA:92,0
DA:100,0
DA:102,0
DA:105,0
DA:120,0
DA:121,0
DA:124,0
DA:129,0
DA:132,0
DA:134,0
DA:135,0
DA:137,0
DA:140,0
DA:143,0
DA:144,0
DA:151,0
DA:152,0
DA:153,0
DA:155,0
DA:156,0
DA:157,0
DA:159,0
DA:160,0
DA:161,0
DA:162,0
DA:164,0
DA:169,0
DA:178,0
DA:179,0
DA:191,0
DA:192,0
DA:193,0
DA:195,0
DA:206,0
DA:211,2
DA:213,2
DA:214,2
DA:215,2
DA:216,0
DA:217,0
DA:221,2
DA:228,2
DA:229,0
DA:230,0
DA:231,0
DA:235,2
DA:236,2
DA:239,2
DA:240,2
DA:241,0
DA:243,0
DA:244,0
DA:245,0
DA:249,2
DA:250,2
DA:251,2
DA:253,2
DA:259,2
DA:262,2
DA:277,2
DA:278,0
DA:281,2
DA:283,0
DA:284,0
DA:289,0
DA:290,0
DA:291,0
DA:301,0
DA:302,0
DA:307,0
DA:308,0
DA:310,0
DA:316,0
DA:323,0
DA:324,0
DA:332,0
DA:334,0
DA:336,0
DA:337,0
DA:338,0
DA:339,0
DA:340,0
DA:342,0
DA:343,0
DA:344,0
DA:345,0
DA:348,0
DA:353,0
DA:354,0
DA:357,0
DA:360,0
DA:363,0
DA:370,0
DA:382,0
DA:383,0
DA:398,0
DA:399,0
DA:404,0
DA:406,0
DA:407,0
DA:413,0
DA:414,0
DA:428,0
DA:433,0
DA:434,0
DA:436,0
DA:437,0
DA:446,0
DA:447,0
DA:459,0
DA:461,0
DA:462,0
DA:471,0
DA:472,0
DA:487,0
DA:498,0
DA:499,0
DA:505,0
DA:506,0
DA:520,0
DA:530,0
DA:531,0
DA:536,0
DA:538,0
DA:548,0
DA:558,0
DA:561,0
DA:562,0
DA:570,0
DA:571,0
DA:572,0
DA:574,0
DA:582,0
DA:584,0
DA:585,0
DA:591,0
DA:593,0
DA:599,0
DA:601,0
DA:610,0
DA:613,0
DA:614,0
DA:616,0
DA:619,0
DA:621,0
DA:622,0
DA:628,0
DA:630,0
DA:636,0
DA:638,0
DA:640,0
DA:642,0
DA:643,0
DA:644,0
DA:647,0
DA:648,0
DA:660,0
DA:673,0
DA:676,0
DA:677,0
DA:685,0
DA:686,0
DA:690,0
DA:692,0
DA:693,0
DA:705,0
DA:706,0
DA:707,0
DA:708,0
DA:709,0
DA:712,0
DA:713,0
DA:714,0
DA:715,0
DA:718,0
DA:719,0
DA:720,0
DA:721,0
DA:722,0
DA:723,0
DA:724,0
DA:725,0
DA:726,0
DA:727,0
DA:729,0
DA:730,0
DA:731,0
DA:735,0
DA:738,0
DA:741,0
DA:742,0
DA:743,0
DA:747,0
DA:748,0
DA:749,0
DA:753,0
DA:754,0
DA:755,0
DA:756,0
DA:757,0
DA:758,0
DA:764,0
DA:766,0
DA:770,0
DA:772,0
DA:776,0
DA:790,0
DA:792,0
DA:799,0
DA:803,0
DA:804,0
DA:805,0
DA:808,0
DA:809,0
DA:811,0
DA:812,0
DA:817,0
DA:819,0
DA:827,0
DA:828,0
DA:831,0
DA:832,0
DA:837,0
DA:838,0
DA:839,0
DA:840,0
DA:843,0
DA:844,0
DA:849,0
DA:850,0
DA:851,0
DA:853,0
DA:854,0
DA:856,0
DA:857,0
DA:860,0
DA:863,0
DA:865,0
DA:869,0
DA:871,0
DA:875,0
DA:877,0
DA:882,0
DA:883,0
DA:887,0
DA:893,0
DA:894,0
DA:900,0
DA:901,0
DA:905,0
DA:906,0
DA:907,0
DA:909,0
DA:910,0
DA:911,0
DA:913,0
DA:915,0
DA:920,0
DA:921,0
DA:925,0
DA:926,0
DA:929,0
DA:934,1
LF:300
LH:24
BRDA:16,0,0,0
BRDA:16,0,1,0
BRDA:34,1,0,0
BRDA:34,1,1,0
BRDA:36,2,0,0
BRDA:36,2,1,0
BRDA:68,3,0,0
BRDA:68,3,1,0
BRDA:77,4,0,0
BRDA:77,4,1,0
BRDA:79,5,0,0
BRDA:79,5,1,0
BRDA:132,6,0,0
BRDA:132,6,1,0
BRDA:135,7,0,0
BRDA:135,7,1,0
BRDA:159,8,0,0
BRDA:159,8,1,0
BRDA:161,9,0,0
BRDA:161,9,1,0
BRDA:191,10,0,0
BRDA:191,10,1,0
BRDA:193,11,0,0
BRDA:193,11,1,0
BRDA:210,12,0,0
BRDA:210,13,0,0
BRDA:210,14,0,0
BRDA:210,15,0,0
BRDA:210,16,0,2
BRDA:210,17,0,2
BRDA:210,18,0,2
BRDA:210,19,0,2
BRDA:214,20,0,2
BRDA:214,20,1,0
BRDA:214,21,0,2
BRDA:214,21,1,0
BRDA:216,22,0,0
BRDA:216,22,1,0
BRDA:216,23,0,0
BRDA:216,23,1,0
BRDA:228,24,0,0
BRDA:228,24,1,2
BRDA:240,25,0,0
BRDA:240,25,1,2
BRDA:291,26,0,0
BRDA:291,26,1,0
BRDA:306,27,0,0
BRDA:308,28,0,0
BRDA:308,28,1,0
BRDA:334,29,0,0
BRDA:334,29,1,0
BRDA:336,30,0,0
BRDA:336,30,1,0
BRDA:337,31,0,0
BRDA:337,31,1,0
BRDA:338,32,0,0
BRDA:338,32,1,0
BRDA:339,33,0,0
BRDA:339,33,1,0
BRDA:340,34,0,0
BRDA:340,34,1,0
BRDA:342,35,0,0
BRDA:342,35,1,0
BRDA:343,36,0,0
BRDA:343,36,1,0
BRDA:344,37,0,0
BRDA:344,37,1,0
BRDA:345,38,0,0
BRDA:345,38,1,0
BRDA:352,39,0,0
BRDA:352,40,0,0
BRDA:397,41,0,0
BRDA:434,42,0,0
BRDA:434,42,1,0
BRDA:436,43,0,0
BRDA:436,43,1,0
BRDA:446,44,0,0
BRDA:446,44,1,0
BRDA:492,45,0,0
BRDA:492,45,1,0
BRDA:493,46,0,0
BRDA:493,46,1,0
BRDA:494,47,0,0
BRDA:494,47,1,0
BRDA:495,48,0,0
BRDA:495,48,1,0
BRDA:525,49,0,0
BRDA:525,49,1,0
BRDA:571,50,0,0
BRDA:571,50,1,0
BRDA:613,51,0,0
BRDA:613,51,1,0
BRDA:627,52,0,0
BRDA:627,53,0,0
BRDA:642,54,0,0
BRDA:642,54,1,0
BRDA:647,55,0,0
BRDA:647,55,1,0
BRDA:676,56,0,0
BRDA:676,56,1,0
BRDA:686,57,0,0
BRDA:686,57,1,0
BRDA:704,58,0,0
BRDA:705,59,0,0
BRDA:705,59,1,0
BRDA:720,60,0,0
BRDA:720,60,1,0
BRDA:729,61,0,0
BRDA:729,61,1,0
BRDA:730,62,0,0
BRDA:730,62,1,0
BRDA:731,63,0,0
BRDA:731,63,1,0
BRDA:732,64,0,0
BRDA:732,64,1,0
BRDA:735,65,0,0
BRDA:735,65,1,0
BRDA:735,65,2,0
BRDA:738,66,0,0
BRDA:738,66,1,0
BRDA:741,67,0,0
BRDA:741,67,1,0
BRDA:742,68,0,0
BRDA:742,68,1,0
BRDA:743,69,0,0
BRDA:743,69,1,0
BRDA:747,70,0,0
BRDA:747,70,1,0
BRDA:748,71,0,0
BRDA:748,71,1,0
BRDA:749,72,0,0
BRDA:749,72,1,0
BRDA:753,73,0,0
BRDA:753,73,1,0
BRDA:753,74,0,0
BRDA:753,74,1,0
BRDA:755,75,0,0
BRDA:755,75,1,0
BRDA:764,76,0,0
BRDA:764,76,1,0
BRDA:764,77,0,0
BRDA:764,77,1,0
BRDA:764,77,2,0
BRDA:764,77,3,0
BRDA:770,78,0,0
BRDA:770,78,1,0
BRDA:770,79,0,0
BRDA:770,79,1,0
BRDA:770,79,2,0
BRDA:770,79,3,0
BRDA:796,80,0,0
BRDA:796,80,1,0
BRDA:799,81,0,0
BRDA:799,81,1,0
BRDA:799,82,0,0
BRDA:799,82,1,0
BRDA:803,83,0,0
BRDA:803,83,1,0
BRDA:803,84,0,0
BRDA:803,84,1,0
BRDA:805,85,0,0
BRDA:805,85,1,0
BRDA:805,86,0,0
BRDA:805,86,1,0
BRDA:808,87,0,0
BRDA:808,87,1,0
BRDA:808,88,0,0
BRDA:808,88,1,0
BRDA:811,89,0,0
BRDA:811,89,1,0
BRDA:811,90,0,0
BRDA:811,90,1,0
BRDA:817,91,0,0
BRDA:817,91,1,0
BRDA:820,92,0,0
BRDA:820,92,1,0
BRDA:821,93,0,0
BRDA:821,93,1,0
BRDA:822,94,0,0
BRDA:822,94,1,0
BRDA:823,95,0,0
BRDA:823,95,1,0
BRDA:827,96,0,0
BRDA:827,96,1,0
BRDA:831,97,0,0
BRDA:831,97,1,0
BRDA:837,98,0,0
BRDA:837,98,1,0
BRDA:843,99,0,0
BRDA:843,99,1,0
BRDA:849,100,0,0
BRDA:849,100,1,0
BRDA:849,101,0,0
BRDA:849,101,1,0
BRDA:853,102,0,0
BRDA:853,102,1,0
BRDA:853,103,0,0
BRDA:853,103,1,0
BRDA:856,104,0,0
BRDA:856,104,1,0
BRDA:856,105,0,0
BRDA:856,105,1,0
BRDA:860,106,0,0
BRDA:860,106,1,0
BRDA:863,107,0,0
BRDA:863,107,1,0
BRDA:863,108,0,0
BRDA:863,108,1,0
BRDA:863,108,2,0
BRDA:863,108,3,0
BRDA:863,108,4,0
BRDA:863,108,5,0
BRDA:869,109,0,0
BRDA:869,109,1,0
BRDA:869,110,0,0
BRDA:869,110,1,0
BRDA:869,110,2,0
BRDA:869,110,3,0
BRDA:869,111,0,0
BRDA:869,111,1,0
BRDA:870,112,0,0
BRDA:870,112,1,0
BRDA:875,113,0,0
BRDA:875,113,1,0
BRDA:875,114,0,0
BRDA:875,114,1,0
BRDA:875,114,2,0
BRDA:875,114,3,0
BRDA:875,114,4,0
BRDA:875,114,5,0
BRDA:875,114,6,0
BRDA:875,114,7,0
BRDA:882,115,0,0
BRDA:882,115,1,0
BRDA:925,116,0,0
BRDA:925,116,1,0
BRF:236
BRH:8
end_of_record
TN:
SF:modules/database/StrategyV3Migration.js
FN:4,(anonymous_0)
FN:8,(anonymous_1)
FN:37,(anonymous_2)
FN:120,(anonymous_3)
FN:152,(anonymous_4)
FN:178,(anonymous_5)
FN:195,(anonymous_6)
FN:212,(anonymous_7)
FN:235,(anonymous_8)
FNF:9
FNH:0
FNDA:0,(anonymous_0)
FNDA:0,(anonymous_1)
FNDA:0,(anonymous_2)
FNDA:0,(anonymous_3)
FNDA:0,(anonymous_4)
FNDA:0,(anonymous_5)
FNDA:0,(anonymous_6)
FNDA:0,(anonymous_7)
FNDA:0,(anonymous_8)
DA:5,0
DA:9,0
DA:10,0
DA:13,0
DA:16,0
DA:19,0
DA:22,0
DA:25,0
DA:28,0
DA:30,0
DA:32,0
DA:33,0
DA:39,0
DA:108,0
DA:109,0
DA:110,0
DA:113,0
DA:114,0
DA:121,0
DA:149,0
DA:153,0
DA:175,0
DA:179,0
DA:192,0
DA:196,0
DA:209,0
DA:214,0
DA:224,0
DA:225,0
DA:226,0
DA:228,0
DA:229,0
DA:236,0
DA:237,0
DA:240,0
DA:241,0
DA:243,0
DA:245,0
DA:246,0
DA:251,0
LF:40
LH:0
BRDA:113,0,0,0
BRDA:113,0,1,0
BRDA:228,1,0,0
BRDA:228,1,1,0
BRF:4
BRH:0
end_of_record
TN:
SF:modules/middleware/CacheMiddleware.js
FN:7,(anonymous_0)
FN:14,(anonymous_1)
FN:21,(anonymous_2)
FN:22,(anonymous_3)
FN:38,(anonymous_4)
FN:42,(anonymous_5)
FN:60,(anonymous_6)
FN:61,(anonymous_7)
FN:76,(anonymous_8)
FN:79,(anonymous_9)
FN:96,(anonymous_10)
FN:111,(anonymous_11)
FN:112,(anonymous_12)
FN:122,(anonymous_13)
FN:123,(anonymous_14)
FN:134,(anonymous_15)
FNF:16
FNH:0
FNDA:0,(anonymous_0)
FNDA:0,(anonymous_1)
FNDA:0,(anonymous_2)
FNDA:0,(anonymous_3)
FNDA:0,(anonymous_4)
FNDA:0,(anonymous_5)
FNDA:0,(anonymous_6)
FNDA:0,(anonymous_7)
FNDA:0,(anonymous_8)
FNDA:0,(anonymous_9)
FNDA:0,(anonymous_10)
FNDA:0,(anonymous_11)
FNDA:0,(anonymous_12)
FNDA:0,(anonymous_13)
FNDA:0,(anonymous_14)
FNDA:0,(anonymous_15)
DA:4,0
DA:8,0
DA:15,0
DA:22,0
DA:23,0
DA:24,0
DA:26,0
DA:28,0
DA:29,0
DA:30,0
DA:31,0
DA:35,0
DA:38,0
DA:40,0
DA:41,0
DA:42,0
DA:46,0
DA:49,0
DA:51,0
DA:52,0
DA:61,0
DA:62,0
DA:63,0
DA:65,0
DA:67,0
DA:68,0
DA:69,0
DA:70,0
DA:73,0
DA:76,0
DA:77,0
DA:78,0
DA:79,0
DA:82,0
DA:85,0
DA:87,0
DA:88,0
DA:97,0
DA:98,0
DA:105,0
DA:112,0
DA:113,0
DA:116,0
DA:123,0
DA:124,0
DA:127,0
DA:128,0
DA:135,0
DA:139,0
LF:49
LH:0
BRDA:21,0,0,0
BRDA:29,1,0,0
BRDA:29,1,1,0
BRDA:40,2,0,0
BRDA:40,2,1,0
BRDA:60,3,0,0
BRDA:68,4,0,0
BRDA:68,4,1,0
BRDA:77,5,0,0
BRDA:77,5,1,0
BRDA:102,6,0,0
BRDA:102,6,1,0
BRF:12
BRH:0
end_of_record
TN:
SF:modules/middleware/MemoryMiddleware.js
FN:5,(anonymous_0)
FN:15,(anonymous_1)
FN:31,(anonymous_2)
FN:49,(anonymous_3)
FN:82,(anonymous_4)
FN:83,(anonymous_5)
FN:113,(anonymous_6)
FNF:7
FNH:0
FNDA:0,(anonymous_0)
FNDA:0,(anonymous_1)
FNDA:0,(anonymous_2)
FNDA:0,(anonymous_3)
FNDA:0,(anonymous_4)
FNDA:0,(anonymous_5)
FNDA:0,(anonymous_6)
DA:6,0
DA:7,0
DA:8,0
DA:9,0
DA:16,0
DA:17,0
DA:18,0
DA:19,0
DA:20,0
DA:21,0
DA:23,0
DA:24,0
DA:32,0
DA:33,0
DA:34,0
DA:41,0
DA:42,0
DA:50,0
DA:53,0
DA:54,0
DA:57,0
DA:59,0
DA:61,0
DA:62,0
DA:63,0
DA:73,0
DA:75,0
DA:83,0
DA:84,0
DA:85,0
DA:88,0
DA:89,0
DA:90,0
DA:97,0
DA:98,0
DA:99,0
DA:103,0
DA:104,0
DA:106,0
DA:114,0
DA:115,0
DA:117,0
DA:118,0
DA:119,0
DA:120,0
DA:121,0
DA:124,0
DA:137,0
LF:48
LH:0
BRDA:5,0,0,0
BRDA:6,1,0,0
BRDA:6,1,1,0
BRDA:7,2,0,0
[...]
DA:575,0
DA:578,0
DA:579,0
DA:580,0
DA:582,0
DA:585,0
DA:586,0
DA:600,0
DA:602,0
DA:604,0
DA:618,0
DA:619,0
DA:622,0
DA:630,0
DA:631,0
DA:632,0
DA:634,0
DA:635,0
DA:636,0
DA:637,0
DA:638,0
DA:641,0
DA:648,0
DA:649,0
DA:650,0
DA:651,0
DA:653,0
DA:660,0
DA:662,0
DA:663,0
DA:665,0
DA:666,0
DA:667,0
DA:668,0
DA:671,0
DA:678,0
DA:685,0
DA:692,0
DA:699,0
DA:706,1
DA:707,1
DA:710,1
DA:712,1
DA:713,1
DA:716,1
DA:719,0
DA:728,0
DA:729,0
DA:732,0
DA:735,0
DA:736,0
DA:737,0
DA:738,0
DA:741,0
DA:742,0
DA:743,0
DA:744,0
DA:745,0
DA:748,0
DA:751,0
DA:752,0
DA:753,0
DA:754,0
DA:755,0
DA:756,0
DA:757,0
DA:760,0
DA:762,0
DA:765,0
DA:768,0
DA:769,0
DA:770,0
DA:771,0
DA:772,0
DA:775,0
DA:778,0
DA:779,0
DA:781,0
DA:784,0
DA:785,0
DA:803,0
DA:819,0
DA:820,0
DA:823,0
DA:831,0
DA:833,0
DA:834,0
DA:836,0
DA:838,0
DA:839,0
DA:843,0
DA:850,0
DA:852,0
DA:853,0
DA:854,0
DA:856,0
DA:857,0
DA:860,0
DA:861,0
DA:862,0
DA:864,0
DA:868,1
LF:344
LH:29
BRDA:8,0,0,1
BRDA:21,1,0,0
BRDA:21,1,1,0
BRDA:26,2,0,0
BRDA:26,2,1,0
BRDA:32,3,0,0
BRDA:32,3,1,0
BRDA:43,4,0,0
BRDA:44,5,0,0
BRDA:44,5,1,1
BRDA:48,6,0,0
BRDA:48,6,1,1
BRDA:65,7,0,1
BRDA:65,7,1,0
BRDA:66,8,0,0
BRDA:66,8,1,1
BRDA:66,9,0,1
BRDA:66,9,1,1
BRDA:71,10,0,1
BRDA:71,10,1,0
BRDA:71,11,0,1
BRDA:71,11,1,1
BRDA:99,12,0,1
BRDA:100,13,0,0
BRDA:100,13,1,1
BRDA:113,14,0,0
BRDA:113,14,1,1
BRDA:123,15,0,0
BRDA:125,16,0,0
BRDA:125,16,1,0
BRDA:134,17,0,0
BRDA:139,18,0,0
BRDA:139,18,1,0
BRDA:152,19,0,0
BRDA:153,20,0,0
BRDA:153,20,1,0
BRDA:153,21,0,0
BRDA:153,21,1,0
BRDA:166,22,0,0
BRDA:166,22,1,0
BRDA:166,23,0,0
BRDA:166,23,1,0
BRDA:167,24,0,0
BRDA:167,24,1,0
BRDA:167,25,0,0
BRDA:167,25,1,0
BRDA:182,26,0,0
BRDA:182,26,1,0
BRDA:183,27,0,0
BRDA:183,27,1,0
BRDA:184,28,0,0
BRDA:184,28,1,0
BRDA:192,29,0,0
BRDA:192,29,1,0
BRDA:192,30,0,0
BRDA:192,30,1,0
BRDA:192,31,0,0
BRDA:192,31,1,0
BRDA:198,32,0,0
BRDA:198,33,0,0
BRDA:212,34,0,0
BRDA:212,34,1,0
BRDA:213,35,0,0
BRDA:213,35,1,0
BRDA:214,36,0,0
BRDA:214,36,1,0
BRDA:221,37,0,0
BRDA:221,38,0,0
BRDA:222,39,0,0
BRDA:222,39,1,0
BRDA:228,40,0,0
BRDA:228,40,1,0
BRDA:254,41,0,0
BRDA:254,41,1,0
BRDA:254,42,0,0
BRDA:254,42,1,0
BRDA:257,43,0,0
BRDA:257,43,1,0
BRDA:259,44,0,0
BRDA:259,44,1,0
BRDA:270,45,0,0
BRDA:270,45,1,0
BRDA:298,46,0,0
BRDA:298,46,1,0
BRDA:298,47,0,0
BRDA:298,47,1,0
BRDA:298,47,2,0
BRDA:303,48,0,0
BRDA:303,48,1,0
BRDA:313,49,0,0
BRDA:313,49,1,0
BRDA:326,50,0,0
BRDA:326,50,1,0
BRDA:327,51,0,0
BRDA:327,51,1,0
BRDA:328,52,0,0
BRDA:328,52,1,0
BRDA:331,53,0,0
BRDA:331,53,1,0
BRDA:332,54,0,0
BRDA:332,54,1,0
BRDA:333,55,0,0
BRDA:333,55,1,0
BRDA:336,56,0,0
BRDA:336,56,1,0
BRDA:339,57,0,0
BRDA:339,57,1,0
BRDA:344,58,0,0
BRDA:344,58,1,0
BRDA:375,59,0,0
BRDA:375,59,1,0
BRDA:377,60,0,0
BRDA:377,60,1,0
BRDA:377,60,2,0
BRDA:381,61,0,0
BRDA:381,61,1,0
BRDA:383,62,0,0
BRDA:383,62,1,0
BRDA:383,62,2,0
BRDA:389,63,0,0
BRDA:389,63,1,0
BRDA:394,64,0,0
BRDA:394,64,1,0
BRDA:394,65,0,0
BRDA:394,65,1,0
BRDA:394,65,2,0
BRDA:394,65,3,0
BRDA:394,65,4,0
BRDA:402,66,0,0
BRDA:402,66,1,0
BRDA:408,67,0,0
BRDA:408,67,1,0
BRDA:413,68,0,0
BRDA:413,68,1,0
BRDA:414,69,0,0
BRDA:414,69,1,0
BRDA:442,70,0,0
BRDA:442,70,1,0
BRDA:447,71,0,0
BRDA:447,71,1,0
BRDA:469,72,0,0
BRDA:476,73,0,0
BRDA:476,73,1,0
BRDA:476,74,0,0
BRDA:476,74,1,0
BRDA:478,75,0,0
BRDA:478,75,1,0
BRDA:509,76,0,0
BRDA:509,76,1,0
BRDA:511,77,0,0
BRDA:511,77,1,0
BRDA:512,78,0,0
BRDA:512,78,1,0
BRDA:520,79,0,0
BRDA:520,79,1,0
BRDA:520,80,0,0
BRDA:520,80,1,0
BRDA:538,81,0,0
BRDA:538,81,1,0
BRDA:538,82,0,0
BRDA:538,82,1,0
BRDA:553,83,0,0
BRDA:553,83,1,0
BRDA:585,84,0,0
BRDA:585,84,1,0
BRDA:600,85,0,0
BRDA:600,85,1,0
BRDA:648,86,0,0
BRDA:648,86,1,0
BRDA:650,87,0,0
BRDA:650,87,1,0
BRDA:660,88,0,0
BRDA:660,88,1,0
BRDA:665,89,0,0
BRDA:665,89,1,0
BRDA:666,90,0,0
BRDA:666,90,1,0
BRDA:667,91,0,0
BRDA:667,91,1,0
BRDA:668,92,0,0
BRDA:668,92,1,0
BRDA:678,93,0,0
BRDA:678,93,1,0
BRDA:678,94,0,0
BRDA:678,94,1,0
BRDA:685,95,0,0
BRDA:685,95,1,0
BRDA:685,96,0,0
BRDA:685,96,1,0
BRDA:692,97,0,0
BRDA:692,97,1,0
BRDA:692,98,0,0
BRDA:692,98,1,0
BRDA:699,99,0,0
BRDA:699,99,1,0
BRDA:699,100,0,0
BRDA:699,100,1,0
BRDA:705,101,0,0
BRDA:712,102,0,1
BRDA:712,102,1,0
BRDA:712,103,0,1
BRDA:712,103,1,0
BRDA:714,104,0,0
BRDA:714,104,1,1
BRDA:738,105,0,0
BRDA:738,105,1,0
BRDA:738,106,0,0
BRDA:738,106,1,0
BRDA:742,107,0,0
BRDA:742,107,1,0
BRDA:744,108,0,0
BRDA:744,108,1,0
BRDA:745,109,0,0
BRDA:745,109,1,0
BRDA:748,110,0,0
BRDA:748,110,1,0
BRDA:748,111,0,0
BRDA:748,111,1,0
BRDA:754,112,0,0
BRDA:754,112,1,0
BRDA:754,113,0,0
BRDA:754,113,1,0
BRDA:762,114,0,0
BRDA:762,114,1,0
BRDA:762,115,0,0
BRDA:762,115,1,0
BRDA:772,116,0,0
BRDA:772,116,1,0
BRDA:772,117,0,0
BRDA:772,117,1,0
BRDA:784,118,0,0
BRDA:784,118,1,0
BRDA:831,119,0,0
BRDA:831,119,1,0
BRDA:838,120,0,0
BRDA:838,120,1,0
BRDA:838,121,0,0
BRDA:838,121,1,0
BRDA:843,122,0,0
BRDA:843,122,1,0
BRDA:843,123,0,0
BRDA:843,123,1,0
BRDA:850,124,0,0
BRDA:850,124,1,0
BRDA:864,125,0,0
BRDA:864,125,1,0
BRDA:864,126,0,0
BRDA:864,126,1,0
BRF:248
BRH:16
end_of_record
TN:
SF:modules/strategy/StrategyV3Execution.js
FN:7,(anonymous_0)
FN:17,(anonymous_1)
FN:48,(anonymous_2)
FN:82,(anonymous_3)
FN:153,(anonymous_4)
FN:186,(anonymous_5)
FN:238,(anonymous_6)
FN:239,(anonymous_7)
FN:370,(anonymous_8)
FN:374,(anonymous_9)
FN:375,(anonymous_10)
FN:391,(anonymous_11)
FN:484,(anonymous_12)
FN:524,(anonymous_13)
FN:558,(anonymous_14)
FN:590,(anonymous_15)
FN:603,(anonymous_16)
FN:632,(anonymous_17)
FN:659,(anonymous_18)
FN:672,(anonymous_19)
FN:690,(anonymous_20)
FN:814,(anonymous_21)
FN:815,(anonymous_22)
FN:836,(anonymous_23)
FN:856,(anonymous_24)
FN:877,(anonymous_25)
FNF:26
FNH:2
FNDA:3,(anonymous_0)
FNDA:0,(anonymous_1)
FNDA:0,(anonymous_2)
FNDA:0,(anonymous_3)
FNDA:0,(anonymous_4)
FNDA:0,(anonymous_5)
FNDA:0,(anonymous_6)
FNDA:0,(anonymous_7)
FNDA:0,(anonymous_8)
FNDA:0,(anonymous_9)
FNDA:0,(anonymous_10)
FNDA:1,(anonymous_11)
FNDA:0,(anonymous_12)
FNDA:0,(anonymous_13)
FNDA:0,(anonymous_14)
FNDA:0,(anonymous_15)
FNDA:0,(anonymous_16)
FNDA:0,(anonymous_17)
FNDA:0,(anonymous_18)
FNDA:0,(anonymous_19)
FNDA:0,(anonymous_20)
FNDA:0,(anonymous_21)
FNDA:0,(anonymous_22)
FNDA:0,(anonymous_23)
FNDA:0,(anonymous_24)
FNDA:0,(anonymous_25)
DA:3,1
DA:4,1
DA:8,3
DA:9,3
DA:10,3
DA:11,3
DA:18,0
DA:19,0
DA:20,0
DA:23,0
DA:24,0
DA:27,0
DA:28,0
DA:29,0
DA:30,0
DA:33,0
DA:34,0
DA:37,0
DA:40,0
DA:42,0
DA:45,0
DA:48,0
DA:49,0
DA:51,0
DA:52,0
DA:54,0
DA:55,0
DA:57,0
DA:59,0
DA:74,0
DA:76,0
DA:79,0
DA:82,0
DA:83,0
DA:85,0
DA:87,0
DA:88,0
DA:90,0
DA:91,0
DA:93,0
DA:95,0
DA:110,0
DA:111,0
DA:113,0
DA:114,0
DA:115,0
DA:116,0
DA:117,0
DA:118,0
DA:120,0
DA:122,0
DA:123,0
DA:124,0
DA:125,0
DA:126,0
DA:127,0
DA:129,0
DA:132,0
DA:135,0
DA:145,0
DA:146,0
DA:154,0
DA:155,0
DA:157,0
DA:158,0
DA:165,0
DA:168,0
DA:169,0
DA:171,0
DA:172,0
DA:179,0
DA:182,0
DA:183,0
DA:186,0
DA:187,0
DA:188,0
DA:190,0
DA:192,0
DA:193,0
DA:200,0
DA:204,0
DA:205,0
DA:208,0
DA:209,0
DA:210,0
DA:211,0
DA:213,0
DA:214,0
DA:216,0
DA:217,0
DA:224,0
DA:229,0
DA:238,0
DA:239,0
DA:242,0
DA:243,0
DA:244,0
DA:246,0
DA:247,0
DA:251,0
DA:252,0
DA:253,0
DA:256,0
DA:257,0
DA:267,0
DA:268,0
DA:277,0
DA:278,0
DA:279,0
DA:280,0
DA:281,0
DA:282,0
DA:283,0
DA:288,0
DA:289,0
DA:290,0
DA:291,0
DA:292,0
DA:293,0
DA:294,0
DA:295,0
DA:300,0
DA:301,0
DA:313,0
DA:314,0
DA:317,0
DA:318,0
DA:337,0
DA:353,0
DA:355,0
DA:356,0
DA:363,0
DA:371,0
DA:373,0
DA:374,0
DA:375,0
DA:376,0
DA:378,0
DA:379,0
DA:381,0
DA:392,1
DA:393,1
DA:396,1
DA:397,0
DA:401,1
DA:402,1
DA:403,1
DA:404,1
DA:405,1
DA:407,0
DA:410,0
DA:413,1
DA:414,1
DA:415,1
DA:418,1
DA:420,1
DA:423,0
DA:427,1
DA:430,1
DA:431,0
DA:435,1
DA:436,1
DA:440,1
DA:441,1
DA:445,1
DA:446,0
DA:449,1
DA:458,1
DA:459,1
DA:462,0
DA:463,0
DA:466,0
DA:476,0
DA:477,0
DA:485,0
DA:487,0
DA:495,0
DA:502,0
DA:503,0
DA:505,0
DA:508,0
DA:515,0
DA:517,0
DA:525,0
DA:528,0
DA:529,0
DA:532,0
DA:533,0
DA:536,0
DA:537,0
DA:540,0
DA:541,0
DA:544,0
DA:546,0
DA:547,0
DA:549,0
DA:552,0
DA:559,0
DA:560,0
DA:568,0
DA:576,0
DA:577,0
DA:591,0
DA:592,0
DA:593,0
DA:595,0
DA:596,0
DA:604,0
DA:605,0
DA:606,0
DA:608,0
DA:609,0
DA:611,0
DA:612,0
DA:613,0
DA:614,0
DA:615,0
DA:618,0
DA:620,0
DA:621,0
DA:633,0
DA:635,0
DA:636,0
DA:637,0
DA:638,0
DA:643,0
DA:644,0
DA:646,0
DA:647,0
DA:649,0
DA:651,0
DA:652,0
DA:660,0
DA:661,0
DA:662,0
DA:664,0
DA:665,0
DA:673,0
DA:674,0
DA:675,0
DA:677,0
DA:678,0
DA:680,0
DA:682,0
DA:683,0
DA:708,0
DA:714,0
DA:716,0
DA:718,0
DA:719,0
DA:720,0
DA:723,0
DA:724,0
DA:726,0
DA:730,0
DA:732,0
DA:733,0
DA:735,0
DA:736,0
DA:740,0
DA:741,0
DA:743,0
DA:744,0
DA:748,0
DA:751,0
DA:753,0
DA:757,0
DA:759,0
DA:763,0
DA:765,0
DA:766,0
DA:767,0
DA:770,0
DA:771,0
DA:773,0
DA:774,0
DA:780,0
DA:781,0
DA:783,0
DA:788,0
DA:789,0
DA:791,0
DA:795,0
DA:797,0
DA:801,0
DA:802,0
DA:803,0
DA:805,0
DA:813,0
DA:814,0
DA:815,0
DA:818,0
DA:819,0
DA:825,0
DA:826,0
DA:830,0
DA:837,0
DA:838,0
DA:840,0
DA:841,0
DA:842,0
DA:844,0
DA:848,0
DA:857,0
DA:858,0
DA:859,0
DA:862,0
DA:863,0
DA:864,0
DA:865,0
DA:866,0
DA:868,0
DA:873,0
DA:877,0
DA:879,0
DA:880,0
DA:884,1
LF:317
LH:30
BRDA:7,0,0,0
BRDA:19,1,0,0
BRDA:19,1,1,0
BRDA:19,2,0,0
BRDA:19,2,1,0
BRDA:40,3,0,0
BRDA:40,3,1,0
BRDA:40,4,0,0
BRDA:40,4,1,0
BRDA:42,5,0,0
BRDA:42,5,1,0
BRDA:51,6,0,0
BRDA:51,6,1,0
BRDA:51,7,0,0
BRDA:51,7,1,0
BRDA:51,7,2,0
BRDA:60,8,0,0
BRDA:60,8,1,0
BRDA:68,9,0,0
BRDA:68,9,1,0
BRDA:74,10,0,0
BRDA:74,10,1,0
BRDA:74,11,0,0
BRDA:74,11,1,0
BRDA:76,12,0,0
BRDA:76,12,1,0
BRDA:87,13,0,0
BRDA:87,13,1,0
BRDA:87,14,0,0
BRDA:87,14,1,0
BRDA:87,14,2,0
BRDA:96,15,0,0
BRDA:96,15,1,0
BRDA:104,16,0,0
BRDA:104,16,1,0
BRDA:113,17,0,0
BRDA:113,17,1,0
BRDA:115,18,0,0
BRDA:115,18,1,0
BRDA:117,19,0,0
BRDA:117,19,1,0
BRDA:122,20,0,0
BRDA:122,20,1,0
BRDA:124,21,0,0
BRDA:124,21,1,0
BRDA:126,22,0,0
BRDA:126,22,1,0
BRDA:140,23,0,0
BRDA:140,23,1,0
BRDA:141,24,0,0
BRDA:141,24,1,0
BRDA:153,25,0,0
BRDA:155,26,0,0
BRDA:155,26,1,0
BRDA:155,27,0,0
BRDA:155,27,1,0
BRDA:157,28,0,0
BRDA:157,28,1,0
BRDA:169,29,0,0
BRDA:169,29,1,0
BRDA:171,30,0,0
BRDA:171,30,1,0
BRDA:190,31,0,0
BRDA:190,31,1,0
BRDA:192,32,0,0
BRDA:192,32,1,0
BRDA:208,33,0,0
BRDA:208,33,1,0
BRDA:208,34,0,0
BRDA:208,34,1,0
BRDA:208,34,2,0
BRDA:208,34,3,0
BRDA:213,35,0,0
BRDA:213,35,1,0
BRDA:213,36,0,0
BRDA:213,36,1,0
BRDA:213,36,2,0
BRDA:213,36,3,0
BRDA:216,37,0,0
BRDA:216,37,1,0
BRDA:239,38,0,0
BRDA:239,38,1,0
BRDA:244,39,0,0
BRDA:244,39,1,0
BRDA:246,40,0,0
BRDA:246,40,1,0
BRDA:267,41,0,0
BRDA:267,41,1,0
BRDA:267,42,0,0
BRDA:267,42,1,0
BRDA:267,42,2,0
BRDA:277,43,0,0
BRDA:277,43,1,0
BRDA:288,44,0,0
BRDA:288,44,1,0
BRDA:288,45,0,0
BRDA:288,45,1,0
BRDA:288,45,2,0
BRDA:289,46,0,0
BRDA:289,46,1,0
BRDA:300,47,0,0
BRDA:300,47,1,0
BRDA:307,48,0,0
BRDA:307,48,1,0
BRDA:308,49,0,0
BRDA:308,49,1,0
BRDA:313,50,0,0
BRDA:313,50,1,0
BRDA:317,51,0,0
BRDA:317,51,1,0
BRDA:355,52,0,0
BRDA:355,52,1,0
BRDA:370,53,0,0
BRDA:370,54,0,0
BRDA:371,55,0,0
BRDA:371,55,1,0
BRDA:391,56,0,0
BRDA:396,57,0,0
BRDA:396,57,1,1
BRDA:396,58,0,1
BRDA:396,58,1,1
BRDA:396,58,2,1
BRDA:396,58,3,1
BRDA:402,59,0,1
BRDA:402,59,1,0
BRDA:418,60,0,1
BRDA:418,60,1,0
BRDA:430,61,0,0
BRDA:430,61,1,1
BRDA:430,62,0,1
BRDA:430,62,1,1
BRDA:435,63,0,1
BRDA:435,63,1,0
BRDA:440,64,0,1
BRDA:440,64,1,0
BRDA:440,65,0,1
BRDA:440,65,1,1
BRDA:445,66,0,0
BRDA:445,66,1,1
BRDA:445,67,0,1
BRDA:445,67,1,1
BRDA:453,68,0,1
BRDA:453,68,1,0
BRDA:454,69,0,1
BRDA:454,69,1,0
BRDA:489,70,0,0
BRDA:489,70,1,0
BRDA:490,71,0,0
BRDA:490,71,1,0
BRDA:491,72,0,0
BRDA:491,72,1,0
BRDA:503,73,0,0
BRDA:503,73,1,0
BRDA:528,74,0,0
BRDA:528,74,1,0
BRDA:532,75,0,0
BRDA:532,75,1,0
BRDA:536,76,0,0
BRDA:536,76,1,0
BRDA:540,77,0,0
BRDA:540,77,1,0
BRDA:544,78,0,0
BRDA:544,78,1,0
BRDA:547,79,0,0
BRDA:547,79,1,0
BRDA:558,80,0,0
BRDA:558,81,0,0
BRDA:565,82,0,0
BRDA:565,82,1,0
BRDA:578,83,0,0
BRDA:578,83,1,0
BRDA:606,84,0,0
BRDA:606,84,1,0
BRDA:606,85,0,0
BRDA:606,85,1,0
BRDA:618,86,0,0
BRDA:618,86,1,0
BRDA:632,87,0,0
BRDA:635,88,0,0
BRDA:635,88,1,0
BRDA:636,89,0,0
BRDA:636,89,1,0
BRDA:637,90,0,0
BRDA:637,90,1,0
BRDA:637,91,0,0
BRDA:637,91,1,0
BRDA:644,92,0,0
BRDA:644,92,1,0
BRDA:644,93,0,0
BRDA:644,93,1,0
BRDA:662,94,0,0
BRDA:662,94,1,0
BRDA:675,95,0,0
BRDA:675,95,1,0
BRDA:675,96,0,0
BRDA:675,96,1,0
BRDA:714,97,0,0
BRDA:714,97,1,0
BRDA:714,98,0,0
BRDA:714,98,1,0
BRDA:716,99,0,0
BRDA:716,99,1,0
BRDA:719,100,0,0
BRDA:719,100,1,0
BRDA:724,101,0,0
BRDA:724,101,1,0
BRDA:730,102,0,0
BRDA:730,102,1,0
BRDA:732,103,0,0
BRDA:732,103,1,0
BRDA:732,104,0,0
BRDA:732,104,1,0
BRDA:740,105,0,0
BRDA:740,105,1,0
BRDA:740,106,0,0
BRDA:740,106,1,0
BRDA:751,107,0,0
BRDA:751,107,1,0
BRDA:751,108,0,0
BRDA:751,108,1,0
BRDA:751,108,2,0
BRDA:751,108,3,0
BRDA:757,109,0,0
BRDA:757,109,1,0
BRDA:757,110,0,0
BRDA:757,110,1,0
BRDA:757,110,2,0
BRDA:757,110,3,0
BRDA:763,111,0,0
BRDA:763,111,1,0
BRDA:766,112,0,0
BRDA:766,112,1,0
BRDA:766,113,0,0
BRDA:766,113,1,0
BRDA:770,114,0,0
BRDA:770,114,1,0
BRDA:770,115,0,0
BRDA:770,115,1,0
BRDA:773,116,0,0
BRDA:773,116,1,0
BRDA:773,117,0,0
BRDA:773,117,1,0
BRDA:780,118,0,0
BRDA:780,118,1,0
BRDA:781,119,0,0
BRDA:781,119,1,0
BRDA:781,120,0,0
BRDA:781,120,1,0
BRDA:781,120,2,0
BRDA:781,120,3,0
BRDA:781,120,4,0
BRDA:781,120,5,0
BRDA:788,121,0,0
BRDA:788,121,1,0
BRDA:789,122,0,0
BRDA:789,122,1,0
BRDA:789,123,0,0
BRDA:789,123,1,0
BRDA:789,123,2,0
BRDA:789,123,3,0
BRDA:795,124,0,0
BRDA:795,124,1,0
BRDA:795,125,0,0
BRDA:795,125,1,0
BRDA:795,125,2,0
BRDA:795,125,3,0
BRDA:795,125,4,0
BRDA:795,125,5,0
BRDA:795,125,6,0
BRDA:795,125,7,0
BRDA:801,126,0,0
BRDA:801,126,1,0
BRDA:803,127,0,0
BRDA:803,127,1,0
BRDA:806,128,0,0
BRDA:806,128,1,0
BRDA:807,129,0,0
BRDA:807,129,1,0
BRDA:808,130,0,0
BRDA:808,130,1,0
BRDA:809,131,0,0
BRDA:809,131,1,0
BRDA:818,132,0,0
BRDA:818,132,1,0
BRDA:825,133,0,0
BRDA:825,133,1,0
BRDA:836,134,0,0
BRDA:841,135,0,0
BRDA:841,135,1,0
BRDA:856,136,0,0
BRDA:857,137,0,0
BRDA:857,137,1,0
BRDA:857,138,0,0
BRDA:857,138,1,0
BRDA:858,139,0,0
BRDA:858,139,1,0
BRF:296
BRH:19
end_of_record
TN:
SF:modules/utils/DataCache.js
FN:5,(anonymous_0)
FN:10,(anonymous_1)
FN:24,(anonymous_2)
FN:29,(anonymous_3)
FN:33,(anonymous_4)
FN:47,(anonymous_5)
FN:51,(anonymous_6)
FN:56,(anonymous_7)
FNF:8
FNH:2
FNDA:1,(anonymous_0)
FNDA:2,(anonymous_1)
FNDA:0,(anonymous_2)
FNDA:0,(anonymous_3)
FNDA:0,(anonymous_4)
FNDA:0,(anonymous_5)
FNDA:0,(anonymous_6)
FNDA:0,(anonymous_7)
DA:6,1
DA:7,1
DA:11,2
DA:12,2
DA:13,2
DA:16,0
DA:17,0
DA:18,0
DA:21,0
DA:25,0
DA:26,0
DA:30,0
DA:34,0
DA:35,0
DA:36,0
DA:39,0
DA:40,0
DA:41,0
DA:44,0
DA:48,0
DA:52,0
DA:57,0
DA:58,0
DA:59,0
DA:60,0
DA:66,1
LF:26
LH:6
BRDA:12,0,0,2
BRDA:12,0,1,0
BRDA:16,1,0,0
BRDA:16,1,1,0
BRDA:24,2,0,0
BRDA:35,3,0,0
BRDA:35,3,1,0
BRDA:39,4,0,0
BRDA:39,4,1,0
BRDA:59,5,0,0
BRDA:59,5,1,0
BRF:11
BRH:1
end_of_record
TN:
SF:modules/utils/TechnicalIndicators.js
FN:11,(anonymous_0)
FN:16,(anonymous_1)
FN:29,(anonymous_2)
FN:42,(anonymous_3)
FN:45,(anonymous_4)
FN:67,(anonymous_5)
FN:91,(anonymous_6)
FN:95,(anonymous_7)
FN:112,(anonymous_8)
FN:119,(anonymous_9)
FN:120,(anonymous_10)
FN:135,(anonymous_11)
FN:139,(anonymous_12)
FN:149,(anonymous_13)
FN:168,(anonymous_14)
FN:209,(anonymous_15)
FN:230,(anonymous_16)
FN:249,(anonymous_17)
FN:256,(anonymous_18)
FN:269,(anonymous_19)
FN:281,(anonymous_20)
FN:282,(anonymous_21)
FN:300,(anonymous_22)
FN:323,(anonymous_23)
FN:331,(anonymous_24)
FN:351,(anonymous_25)
FN:359,(anonymous_26)
FN:365,(anonymous_27)
FN:366,(anonymous_28)
FN:378,(anonymous_29)
FN:440,(anonymous_30)
FN:447,(anonymous_31)
FN:465,(anonymous_32)
FN:471,(anonymous_33)
FN:491,(anonymous_34)
FN:519,(anonymous_35)
FN:532,(anonymous_36)
FN:539,(anonymous_37)
FN:540,(anonymous_38)
FNF:39
FNH:0
FNDA:0,(anonymous_0)
FNDA:0,(anonymous_1)
FNDA:0,(anonymous_2)
FNDA:0,(anonymous_3)
FNDA:0,(anonymous_4)
FNDA:0,(anonymous_5)
FNDA:0,(anonymous_6)
FNDA:0,(anonymous_7)
FNDA:0,(anonymous_8)
FNDA:0,(anonymous_9)
FNDA:0,(anonymous_10)
FNDA:0,(anonymous_11)
FNDA:0,(anonymous_12)
FNDA:0,(anonymous_13)
FNDA:0,(anonymous_14)
FNDA:0,(anonymous_15)
FNDA:0,(anonymous_16)
FNDA:0,(anonymous_17)
FNDA:0,(anonymous_18)
FNDA:0,(anonymous_19)
FNDA:0,(anonymous_20)
FNDA:0,(anonymous_21)
FNDA:0,(anonymous_22)
FNDA:0,(anonymous_23)
FNDA:0,(anonymous_24)
FNDA:0,(anonymous_25)
FNDA:0,(anonymous_26)
FNDA:0,(anonymous_27)
FNDA:0,(anonymous_28)
FNDA:0,(anonymous_29)
FNDA:0,(anonymous_30)
FNDA:0,(anonymous_31)
FNDA:0,(anonymous_32)
FNDA:0,(anonymous_33)
FNDA:0,(anonymous_34)
FNDA:0,(anonymous_35)
FNDA:0,(anonymous_36)
FNDA:0,(anonymous_37)
FNDA:0,(anonymous_38)
DA:12,0
DA:14,0
DA:15,0
DA:16,0
DA:17,0
DA:19,0
DA:30,0
DA:31,0
DA:32,0
DA:35,0
DA:37,0
DA:39,0
DA:42,0
DA:45,0
DA:46,0
DA:49,0
DA:50,0
DA:53,0
DA:54,0
DA:57,0
DA:68,0
DA:69,0
DA:72,0
DA:73,0
DA:74,0
DA:75,0
DA:79,0
DA:81,0
DA:82,0
DA:92,0
DA:93,0
DA:95,0
DA:96,0
DA:97,0
DA:99,0
DA:100,0
DA:102,0
DA:113,0
DA:114,0
DA:117,0
DA:118,0
DA:119,0
DA:120,0
DA:122,0
DA:136,0
DA:138,0
DA:139,0
DA:140,0
DA:150,0
DA:152,0
DA:153,0
DA:154,0
DA:169,0
DA:170,0
DA:171,0
DA:172,0
DA:173,0
DA:174,0
DA:175,0
DA:177,0
DA:178,0
DA:179,0
DA:180,0
DA:183,0
DA:184,0
DA:188,0
DA:189,0
DA:191,0
DA:193,0
DA:194,0
DA:195,0
DA:196,0
DA:197,0
DA:199,0
DA:200,0
DA:201,0
DA:202,0
DA:203,0
DA:204,0
DA:209,0
DA:210,0
DA:211,0
DA:213,0
DA:214,0
DA:215,0
DA:216,0
DA:217,0
DA:218,0
DA:219,0
DA:220,0
DA:221,0
DA:222,0
DA:223,0
DA:227,0
DA:231,0
DA:233,0
DA:234,0
DA:235,0
DA:236,0
DA:237,0
DA:239,0
DA:244,0
DA:247,0
DA:248,0
DA:249,0
DA:250,0
DA:253,0
DA:257,0
DA:259,0
DA:260,0
DA:262,0
DA:263,0
DA:266,0
DA:270,0
DA:272,0
DA:273,0
DA:275,0
DA:276,0
DA:277,0
DA:278,0
DA:281,0
DA:282,0
DA:284,0
DA:285,0
DA:286,0
DA:288,0
DA:289,0
DA:290,0
DA:292,0
DA:293,0
DA:294,0
DA:297,0
DA:301,0
DA:302,0
DA:304,0
DA:305,0
DA:306,0
DA:309,0
DA:310,0
DA:312,0
DA:313,0
DA:316,0
DA:324,0
DA:325,0
DA:327,0
DA:328,0
DA:329,0
DA:331,0
DA:332,0
DA:334,0
DA:341,0
DA:352,0
DA:354,0
DA:355,0
DA:358,0
DA:359,0
DA:362,0
DA:363,0
DA:365,0
DA:366,0
DA:369,0
DA:379,0
DA:381,0
DA:382,0
DA:383,0
DA:386,0
DA:387,0
DA:388,0
DA:389,0
DA:390,0
DA:392,0
DA:397,0
DA:399,0
DA:400,0
DA:402,0
DA:403,0
DA:407,0
DA:408,0
DA:409,0
DA:412,0
DA:413,0
DA:415,0
DA:416,0
DA:417,0
DA:421,0
DA:422,0
DA:423,0
DA:424,0
DA:425,0
DA:429,0
DA:431,0
DA:441,0
DA:443,0
DA:444,0
DA:447,0
DA:448,0
DA:451,0
DA:452,0
DA:453,0
DA:456,0
DA:466,0
DA:468,0
DA:471,0
DA:472,0
DA:475,0
DA:476,0
DA:477,0
DA:478,0
DA:479,0
DA:482,0
DA:492,0
DA:494,0
DA:495,0
DA:496,0
DA:497,0
DA:498,0
DA:499,0
DA:502,0
DA:503,0
DA:507,0
DA:508,0
DA:511,0
DA:520,0
DA:521,0
DA:522,0
DA:524,0
DA:525,0
DA:526,0
DA:529,0
DA:533,0
DA:535,0
DA:537,0
DA:538,0
DA:539,0
DA:540,0
DA:541,0
DA:543,0
DA:544,0
DA:547,0
DA:549,0
DA:556,0
LF:241
LH:0
BRDA:12,0,0,0
BRDA:12,0,1,0
BRDA:29,1,0,0
BRDA:29,2,0,0
BRDA:30,3,0,0
BRDA:30,3,1,0
BRDA:67,4,0,0
BRDA:67,5,0,0
BRDA:73,6,0,0
BRDA:73,6,1,0
BRDA:112,7,0,0
BRDA:113,8,0,0
BRDA:113,8,1,0
BRDA:135,9,0,0
BRDA:135,10,0,0
BRDA:136,11,0,0
BRDA:136,11,1,0
BRDA:149,12,0,0
BRDA:150,13,0,0
BRDA:150,13,1,0
BRDA:183,14,0,0
BRDA:183,14,1,0
BRDA:183,15,0,0
BRDA:183,15,1,0
BRDA:191,16,0,0
BRDA:191,16,1,0
BRDA:191,17,0,0
BRDA:191,17,1,0
BRDA:191,17,2,0
BRDA:193,18,0,0
BRDA:193,18,1,0
BRDA:199,19,0,0
BRDA:199,19,1,0
BRDA:199,20,0,0
BRDA:199,20,1,0
BRDA:199,20,2,0
BRDA:200,21,0,0
BRDA:200,21,1,0
BRDA:210,22,0,0
BRDA:210,22,1,0
BRDA:211,23,0,0
BRDA:211,23,1,0
BRDA:213,24,0,0
BRDA:213,24,1,0
BRDA:214,25,0,0
BRDA:214,25,1,0
BRDA:214,26,0,0
BRDA:214,26,1,0
BRDA:219,27,0,0
BRDA:219,27,1,0
BRDA:219,28,0,0
BRDA:219,28,1,0
BRDA:230,29,0,0
BRDA:231,30,0,0
BRDA:231,30,1,0
BRDA:257,31,0,0
BRDA:257,31,1,0
BRDA:269,32,0,0
BRDA:270,33,0,0
BRDA:270,33,1,0
BRDA:277,34,0,0
BRDA:277,34,1,0
BRDA:278,35,0,0
BRDA:278,35,1,0
BRDA:300,36,0,0
BRDA:300,37,0,0
BRDA:300,38,0,0
BRDA:323,39,0,0
BRDA:323,40,0,0
BRDA:351,41,0,0
BRDA:352,42,0,0
BRDA:352,42,1,0
BRDA:355,43,0,0
BRDA:355,43,1,0
BRDA:378,44,0,0
BRDA:379,45,0,0
BRDA:379,45,1,0
BRDA:399,46,0,0
BRDA:399,46,1,0
BRDA:399,47,0,0
BRDA:399,47,1,0
BRDA:400,48,0,0
BRDA:400,48,1,0
BRDA:400,49,0,0
BRDA:400,49,1,0
BRDA:425,50,0,0
BRDA:425,50,1,0
BRDA:441,51,0,0
BRDA:441,51,1,0
BRDA:466,52,0,0
BRDA:466,52,1,0
BRDA:503,53,0,0
BRDA:503,53,1,0
BRDA:507,54,0,0
BRDA:507,54,1,0
BRDA:532,55,0,0
BRDA:532,56,0,0
BRDA:533,57,0,0
BRDA:533,57,1,0
BRF:99
BRH:0
end_of_record
